[0.231s] Invoking command in '/home/mechax/ws_y/rm_ws/build/rm_navigation': CMAKE_PREFIX_PATH=/opt/ros/humble /usr/bin/cmake /home/mechax/ws_y/rm_ws/src/mechax_rm_cv/src/rm_navigation -DCMAKE_INSTALL_PREFIX=/home/mechax/ws_y/rm_ws/install/rm_navigation
[0.273s] -- The C compiler identification is GNU 11.4.0
[0.320s] -- The CXX compiler identification is GNU 11.4.0
[0.327s] -- Detecting C compiler ABI info
[0.383s] -- Detecting C compiler ABI info - done
[0.391s] -- Check for working C compiler: /usr/bin/cc - skipped
[0.392s] -- Detecting C compile features
[0.392s] -- Detecting C compile features - done
[0.395s] -- Detecting CXX compiler ABI info
[0.463s] -- Detecting CXX compiler ABI info - done
[0.466s] -- Check for working CXX compiler: /usr/bin/c++ - skipped
[0.466s] -- Detecting CXX compile features
[0.467s] -- Detecting CXX compile features - done
[0.468s] -- Found ament_cmake_auto: 1.3.5 (/opt/ros/humble/share/ament_cmake_auto/cmake)
[0.583s] -- Found Python3: /usr/bin/python3.10 (found version "3.10.12") found components: Interpreter 
[0.640s] -- Found ament_lint_auto: 0.12.8 (/opt/ros/humble/share/ament_lint_auto/cmake)
[0.692s] -- Added test 'flake8' to check Python code syntax and style conventions
[0.692s] -- Added test 'lint_cmake' to check CMake code style
[0.692s] -- Added test 'pep257' to check Python code against some of the docstring style conventions in PEP 257
[0.693s] -- Added test 'xmllint' to check XML markup files
[0.694s] -- Configuring done
[0.696s] -- Generating done
[0.696s] -- Build files have been written to: /home/mechax/ws_y/rm_ws/build/rm_navigation
[0.880s] Invoked command in '/home/mechax/ws_y/rm_ws/build/rm_navigation' returned '0': CMAKE_PREFIX_PATH=/opt/ros/humble /usr/bin/cmake /home/mechax/ws_y/rm_ws/src/mechax_rm_cv/src/rm_navigation -DCMAKE_INSTALL_PREFIX=/home/mechax/ws_y/rm_ws/install/rm_navigation
[0.881s] Invoking command in '/home/mechax/ws_y/rm_ws/build/rm_navigation': CMAKE_PREFIX_PATH=/opt/ros/humble /usr/bin/cmake --build /home/mechax/ws_y/rm_ws/build/rm_navigation -- -j16 -l16
[0.934s] Invoked command in '/home/mechax/ws_y/rm_ws/build/rm_navigation' returned '0': CMAKE_PREFIX_PATH=/opt/ros/humble /usr/bin/cmake --build /home/mechax/ws_y/rm_ws/build/rm_navigation -- -j16 -l16
[0.948s] Invoking command in '/home/mechax/ws_y/rm_ws/build/rm_navigation': CMAKE_PREFIX_PATH=/opt/ros/humble /usr/bin/cmake --install /home/mechax/ws_y/rm_ws/build/rm_navigation
[0.952s] -- Install configuration: ""
[0.952s] -- Installing: /home/mechax/ws_y/rm_ws/install/rm_navigation/share/rm_navigation/params
[0.953s] -- Installing: /home/mechax/ws_y/rm_ws/install/rm_navigation/share/rm_navigation/params/nav2_params.yaml
[0.953s] -- Installing: /home/mechax/ws_y/rm_ws/install/rm_navigation/share/rm_navigation/params/mapper_params_online_async.yaml
[0.953s] -- Installing: /home/mechax/ws_y/rm_ws/install/rm_navigation/share/rm_navigation/launch
[0.953s] -- Installing: /home/mechax/ws_y/rm_ws/install/rm_navigation/share/rm_navigation/launch/bringup_no_amcl_launch.py
[0.953s] -- Installing: /home/mechax/ws_y/rm_ws/install/rm_navigation/share/rm_navigation/launch/rviz_launch.py
[0.953s] -- Installing: /home/mechax/ws_y/rm_ws/install/rm_navigation/share/rm_navigation/launch/bringup_launch.py
[0.953s] -- Installing: /home/mechax/ws_y/rm_ws/install/rm_navigation/share/rm_navigation/launch/slam_launch.py
[0.953s] -- Installing: /home/mechax/ws_y/rm_ws/install/rm_navigation/share/rm_navigation/launch/navigation_launch.py
[0.953s] -- Installing: /home/mechax/ws_y/rm_ws/install/rm_navigation/share/rm_navigation/launch/online_async_launch.py
[0.953s] -- Installing: /home/mechax/ws_y/rm_ws/install/rm_navigation/share/rm_navigation/launch/localization_launch.py
[0.954s] -- Installing: /home/mechax/ws_y/rm_ws/install/rm_navigation/share/rm_navigation/map
[0.954s] -- Installing: /home/mechax/ws_y/rm_ws/install/rm_navigation/share/rm_navigation/map/map_1694007542.yaml
[0.954s] -- Installing: /home/mechax/ws_y/rm_ws/install/rm_navigation/share/rm_navigation/map/map_o.yaml
[0.955s] -- Installing: /home/mechax/ws_y/rm_ws/install/rm_navigation/share/rm_navigation/map/map_1694431716.pgm
[0.955s] -- Installing: /home/mechax/ws_y/rm_ws/install/rm_navigation/share/rm_navigation/map/map_1694438103.yaml
[0.955s] -- Installing: /home/mechax/ws_y/rm_ws/install/rm_navigation/share/rm_navigation/map/map_1695900691.pgm
[0.955s] -- Installing: /home/mechax/ws_y/rm_ws/install/rm_navigation/share/rm_navigation/map/map_1694438103.pgm
[0.955s] -- Installing: /home/mechax/ws_y/rm_ws/install/rm_navigation/share/rm_navigation/map/ssdsad.yaml
[0.955s] -- Installing: /home/mechax/ws_y/rm_ws/install/rm_navigation/share/rm_navigation/map/map_1694431716.yaml
[0.955s] -- Installing: /home/mechax/ws_y/rm_ws/install/rm_navigation/share/rm_navigation/map/map_1694007542.pgm
[0.956s] -- Installing: /home/mechax/ws_y/rm_ws/install/rm_navigation/share/rm_navigation/map/map_1695900691.yaml
[0.956s] -- Installing: /home/mechax/ws_y/rm_ws/install/rm_navigation/share/rm_navigation/map/map_1693979014.pgm
[0.956s] -- Installing: /home/mechax/ws_y/rm_ws/install/rm_navigation/share/rm_navigation/map/map.yaml
[0.956s] -- Installing: /home/mechax/ws_y/rm_ws/install/rm_navigation/share/rm_navigation/map/map_1693985699.pgm
[0.957s] -- Installing: /home/mechax/ws_y/rm_ws/install/rm_navigation/share/rm_navigation/map/map.pgm
[0.958s] -- Installing: /home/mechax/ws_y/rm_ws/install/rm_navigation/share/ament_index/resource_index/package_run_dependencies/rm_navigation
[0.958s] -- Installing: /home/mechax/ws_y/rm_ws/install/rm_navigation/share/ament_index/resource_index/parent_prefix_path/rm_navigation
[0.958s] -- Installing: /home/mechax/ws_y/rm_ws/install/rm_navigation/share/rm_navigation/environment/ament_prefix_path.sh
[0.958s] -- Installing: /home/mechax/ws_y/rm_ws/install/rm_navigation/share/rm_navigation/environment/ament_prefix_path.dsv
[0.958s] -- Installing: /home/mechax/ws_y/rm_ws/install/rm_navigation/share/rm_navigation/environment/path.sh
[0.958s] -- Installing: /home/mechax/ws_y/rm_ws/install/rm_navigation/share/rm_navigation/environment/path.dsv
[0.958s] -- Installing: /home/mechax/ws_y/rm_ws/install/rm_navigation/share/rm_navigation/local_setup.bash
[0.959s] -- Installing: /home/mechax/ws_y/rm_ws/install/rm_navigation/share/rm_navigation/local_setup.sh
[0.959s] -- Installing: /home/mechax/ws_y/rm_ws/install/rm_navigation/share/rm_navigation/local_setup.zsh
[0.959s] -- Installing: /home/mechax/ws_y/rm_ws/install/rm_navigation/share/rm_navigation/local_setup.dsv
[0.960s] -- Installing: /home/mechax/ws_y/rm_ws/install/rm_navigation/share/rm_navigation/package.dsv
[0.961s] -- Installing: /home/mechax/ws_y/rm_ws/install/rm_navigation/share/ament_index/resource_index/packages/rm_navigation
[0.961s] -- Installing: /home/mechax/ws_y/rm_ws/install/rm_navigation/share/rm_navigation/cmake/rm_navigationConfig.cmake
[0.961s] -- Installing: /home/mechax/ws_y/rm_ws/install/rm_navigation/share/rm_navigation/cmake/rm_navigationConfig-version.cmake
[0.961s] -- Installing: /home/mechax/ws_y/rm_ws/install/rm_navigation/share/rm_navigation/package.xml
[0.962s] Invoked command in '/home/mechax/ws_y/rm_ws/build/rm_navigation' returned '0': CMAKE_PREFIX_PATH=/opt/ros/humble /usr/bin/cmake --install /home/mechax/ws_y/rm_ws/build/rm_navigation
