[0.088s] Invoking command in '/home/mechax/ws_y/rm_ws/build/linefit_ground_segmentation_ros': AMENT_PREFIX_PATH=/home/mechax/ws_y/rm_ws/install/linefit_ground_segmentation:${AMENT_PREFIX_PATH} CMAKE_PREFIX_PATH=/home/mechax/ws_y/rm_ws/install/linefit_ground_segmentation:/opt/ros/humble LD_LIBRARY_PATH=/home/mechax/ws_y/rm_ws/install/linefit_ground_segmentation/lib:${LD_LIBRARY_PATH} /usr/bin/cmake /home/mechax/ws_y/rm_ws/src/rm_perception/linefit_ground_segementation_ros2/linefit_ground_segmentation_ros -DCMAKE_INSTALL_PREFIX=/home/mechax/ws_y/rm_ws/install/linefit_ground_segmentation_ros
[0.221s] -- The C compiler identification is GNU 11.4.0
[0.320s] -- The CXX compiler identification is GNU 11.4.0
[0.332s] -- Detecting C compiler ABI info
[0.521s] -- Detecting C compiler ABI info - done
[0.535s] -- Check for working C compiler: /usr/bin/cc - skipped
[0.536s] -- Detecting C compile features
[0.537s] -- Detecting C compile features - done
[0.546s] -- Detecting CXX compiler ABI info
[0.693s] -- Detecting CXX compiler ABI info - done
[0.702s] -- Check for working CXX compiler: /usr/bin/c++ - skipped
[0.703s] -- Detecting CXX compile features
[0.703s] -- Detecting CXX compile features - done
[0.706s] -- Found ament_cmake_auto: 1.3.5 (/opt/ros/humble/share/ament_cmake_auto/cmake)
[1.003s] -- Found Python3: /usr/bin/python3.10 (found version "3.10.12") found components: Interpreter 
[1.342s] -- Found rosidl_generator_c: 3.1.5 (/opt/ros/humble/share/rosidl_generator_c/cmake)
[1.349s] -- Found rosidl_adapter: 3.1.5 (/opt/ros/humble/share/rosidl_adapter/cmake)
[1.362s] -- Found rosidl_generator_cpp: 3.1.5 (/opt/ros/humble/share/rosidl_generator_cpp/cmake)
[1.383s] -- Using all available rosidl_typesupport_c: rosidl_typesupport_fastrtps_c;rosidl_typesupport_introspection_c
[1.415s] -- Using all available rosidl_typesupport_cpp: rosidl_typesupport_fastrtps_cpp;rosidl_typesupport_introspection_cpp
[1.512s] -- Found rmw_implementation_cmake: 6.1.1 (/opt/ros/humble/share/rmw_implementation_cmake/cmake)
[1.517s] -- Found rmw_fastrtps_cpp: 6.2.4 (/opt/ros/humble/share/rmw_fastrtps_cpp/cmake)
[1.680s] -- Found OpenSSL: /usr/lib/x86_64-linux-gnu/libcrypto.so (found version "3.0.2")  
[1.718s] -- Found FastRTPS: /opt/ros/humble/include  
[1.777s] -- Using RMW implementation 'rmw_fastrtps_cpp' as default
[1.792s] -- Looking for pthread.h
[1.930s] -- Looking for pthread.h - found
[1.931s] -- Performing Test CMAKE_HAVE_LIBC_PTHREAD
[2.038s] -- Performing Test CMAKE_HAVE_LIBC_PTHREAD - Success
[2.039s] -- Found Threads: TRUE  
[3.211s] -- Found eigen3_cmake_module: 0.1.1 (/opt/ros/humble/share/eigen3_cmake_module/cmake)
[3.212s] -- Found Eigen3: TRUE (found version "3.4.0") 
[3.213s] -- Ensuring Eigen3 include directory is part of orocos-kdl CMake target
[3.241s] -- Checking for module 'eigen3'
[3.256s] --   Found eigen3, version 3.4.0
[3.291s] -- Found Eigen: /usr/include/eigen3 (Required is at least version "3.1") 
[3.291s] -- Eigen found (include: /usr/include/eigen3, version: 3.4.0)
[3.321s] -- Checking for module 'flann'
[3.336s] --   Found flann, version 1.9.1
[3.383s] -- Found FLANN: /usr/lib/x86_64-linux-gnu/libflann_cpp.so  
[3.384s] -- FLANN found (include: /usr/include, lib: /usr/lib/x86_64-linux-gnu/libflann_cpp.so)
[4.836s] -- Checking for module 'libusb-1.0'
[4.866s] --   Found libusb-1.0, version 1.0.25
[4.937s] -- Found libusb: /usr/lib/x86_64-linux-gnu/libusb-1.0.so  
[4.940s] -- OpenNI found (version: 1.5.4.0, include: /usr/include/ni, lib: /usr/lib/libOpenNI.so;libusb::libusb)
[5.049s] -- OpenNI2 found (version: 2.2.0.33, include: /usr/include/openni2, lib: /usr/lib/x86_64-linux-gnu/libOpenNI2.so;libusb::libusb)
[5.198s] -- Eigen found (include: /usr/include/eigen3, version: 3.4.0)
[5.206s] -- OpenNI found (version: 1.5.4.0, include: /usr/include/ni, lib: /usr/lib/libOpenNI.so;libusb::libusb)
[5.214s] -- OpenNI2 found (version: 2.2.0.33, include: /usr/include/openni2, lib: /usr/lib/x86_64-linux-gnu/libOpenNI2.so;libusb::libusb)
[5.361s] -- Found Qhull version 8.0.2
[5.541s] -- OpenNI found (version: 1.5.4.0, include: /usr/include/ni, lib: /usr/lib/libOpenNI.so;libusb::libusb)
[5.832s] -- Found PCL_COMMON: /usr/lib/x86_64-linux-gnu/libpcl_common.so  
[5.834s] -- Found PCL_KDTREE: /usr/lib/x86_64-linux-gnu/libpcl_kdtree.so  
[5.837s] -- Found PCL_OCTREE: /usr/lib/x86_64-linux-gnu/libpcl_octree.so  
[5.838s] -- Found PCL_SEARCH: /usr/lib/x86_64-linux-gnu/libpcl_search.so  
[5.840s] -- Found PCL_SAMPLE_CONSENSUS: /usr/lib/x86_64-linux-gnu/libpcl_sample_consensus.so  
[5.843s] -- Found PCL_FILTERS: /usr/lib/x86_64-linux-gnu/libpcl_filters.so  
[5.843s] -- Found PCL_2D: /usr/include/pcl-1.12  
[5.844s] -- Found PCL_GEOMETRY: /usr/include/pcl-1.12  
[5.846s] -- Found PCL_IO: /usr/lib/x86_64-linux-gnu/libpcl_io.so  
[5.848s] -- Found PCL_FEATURES: /usr/lib/x86_64-linux-gnu/libpcl_features.so  
[5.850s] -- Found PCL_ML: /usr/lib/x86_64-linux-gnu/libpcl_ml.so  
[5.852s] -- Found PCL_SEGMENTATION: /usr/lib/x86_64-linux-gnu/libpcl_segmentation.so  
[5.855s] -- Found PCL_VISUALIZATION: /usr/lib/x86_64-linux-gnu/libpcl_visualization.so  
[5.857s] -- Found PCL_SURFACE: /usr/lib/x86_64-linux-gnu/libpcl_surface.so  
[5.860s] -- Found PCL_REGISTRATION: /usr/lib/x86_64-linux-gnu/libpcl_registration.so  
[5.862s] -- Found PCL_KEYPOINTS: /usr/lib/x86_64-linux-gnu/libpcl_keypoints.so  
[5.864s] -- Found PCL_TRACKING: /usr/lib/x86_64-linux-gnu/libpcl_tracking.so  
[5.867s] -- Found PCL_RECOGNITION: /usr/lib/x86_64-linux-gnu/libpcl_recognition.so  
[5.869s] -- Found PCL_STEREO: /usr/lib/x86_64-linux-gnu/libpcl_stereo.so  
[5.871s] -- Found PCL_APPS: /usr/lib/x86_64-linux-gnu/libpcl_apps.so  
[5.872s] -- Found PCL_IN_HAND_SCANNER: /usr/include/pcl-1.12  
[5.873s] -- Found PCL_MODELER: /usr/include/pcl-1.12  
[5.886s] -- Found PCL_POINT_CLOUD_EDITOR: /usr/include/pcl-1.12  
[5.886s] -- Found PCL_OUTOFCORE: /usr/lib/x86_64-linux-gnu/libpcl_outofcore.so  
[5.886s] -- Found PCL_PEOPLE: /usr/lib/x86_64-linux-gnu/libpcl_people.so  
[6.226s] -- Configuring done
[6.324s] -- Generating done
[6.328s] -- Build files have been written to: /home/mechax/ws_y/rm_ws/build/linefit_ground_segmentation_ros
[6.388s] Invoked command in '/home/mechax/ws_y/rm_ws/build/linefit_ground_segmentation_ros' returned '0': AMENT_PREFIX_PATH=/home/mechax/ws_y/rm_ws/install/linefit_ground_segmentation:${AMENT_PREFIX_PATH} CMAKE_PREFIX_PATH=/home/mechax/ws_y/rm_ws/install/linefit_ground_segmentation:/opt/ros/humble LD_LIBRARY_PATH=/home/mechax/ws_y/rm_ws/install/linefit_ground_segmentation/lib:${LD_LIBRARY_PATH} /usr/bin/cmake /home/mechax/ws_y/rm_ws/src/rm_perception/linefit_ground_segementation_ros2/linefit_ground_segmentation_ros -DCMAKE_INSTALL_PREFIX=/home/mechax/ws_y/rm_ws/install/linefit_ground_segmentation_ros
[6.391s] Invoking command in '/home/mechax/ws_y/rm_ws/build/linefit_ground_segmentation_ros': AMENT_PREFIX_PATH=/home/mechax/ws_y/rm_ws/install/linefit_ground_segmentation:${AMENT_PREFIX_PATH} CMAKE_PREFIX_PATH=/home/mechax/ws_y/rm_ws/install/linefit_ground_segmentation:/opt/ros/humble LD_LIBRARY_PATH=/home/mechax/ws_y/rm_ws/install/linefit_ground_segmentation/lib:${LD_LIBRARY_PATH} /usr/bin/cmake --build /home/mechax/ws_y/rm_ws/build/linefit_ground_segmentation_ros -- -j16 -l16
[6.470s] [ 25%] [32mBuilding CXX object CMakeFiles/ground_segmentation_node.dir/src/ground_segmentation_node.cc.o[0m
[6.471s] [ 50%] [32mBuilding CXX object CMakeFiles/ground_segmentation_test_node.dir/src/ground_segmentation_test_node.cc.o[0m
[16.705s] [ 75%] [32m[1mLinking CXX executable ground_segmentation_test_node[0m
[18.300s] [ 75%] Built target ground_segmentation_test_node
[25.986s] [100%] [32m[1mLinking CXX executable ground_segmentation_node[0m
[26.696s] [100%] Built target ground_segmentation_node
[26.706s] Invoked command in '/home/mechax/ws_y/rm_ws/build/linefit_ground_segmentation_ros' returned '0': AMENT_PREFIX_PATH=/home/mechax/ws_y/rm_ws/install/linefit_ground_segmentation:${AMENT_PREFIX_PATH} CMAKE_PREFIX_PATH=/home/mechax/ws_y/rm_ws/install/linefit_ground_segmentation:/opt/ros/humble LD_LIBRARY_PATH=/home/mechax/ws_y/rm_ws/install/linefit_ground_segmentation/lib:${LD_LIBRARY_PATH} /usr/bin/cmake --build /home/mechax/ws_y/rm_ws/build/linefit_ground_segmentation_ros -- -j16 -l16
[26.726s] Invoking command in '/home/mechax/ws_y/rm_ws/build/linefit_ground_segmentation_ros': AMENT_PREFIX_PATH=/home/mechax/ws_y/rm_ws/install/linefit_ground_segmentation:${AMENT_PREFIX_PATH} CMAKE_PREFIX_PATH=/home/mechax/ws_y/rm_ws/install/linefit_ground_segmentation:/opt/ros/humble LD_LIBRARY_PATH=/home/mechax/ws_y/rm_ws/install/linefit_ground_segmentation/lib:${LD_LIBRARY_PATH} /usr/bin/cmake --install /home/mechax/ws_y/rm_ws/build/linefit_ground_segmentation_ros
[26.731s] -- Install configuration: ""
[26.731s] -- Installing: /home/mechax/ws_y/rm_ws/install/linefit_ground_segmentation_ros/lib/linefit_ground_segmentation_ros/ground_segmentation_node
[26.732s] -- Set runtime path of "/home/mechax/ws_y/rm_ws/install/linefit_ground_segmentation_ros/lib/linefit_ground_segmentation_ros/ground_segmentation_node" to ""
[26.732s] -- Installing: /home/mechax/ws_y/rm_ws/install/linefit_ground_segmentation_ros/lib/linefit_ground_segmentation_ros/ground_segmentation_test_node
[26.732s] -- Set runtime path of "/home/mechax/ws_y/rm_ws/install/linefit_ground_segmentation_ros/lib/linefit_ground_segmentation_ros/ground_segmentation_test_node" to ""
[26.732s] -- Installing: /home/mechax/ws_y/rm_ws/install/linefit_ground_segmentation_ros/share/linefit_ground_segmentation_ros/launch
[26.732s] -- Installing: /home/mechax/ws_y/rm_ws/install/linefit_ground_segmentation_ros/share/linefit_ground_segmentation_ros/launch/segmentation.launch.py
[26.732s] -- Installing: /home/mechax/ws_y/rm_ws/install/linefit_ground_segmentation_ros/share/linefit_ground_segmentation_ros/launch/test.launch.py
[26.732s] -- Installing: /home/mechax/ws_y/rm_ws/install/linefit_ground_segmentation_ros/share/linefit_ground_segmentation_ros/launch/segmentation_params.yaml
[26.733s] -- Installing: /home/mechax/ws_y/rm_ws/install/linefit_ground_segmentation_ros/share/ament_index/resource_index/package_run_dependencies/linefit_ground_segmentation_ros
[26.733s] -- Installing: /home/mechax/ws_y/rm_ws/install/linefit_ground_segmentation_ros/share/ament_index/resource_index/parent_prefix_path/linefit_ground_segmentation_ros
[26.733s] -- Installing: /home/mechax/ws_y/rm_ws/install/linefit_ground_segmentation_ros/share/linefit_ground_segmentation_ros/environment/ament_prefix_path.sh
[26.733s] -- Installing: /home/mechax/ws_y/rm_ws/install/linefit_ground_segmentation_ros/share/linefit_ground_segmentation_ros/environment/ament_prefix_path.dsv
[26.733s] -- Installing: /home/mechax/ws_y/rm_ws/install/linefit_ground_segmentation_ros/share/linefit_ground_segmentation_ros/environment/path.sh
[26.733s] -- Installing: /home/mechax/ws_y/rm_ws/install/linefit_ground_segmentation_ros/share/linefit_ground_segmentation_ros/environment/path.dsv
[26.733s] -- Installing: /home/mechax/ws_y/rm_ws/install/linefit_ground_segmentation_ros/share/linefit_ground_segmentation_ros/local_setup.bash
[26.733s] -- Installing: /home/mechax/ws_y/rm_ws/install/linefit_ground_segmentation_ros/share/linefit_ground_segmentation_ros/local_setup.sh
[26.733s] -- Installing: /home/mechax/ws_y/rm_ws/install/linefit_ground_segmentation_ros/share/linefit_ground_segmentation_ros/local_setup.zsh
[26.733s] -- Installing: /home/mechax/ws_y/rm_ws/install/linefit_ground_segmentation_ros/share/linefit_ground_segmentation_ros/local_setup.dsv
[26.733s] -- Installing: /home/mechax/ws_y/rm_ws/install/linefit_ground_segmentation_ros/share/linefit_ground_segmentation_ros/package.dsv
[26.733s] -- Installing: /home/mechax/ws_y/rm_ws/install/linefit_ground_segmentation_ros/share/ament_index/resource_index/packages/linefit_ground_segmentation_ros
[26.733s] -- Installing: /home/mechax/ws_y/rm_ws/install/linefit_ground_segmentation_ros/share/linefit_ground_segmentation_ros/cmake/ament_cmake_export_dependencies-extras.cmake
[26.734s] -- Installing: /home/mechax/ws_y/rm_ws/install/linefit_ground_segmentation_ros/share/linefit_ground_segmentation_ros/cmake/linefit_ground_segmentation_rosConfig.cmake
[26.734s] -- Installing: /home/mechax/ws_y/rm_ws/install/linefit_ground_segmentation_ros/share/linefit_ground_segmentation_ros/cmake/linefit_ground_segmentation_rosConfig-version.cmake
[26.734s] -- Installing: /home/mechax/ws_y/rm_ws/install/linefit_ground_segmentation_ros/share/linefit_ground_segmentation_ros/package.xml
[26.735s] Invoked command in '/home/mechax/ws_y/rm_ws/build/linefit_ground_segmentation_ros' returned '0': AMENT_PREFIX_PATH=/home/mechax/ws_y/rm_ws/install/linefit_ground_segmentation:${AMENT_PREFIX_PATH} CMAKE_PREFIX_PATH=/home/mechax/ws_y/rm_ws/install/linefit_ground_segmentation:/opt/ros/humble LD_LIBRARY_PATH=/home/mechax/ws_y/rm_ws/install/linefit_ground_segmentation/lib:${LD_LIBRARY_PATH} /usr/bin/cmake --install /home/mechax/ws_y/rm_ws/build/linefit_ground_segmentation_ros
