[0.356s] Invoking command in '/home/mechax/ws_y/rm_ws/build/pointcloud_to_laserscan': CMAKE_PREFIX_PATH=/opt/ros/humble /usr/bin/cmake /home/mechax/ws_y/rm_ws/src/src/rm_perception/pointcloud_to_laserscan -DAMENT_CMAKE_SYMLINK_INSTALL=1 -DCMAKE_INSTALL_PREFIX=/home/mechax/ws_y/rm_ws/install/pointcloud_to_laserscan
[0.370s] -- Found ament_cmake_auto: 1.3.5 (/opt/ros/humble/share/ament_cmake_auto/cmake)
[0.471s] -- Override CMake install command with custom implementation using symlinks instead of copying resources
[0.550s] -- Found rosidl_generator_c: 3.1.5 (/opt/ros/humble/share/rosidl_generator_c/cmake)
[0.552s] -- Found rosidl_adapter: 3.1.5 (/opt/ros/humble/share/rosidl_adapter/cmake)
[0.559s] -- Found rosidl_generator_cpp: 3.1.5 (/opt/ros/humble/share/rosidl_generator_cpp/cmake)
[0.572s] -- Using all available rosidl_typesupport_c: rosidl_typesupport_fastrtps_c;rosidl_typesupport_introspection_c
[0.590s] -- Using all available rosidl_typesupport_cpp: rosidl_typesupport_fastrtps_cpp;rosidl_typesupport_introspection_cpp
[0.654s] -- Found rmw_implementation_cmake: 6.1.1 (/opt/ros/humble/share/rmw_implementation_cmake/cmake)
[0.656s] -- Found rmw_fastrtps_cpp: 6.2.4 (/opt/ros/humble/share/rmw_fastrtps_cpp/cmake)
[0.781s] -- Using RMW implementation 'rmw_fastrtps_cpp' as default
[1.308s] -- Found ament_lint_auto: 0.12.8 (/opt/ros/humble/share/ament_lint_auto/cmake)
[1.316s] -- Added test 'cppcheck' to perform static code analysis on C / C++ code
[1.316s] -- Configured cppcheck include dirs: /home/mechax/ws_y/rm_ws/src/src/rm_perception/pointcloud_to_laserscan/include
[1.316s] -- Configured cppcheck exclude dirs and/or files: 
[1.317s] -- Added test 'cpplint' to check C / C++ code against the Google style
[1.317s] -- Configured cpplint exclude dirs and/or files: 
[1.317s] -- Added test 'flake8' to check Python code syntax and style conventions
[1.317s] -- Added test 'lint_cmake' to check CMake code style
[1.317s] -- Added test 'pep257' to check Python code against some of the docstring style conventions in PEP 257
[1.318s] -- Added test 'uncrustify' to check C / C++ code style
[1.318s] -- Configured uncrustify additional arguments: 
[1.318s] -- Added test 'xmllint' to check XML markup files
[1.320s] -- Configuring done
[1.344s] -- Generating done
[1.345s] -- Build files have been written to: /home/mechax/ws_y/rm_ws/build/pointcloud_to_laserscan
[1.353s] Invoked command in '/home/mechax/ws_y/rm_ws/build/pointcloud_to_laserscan' returned '0': CMAKE_PREFIX_PATH=/opt/ros/humble /usr/bin/cmake /home/mechax/ws_y/rm_ws/src/src/rm_perception/pointcloud_to_laserscan -DAMENT_CMAKE_SYMLINK_INSTALL=1 -DCMAKE_INSTALL_PREFIX=/home/mechax/ws_y/rm_ws/install/pointcloud_to_laserscan
[1.354s] Invoking command in '/home/mechax/ws_y/rm_ws/build/pointcloud_to_laserscan': CMAKE_PREFIX_PATH=/opt/ros/humble /usr/bin/cmake --build /home/mechax/ws_y/rm_ws/build/pointcloud_to_laserscan -- -j16 -l16
[1.388s] [35m[1mConsolidate compiler generated dependencies of target pointcloud_to_laserscan_node[0m
[1.390s] [35m[1mConsolidate compiler generated dependencies of target laserscan_to_pointcloud[0m
[1.391s] [35m[1mConsolidate compiler generated dependencies of target laserscan_to_pointcloud_node[0m
[1.402s] [ 10%] [32m[1mLinking CXX shared library liblaserscan_to_pointcloud.so[0m
[1.403s] [ 20%] [32m[1mLinking CXX executable laserscan_to_pointcloud_node[0m
[1.403s] [ 30%] [32m[1mLinking CXX executable pointcloud_to_laserscan_node[0m
[1.523s] [ 40%] Built target pointcloud_to_laserscan_node
[1.551s] [ 50%] Built target laserscan_to_pointcloud
[1.558s] [35m[1mConsolidate compiler generated dependencies of target pointcloud_to_laserscan[0m
[1.558s] [ 60%] Built target laserscan_to_pointcloud_node
[1.569s] [ 70%] [32m[1mLinking CXX shared library libpointcloud_to_laserscan.so[0m
[1.687s] [ 80%] Built target pointcloud_to_laserscan
[1.697s] [35m[1mConsolidate compiler generated dependencies of target dummy_pointcloud_publisher[0m
[1.708s] [ 90%] [32m[1mLinking CXX executable dummy_pointcloud_publisher[0m
[1.799s] [100%] Built target dummy_pointcloud_publisher
