[0.025s] Invoking command in '/home/mechax/ws_y/rm_ws/build/rm_serial_driver': AMENT_PREFIX_PATH=/home/mechax/ws_y/rm_ws/install/auto_aim_interfaces:${AMENT_PREFIX_PATH} CMAKE_PREFIX_PATH=/home/mechax/ws_y/rm_ws/install/auto_aim_interfaces:/opt/ros/humble LD_LIBRARY_PATH=/home/mechax/ws_y/rm_ws/install/auto_aim_interfaces/lib:${LD_LIBRARY_PATH} PYTHONPATH=/home/mechax/ws_y/rm_ws/install/auto_aim_interfaces/local/lib/python3.10/dist-packages:${PYTHONPATH} /usr/bin/cmake /home/mechax/ws_y/rm_ws/src/mechax_rm_cv/src/rm_serial_driver -DCMAKE_INSTALL_PREFIX=/home/mechax/ws_y/rm_ws/install/rm_serial_driver
[0.031s] -- Found ament_cmake_auto: 1.3.5 (/opt/ros/humble/share/ament_cmake_auto/cmake)
[0.113s] -- Override CMake install command with custom implementation using symlinks instead of copying resources
[0.174s] -- Found rosidl_generator_c: 3.1.5 (/opt/ros/humble/share/rosidl_generator_c/cmake)
[0.175s] -- Found rosidl_adapter: 3.1.5 (/opt/ros/humble/share/rosidl_adapter/cmake)
[0.178s] -- Found rosidl_generator_cpp: 3.1.5 (/opt/ros/humble/share/rosidl_generator_cpp/cmake)
[0.185s] -- Using all available rosidl_typesupport_c: rosidl_typesupport_fastrtps_c;rosidl_typesupport_introspection_c
[0.193s] -- Using all available rosidl_typesupport_cpp: rosidl_typesupport_fastrtps_cpp;rosidl_typesupport_introspection_cpp
[0.226s] -- Found rmw_implementation_cmake: 6.1.1 (/opt/ros/humble/share/rmw_implementation_cmake/cmake)
[0.227s] -- Found rmw_fastrtps_cpp: 6.2.4 (/opt/ros/humble/share/rmw_fastrtps_cpp/cmake)
[0.295s] -- Using RMW implementation 'rmw_fastrtps_cpp' as default
[0.668s] -- Found eigen3_cmake_module: 0.1.1 (/opt/ros/humble/share/eigen3_cmake_module/cmake)
[0.669s] -- Ensuring Eigen3 include directory is part of orocos-kdl CMake target
[0.880s] -- Found ament_lint_auto: 0.12.8 (/opt/ros/humble/share/ament_lint_auto/cmake)
[0.889s] -- Added test 'cppcheck' to perform static code analysis on C / C++ code
[0.889s] -- Configured cppcheck include dirs: /home/mechax/ws_y/rm_ws/src/mechax_rm_cv/src/rm_serial_driver/include
[0.889s] -- Configured cppcheck exclude dirs and/or files: 
[0.892s] -- Added test 'cpplint' to check C / C++ code against the Google style
[0.892s] -- Configured cpplint exclude dirs and/or files: 
[0.892s] -- Added test 'flake8' to check Python code syntax and style conventions
[0.893s] -- Added test 'lint_cmake' to check CMake code style
[0.893s] -- Added test 'pep257' to check Python code against some of the docstring style conventions in PEP 257
[0.894s] -- Added test 'xmllint' to check XML markup files
[0.896s] -- Added test 'clang_format' to check C / C++ code style
[0.897s] -- Configuring done
[0.910s] -- Generating done
[0.911s] -- Build files have been written to: /home/mechax/ws_y/rm_ws/build/rm_serial_driver
[0.917s] Invoked command in '/home/mechax/ws_y/rm_ws/build/rm_serial_driver' returned '0': AMENT_PREFIX_PATH=/home/mechax/ws_y/rm_ws/install/auto_aim_interfaces:${AMENT_PREFIX_PATH} CMAKE_PREFIX_PATH=/home/mechax/ws_y/rm_ws/install/auto_aim_interfaces:/opt/ros/humble LD_LIBRARY_PATH=/home/mechax/ws_y/rm_ws/install/auto_aim_interfaces/lib:${LD_LIBRARY_PATH} PYTHONPATH=/home/mechax/ws_y/rm_ws/install/auto_aim_interfaces/local/lib/python3.10/dist-packages:${PYTHONPATH} /usr/bin/cmake /home/mechax/ws_y/rm_ws/src/mechax_rm_cv/src/rm_serial_driver -DCMAKE_INSTALL_PREFIX=/home/mechax/ws_y/rm_ws/install/rm_serial_driver
[0.918s] Invoking command in '/home/mechax/ws_y/rm_ws/build/rm_serial_driver': AMENT_PREFIX_PATH=/home/mechax/ws_y/rm_ws/install/auto_aim_interfaces:${AMENT_PREFIX_PATH} CMAKE_PREFIX_PATH=/home/mechax/ws_y/rm_ws/install/auto_aim_interfaces:/opt/ros/humble LD_LIBRARY_PATH=/home/mechax/ws_y/rm_ws/install/auto_aim_interfaces/lib:${LD_LIBRARY_PATH} PYTHONPATH=/home/mechax/ws_y/rm_ws/install/auto_aim_interfaces/local/lib/python3.10/dist-packages:${PYTHONPATH} /usr/bin/cmake --build /home/mechax/ws_y/rm_ws/build/rm_serial_driver -- -j16 -l16
[0.943s] [35m[1mConsolidate compiler generated dependencies of target rm_serial_driver_node[0m
[0.944s] [35m[1mConsolidate compiler generated dependencies of target rm_serial_driver[0m
[0.953s] [ 40%] Built target rm_serial_driver_node
[0.957s] [100%] Built target rm_serial_driver
[0.964s] Invoked command in '/home/mechax/ws_y/rm_ws/build/rm_serial_driver' returned '0': AMENT_PREFIX_PATH=/home/mechax/ws_y/rm_ws/install/auto_aim_interfaces:${AMENT_PREFIX_PATH} CMAKE_PREFIX_PATH=/home/mechax/ws_y/rm_ws/install/auto_aim_interfaces:/opt/ros/humble LD_LIBRARY_PATH=/home/mechax/ws_y/rm_ws/install/auto_aim_interfaces/lib:${LD_LIBRARY_PATH} PYTHONPATH=/home/mechax/ws_y/rm_ws/install/auto_aim_interfaces/local/lib/python3.10/dist-packages:${PYTHONPATH} /usr/bin/cmake --build /home/mechax/ws_y/rm_ws/build/rm_serial_driver -- -j16 -l16
[0.980s] Invoking command in '/home/mechax/ws_y/rm_ws/build/rm_serial_driver': AMENT_PREFIX_PATH=/home/mechax/ws_y/rm_ws/install/auto_aim_interfaces:${AMENT_PREFIX_PATH} CMAKE_PREFIX_PATH=/home/mechax/ws_y/rm_ws/install/auto_aim_interfaces:/opt/ros/humble LD_LIBRARY_PATH=/home/mechax/ws_y/rm_ws/install/auto_aim_interfaces/lib:${LD_LIBRARY_PATH} PYTHONPATH=/home/mechax/ws_y/rm_ws/install/auto_aim_interfaces/local/lib/python3.10/dist-packages:${PYTHONPATH} /usr/bin/cmake --install /home/mechax/ws_y/rm_ws/build/rm_serial_driver
[0.984s] -- Install configuration: ""
[0.984s] -- Execute custom install script
[0.984s] -- Symlinking: /home/mechax/ws_y/rm_ws/install/rm_serial_driver/lib/rm_serial_driver/rm_serial_driver_node
[0.990s] -- Symlinking: /home/mechax/ws_y/rm_ws/install/rm_serial_driver/include/rm_serial_driver/crc.hpp
[0.995s] -- Symlinking: /home/mechax/ws_y/rm_ws/install/rm_serial_driver/include/rm_serial_driver/packet.hpp
[1.000s] -- Symlinking: /home/mechax/ws_y/rm_ws/install/rm_serial_driver/include/rm_serial_driver/rm_serial_driver.hpp
[1.006s] -- Symlinking: /home/mechax/ws_y/rm_ws/install/rm_serial_driver/share/rm_serial_driver/environment/library_path.sh
[1.011s] -- Symlinking: /home/mechax/ws_y/rm_ws/install/rm_serial_driver/share/rm_serial_driver/environment/library_path.dsv
[1.017s] -- Symlinking: /home/mechax/ws_y/rm_ws/install/rm_serial_driver/lib/librm_serial_driver.so
[1.023s] -- Symlinking: /home/mechax/ws_y/rm_ws/install/rm_serial_driver/share/rm_serial_driver/config/serial_driver.yaml
[1.028s] -- Symlinking: /home/mechax/ws_y/rm_ws/install/rm_serial_driver/share/rm_serial_driver/launch/serial_driver.launch.py
[1.034s] -- Symlinking: /home/mechax/ws_y/rm_ws/install/rm_serial_driver/share/ament_index/resource_index/package_run_dependencies/rm_serial_driver
[1.039s] -- Symlinking: /home/mechax/ws_y/rm_ws/install/rm_serial_driver/share/ament_index/resource_index/parent_prefix_path/rm_serial_driver
[1.045s] -- Symlinking: /home/mechax/ws_y/rm_ws/install/rm_serial_driver/share/rm_serial_driver/environment/ament_prefix_path.sh
[1.050s] -- Symlinking: /home/mechax/ws_y/rm_ws/install/rm_serial_driver/share/rm_serial_driver/environment/ament_prefix_path.dsv
[1.056s] -- Symlinking: /home/mechax/ws_y/rm_ws/install/rm_serial_driver/share/rm_serial_driver/environment/path.sh
[1.062s] -- Symlinking: /home/mechax/ws_y/rm_ws/install/rm_serial_driver/share/rm_serial_driver/environment/path.dsv
[1.067s] -- Symlinking: /home/mechax/ws_y/rm_ws/install/rm_serial_driver/share/rm_serial_driver/local_setup.bash
[1.073s] -- Symlinking: /home/mechax/ws_y/rm_ws/install/rm_serial_driver/share/rm_serial_driver/local_setup.sh
[1.078s] -- Symlinking: /home/mechax/ws_y/rm_ws/install/rm_serial_driver/share/rm_serial_driver/local_setup.zsh
[1.083s] -- Symlinking: /home/mechax/ws_y/rm_ws/install/rm_serial_driver/share/rm_serial_driver/local_setup.dsv
[1.089s] -- Symlinking: /home/mechax/ws_y/rm_ws/install/rm_serial_driver/share/rm_serial_driver/package.dsv
[1.094s] -- Symlinking: /home/mechax/ws_y/rm_ws/install/rm_serial_driver/share/ament_index/resource_index/packages/rm_serial_driver
[1.100s] -- Symlinking: /home/mechax/ws_y/rm_ws/install/rm_serial_driver/share/ament_index/resource_index/rclcpp_components/rm_serial_driver
[1.105s] -- Symlinking: /home/mechax/ws_y/rm_ws/install/rm_serial_driver/share/rm_serial_driver/cmake/ament_cmake_export_dependencies-extras.cmake
[1.110s] -- Symlinking: /home/mechax/ws_y/rm_ws/install/rm_serial_driver/share/rm_serial_driver/cmake/ament_cmake_export_include_directories-extras.cmake
[1.116s] -- Symlinking: /home/mechax/ws_y/rm_ws/install/rm_serial_driver/share/rm_serial_driver/cmake/ament_cmake_export_libraries-extras.cmake
[1.121s] -- Symlinking: /home/mechax/ws_y/rm_ws/install/rm_serial_driver/share/rm_serial_driver/cmake/rm_serial_driverConfig.cmake
[1.126s] -- Symlinking: /home/mechax/ws_y/rm_ws/install/rm_serial_driver/share/rm_serial_driver/cmake/rm_serial_driverConfig-version.cmake
[1.132s] -- Symlinking: /home/mechax/ws_y/rm_ws/install/rm_serial_driver/share/rm_serial_driver/package.xml
[1.138s] Invoked command in '/home/mechax/ws_y/rm_ws/build/rm_serial_driver' returned '0': AMENT_PREFIX_PATH=/home/mechax/ws_y/rm_ws/install/auto_aim_interfaces:${AMENT_PREFIX_PATH} CMAKE_PREFIX_PATH=/home/mechax/ws_y/rm_ws/install/auto_aim_interfaces:/opt/ros/humble LD_LIBRARY_PATH=/home/mechax/ws_y/rm_ws/install/auto_aim_interfaces/lib:${LD_LIBRARY_PATH} PYTHONPATH=/home/mechax/ws_y/rm_ws/install/auto_aim_interfaces/local/lib/python3.10/dist-packages:${PYTHONPATH} /usr/bin/cmake --install /home/mechax/ws_y/rm_ws/build/rm_serial_driver
