[0.037s] Invoking command in '/home/mechax/ws_y/rm_ws/build/rm_auto_aim': AMENT_PREFIX_PATH=/home/mechax/ws_y/rm_ws/install/armor_tracker:/home/mechax/ws_y/rm_ws/install/armor_detector:/home/mechax/ws_y/rm_ws/install/auto_aim_interfaces:${AMENT_PREFIX_PATH} CMAKE_PREFIX_PATH=/home/mechax/ws_y/rm_ws/install/armor_tracker:/home/mechax/ws_y/rm_ws/install/armor_detector:/home/mechax/ws_y/rm_ws/install/auto_aim_interfaces:/opt/ros/humble LD_LIBRARY_PATH=/home/mechax/ws_y/rm_ws/install/armor_tracker/lib:/home/mechax/ws_y/rm_ws/install/armor_detector/lib:/home/mechax/ws_y/rm_ws/install/auto_aim_interfaces/lib:${LD_LIBRARY_PATH} PYTHONPATH=/home/mechax/ws_y/rm_ws/install/auto_aim_interfaces/local/lib/python3.10/dist-packages:${PYTHONPATH} /usr/bin/cmake /home/mechax/ws_y/rm_ws/src/rm_auto_aim/rm_auto_aim -DCMAKE_INSTALL_PREFIX=/home/mechax/ws_y/rm_ws/install/rm_auto_aim
[0.074s] -- The C compiler identification is GNU 11.4.0
[0.115s] -- The CXX compiler identification is GNU 11.4.0
[0.122s] -- Detecting C compiler ABI info
[0.169s] -- Detecting C compiler ABI info - done
[0.176s] -- Check for working C compiler: /usr/bin/cc - skipped
[0.177s] -- Detecting C compile features
[0.177s] -- Detecting C compile features - done
[0.180s] -- Detecting CXX compiler ABI info
[0.237s] -- Detecting CXX compiler ABI info - done
[0.245s] -- Check for working CXX compiler: /usr/bin/c++ - skipped
[0.245s] -- Detecting CXX compile features
[0.246s] -- Detecting CXX compile features - done
[0.248s] -- Found ament_cmake_auto: 1.3.5 (/opt/ros/humble/share/ament_cmake_auto/cmake)
[0.371s] -- Found Python3: /usr/bin/python3.10 (found version "3.10.12") found components: Interpreter 
[0.432s] -- Found ament_lint_auto: 0.12.8 (/opt/ros/humble/share/ament_lint_auto/cmake)
[0.489s] -- Added test 'lint_cmake' to check CMake code style
[0.490s] -- Added test 'xmllint' to check XML markup files
[0.491s] -- Configuring done
[0.494s] -- Generating done
[0.495s] -- Build files have been written to: /home/mechax/ws_y/rm_ws/build/rm_auto_aim
[0.500s] Invoked command in '/home/mechax/ws_y/rm_ws/build/rm_auto_aim' returned '0': AMENT_PREFIX_PATH=/home/mechax/ws_y/rm_ws/install/armor_tracker:/home/mechax/ws_y/rm_ws/install/armor_detector:/home/mechax/ws_y/rm_ws/install/auto_aim_interfaces:${AMENT_PREFIX_PATH} CMAKE_PREFIX_PATH=/home/mechax/ws_y/rm_ws/install/armor_tracker:/home/mechax/ws_y/rm_ws/install/armor_detector:/home/mechax/ws_y/rm_ws/install/auto_aim_interfaces:/opt/ros/humble LD_LIBRARY_PATH=/home/mechax/ws_y/rm_ws/install/armor_tracker/lib:/home/mechax/ws_y/rm_ws/install/armor_detector/lib:/home/mechax/ws_y/rm_ws/install/auto_aim_interfaces/lib:${LD_LIBRARY_PATH} PYTHONPATH=/home/mechax/ws_y/rm_ws/install/auto_aim_interfaces/local/lib/python3.10/dist-packages:${PYTHONPATH} /usr/bin/cmake /home/mechax/ws_y/rm_ws/src/rm_auto_aim/rm_auto_aim -DCMAKE_INSTALL_PREFIX=/home/mechax/ws_y/rm_ws/install/rm_auto_aim
[0.502s] Invoking command in '/home/mechax/ws_y/rm_ws/build/rm_auto_aim': AMENT_PREFIX_PATH=/home/mechax/ws_y/rm_ws/install/armor_tracker:/home/mechax/ws_y/rm_ws/install/armor_detector:/home/mechax/ws_y/rm_ws/install/auto_aim_interfaces:${AMENT_PREFIX_PATH} CMAKE_PREFIX_PATH=/home/mechax/ws_y/rm_ws/install/armor_tracker:/home/mechax/ws_y/rm_ws/install/armor_detector:/home/mechax/ws_y/rm_ws/install/auto_aim_interfaces:/opt/ros/humble LD_LIBRARY_PATH=/home/mechax/ws_y/rm_ws/install/armor_tracker/lib:/home/mechax/ws_y/rm_ws/install/armor_detector/lib:/home/mechax/ws_y/rm_ws/install/auto_aim_interfaces/lib:${LD_LIBRARY_PATH} PYTHONPATH=/home/mechax/ws_y/rm_ws/install/auto_aim_interfaces/local/lib/python3.10/dist-packages:${PYTHONPATH} /usr/bin/cmake --build /home/mechax/ws_y/rm_ws/build/rm_auto_aim -- -j16 -l16
[0.527s] Invoked command in '/home/mechax/ws_y/rm_ws/build/rm_auto_aim' returned '0': AMENT_PREFIX_PATH=/home/mechax/ws_y/rm_ws/install/armor_tracker:/home/mechax/ws_y/rm_ws/install/armor_detector:/home/mechax/ws_y/rm_ws/install/auto_aim_interfaces:${AMENT_PREFIX_PATH} CMAKE_PREFIX_PATH=/home/mechax/ws_y/rm_ws/install/armor_tracker:/home/mechax/ws_y/rm_ws/install/armor_detector:/home/mechax/ws_y/rm_ws/install/auto_aim_interfaces:/opt/ros/humble LD_LIBRARY_PATH=/home/mechax/ws_y/rm_ws/install/armor_tracker/lib:/home/mechax/ws_y/rm_ws/install/armor_detector/lib:/home/mechax/ws_y/rm_ws/install/auto_aim_interfaces/lib:${LD_LIBRARY_PATH} PYTHONPATH=/home/mechax/ws_y/rm_ws/install/auto_aim_interfaces/local/lib/python3.10/dist-packages:${PYTHONPATH} /usr/bin/cmake --build /home/mechax/ws_y/rm_ws/build/rm_auto_aim -- -j16 -l16
[0.541s] Invoking command in '/home/mechax/ws_y/rm_ws/build/rm_auto_aim': AMENT_PREFIX_PATH=/home/mechax/ws_y/rm_ws/install/armor_tracker:/home/mechax/ws_y/rm_ws/install/armor_detector:/home/mechax/ws_y/rm_ws/install/auto_aim_interfaces:${AMENT_PREFIX_PATH} CMAKE_PREFIX_PATH=/home/mechax/ws_y/rm_ws/install/armor_tracker:/home/mechax/ws_y/rm_ws/install/armor_detector:/home/mechax/ws_y/rm_ws/install/auto_aim_interfaces:/opt/ros/humble LD_LIBRARY_PATH=/home/mechax/ws_y/rm_ws/install/armor_tracker/lib:/home/mechax/ws_y/rm_ws/install/armor_detector/lib:/home/mechax/ws_y/rm_ws/install/auto_aim_interfaces/lib:${LD_LIBRARY_PATH} PYTHONPATH=/home/mechax/ws_y/rm_ws/install/auto_aim_interfaces/local/lib/python3.10/dist-packages:${PYTHONPATH} /usr/bin/cmake --install /home/mechax/ws_y/rm_ws/build/rm_auto_aim
[0.546s] -- Install configuration: ""
[0.546s] -- Installing: /home/mechax/ws_y/rm_ws/install/rm_auto_aim/share/ament_index/resource_index/package_run_dependencies/rm_auto_aim
[0.546s] -- Installing: /home/mechax/ws_y/rm_ws/install/rm_auto_aim/share/ament_index/resource_index/parent_prefix_path/rm_auto_aim
[0.547s] -- Up-to-date: /home/mechax/ws_y/rm_ws/install/rm_auto_aim/share/rm_auto_aim/environment/ament_prefix_path.sh
[0.547s] -- Installing: /home/mechax/ws_y/rm_ws/install/rm_auto_aim/share/rm_auto_aim/environment/ament_prefix_path.dsv
[0.547s] -- Up-to-date: /home/mechax/ws_y/rm_ws/install/rm_auto_aim/share/rm_auto_aim/environment/path.sh
[0.547s] -- Installing: /home/mechax/ws_y/rm_ws/install/rm_auto_aim/share/rm_auto_aim/environment/path.dsv
[0.547s] -- Installing: /home/mechax/ws_y/rm_ws/install/rm_auto_aim/share/rm_auto_aim/local_setup.bash
[0.547s] -- Installing: /home/mechax/ws_y/rm_ws/install/rm_auto_aim/share/rm_auto_aim/local_setup.sh
[0.547s] -- Installing: /home/mechax/ws_y/rm_ws/install/rm_auto_aim/share/rm_auto_aim/local_setup.zsh
[0.547s] -- Installing: /home/mechax/ws_y/rm_ws/install/rm_auto_aim/share/rm_auto_aim/local_setup.dsv
[0.547s] -- Installing: /home/mechax/ws_y/rm_ws/install/rm_auto_aim/share/rm_auto_aim/package.dsv
[0.547s] -- Installing: /home/mechax/ws_y/rm_ws/install/rm_auto_aim/share/ament_index/resource_index/packages/rm_auto_aim
[0.547s] -- Installing: /home/mechax/ws_y/rm_ws/install/rm_auto_aim/share/rm_auto_aim/cmake/rm_auto_aimConfig.cmake
[0.547s] -- Installing: /home/mechax/ws_y/rm_ws/install/rm_auto_aim/share/rm_auto_aim/cmake/rm_auto_aimConfig-version.cmake
[0.547s] -- Up-to-date: /home/mechax/ws_y/rm_ws/install/rm_auto_aim/share/rm_auto_aim/package.xml
[0.549s] Invoked command in '/home/mechax/ws_y/rm_ws/build/rm_auto_aim' returned '0': AMENT_PREFIX_PATH=/home/mechax/ws_y/rm_ws/install/armor_tracker:/home/mechax/ws_y/rm_ws/install/armor_detector:/home/mechax/ws_y/rm_ws/install/auto_aim_interfaces:${AMENT_PREFIX_PATH} CMAKE_PREFIX_PATH=/home/mechax/ws_y/rm_ws/install/armor_tracker:/home/mechax/ws_y/rm_ws/install/armor_detector:/home/mechax/ws_y/rm_ws/install/auto_aim_interfaces:/opt/ros/humble LD_LIBRARY_PATH=/home/mechax/ws_y/rm_ws/install/armor_tracker/lib:/home/mechax/ws_y/rm_ws/install/armor_detector/lib:/home/mechax/ws_y/rm_ws/install/auto_aim_interfaces/lib:${LD_LIBRARY_PATH} PYTHONPATH=/home/mechax/ws_y/rm_ws/install/auto_aim_interfaces/local/lib/python3.10/dist-packages:${PYTHONPATH} /usr/bin/cmake --install /home/mechax/ws_y/rm_ws/build/rm_auto_aim
