[0.024s] Invoking command in '/home/mechax/ws_y/rm_ws/build/rm_auto_aim': AMENT_PREFIX_PATH=/home/mechax/ws_y/rm_ws/install/armor_tracker:/home/mechax/ws_y/rm_ws/install/armor_detector:/home/mechax/ws_y/rm_ws/install/auto_aim_interfaces:${AMENT_PREFIX_PATH} CMAKE_PREFIX_PATH=/home/mechax/ws_y/rm_ws/install/armor_tracker:/home/mechax/ws_y/rm_ws/install/armor_detector:/home/mechax/ws_y/rm_ws/install/auto_aim_interfaces:/opt/ros/humble LD_LIBRARY_PATH=/home/mechax/ws_y/rm_ws/install/armor_tracker/lib:/home/mechax/ws_y/rm_ws/install/armor_detector/lib:/home/mechax/ws_y/rm_ws/install/auto_aim_interfaces/lib:${LD_LIBRARY_PATH} PYTHONPATH=/home/mechax/ws_y/rm_ws/install/auto_aim_interfaces/local/lib/python3.10/dist-packages:${PYTHONPATH} /usr/bin/cmake /home/mechax/ws_y/rm_ws/src/mechax_rm_cv/src/rm_auto_aim/rm_auto_aim -DCMAKE_INSTALL_PREFIX=/home/mechax/ws_y/rm_ws/install/rm_auto_aim
[0.054s] -- The C compiler identification is GNU 11.4.0
[0.085s] -- The CXX compiler identification is GNU 11.4.0
[0.089s] -- Detecting C compiler ABI info
[0.128s] -- Detecting C compiler ABI info - done
[0.132s] -- Check for working C compiler: /usr/bin/cc - skipped
[0.132s] -- Detecting C compile features
[0.132s] -- Detecting C compile features - done
[0.134s] -- Detecting CXX compiler ABI info
[0.177s] -- Detecting CXX compiler ABI info - done
[0.181s] -- Check for working CXX compiler: /usr/bin/c++ - skipped
[0.182s] -- Detecting CXX compile features
[0.182s] -- Detecting CXX compile features - done
[0.183s] -- Found ament_cmake_auto: 1.3.5 (/opt/ros/humble/share/ament_cmake_auto/cmake)
[0.280s] -- Found Python3: /usr/bin/python3.10 (found version "3.10.12") found components: Interpreter 
[0.330s] -- Found ament_lint_auto: 0.12.8 (/opt/ros/humble/share/ament_lint_auto/cmake)
[0.373s] -- Added test 'lint_cmake' to check CMake code style
[0.374s] -- Added test 'xmllint' to check XML markup files
[0.374s] -- Configuring done
[0.375s] -- Generating done
[0.376s] -- Build files have been written to: /home/mechax/ws_y/rm_ws/build/rm_auto_aim
[0.380s] Invoked command in '/home/mechax/ws_y/rm_ws/build/rm_auto_aim' returned '0': AMENT_PREFIX_PATH=/home/mechax/ws_y/rm_ws/install/armor_tracker:/home/mechax/ws_y/rm_ws/install/armor_detector:/home/mechax/ws_y/rm_ws/install/auto_aim_interfaces:${AMENT_PREFIX_PATH} CMAKE_PREFIX_PATH=/home/mechax/ws_y/rm_ws/install/armor_tracker:/home/mechax/ws_y/rm_ws/install/armor_detector:/home/mechax/ws_y/rm_ws/install/auto_aim_interfaces:/opt/ros/humble LD_LIBRARY_PATH=/home/mechax/ws_y/rm_ws/install/armor_tracker/lib:/home/mechax/ws_y/rm_ws/install/armor_detector/lib:/home/mechax/ws_y/rm_ws/install/auto_aim_interfaces/lib:${LD_LIBRARY_PATH} PYTHONPATH=/home/mechax/ws_y/rm_ws/install/auto_aim_interfaces/local/lib/python3.10/dist-packages:${PYTHONPATH} /usr/bin/cmake /home/mechax/ws_y/rm_ws/src/mechax_rm_cv/src/rm_auto_aim/rm_auto_aim -DCMAKE_INSTALL_PREFIX=/home/mechax/ws_y/rm_ws/install/rm_auto_aim
[0.380s] Invoking command in '/home/mechax/ws_y/rm_ws/build/rm_auto_aim': AMENT_PREFIX_PATH=/home/mechax/ws_y/rm_ws/install/armor_tracker:/home/mechax/ws_y/rm_ws/install/armor_detector:/home/mechax/ws_y/rm_ws/install/auto_aim_interfaces:${AMENT_PREFIX_PATH} CMAKE_PREFIX_PATH=/home/mechax/ws_y/rm_ws/install/armor_tracker:/home/mechax/ws_y/rm_ws/install/armor_detector:/home/mechax/ws_y/rm_ws/install/auto_aim_interfaces:/opt/ros/humble LD_LIBRARY_PATH=/home/mechax/ws_y/rm_ws/install/armor_tracker/lib:/home/mechax/ws_y/rm_ws/install/armor_detector/lib:/home/mechax/ws_y/rm_ws/install/auto_aim_interfaces/lib:${LD_LIBRARY_PATH} PYTHONPATH=/home/mechax/ws_y/rm_ws/install/auto_aim_interfaces/local/lib/python3.10/dist-packages:${PYTHONPATH} /usr/bin/cmake --build /home/mechax/ws_y/rm_ws/build/rm_auto_aim -- -j16 -l16
[0.402s] Invoked command in '/home/mechax/ws_y/rm_ws/build/rm_auto_aim' returned '0': AMENT_PREFIX_PATH=/home/mechax/ws_y/rm_ws/install/armor_tracker:/home/mechax/ws_y/rm_ws/install/armor_detector:/home/mechax/ws_y/rm_ws/install/auto_aim_interfaces:${AMENT_PREFIX_PATH} CMAKE_PREFIX_PATH=/home/mechax/ws_y/rm_ws/install/armor_tracker:/home/mechax/ws_y/rm_ws/install/armor_detector:/home/mechax/ws_y/rm_ws/install/auto_aim_interfaces:/opt/ros/humble LD_LIBRARY_PATH=/home/mechax/ws_y/rm_ws/install/armor_tracker/lib:/home/mechax/ws_y/rm_ws/install/armor_detector/lib:/home/mechax/ws_y/rm_ws/install/auto_aim_interfaces/lib:${LD_LIBRARY_PATH} PYTHONPATH=/home/mechax/ws_y/rm_ws/install/auto_aim_interfaces/local/lib/python3.10/dist-packages:${PYTHONPATH} /usr/bin/cmake --build /home/mechax/ws_y/rm_ws/build/rm_auto_aim -- -j16 -l16
[0.414s] Invoking command in '/home/mechax/ws_y/rm_ws/build/rm_auto_aim': AMENT_PREFIX_PATH=/home/mechax/ws_y/rm_ws/install/armor_tracker:/home/mechax/ws_y/rm_ws/install/armor_detector:/home/mechax/ws_y/rm_ws/install/auto_aim_interfaces:${AMENT_PREFIX_PATH} CMAKE_PREFIX_PATH=/home/mechax/ws_y/rm_ws/install/armor_tracker:/home/mechax/ws_y/rm_ws/install/armor_detector:/home/mechax/ws_y/rm_ws/install/auto_aim_interfaces:/opt/ros/humble LD_LIBRARY_PATH=/home/mechax/ws_y/rm_ws/install/armor_tracker/lib:/home/mechax/ws_y/rm_ws/install/armor_detector/lib:/home/mechax/ws_y/rm_ws/install/auto_aim_interfaces/lib:${LD_LIBRARY_PATH} PYTHONPATH=/home/mechax/ws_y/rm_ws/install/auto_aim_interfaces/local/lib/python3.10/dist-packages:${PYTHONPATH} /usr/bin/cmake --install /home/mechax/ws_y/rm_ws/build/rm_auto_aim
[0.418s] -- Install configuration: ""
[0.418s] -- Installing: /home/mechax/ws_y/rm_ws/install/rm_auto_aim/share/ament_index/resource_index/package_run_dependencies/rm_auto_aim
[0.418s] -- Installing: /home/mechax/ws_y/rm_ws/install/rm_auto_aim/share/ament_index/resource_index/parent_prefix_path/rm_auto_aim
[0.418s] -- Installing: /home/mechax/ws_y/rm_ws/install/rm_auto_aim/share/rm_auto_aim/environment/ament_prefix_path.sh
[0.418s] -- Installing: /home/mechax/ws_y/rm_ws/install/rm_auto_aim/share/rm_auto_aim/environment/ament_prefix_path.dsv
[0.418s] -- Installing: /home/mechax/ws_y/rm_ws/install/rm_auto_aim/share/rm_auto_aim/environment/path.sh
[0.418s] -- Installing: /home/mechax/ws_y/rm_ws/install/rm_auto_aim/share/rm_auto_aim/environment/path.dsv
[0.418s] -- Installing: /home/mechax/ws_y/rm_ws/install/rm_auto_aim/share/rm_auto_aim/local_setup.bash
[0.418s] -- Installing: /home/mechax/ws_y/rm_ws/install/rm_auto_aim/share/rm_auto_aim/local_setup.sh
[0.418s] -- Installing: /home/mechax/ws_y/rm_ws/install/rm_auto_aim/share/rm_auto_aim/local_setup.zsh
[0.418s] -- Installing: /home/mechax/ws_y/rm_ws/install/rm_auto_aim/share/rm_auto_aim/local_setup.dsv
[0.418s] -- Installing: /home/mechax/ws_y/rm_ws/install/rm_auto_aim/share/rm_auto_aim/package.dsv
[0.419s] -- Installing: /home/mechax/ws_y/rm_ws/install/rm_auto_aim/share/ament_index/resource_index/packages/rm_auto_aim
[0.419s] -- Installing: /home/mechax/ws_y/rm_ws/install/rm_auto_aim/share/rm_auto_aim/cmake/rm_auto_aimConfig.cmake
[0.419s] -- Installing: /home/mechax/ws_y/rm_ws/install/rm_auto_aim/share/rm_auto_aim/cmake/rm_auto_aimConfig-version.cmake
[0.419s] -- Installing: /home/mechax/ws_y/rm_ws/install/rm_auto_aim/share/rm_auto_aim/package.xml
[0.420s] Invoked command in '/home/mechax/ws_y/rm_ws/build/rm_auto_aim' returned '0': AMENT_PREFIX_PATH=/home/mechax/ws_y/rm_ws/install/armor_tracker:/home/mechax/ws_y/rm_ws/install/armor_detector:/home/mechax/ws_y/rm_ws/install/auto_aim_interfaces:${AMENT_PREFIX_PATH} CMAKE_PREFIX_PATH=/home/mechax/ws_y/rm_ws/install/armor_tracker:/home/mechax/ws_y/rm_ws/install/armor_detector:/home/mechax/ws_y/rm_ws/install/auto_aim_interfaces:/opt/ros/humble LD_LIBRARY_PATH=/home/mechax/ws_y/rm_ws/install/armor_tracker/lib:/home/mechax/ws_y/rm_ws/install/armor_detector/lib:/home/mechax/ws_y/rm_ws/install/auto_aim_interfaces/lib:${LD_LIBRARY_PATH} PYTHONPATH=/home/mechax/ws_y/rm_ws/install/auto_aim_interfaces/local/lib/python3.10/dist-packages:${PYTHONPATH} /usr/bin/cmake --install /home/mechax/ws_y/rm_ws/build/rm_auto_aim
