[0.184s] Invoking command in '/home/mechax/ws_y/rm_ws/build/linefit_ground_segmentation': CMAKE_PREFIX_PATH=/opt/ros/humble /usr/bin/cmake /home/mechax/ws_y/rm_ws/src/rm_perception/linefit_ground_segementation_ros2/linefit_ground_segmentation -DCMAKE_INSTALL_PREFIX=/home/mechax/ws_y/rm_ws/install/linefit_ground_segmentation
[0.392s] -- The C compiler identification is GNU 11.4.0
[0.393s] -- The CXX compiler identification is GNU 11.4.0
[0.393s] -- Detecting C compiler ABI info
[0.393s] -- Detecting C compiler ABI info - done
[0.393s] -- Check for working C compiler: /usr/bin/cc - skipped
[0.393s] -- Detecting C compile features
[0.393s] -- Detecting C compile features - done
[0.393s] -- Detecting CXX compiler ABI info
[0.448s] -- Detecting CXX compiler ABI info - done
[0.456s] -- Check for working CXX compiler: /usr/bin/c++ - skipped
[0.457s] -- Detecting CXX compile features
[0.457s] -- Detecting CXX compile features - done
[0.459s] -- Found ament_cmake_auto: 1.3.5 (/opt/ros/humble/share/ament_cmake_auto/cmake)
[0.644s] -- Found Python3: /usr/bin/python3.10 (found version "3.10.12") found components: Interpreter 
[0.903s] -- Found rosidl_generator_c: 3.1.5 (/opt/ros/humble/share/rosidl_generator_c/cmake)
[0.928s] -- Found rosidl_adapter: 3.1.5 (/opt/ros/humble/share/rosidl_adapter/cmake)
[0.938s] -- Found rosidl_generator_cpp: 3.1.5 (/opt/ros/humble/share/rosidl_generator_cpp/cmake)
[0.953s] -- Using all available rosidl_typesupport_c: rosidl_typesupport_fastrtps_c;rosidl_typesupport_introspection_c
[0.976s] -- Using all available rosidl_typesupport_cpp: rosidl_typesupport_fastrtps_cpp;rosidl_typesupport_introspection_cpp
[1.057s] -- Found rmw_implementation_cmake: 6.1.1 (/opt/ros/humble/share/rmw_implementation_cmake/cmake)
[1.057s] -- Found rmw_fastrtps_cpp: 6.2.4 (/opt/ros/humble/share/rmw_fastrtps_cpp/cmake)
[1.159s] -- Found OpenSSL: /usr/lib/x86_64-linux-gnu/libcrypto.so (found version "3.0.2")  
[1.190s] -- Found FastRTPS: /opt/ros/humble/include  
[1.241s] -- Using RMW implementation 'rmw_fastrtps_cpp' as default
[1.251s] -- Looking for pthread.h
[1.316s] -- Looking for pthread.h - found
[1.316s] -- Performing Test CMAKE_HAVE_LIBC_PTHREAD
[1.388s] -- Performing Test CMAKE_HAVE_LIBC_PTHREAD - Success
[1.389s] -- Found Threads: TRUE  
[1.777s] -- Found eigen3_cmake_module: 0.1.1 (/opt/ros/humble/share/eigen3_cmake_module/cmake)
[1.778s] -- Found Eigen3: TRUE (found version "3.4.0") 
[1.778s] -- Ensuring Eigen3 include directory is part of orocos-kdl CMake target
[2.021s] -- Checking for module 'eigen3'
[2.033s] --   Found eigen3, version 3.4.0
[2.083s] -- Found Eigen: /usr/include/eigen3 (Required is at least version "3.1") 
[2.083s] -- Eigen found (include: /usr/include/eigen3, version: 3.4.0)
[2.114s] -- Checking for module 'flann'
[2.125s] --   Found flann, version 1.9.1
[2.154s] -- Found FLANN: /usr/lib/x86_64-linux-gnu/libflann_cpp.so  
[2.154s] -- FLANN found (include: /usr/include, lib: /usr/lib/x86_64-linux-gnu/libflann_cpp.so)
[3.984s] -- Checking for module 'libusb-1.0'
[4.102s] --   Found libusb-1.0, version 1.0.25
[4.345s] -- Found libusb: /usr/lib/x86_64-linux-gnu/libusb-1.0.so  
[4.350s] -- OpenNI found (version: 1.5.4.0, include: /usr/include/ni, lib: /usr/lib/libOpenNI.so;libusb::libusb)
[4.699s] -- OpenNI2 found (version: 2.2.0.33, include: /usr/include/openni2, lib: /usr/lib/x86_64-linux-gnu/libOpenNI2.so;libusb::libusb)
[5.135s] -- Eigen found (include: /usr/include/eigen3, version: 3.4.0)
[5.163s] -- OpenNI found (version: 1.5.4.0, include: /usr/include/ni, lib: /usr/lib/libOpenNI.so;libusb::libusb)
[5.184s] -- OpenNI2 found (version: 2.2.0.33, include: /usr/include/openni2, lib: /usr/lib/x86_64-linux-gnu/libOpenNI2.so;libusb::libusb)
[5.443s] -- Found Qhull version 8.0.2
[5.689s] -- OpenNI found (version: 1.5.4.0, include: /usr/include/ni, lib: /usr/lib/libOpenNI.so;libusb::libusb)
[5.882s] -- Found PCL_COMMON: /usr/lib/x86_64-linux-gnu/libpcl_common.so  
[5.883s] -- Found PCL_KDTREE: /usr/lib/x86_64-linux-gnu/libpcl_kdtree.so  
[5.885s] -- Found PCL_OCTREE: /usr/lib/x86_64-linux-gnu/libpcl_octree.so  
[5.886s] -- Found PCL_SEARCH: /usr/lib/x86_64-linux-gnu/libpcl_search.so  
[5.887s] -- Found PCL_SAMPLE_CONSENSUS: /usr/lib/x86_64-linux-gnu/libpcl_sample_consensus.so  
[5.888s] -- Found PCL_FILTERS: /usr/lib/x86_64-linux-gnu/libpcl_filters.so  
[5.888s] -- Found PCL_2D: /usr/include/pcl-1.12  
[5.889s] -- Found PCL_GEOMETRY: /usr/include/pcl-1.12  
[5.890s] -- Found PCL_IO: /usr/lib/x86_64-linux-gnu/libpcl_io.so  
[5.891s] -- Found PCL_FEATURES: /usr/lib/x86_64-linux-gnu/libpcl_features.so  
[5.892s] -- Found PCL_ML: /usr/lib/x86_64-linux-gnu/libpcl_ml.so  
[5.893s] -- Found PCL_SEGMENTATION: /usr/lib/x86_64-linux-gnu/libpcl_segmentation.so  
[5.895s] -- Found PCL_VISUALIZATION: /usr/lib/x86_64-linux-gnu/libpcl_visualization.so  
[5.896s] -- Found PCL_SURFACE: /usr/lib/x86_64-linux-gnu/libpcl_surface.so  
[5.897s] -- Found PCL_REGISTRATION: /usr/lib/x86_64-linux-gnu/libpcl_registration.so  
[5.898s] -- Found PCL_KEYPOINTS: /usr/lib/x86_64-linux-gnu/libpcl_keypoints.so  
[5.899s] -- Found PCL_TRACKING: /usr/lib/x86_64-linux-gnu/libpcl_tracking.so  
[5.900s] -- Found PCL_RECOGNITION: /usr/lib/x86_64-linux-gnu/libpcl_recognition.so  
[5.902s] -- Found PCL_STEREO: /usr/lib/x86_64-linux-gnu/libpcl_stereo.so  
[5.903s] -- Found PCL_APPS: /usr/lib/x86_64-linux-gnu/libpcl_apps.so  
[5.904s] -- Found PCL_IN_HAND_SCANNER: /usr/include/pcl-1.12  
[5.904s] -- Found PCL_MODELER: /usr/include/pcl-1.12  
[5.905s] -- Found PCL_POINT_CLOUD_EDITOR: /usr/include/pcl-1.12  
[5.907s] -- Found PCL_OUTOFCORE: /usr/lib/x86_64-linux-gnu/libpcl_outofcore.so  
[5.908s] -- Found PCL_PEOPLE: /usr/lib/x86_64-linux-gnu/libpcl_people.so  
[6.038s] -- Configuring done
[6.077s] -- Generating done
[6.082s] -- Build files have been written to: /home/mechax/ws_y/rm_ws/build/linefit_ground_segmentation
[6.142s] Invoked command in '/home/mechax/ws_y/rm_ws/build/linefit_ground_segmentation' returned '0': CMAKE_PREFIX_PATH=/opt/ros/humble /usr/bin/cmake /home/mechax/ws_y/rm_ws/src/rm_perception/linefit_ground_segementation_ros2/linefit_ground_segmentation -DCMAKE_INSTALL_PREFIX=/home/mechax/ws_y/rm_ws/install/linefit_ground_segmentation
[6.148s] Invoking command in '/home/mechax/ws_y/rm_ws/build/linefit_ground_segmentation': CMAKE_PREFIX_PATH=/opt/ros/humble /usr/bin/cmake --build /home/mechax/ws_y/rm_ws/build/linefit_ground_segmentation -- -j16 -l16
[6.362s] [ 20%] [32mBuilding CXX object CMakeFiles/linefit_ground_segmentation.dir/src/segment.cc.o[0m
[6.386s] [ 40%] [32mBuilding CXX object CMakeFiles/linefit_ground_segmentation.dir/src/viewer.cc.o[0m
[6.386s] [ 60%] [32mBuilding CXX object CMakeFiles/linefit_ground_segmentation.dir/src/ground_segmentation.cc.o[0m
[6.388s] [ 80%] [32mBuilding CXX object CMakeFiles/linefit_ground_segmentation.dir/src/bin.cc.o[0m
[30.430s] [100%] [32m[1mLinking CXX shared library liblinefit_ground_segmentation.so[0m
[31.832s] [100%] Built target linefit_ground_segmentation
[31.861s] Invoked command in '/home/mechax/ws_y/rm_ws/build/linefit_ground_segmentation' returned '0': CMAKE_PREFIX_PATH=/opt/ros/humble /usr/bin/cmake --build /home/mechax/ws_y/rm_ws/build/linefit_ground_segmentation -- -j16 -l16
[31.928s] Invoking command in '/home/mechax/ws_y/rm_ws/build/linefit_ground_segmentation': CMAKE_PREFIX_PATH=/opt/ros/humble /usr/bin/cmake --install /home/mechax/ws_y/rm_ws/build/linefit_ground_segmentation
[31.940s] -- Install configuration: ""
[31.940s] -- Up-to-date: /home/mechax/ws_y/rm_ws/install/linefit_ground_segmentation/include
[31.940s] -- Up-to-date: /home/mechax/ws_y/rm_ws/install/linefit_ground_segmentation/include/ground_segmentation
[31.940s] -- Installing: /home/mechax/ws_y/rm_ws/install/linefit_ground_segmentation/share/linefit_ground_segmentation/package.dsv
[31.945s] Invoked command in '/home/mechax/ws_y/rm_ws/build/linefit_ground_segmentation' returned '0': CMAKE_PREFIX_PATH=/opt/ros/humble /usr/bin/cmake --install /home/mechax/ws_y/rm_ws/build/linefit_ground_segmentation
