[0.208s] Invoking command in '/home/mechax/ws_y/rm_ws/build/auto_aim_interfaces': CMAKE_PREFIX_PATH=/opt/ros/humble /usr/bin/cmake /home/mechax/ws_y/rm_ws/src/rm_auto_aim/auto_aim_interfaces -DAMENT_CMAKE_SYMLINK_INSTALL=1 -DCMAKE_INSTALL_PREFIX=/home/mechax/ws_y/rm_ws/install/auto_aim_interfaces
[0.423s] -- Found ament_cmake: 1.3.5 (/opt/ros/humble/share/ament_cmake/cmake)
[0.424s] -- Override CMake install command with custom implementation using symlinks instead of copying resources
[0.425s] -- Found rosidl_default_generators: 1.2.0 (/opt/ros/humble/share/rosidl_default_generators/cmake)
[0.426s] -- Using all available rosidl_typesupport_c: rosidl_typesupport_fastrtps_c;rosidl_typesupport_introspection_c
[0.426s] -- Found rosidl_adapter: 3.1.5 (/opt/ros/humble/share/rosidl_adapter/cmake)
[0.426s] -- Using all available rosidl_typesupport_cpp: rosidl_typesupport_fastrtps_cpp;rosidl_typesupport_introspection_cpp
[0.426s] -- Found geometry_msgs: 4.2.3 (/opt/ros/humble/share/geometry_msgs/cmake)
[0.751s] -- Found ament_cmake_ros: 0.10.0 (/opt/ros/humble/share/ament_cmake_ros/cmake)
[0.983s] -- Using all available rosidl_typesupport_c: rosidl_typesupport_fastrtps_c;rosidl_typesupport_introspection_c
[1.284s] -- Using all available rosidl_typesupport_cpp: rosidl_typesupport_fastrtps_cpp;rosidl_typesupport_introspection_cpp
[1.299s] -- Found python_cmake_module: 0.10.0 (/opt/ros/humble/share/python_cmake_module/cmake)
[1.315s] -- Using PYTHON_EXECUTABLE: /usr/bin/python3
[1.315s] -- Using PYTHON_INCLUDE_DIRS: /usr/include/python3.10
[1.315s] -- Using PYTHON_LIBRARIES: /usr/lib/x86_64-linux-gnu/libpython3.10.so
[1.351s] -- Configuring done
[1.380s] -- Generating done
[1.381s] -- Build files have been written to: /home/mechax/ws_y/rm_ws/build/auto_aim_interfaces
[1.387s] Invoked command in '/home/mechax/ws_y/rm_ws/build/auto_aim_interfaces' returned '0': CMAKE_PREFIX_PATH=/opt/ros/humble /usr/bin/cmake /home/mechax/ws_y/rm_ws/src/rm_auto_aim/auto_aim_interfaces -DAMENT_CMAKE_SYMLINK_INSTALL=1 -DCMAKE_INSTALL_PREFIX=/home/mechax/ws_y/rm_ws/install/auto_aim_interfaces
[1.389s] Invoking command in '/home/mechax/ws_y/rm_ws/build/auto_aim_interfaces': CMAKE_PREFIX_PATH=/opt/ros/humble /usr/bin/cmake --build /home/mechax/ws_y/rm_ws/build/auto_aim_interfaces -- -j16 -l16
[1.416s] [35m[1mConsolidate compiler generated dependencies of target auto_aim_interfaces__rosidl_generator_c[0m
[1.418s] [  1%] Built target auto_aim_interfaces__cpp
[1.425s] failed to create symbolic link '/home/mechax/ws_y/rm_ws/build/auto_aim_interfaces/ament_cmake_python/auto_aim_interfaces/auto_aim_interfaces' because existing path cannot be removed: Is a directory
[1.426s] gmake[2]: *** [CMakeFiles/ament_cmake_python_symlink_auto_aim_interfaces.dir/build.make:70: CMakeFiles/ament_cmake_python_symlink_auto_aim_interfaces] Error 1
[1.426s] gmake[1]: *** [CMakeFiles/Makefile2:421: CMakeFiles/ament_cmake_python_symlink_auto_aim_interfaces.dir/all] Error 2
[1.426s] gmake[1]: *** Waiting for unfinished jobs....
[1.426s] [ 12%] Built target auto_aim_interfaces__rosidl_generator_c
[1.428s] [35m[1mConsolidate compiler generated dependencies of target auto_aim_interfaces__rosidl_typesupport_introspection_cpp[0m
[1.429s] [35m[1mConsolidate compiler generated dependencies of target auto_aim_interfaces__rosidl_typesupport_fastrtps_cpp[0m
[1.430s] [35m[1mConsolidate compiler generated dependencies of target auto_aim_interfaces__rosidl_typesupport_cpp[0m
[1.442s] [ 24%] Built target auto_aim_interfaces__rosidl_typesupport_fastrtps_cpp
[1.444s] [ 35%] Built target auto_aim_interfaces__rosidl_typesupport_cpp
[1.445s] [ 47%] Built target auto_aim_interfaces__rosidl_typesupport_introspection_cpp
[1.446s] gmake: *** [Makefile:146: all] Error 2
[1.448s] Invoked command in '/home/mechax/ws_y/rm_ws/build/auto_aim_interfaces' returned '2': CMAKE_PREFIX_PATH=/opt/ros/humble /usr/bin/cmake --build /home/mechax/ws_y/rm_ws/build/auto_aim_interfaces -- -j16 -l16
