[0.116s] Invoking command in '/home/mechax/ws_y/rm_ws/build/mindvision_camera': CMAKE_PREFIX_PATH=/opt/ros/humble /usr/bin/cmake /home/mechax/ws_y/rm_ws/src/src/ros2-mindvision-camera -DAMENT_CMAKE_SYMLINK_INSTALL=1 -DCMAKE_INSTALL_PREFIX=/home/mechax/ws_y/rm_ws/install/mindvision_camera
[0.413s] -- Found ament_cmake_auto: 1.3.5 (/opt/ros/humble/share/ament_cmake_auto/cmake)
[0.413s] -- Override CMake install command with custom implementation using symlinks instead of copying resources
[0.413s] -- Found rosidl_generator_c: 3.1.5 (/opt/ros/humble/share/rosidl_generator_c/cmake)
[0.413s] -- Found rosidl_adapter: 3.1.5 (/opt/ros/humble/share/rosidl_adapter/cmake)
[0.413s] -- Found rosidl_generator_cpp: 3.1.5 (/opt/ros/humble/share/rosidl_generator_cpp/cmake)
[0.413s] -- Using all available rosidl_typesupport_c: rosidl_typesupport_fastrtps_c;rosidl_typesupport_introspection_c
[0.413s] -- Using all available rosidl_typesupport_cpp: rosidl_typesupport_fastrtps_cpp;rosidl_typesupport_introspection_cpp
[0.413s] -- Found rmw_implementation_cmake: 6.1.1 (/opt/ros/humble/share/rmw_implementation_cmake/cmake)
[0.413s] -- Found rmw_fastrtps_cpp: 6.2.4 (/opt/ros/humble/share/rmw_fastrtps_cpp/cmake)
[0.461s] -- Using RMW implementation 'rmw_fastrtps_cpp' as default
[0.934s] -- Found ament_lint_auto: 0.12.8 (/opt/ros/humble/share/ament_lint_auto/cmake)
[0.948s] -- Added test 'cppcheck' to perform static code analysis on C / C++ code
[0.949s] -- Configured cppcheck include dirs: /home/mechax/ws_y/rm_ws/src/src/ros2-mindvision-camera/mvsdk/include
[0.949s] -- Configured cppcheck exclude dirs and/or files: 
[0.950s] -- Added test 'flake8' to check Python code syntax and style conventions
[0.950s] -- Added test 'lint_cmake' to check CMake code style
[0.950s] -- Added test 'pep257' to check Python code against some of the docstring style conventions in PEP 257
[0.950s] -- Added test 'xmllint' to check XML markup files
[0.951s] -- Configuring done
[0.966s] -- Generating done
[0.968s] -- Build files have been written to: /home/mechax/ws_y/rm_ws/build/mindvision_camera
[1.039s] Invoked command in '/home/mechax/ws_y/rm_ws/build/mindvision_camera' returned '0': CMAKE_PREFIX_PATH=/opt/ros/humble /usr/bin/cmake /home/mechax/ws_y/rm_ws/src/src/ros2-mindvision-camera -DAMENT_CMAKE_SYMLINK_INSTALL=1 -DCMAKE_INSTALL_PREFIX=/home/mechax/ws_y/rm_ws/install/mindvision_camera
[1.040s] Invoking command in '/home/mechax/ws_y/rm_ws/build/mindvision_camera': CMAKE_PREFIX_PATH=/opt/ros/humble /usr/bin/cmake --build /home/mechax/ws_y/rm_ws/build/mindvision_camera -- -j16 -l16
[1.063s] [35m[1mConsolidate compiler generated dependencies of target mindvision_camera_node[0m
[1.063s] [35m[1mConsolidate compiler generated dependencies of target mindvision_camera[0m
[1.073s] [ 50%] [32m[1mLinking CXX shared library libmindvision_camera.so[0m
[1.074s] [ 50%] [32m[1mLinking CXX executable mindvision_camera_node[0m
[1.175s] [ 75%] Built target mindvision_camera_node
[1.181s] [100%] Built target mindvision_camera
[1.189s] Invoked command in '/home/mechax/ws_y/rm_ws/build/mindvision_camera' returned '0': CMAKE_PREFIX_PATH=/opt/ros/humble /usr/bin/cmake --build /home/mechax/ws_y/rm_ws/build/mindvision_camera -- -j16 -l16
[1.208s] Invoking command in '/home/mechax/ws_y/rm_ws/build/mindvision_camera': CMAKE_PREFIX_PATH=/opt/ros/humble /usr/bin/cmake --install /home/mechax/ws_y/rm_ws/build/mindvision_camera
[1.213s] -- Install configuration: ""
[1.213s] -- Execute custom install script
[1.213s] -- Symlinking: /home/mechax/ws_y/rm_ws/install/mindvision_camera/lib/mindvision_camera/mindvision_camera_node
[1.219s] -- Symlinking: /home/mechax/ws_y/rm_ws/install/mindvision_camera/share/mindvision_camera/environment/library_path.sh
[1.229s] -- Symlinking: /home/mechax/ws_y/rm_ws/install/mindvision_camera/share/mindvision_camera/environment/library_path.dsv
[1.235s] -- Symlinking: /home/mechax/ws_y/rm_ws/install/mindvision_camera/lib/libmindvision_camera.so
[1.241s] -- Symlinking: /home/mechax/ws_y/rm_ws/install/mindvision_camera/share/mindvision_camera/config/camera_info.yaml
[1.246s] -- Symlinking: /home/mechax/ws_y/rm_ws/install/mindvision_camera/share/mindvision_camera/config/camera_params.yaml
[1.252s] -- Symlinking: /home/mechax/ws_y/rm_ws/install/mindvision_camera/share/mindvision_camera/launch/mv_launch.py
[1.257s] -- Symlinking: /home/mechax/ws_y/rm_ws/install/mindvision_camera/share/ament_index/resource_index/package_run_dependencies/mindvision_camera
[1.265s] -- Symlinking: /home/mechax/ws_y/rm_ws/install/mindvision_camera/share/ament_index/resource_index/parent_prefix_path/mindvision_camera
[1.271s] -- Symlinking: /home/mechax/ws_y/rm_ws/install/mindvision_camera/share/mindvision_camera/environment/ament_prefix_path.sh
[1.280s] -- Symlinking: /home/mechax/ws_y/rm_ws/install/mindvision_camera/share/mindvision_camera/environment/ament_prefix_path.dsv
[1.289s] -- Symlinking: /home/mechax/ws_y/rm_ws/install/mindvision_camera/share/mindvision_camera/environment/path.sh
[1.294s] -- Symlinking: /home/mechax/ws_y/rm_ws/install/mindvision_camera/share/mindvision_camera/environment/path.dsv
[1.303s] -- Symlinking: /home/mechax/ws_y/rm_ws/install/mindvision_camera/share/mindvision_camera/local_setup.bash
[1.309s] -- Symlinking: /home/mechax/ws_y/rm_ws/install/mindvision_camera/share/mindvision_camera/local_setup.sh
[1.315s] -- Symlinking: /home/mechax/ws_y/rm_ws/install/mindvision_camera/share/mindvision_camera/local_setup.zsh
[1.323s] -- Symlinking: /home/mechax/ws_y/rm_ws/install/mindvision_camera/share/mindvision_camera/local_setup.dsv
[1.332s] -- Symlinking: /home/mechax/ws_y/rm_ws/install/mindvision_camera/share/mindvision_camera/package.dsv
[1.343s] -- Symlinking: /home/mechax/ws_y/rm_ws/install/mindvision_camera/share/ament_index/resource_index/packages/mindvision_camera
[1.353s] -- Symlinking: /home/mechax/ws_y/rm_ws/install/mindvision_camera/share/ament_index/resource_index/rclcpp_components/mindvision_camera
[1.362s] -- Symlinking: /home/mechax/ws_y/rm_ws/install/mindvision_camera/share/mindvision_camera/cmake/ament_cmake_export_dependencies-extras.cmake
[1.371s] -- Symlinking: /home/mechax/ws_y/rm_ws/install/mindvision_camera/share/mindvision_camera/cmake/ament_cmake_export_libraries-extras.cmake
[1.381s] -- Symlinking: /home/mechax/ws_y/rm_ws/install/mindvision_camera/share/mindvision_camera/cmake/mindvision_cameraConfig.cmake
[1.390s] -- Symlinking: /home/mechax/ws_y/rm_ws/install/mindvision_camera/share/mindvision_camera/cmake/mindvision_cameraConfig-version.cmake
[1.399s] -- Symlinking: /home/mechax/ws_y/rm_ws/install/mindvision_camera/share/mindvision_camera/package.xml
[1.405s] Invoked command in '/home/mechax/ws_y/rm_ws/build/mindvision_camera' returned '0': CMAKE_PREFIX_PATH=/opt/ros/humble /usr/bin/cmake --install /home/mechax/ws_y/rm_ws/build/mindvision_camera
