[0.227s] Invoking command in '/home/mechax/ws_y/rm_ws/build/rm_serial_driver': AMENT_PREFIX_PATH=/home/mechax/ws_y/rm_ws/install/auto_aim_interfaces:${AMENT_PREFIX_PATH} CMAKE_PREFIX_PATH=/home/mechax/ws_y/rm_ws/install/auto_aim_interfaces:/opt/ros/humble LD_LIBRARY_PATH=/home/mechax/ws_y/rm_ws/install/auto_aim_interfaces/lib:${LD_LIBRARY_PATH} PYTHONPATH=/home/mechax/ws_y/rm_ws/install/auto_aim_interfaces/local/lib/python3.10/dist-packages:${PYTHONPATH} /usr/bin/cmake /home/mechax/ws_y/rm_ws/src/rm_serial_driver -DCMAKE_INSTALL_PREFIX=/home/mechax/ws_y/rm_ws/install/rm_serial_driver
[0.463s] -- The C compiler identification is GNU 11.4.0
[0.740s] -- The CXX compiler identification is GNU 11.4.0
[0.757s] -- Detecting C compiler ABI info
[1.041s] -- Detecting C compiler ABI info - done
[1.050s] -- Check for working C compiler: /usr/bin/cc - skipped
[1.050s] -- Detecting C compile features
[1.051s] -- Detecting C compile features - done
[1.067s] -- Detecting CXX compiler ABI info
[1.512s] -- Detecting CXX compiler ABI info - done
[1.527s] -- Check for working CXX compiler: /usr/bin/c++ - skipped
[1.527s] -- Detecting CXX compile features
[1.527s] -- Detecting CXX compile features - done
[1.543s] -- Found ament_cmake_auto: 1.3.5 (/opt/ros/humble/share/ament_cmake_auto/cmake)
[2.202s] -- Found Python3: /usr/bin/python3.10 (found version "3.10.12") found components: Interpreter 
[2.819s] -- Found rosidl_generator_c: 3.1.5 (/opt/ros/humble/share/rosidl_generator_c/cmake)
[2.849s] -- Found rosidl_adapter: 3.1.5 (/opt/ros/humble/share/rosidl_adapter/cmake)
[2.892s] -- Found rosidl_generator_cpp: 3.1.5 (/opt/ros/humble/share/rosidl_generator_cpp/cmake)
[2.933s] -- Using all available rosidl_typesupport_c: rosidl_typesupport_fastrtps_c;rosidl_typesupport_introspection_c
[3.028s] -- Using all available rosidl_typesupport_cpp: rosidl_typesupport_fastrtps_cpp;rosidl_typesupport_introspection_cpp
[3.322s] -- Found rmw_implementation_cmake: 6.1.1 (/opt/ros/humble/share/rmw_implementation_cmake/cmake)
[3.326s] -- Found rmw_fastrtps_cpp: 6.2.4 (/opt/ros/humble/share/rmw_fastrtps_cpp/cmake)
[3.855s] -- Found OpenSSL: /usr/lib/x86_64-linux-gnu/libcrypto.so (found version "3.0.2")  
[3.954s] -- Found FastRTPS: /opt/ros/humble/include  
[4.112s] -- Using RMW implementation 'rmw_fastrtps_cpp' as default
[4.140s] -- Looking for pthread.h
[4.595s] -- Looking for pthread.h - found
[4.595s] -- Performing Test CMAKE_HAVE_LIBC_PTHREAD
[4.821s] -- Performing Test CMAKE_HAVE_LIBC_PTHREAD - Success
[4.823s] -- Found Threads: TRUE  
[6.740s] -- Found eigen3_cmake_module: 0.1.1 (/opt/ros/humble/share/eigen3_cmake_module/cmake)
[6.743s] -- Found Eigen3: TRUE (found version "3.4.0") 
[6.748s] -- Ensuring Eigen3 include directory is part of orocos-kdl CMake target
[7.979s] -- Found ament_lint_auto: 0.12.8 (/opt/ros/humble/share/ament_lint_auto/cmake)
[8.057s] -- Added test 'cppcheck' to perform static code analysis on C / C++ code
[8.084s] -- Configured cppcheck include dirs: /home/mechax/ws_y/rm_ws/src/rm_serial_driver/include
[8.085s] -- Configured cppcheck exclude dirs and/or files: 
[8.091s] -- Added test 'cpplint' to check C / C++ code against the Google style
[8.091s] -- Configured cpplint exclude dirs and/or files: 
[8.104s] -- Added test 'flake8' to check Python code syntax and style conventions
[8.116s] -- Added test 'lint_cmake' to check CMake code style
[8.118s] -- Added test 'pep257' to check Python code against some of the docstring style conventions in PEP 257
[8.121s] -- Added test 'xmllint' to check XML markup files
[8.142s] -- Added test 'clang_format' to check C / C++ code style
[8.157s] -- Configuring done
[8.247s] -- Generating done
[8.271s] -- Build files have been written to: /home/mechax/ws_y/rm_ws/build/rm_serial_driver
[8.314s] Invoked command in '/home/mechax/ws_y/rm_ws/build/rm_serial_driver' returned '0': AMENT_PREFIX_PATH=/home/mechax/ws_y/rm_ws/install/auto_aim_interfaces:${AMENT_PREFIX_PATH} CMAKE_PREFIX_PATH=/home/mechax/ws_y/rm_ws/install/auto_aim_interfaces:/opt/ros/humble LD_LIBRARY_PATH=/home/mechax/ws_y/rm_ws/install/auto_aim_interfaces/lib:${LD_LIBRARY_PATH} PYTHONPATH=/home/mechax/ws_y/rm_ws/install/auto_aim_interfaces/local/lib/python3.10/dist-packages:${PYTHONPATH} /usr/bin/cmake /home/mechax/ws_y/rm_ws/src/rm_serial_driver -DCMAKE_INSTALL_PREFIX=/home/mechax/ws_y/rm_ws/install/rm_serial_driver
[8.315s] Invoking command in '/home/mechax/ws_y/rm_ws/build/rm_serial_driver': AMENT_PREFIX_PATH=/home/mechax/ws_y/rm_ws/install/auto_aim_interfaces:${AMENT_PREFIX_PATH} CMAKE_PREFIX_PATH=/home/mechax/ws_y/rm_ws/install/auto_aim_interfaces:/opt/ros/humble LD_LIBRARY_PATH=/home/mechax/ws_y/rm_ws/install/auto_aim_interfaces/lib:${LD_LIBRARY_PATH} PYTHONPATH=/home/mechax/ws_y/rm_ws/install/auto_aim_interfaces/local/lib/python3.10/dist-packages:${PYTHONPATH} /usr/bin/cmake --build /home/mechax/ws_y/rm_ws/build/rm_serial_driver -- -j16 -l16
[8.573s] [ 20%] [32mBuilding CXX object CMakeFiles/rm_serial_driver.dir/src/crc.cpp.o[0m
[8.591s] [ 40%] [32mBuilding CXX object CMakeFiles/rm_serial_driver_node.dir/rclcpp_components/node_main_rm_serial_driver_node.cpp.o[0m
[8.604s] [ 60%] [32mBuilding CXX object CMakeFiles/rm_serial_driver.dir/src/rm_serial_driver.cpp.o[0m
[18.774s] [ 80%] [32m[1mLinking CXX executable rm_serial_driver_node[0m
[19.230s] [ 80%] Built target rm_serial_driver_node
[29.187s] [100%] [32m[1mLinking CXX shared library librm_serial_driver.so[0m
[30.272s] [100%] Built target rm_serial_driver
[30.284s] Invoked command in '/home/mechax/ws_y/rm_ws/build/rm_serial_driver' returned '0': AMENT_PREFIX_PATH=/home/mechax/ws_y/rm_ws/install/auto_aim_interfaces:${AMENT_PREFIX_PATH} CMAKE_PREFIX_PATH=/home/mechax/ws_y/rm_ws/install/auto_aim_interfaces:/opt/ros/humble LD_LIBRARY_PATH=/home/mechax/ws_y/rm_ws/install/auto_aim_interfaces/lib:${LD_LIBRARY_PATH} PYTHONPATH=/home/mechax/ws_y/rm_ws/install/auto_aim_interfaces/local/lib/python3.10/dist-packages:${PYTHONPATH} /usr/bin/cmake --build /home/mechax/ws_y/rm_ws/build/rm_serial_driver -- -j16 -l16
[30.327s] Invoking command in '/home/mechax/ws_y/rm_ws/build/rm_serial_driver': AMENT_PREFIX_PATH=/home/mechax/ws_y/rm_ws/install/auto_aim_interfaces:${AMENT_PREFIX_PATH} CMAKE_PREFIX_PATH=/home/mechax/ws_y/rm_ws/install/auto_aim_interfaces:/opt/ros/humble LD_LIBRARY_PATH=/home/mechax/ws_y/rm_ws/install/auto_aim_interfaces/lib:${LD_LIBRARY_PATH} PYTHONPATH=/home/mechax/ws_y/rm_ws/install/auto_aim_interfaces/local/lib/python3.10/dist-packages:${PYTHONPATH} /usr/bin/cmake --install /home/mechax/ws_y/rm_ws/build/rm_serial_driver
[30.339s] -- Install configuration: ""
[30.340s] -- Installing: /home/mechax/ws_y/rm_ws/install/rm_serial_driver/lib/rm_serial_driver/rm_serial_driver_node
[30.341s] -- Set runtime path of "/home/mechax/ws_y/rm_ws/install/rm_serial_driver/lib/rm_serial_driver/rm_serial_driver_node" to ""
[30.341s] -- Installing: /home/mechax/ws_y/rm_ws/install/rm_serial_driver/include
[30.341s] -- Installing: /home/mechax/ws_y/rm_ws/install/rm_serial_driver/include/rm_serial_driver
[30.341s] -- Installing: /home/mechax/ws_y/rm_ws/install/rm_serial_driver/include/rm_serial_driver/crc.hpp
[30.341s] -- Installing: /home/mechax/ws_y/rm_ws/install/rm_serial_driver/include/rm_serial_driver/rm_serial_driver.hpp
[30.342s] -- Installing: /home/mechax/ws_y/rm_ws/install/rm_serial_driver/include/rm_serial_driver/packet.hpp
[30.342s] -- Installing: /home/mechax/ws_y/rm_ws/install/rm_serial_driver/share/rm_serial_driver/environment/library_path.sh
[30.342s] -- Installing: /home/mechax/ws_y/rm_ws/install/rm_serial_driver/share/rm_serial_driver/environment/library_path.dsv
[30.342s] -- Installing: /home/mechax/ws_y/rm_ws/install/rm_serial_driver/lib/librm_serial_driver.so
[30.353s] -- Set runtime path of "/home/mechax/ws_y/rm_ws/install/rm_serial_driver/lib/librm_serial_driver.so" to ""
[30.353s] -- Installing: /home/mechax/ws_y/rm_ws/install/rm_serial_driver/share/rm_serial_driver/config
[30.353s] -- Installing: /home/mechax/ws_y/rm_ws/install/rm_serial_driver/share/rm_serial_driver/config/serial_driver.yaml
[30.353s] -- Installing: /home/mechax/ws_y/rm_ws/install/rm_serial_driver/share/rm_serial_driver/launch
[30.353s] -- Installing: /home/mechax/ws_y/rm_ws/install/rm_serial_driver/share/rm_serial_driver/launch/serial_driver.launch.py
[30.353s] -- Installing: /home/mechax/ws_y/rm_ws/install/rm_serial_driver/share/ament_index/resource_index/package_run_dependencies/rm_serial_driver
[30.354s] -- Installing: /home/mechax/ws_y/rm_ws/install/rm_serial_driver/share/ament_index/resource_index/parent_prefix_path/rm_serial_driver
[30.354s] -- Installing: /home/mechax/ws_y/rm_ws/install/rm_serial_driver/share/rm_serial_driver/environment/ament_prefix_path.sh
[30.354s] -- Installing: /home/mechax/ws_y/rm_ws/install/rm_serial_driver/share/rm_serial_driver/environment/ament_prefix_path.dsv
[30.354s] -- Installing: /home/mechax/ws_y/rm_ws/install/rm_serial_driver/share/rm_serial_driver/environment/path.sh
[30.354s] -- Installing: /home/mechax/ws_y/rm_ws/install/rm_serial_driver/share/rm_serial_driver/environment/path.dsv
[30.354s] -- Installing: /home/mechax/ws_y/rm_ws/install/rm_serial_driver/share/rm_serial_driver/local_setup.bash
[30.354s] -- Installing: /home/mechax/ws_y/rm_ws/install/rm_serial_driver/share/rm_serial_driver/local_setup.sh
[30.355s] -- Installing: /home/mechax/ws_y/rm_ws/install/rm_serial_driver/share/rm_serial_driver/local_setup.zsh
[30.355s] -- Installing: /home/mechax/ws_y/rm_ws/install/rm_serial_driver/share/rm_serial_driver/local_setup.dsv
[30.355s] -- Installing: /home/mechax/ws_y/rm_ws/install/rm_serial_driver/share/rm_serial_driver/package.dsv
[30.355s] -- Installing: /home/mechax/ws_y/rm_ws/install/rm_serial_driver/share/ament_index/resource_index/packages/rm_serial_driver
[30.355s] -- Installing: /home/mechax/ws_y/rm_ws/install/rm_serial_driver/share/ament_index/resource_index/rclcpp_components/rm_serial_driver
[30.355s] -- Installing: /home/mechax/ws_y/rm_ws/install/rm_serial_driver/share/rm_serial_driver/cmake/ament_cmake_export_dependencies-extras.cmake
[30.356s] -- Installing: /home/mechax/ws_y/rm_ws/install/rm_serial_driver/share/rm_serial_driver/cmake/ament_cmake_export_include_directories-extras.cmake
[30.356s] -- Installing: /home/mechax/ws_y/rm_ws/install/rm_serial_driver/share/rm_serial_driver/cmake/ament_cmake_export_libraries-extras.cmake
[30.356s] -- Installing: /home/mechax/ws_y/rm_ws/install/rm_serial_driver/share/rm_serial_driver/cmake/rm_serial_driverConfig.cmake
[30.356s] -- Installing: /home/mechax/ws_y/rm_ws/install/rm_serial_driver/share/rm_serial_driver/cmake/rm_serial_driverConfig-version.cmake
[30.356s] -- Installing: /home/mechax/ws_y/rm_ws/install/rm_serial_driver/share/rm_serial_driver/package.xml
[30.359s] Invoked command in '/home/mechax/ws_y/rm_ws/build/rm_serial_driver' returned '0': AMENT_PREFIX_PATH=/home/mechax/ws_y/rm_ws/install/auto_aim_interfaces:${AMENT_PREFIX_PATH} CMAKE_PREFIX_PATH=/home/mechax/ws_y/rm_ws/install/auto_aim_interfaces:/opt/ros/humble LD_LIBRARY_PATH=/home/mechax/ws_y/rm_ws/install/auto_aim_interfaces/lib:${LD_LIBRARY_PATH} PYTHONPATH=/home/mechax/ws_y/rm_ws/install/auto_aim_interfaces/local/lib/python3.10/dist-packages:${PYTHONPATH} /usr/bin/cmake --install /home/mechax/ws_y/rm_ws/build/rm_serial_driver
