[0.737s] Invoking command in '/home/mechax/ws_y/rm_ws/src/mechax_rm_cv/src/my_package': PYTHONPATH=/home/mechax/ws_y/rm_ws/build/my_package/prefix_override:/home/mechax/ws_y/rm_ws/install/my_package/lib/python3.10/site-packages:${PYTHONPATH} /usr/bin/python3 setup.py egg_info --egg-base ../../../../build/my_package build --build-base /home/mechax/ws_y/rm_ws/build/my_package/build install --record /home/mechax/ws_y/rm_ws/build/my_package/install.log --single-version-externally-managed
[0.862s] running egg_info
[0.863s] writing ../../../../build/my_package/my_package.egg-info/PKG-INFO
[0.863s] writing dependency_links to ../../../../build/my_package/my_package.egg-info/dependency_links.txt
[0.863s] writing entry points to ../../../../build/my_package/my_package.egg-info/entry_points.txt
[0.863s] writing requirements to ../../../../build/my_package/my_package.egg-info/requires.txt
[0.863s] writing top-level names to ../../../../build/my_package/my_package.egg-info/top_level.txt
[0.864s] reading manifest file '../../../../build/my_package/my_package.egg-info/SOURCES.txt'
[0.864s] adding license file 'LICENSE'
[0.864s] writing manifest file '../../../../build/my_package/my_package.egg-info/SOURCES.txt'
[0.865s] running build
[0.865s] running build_py
[0.865s] running install
[0.865s] /usr/lib/python3/dist-packages/setuptools/command/install.py:34: SetuptoolsDeprecationWarning: setup.py install is deprecated. Use build and pip and other standards-based tools.
[0.865s]   warnings.warn(
[0.865s] running install_lib
[0.866s] running install_data
[0.866s] running install_egg_info
[0.867s] removing '/home/mechax/ws_y/rm_ws/install/my_package/lib/python3.10/site-packages/my_package-0.0.0-py3.10.egg-info' (and everything under it)
[0.867s] Copying ../../../../build/my_package/my_package.egg-info to /home/mechax/ws_y/rm_ws/install/my_package/lib/python3.10/site-packages/my_package-0.0.0-py3.10.egg-info
[0.868s] running install_scripts
[0.882s] Installing my_robot_driver script to /home/mechax/ws_y/rm_ws/install/my_package/lib/my_package
[0.882s] writing list of installed files to '/home/mechax/ws_y/rm_ws/build/my_package/install.log'
[0.946s] Invoked command in '/home/mechax/ws_y/rm_ws/src/mechax_rm_cv/src/my_package' returned '0': PYTHONPATH=/home/mechax/ws_y/rm_ws/build/my_package/prefix_override:/home/mechax/ws_y/rm_ws/install/my_package/lib/python3.10/site-packages:${PYTHONPATH} /usr/bin/python3 setup.py egg_info --egg-base ../../../../build/my_package build --build-base /home/mechax/ws_y/rm_ws/build/my_package/build install --record /home/mechax/ws_y/rm_ws/build/my_package/install.log --single-version-externally-managed
