[0.101s] Invoking command in '/home/mechax/ws_y/rm_ws/build/auto_aim_interfaces': CMAKE_PREFIX_PATH=/opt/ros/humble /usr/bin/cmake /home/mechax/ws_y/rm_ws/src/mechax_rm_cv/src/rm_auto_aim/auto_aim_interfaces -DAMENT_CMAKE_SYMLINK_INSTALL=1 -DCMAKE_INSTALL_PREFIX=/home/mechax/ws_y/rm_ws/install/auto_aim_interfaces
[0.260s] -- The C compiler identification is GNU 11.4.0
[0.260s] -- The CXX compiler identification is GNU 11.4.0
[0.260s] -- Detecting C compiler ABI info
[0.260s] -- Detecting C compiler ABI info - done
[0.261s] -- Check for working C compiler: /usr/bin/cc - skipped
[0.261s] -- Detecting C compile features
[0.261s] -- Detecting C compile features - done
[0.261s] -- Detecting CXX compiler ABI info
[0.262s] -- Detecting CXX compiler ABI info - done
[0.265s] -- Check for working CXX compiler: /usr/bin/c++ - skipped
[0.265s] -- Detecting CXX compile features
[0.266s] -- Detecting CXX compile features - done
[0.267s] -- Found ament_cmake: 1.3.5 (/opt/ros/humble/share/ament_cmake/cmake)
[0.370s] -- Found Python3: /usr/bin/python3.10 (found version "3.10.12") found components: Interpreter 
[0.408s] -- Override CMake install command with custom implementation using symlinks instead of copying resources
[0.423s] -- Found rosidl_default_generators: 1.2.0 (/opt/ros/humble/share/rosidl_default_generators/cmake)
[0.425s] -- Using all available rosidl_typesupport_c: rosidl_typesupport_fastrtps_c;rosidl_typesupport_introspection_c
[0.428s] -- Found rosidl_adapter: 3.1.5 (/opt/ros/humble/share/rosidl_adapter/cmake)
[0.452s] -- Using all available rosidl_typesupport_cpp: rosidl_typesupport_fastrtps_cpp;rosidl_typesupport_introspection_cpp
[0.475s] -- Found geometry_msgs: 4.2.3 (/opt/ros/humble/share/geometry_msgs/cmake)
[0.744s] -- Found ament_cmake_ros: 0.10.0 (/opt/ros/humble/share/ament_cmake_ros/cmake)
[0.886s] -- Using all available rosidl_typesupport_c: rosidl_typesupport_fastrtps_c;rosidl_typesupport_introspection_c
[1.065s] -- Using all available rosidl_typesupport_cpp: rosidl_typesupport_fastrtps_cpp;rosidl_typesupport_introspection_cpp
[1.079s] -- Found PythonInterp: /usr/bin/python3 (found suitable version "3.10.12", minimum required is "3.6") 
[1.080s] -- Found python_cmake_module: 0.10.0 (/opt/ros/humble/share/python_cmake_module/cmake)
[1.096s] -- Found PythonLibs: /usr/lib/x86_64-linux-gnu/libpython3.10.so (found suitable version "3.10.12", minimum required is "3.5") 
[1.096s] -- Using PYTHON_EXECUTABLE: /usr/bin/python3
[1.096s] -- Using PYTHON_INCLUDE_DIRS: /usr/include/python3.10
[1.096s] -- Using PYTHON_LIBRARIES: /usr/lib/x86_64-linux-gnu/libpython3.10.so
[1.109s] -- Found PythonExtra: .so  
[1.147s] -- Configuring done
[1.172s] -- Generating done
[1.173s] -- Build files have been written to: /home/mechax/ws_y/rm_ws/build/auto_aim_interfaces
[1.180s] Invoked command in '/home/mechax/ws_y/rm_ws/build/auto_aim_interfaces' returned '0': CMAKE_PREFIX_PATH=/opt/ros/humble /usr/bin/cmake /home/mechax/ws_y/rm_ws/src/mechax_rm_cv/src/rm_auto_aim/auto_aim_interfaces -DAMENT_CMAKE_SYMLINK_INSTALL=1 -DCMAKE_INSTALL_PREFIX=/home/mechax/ws_y/rm_ws/install/auto_aim_interfaces
[1.181s] Invoking command in '/home/mechax/ws_y/rm_ws/build/auto_aim_interfaces': CMAKE_PREFIX_PATH=/opt/ros/humble /usr/bin/cmake --build /home/mechax/ws_y/rm_ws/build/auto_aim_interfaces -- -j16 -l16
[1.207s] [  1%] [34m[1mGenerating C code for ROS interfaces[0m
[1.217s] [  2%] [34m[1mGenerating C++ code for ROS interfaces[0m
[1.218s] [  2%] Built target ament_cmake_python_symlink_auto_aim_interfaces
[1.352s] running egg_info
[1.352s] creating auto_aim_interfaces.egg-info
[1.352s] writing auto_aim_interfaces.egg-info/PKG-INFO
[1.352s] writing dependency_links to auto_aim_interfaces.egg-info/dependency_links.txt
[1.352s] writing top-level names to auto_aim_interfaces.egg-info/top_level.txt
[1.352s] writing manifest file 'auto_aim_interfaces.egg-info/SOURCES.txt'
[1.354s] reading manifest file 'auto_aim_interfaces.egg-info/SOURCES.txt'
[1.354s] writing manifest file 'auto_aim_interfaces.egg-info/SOURCES.txt'
[1.376s] [  2%] Built target ament_cmake_python_build_auto_aim_interfaces_egg
[1.570s] [  4%] [32mBuilding C object CMakeFiles/auto_aim_interfaces__rosidl_generator_c.dir/rosidl_generator_c/auto_aim_interfaces/msg/detail/armor__functions.c.o[0m
[1.570s] [  4%] [32mBuilding C object CMakeFiles/auto_aim_interfaces__rosidl_generator_c.dir/rosidl_generator_c/auto_aim_interfaces/msg/detail/debug_armor__functions.c.o[0m
[1.570s] [  5%] [32mBuilding C object CMakeFiles/auto_aim_interfaces__rosidl_generator_c.dir/rosidl_generator_c/auto_aim_interfaces/msg/detail/target__functions.c.o[0m
[1.570s] [  6%] [32mBuilding C object CMakeFiles/auto_aim_interfaces__rosidl_generator_c.dir/rosidl_generator_c/auto_aim_interfaces/msg/detail/debug_light__functions.c.o[0m
[1.571s] [  8%] [32mBuilding C object CMakeFiles/auto_aim_interfaces__rosidl_generator_c.dir/rosidl_generator_c/auto_aim_interfaces/msg/detail/armors__functions.c.o[0m
[1.573s] [  9%] [32mBuilding C object CMakeFiles/auto_aim_interfaces__rosidl_generator_c.dir/rosidl_generator_c/auto_aim_interfaces/msg/detail/tracker_info__functions.c.o[0m
[1.573s] [ 10%] [32mBuilding C object CMakeFiles/auto_aim_interfaces__rosidl_generator_c.dir/rosidl_generator_c/auto_aim_interfaces/msg/detail/debug_lights__functions.c.o[0m
[1.576s] [ 11%] [32mBuilding C object CMakeFiles/auto_aim_interfaces__rosidl_generator_c.dir/rosidl_generator_c/auto_aim_interfaces/msg/detail/debug_armors__functions.c.o[0m
[1.584s] [ 11%] Built target auto_aim_interfaces__cpp
[1.597s] [ 12%] [34m[1mGenerating C++ type support dispatch for ROS interfaces[0m
[1.597s] [ 14%] [34m[1mGenerating C++ introspection for ROS interfaces[0m
[1.598s] [ 14%] [34m[1mGenerating C++ type support for eProsima Fast-RTPS[0m
[1.628s] [ 16%] [32m[1mLinking C shared library libauto_aim_interfaces__rosidl_generator_c.so[0m
[1.658s] [ 16%] Built target auto_aim_interfaces__rosidl_generator_c
[1.670s] [ 19%] [34m[1mGenerating C type support dispatch for ROS interfaces[0m
[1.670s] [ 19%] [34m[1mGenerating C introspection for ROS interfaces[0m
[1.670s] [ 19%] [34m[1mGenerating C type support for eProsima Fast-RTPS[0m
[1.849s] [ 20%] [32mBuilding CXX object CMakeFiles/auto_aim_interfaces__rosidl_typesupport_cpp.dir/rosidl_typesupport_cpp/auto_aim_interfaces/msg/armor__type_support.cpp.o[0m
[1.849s] [ 22%] [32mBuilding CXX object CMakeFiles/auto_aim_interfaces__rosidl_typesupport_cpp.dir/rosidl_typesupport_cpp/auto_aim_interfaces/msg/armors__type_support.cpp.o[0m
[1.849s] [ 22%] [32mBuilding CXX object CMakeFiles/auto_aim_interfaces__rosidl_typesupport_cpp.dir/rosidl_typesupport_cpp/auto_aim_interfaces/msg/target__type_support.cpp.o[0m
[1.849s] [ 24%] [32mBuilding CXX object CMakeFiles/auto_aim_interfaces__rosidl_typesupport_cpp.dir/rosidl_typesupport_cpp/auto_aim_interfaces/msg/debug_light__type_support.cpp.o[0m
[1.849s] [ 25%] [32mBuilding CXX object CMakeFiles/auto_aim_interfaces__rosidl_typesupport_cpp.dir/rosidl_typesupport_cpp/auto_aim_interfaces/msg/debug_armors__type_support.cpp.o[0m
[1.855s] [ 26%] [32mBuilding CXX object CMakeFiles/auto_aim_interfaces__rosidl_typesupport_cpp.dir/rosidl_typesupport_cpp/auto_aim_interfaces/msg/debug_lights__type_support.cpp.o[0m
[1.860s] [ 27%] [32mBuilding CXX object CMakeFiles/auto_aim_interfaces__rosidl_typesupport_cpp.dir/rosidl_typesupport_cpp/auto_aim_interfaces/msg/tracker_info__type_support.cpp.o[0m
[1.866s] [ 28%] [32mBuilding CXX object CMakeFiles/auto_aim_interfaces__rosidl_typesupport_cpp.dir/rosidl_typesupport_cpp/auto_aim_interfaces/msg/debug_armor__type_support.cpp.o[0m
[1.900s] [ 29%] [32mBuilding CXX object CMakeFiles/auto_aim_interfaces__rosidl_typesupport_introspection_cpp.dir/rosidl_typesupport_introspection_cpp/auto_aim_interfaces/msg/detail/armor__type_support.cpp.o[0m
[1.916s] [ 31%] [32mBuilding CXX object CMakeFiles/auto_aim_interfaces__rosidl_typesupport_introspection_cpp.dir/rosidl_typesupport_introspection_cpp/auto_aim_interfaces/msg/detail/armors__type_support.cpp.o[0m
[1.925s] [ 32%] [32mBuilding CXX object CMakeFiles/auto_aim_interfaces__rosidl_typesupport_introspection_cpp.dir/rosidl_typesupport_introspection_cpp/auto_aim_interfaces/msg/detail/target__type_support.cpp.o[0m
[1.997s] [ 33%] [32mBuilding CXX object CMakeFiles/auto_aim_interfaces__rosidl_typesupport_introspection_cpp.dir/rosidl_typesupport_introspection_cpp/auto_aim_interfaces/msg/detail/debug_light__type_support.cpp.o[0m
[2.112s] [ 34%] [32mBuilding CXX object CMakeFiles/auto_aim_interfaces__rosidl_typesupport_introspection_cpp.dir/rosidl_typesupport_introspection_cpp/auto_aim_interfaces/msg/detail/debug_lights__type_support.cpp.o[0m
[2.128s] [ 35%] [32mBuilding CXX object CMakeFiles/auto_aim_interfaces__rosidl_typesupport_introspection_cpp.dir/rosidl_typesupport_introspection_cpp/auto_aim_interfaces/msg/detail/debug_armor__type_support.cpp.o[0m
[2.191s] [ 36%] [32mBuilding CXX object CMakeFiles/auto_aim_interfaces__rosidl_typesupport_introspection_cpp.dir/rosidl_typesupport_introspection_cpp/auto_aim_interfaces/msg/detail/tracker_info__type_support.cpp.o[0m
[2.193s] [ 37%] [32mBuilding CXX object CMakeFiles/auto_aim_interfaces__rosidl_typesupport_introspection_cpp.dir/rosidl_typesupport_introspection_cpp/auto_aim_interfaces/msg/detail/debug_armors__type_support.cpp.o[0m
[2.221s] [ 39%] [32mBuilding CXX object CMakeFiles/auto_aim_interfaces__rosidl_typesupport_c.dir/rosidl_typesupport_c/auto_aim_interfaces/msg/armors__type_support.cpp.o[0m
[2.223s] [ 40%] [32mBuilding CXX object CMakeFiles/auto_aim_interfaces__rosidl_typesupport_c.dir/rosidl_typesupport_c/auto_aim_interfaces/msg/armor__type_support.cpp.o[0m
[2.267s] [ 41%] [32mBuilding CXX object CMakeFiles/auto_aim_interfaces__rosidl_typesupport_c.dir/rosidl_typesupport_c/auto_aim_interfaces/msg/target__type_support.cpp.o[0m
[2.293s] [ 42%] [32mBuilding CXX object CMakeFiles/auto_aim_interfaces__rosidl_typesupport_c.dir/rosidl_typesupport_c/auto_aim_interfaces/msg/debug_lights__type_support.cpp.o[0m
[2.294s] [ 43%] [32mBuilding CXX object CMakeFiles/auto_aim_interfaces__rosidl_typesupport_c.dir/rosidl_typesupport_c/auto_aim_interfaces/msg/debug_light__type_support.cpp.o[0m
[2.318s] [ 44%] [32mBuilding CXX object CMakeFiles/auto_aim_interfaces__rosidl_typesupport_c.dir/rosidl_typesupport_c/auto_aim_interfaces/msg/debug_armor__type_support.cpp.o[0m
[2.328s] [ 45%] [32mBuilding CXX object CMakeFiles/auto_aim_interfaces__rosidl_typesupport_c.dir/rosidl_typesupport_c/auto_aim_interfaces/msg/debug_armors__type_support.cpp.o[0m
[2.334s] [ 47%] [32m[1mLinking CXX shared library libauto_aim_interfaces__rosidl_typesupport_cpp.so[0m
[2.340s] [ 48%] [32mBuilding CXX object CMakeFiles/auto_aim_interfaces__rosidl_typesupport_c.dir/rosidl_typesupport_c/auto_aim_interfaces/msg/tracker_info__type_support.cpp.o[0m
[2.387s] [ 49%] [32m[1mLinking CXX shared library libauto_aim_interfaces__rosidl_typesupport_c.so[0m
[2.400s] [ 52%] [32mBuilding CXX object CMakeFiles/auto_aim_interfaces__rosidl_typesupport_fastrtps_c.dir/rosidl_typesupport_fastrtps_c/auto_aim_interfaces/msg/detail/target__type_support_c.cpp.o[0m
[2.400s] [ 52%] [32mBuilding CXX object CMakeFiles/auto_aim_interfaces__rosidl_typesupport_fastrtps_c.dir/rosidl_typesupport_fastrtps_c/auto_aim_interfaces/msg/detail/armor__type_support_c.cpp.o[0m
[2.400s] [ 52%] [32mBuilding CXX object CMakeFiles/auto_aim_interfaces__rosidl_typesupport_fastrtps_c.dir/rosidl_typesupport_fastrtps_c/auto_aim_interfaces/msg/detail/armors__type_support_c.cpp.o[0m
[2.409s] [ 54%] [32mBuilding CXX object CMakeFiles/auto_aim_interfaces__rosidl_typesupport_fastrtps_c.dir/rosidl_typesupport_fastrtps_c/auto_aim_interfaces/msg/detail/debug_lights__type_support_c.cpp.o[0m
[2.410s] [ 54%] Built target auto_aim_interfaces__rosidl_typesupport_cpp
[2.418s] [ 55%] [32mBuilding CXX object CMakeFiles/auto_aim_interfaces__rosidl_typesupport_fastrtps_c.dir/rosidl_typesupport_fastrtps_c/auto_aim_interfaces/msg/detail/debug_light__type_support_c.cpp.o[0m
[2.422s] [ 56%] [32mBuilding C object CMakeFiles/auto_aim_interfaces__rosidl_typesupport_introspection_c.dir/rosidl_typesupport_introspection_c/auto_aim_interfaces/msg/detail/armor__type_support.c.o[0m
[2.431s] [ 57%] [32mBuilding CXX object CMakeFiles/auto_aim_interfaces__rosidl_typesupport_fastrtps_c.dir/rosidl_typesupport_fastrtps_c/auto_aim_interfaces/msg/detail/debug_armor__type_support_c.cpp.o[0m
[2.460s] [ 59%] [32mBuilding C object CMakeFiles/auto_aim_interfaces__rosidl_typesupport_introspection_c.dir/rosidl_typesupport_introspection_c/auto_aim_interfaces/msg/detail/armors__type_support.c.o[0m
[2.460s] [ 59%] [32mBuilding C object CMakeFiles/auto_aim_interfaces__rosidl_typesupport_introspection_c.dir/rosidl_typesupport_introspection_c/auto_aim_interfaces/msg/detail/target__type_support.c.o[0m
[2.469s] [ 60%] [32mBuilding CXX object CMakeFiles/auto_aim_interfaces__rosidl_typesupport_fastrtps_cpp.dir/rosidl_typesupport_fastrtps_cpp/auto_aim_interfaces/msg/detail/dds_fastrtps/armor__type_support.cpp.o[0m
[2.487s] [ 60%] Built target auto_aim_interfaces__rosidl_typesupport_c
[2.498s] [ 62%] [32mBuilding C object CMakeFiles/auto_aim_interfaces__rosidl_typesupport_introspection_c.dir/rosidl_typesupport_introspection_c/auto_aim_interfaces/msg/detail/debug_light__type_support.c.o[0m
[2.515s] [ 63%] [32mBuilding C object CMakeFiles/auto_aim_interfaces__rosidl_typesupport_introspection_c.dir/rosidl_typesupport_introspection_c/auto_aim_interfaces/msg/detail/debug_lights__type_support.c.o[0m
[2.530s] [ 64%] [32mBuilding C object CMakeFiles/auto_aim_interfaces__rosidl_typesupport_introspection_c.dir/rosidl_typesupport_introspection_c/auto_aim_interfaces/msg/detail/debug_armor__type_support.c.o[0m
[2.576s] [ 65%] [32mBuilding CXX object CMakeFiles/auto_aim_interfaces__rosidl_typesupport_fastrtps_c.dir/rosidl_typesupport_fastrtps_c/auto_aim_interfaces/msg/detail/tracker_info__type_support_c.cpp.o[0m
[2.578s] [ 66%] [32mBuilding C object CMakeFiles/auto_aim_interfaces__rosidl_typesupport_introspection_c.dir/rosidl_typesupport_introspection_c/auto_aim_interfaces/msg/detail/debug_armors__type_support.c.o[0m
[2.596s] [ 67%] [32mBuilding C object CMakeFiles/auto_aim_interfaces__rosidl_typesupport_introspection_c.dir/rosidl_typesupport_introspection_c/auto_aim_interfaces/msg/detail/tracker_info__type_support.c.o[0m
[2.601s] [ 68%] [32mBuilding CXX object CMakeFiles/auto_aim_interfaces__rosidl_typesupport_fastrtps_c.dir/rosidl_typesupport_fastrtps_c/auto_aim_interfaces/msg/detail/debug_armors__type_support_c.cpp.o[0m
[2.617s] [ 70%] [32mBuilding CXX object CMakeFiles/auto_aim_interfaces__rosidl_typesupport_fastrtps_cpp.dir/rosidl_typesupport_fastrtps_cpp/auto_aim_interfaces/msg/detail/dds_fastrtps/armors__type_support.cpp.o[0m
[2.636s] [ 71%] [32mBuilding CXX object CMakeFiles/auto_aim_interfaces__rosidl_typesupport_fastrtps_cpp.dir/rosidl_typesupport_fastrtps_cpp/auto_aim_interfaces/msg/detail/dds_fastrtps/target__type_support.cpp.o[0m
[2.643s] [ 72%] [32mBuilding CXX object CMakeFiles/auto_aim_interfaces__rosidl_typesupport_fastrtps_cpp.dir/rosidl_typesupport_fastrtps_cpp/auto_aim_interfaces/msg/detail/dds_fastrtps/debug_light__type_support.cpp.o[0m
[2.681s] [ 73%] [32m[1mLinking C shared library libauto_aim_interfaces__rosidl_typesupport_introspection_c.so[0m
[2.694s] [ 74%] [32mBuilding CXX object CMakeFiles/auto_aim_interfaces__rosidl_typesupport_fastrtps_cpp.dir/rosidl_typesupport_fastrtps_cpp/auto_aim_interfaces/msg/detail/dds_fastrtps/debug_armor__type_support.cpp.o[0m
[2.699s] [ 75%] [32mBuilding CXX object CMakeFiles/auto_aim_interfaces__rosidl_typesupport_fastrtps_cpp.dir/rosidl_typesupport_fastrtps_cpp/auto_aim_interfaces/msg/detail/dds_fastrtps/debug_lights__type_support.cpp.o[0m
[2.756s] [ 77%] [32m[1mLinking CXX shared library libauto_aim_interfaces__rosidl_typesupport_introspection_cpp.so[0m
[2.770s] [ 77%] Built target auto_aim_interfaces__rosidl_typesupport_introspection_c
[2.799s] [ 78%] [32mBuilding CXX object CMakeFiles/auto_aim_interfaces__rosidl_typesupport_fastrtps_cpp.dir/rosidl_typesupport_fastrtps_cpp/auto_aim_interfaces/msg/detail/dds_fastrtps/debug_armors__type_support.cpp.o[0m
[2.805s] [ 79%] [32mBuilding CXX object CMakeFiles/auto_aim_interfaces__rosidl_typesupport_fastrtps_cpp.dir/rosidl_typesupport_fastrtps_cpp/auto_aim_interfaces/msg/detail/dds_fastrtps/tracker_info__type_support.cpp.o[0m
[2.960s] [ 79%] Built target auto_aim_interfaces__rosidl_typesupport_introspection_cpp
[3.002s] [ 80%] [32m[1mLinking CXX shared library libauto_aim_interfaces__rosidl_typesupport_fastrtps_c.so[0m
[3.124s] [ 80%] Built target auto_aim_interfaces__rosidl_typesupport_fastrtps_c
[3.252s] [ 81%] [32m[1mLinking CXX shared library libauto_aim_interfaces__rosidl_typesupport_fastrtps_cpp.so[0m
[3.303s] [ 81%] Built target auto_aim_interfaces__rosidl_typesupport_fastrtps_cpp
[3.317s] [ 81%] Built target auto_aim_interfaces
[3.330s] [ 82%] [34m[1mGenerating Python code for ROS interfaces[0m
[3.817s] [ 82%] Built target auto_aim_interfaces__py
[3.830s] [ 83%] [32mBuilding C object CMakeFiles/auto_aim_interfaces__rosidl_generator_py.dir/rosidl_generator_py/auto_aim_interfaces/msg/_armor_s.c.o[0m
[3.830s] [ 85%] [32mBuilding C object CMakeFiles/auto_aim_interfaces__rosidl_generator_py.dir/rosidl_generator_py/auto_aim_interfaces/msg/_debug_light_s.c.o[0m
[3.832s] [ 88%] [32mBuilding C object CMakeFiles/auto_aim_interfaces__rosidl_generator_py.dir/rosidl_generator_py/auto_aim_interfaces/msg/_debug_lights_s.c.o[0m
[3.832s] [ 88%] [32mBuilding C object CMakeFiles/auto_aim_interfaces__rosidl_generator_py.dir/rosidl_generator_py/auto_aim_interfaces/msg/_target_s.c.o[0m
[3.832s] [ 87%] [32mBuilding C object CMakeFiles/auto_aim_interfaces__rosidl_generator_py.dir/rosidl_generator_py/auto_aim_interfaces/msg/_armors_s.c.o[0m
[3.837s] [ 91%] [32mBuilding C object CMakeFiles/auto_aim_interfaces__rosidl_generator_py.dir/rosidl_generator_py/auto_aim_interfaces/msg/_debug_armor_s.c.o[0m
[3.837s] [ 91%] [32mBuilding C object CMakeFiles/auto_aim_interfaces__rosidl_generator_py.dir/rosidl_generator_py/auto_aim_interfaces/msg/_tracker_info_s.c.o[0m
[3.837s] [ 91%] [32mBuilding C object CMakeFiles/auto_aim_interfaces__rosidl_generator_py.dir/rosidl_generator_py/auto_aim_interfaces/msg/_debug_armors_s.c.o[0m
[3.945s] [ 93%] [32m[1mLinking C shared library rosidl_generator_py/auto_aim_interfaces/libauto_aim_interfaces__rosidl_generator_py.so[0m
[3.971s] [ 93%] Built target auto_aim_interfaces__rosidl_generator_py
[3.983s] [ 95%] [32mBuilding C object CMakeFiles/auto_aim_interfaces__rosidl_typesupport_fastrtps_c__pyext.dir/rosidl_generator_py/auto_aim_interfaces/_auto_aim_interfaces_s.ep.rosidl_typesupport_fastrtps_c.c.o[0m
[3.983s] [ 96%] [32mBuilding C object CMakeFiles/auto_aim_interfaces__rosidl_typesupport_introspection_c__pyext.dir/rosidl_generator_py/auto_aim_interfaces/_auto_aim_interfaces_s.ep.rosidl_typesupport_introspection_c.c.o[0m
[3.983s] [ 96%] [32mBuilding C object CMakeFiles/auto_aim_interfaces__rosidl_typesupport_c__pyext.dir/rosidl_generator_py/auto_aim_interfaces/_auto_aim_interfaces_s.ep.rosidl_typesupport_c.c.o[0m
[4.050s] [ 98%] [32m[1mLinking C shared library rosidl_generator_py/auto_aim_interfaces/auto_aim_interfaces_s__rosidl_typesupport_introspection_c.cpython-310-x86_64-linux-gnu.so[0m
[4.050s] [ 98%] [32m[1mLinking C shared library rosidl_generator_py/auto_aim_interfaces/auto_aim_interfaces_s__rosidl_typesupport_c.cpython-310-x86_64-linux-gnu.so[0m
[4.052s] [100%] [32m[1mLinking C shared library rosidl_generator_py/auto_aim_interfaces/auto_aim_interfaces_s__rosidl_typesupport_fastrtps_c.cpython-310-x86_64-linux-gnu.so[0m
[4.073s] [100%] Built target auto_aim_interfaces__rosidl_typesupport_c__pyext
[4.074s] [100%] Built target auto_aim_interfaces__rosidl_typesupport_introspection_c__pyext
[4.076s] [100%] Built target auto_aim_interfaces__rosidl_typesupport_fastrtps_c__pyext
[4.083s] Invoked command in '/home/mechax/ws_y/rm_ws/build/auto_aim_interfaces' returned '0': CMAKE_PREFIX_PATH=/opt/ros/humble /usr/bin/cmake --build /home/mechax/ws_y/rm_ws/build/auto_aim_interfaces -- -j16 -l16
[4.171s] Invoking command in '/home/mechax/ws_y/rm_ws/build/auto_aim_interfaces': CMAKE_PREFIX_PATH=/opt/ros/humble /usr/bin/cmake --install /home/mechax/ws_y/rm_ws/build/auto_aim_interfaces
[4.175s] -- Install configuration: ""
[4.175s] -- Execute custom install script
[4.175s] -- Symlinking: /home/mechax/ws_y/rm_ws/install/auto_aim_interfaces/share/ament_index/resource_index/rosidl_interfaces/auto_aim_interfaces
[4.181s] -- Symlinking: /home/mechax/ws_y/rm_ws/install/auto_aim_interfaces/include/auto_aim_interfaces/auto_aim_interfaces/msg/armor.h
[4.186s] -- Symlinking: /home/mechax/ws_y/rm_ws/install/auto_aim_interfaces/include/auto_aim_interfaces/auto_aim_interfaces/msg/armors.h
[4.192s] -- Symlinking: /home/mechax/ws_y/rm_ws/install/auto_aim_interfaces/include/auto_aim_interfaces/auto_aim_interfaces/msg/debug_armor.h
[4.197s] -- Symlinking: /home/mechax/ws_y/rm_ws/install/auto_aim_interfaces/include/auto_aim_interfaces/auto_aim_interfaces/msg/debug_armors.h
[4.202s] -- Symlinking: /home/mechax/ws_y/rm_ws/install/auto_aim_interfaces/include/auto_aim_interfaces/auto_aim_interfaces/msg/debug_light.h
[4.207s] -- Symlinking: /home/mechax/ws_y/rm_ws/install/auto_aim_interfaces/include/auto_aim_interfaces/auto_aim_interfaces/msg/debug_lights.h
[4.212s] -- Symlinking: /home/mechax/ws_y/rm_ws/install/auto_aim_interfaces/include/auto_aim_interfaces/auto_aim_interfaces/msg/detail/armor__functions.h
[4.217s] -- Symlinking: /home/mechax/ws_y/rm_ws/install/auto_aim_interfaces/include/auto_aim_interfaces/auto_aim_interfaces/msg/detail/armor__struct.h
[4.222s] -- Symlinking: /home/mechax/ws_y/rm_ws/install/auto_aim_interfaces/include/auto_aim_interfaces/auto_aim_interfaces/msg/detail/armor__type_support.h
[4.227s] -- Symlinking: /home/mechax/ws_y/rm_ws/install/auto_aim_interfaces/include/auto_aim_interfaces/auto_aim_interfaces/msg/detail/armors__functions.h
[4.232s] -- Symlinking: /home/mechax/ws_y/rm_ws/install/auto_aim_interfaces/include/auto_aim_interfaces/auto_aim_interfaces/msg/detail/armors__struct.h
[4.237s] -- Symlinking: /home/mechax/ws_y/rm_ws/install/auto_aim_interfaces/include/auto_aim_interfaces/auto_aim_interfaces/msg/detail/armors__type_support.h
[4.242s] -- Symlinking: /home/mechax/ws_y/rm_ws/install/auto_aim_interfaces/include/auto_aim_interfaces/auto_aim_interfaces/msg/detail/debug_armor__functions.h
[4.247s] -- Symlinking: /home/mechax/ws_y/rm_ws/install/auto_aim_interfaces/include/auto_aim_interfaces/auto_aim_interfaces/msg/detail/debug_armor__struct.h
[4.251s] -- Symlinking: /home/mechax/ws_y/rm_ws/install/auto_aim_interfaces/include/auto_aim_interfaces/auto_aim_interfaces/msg/detail/debug_armor__type_support.h
[4.257s] -- Symlinking: /home/mechax/ws_y/rm_ws/install/auto_aim_interfaces/include/auto_aim_interfaces/auto_aim_interfaces/msg/detail/debug_armors__functions.h
[4.261s] -- Symlinking: /home/mechax/ws_y/rm_ws/install/auto_aim_interfaces/include/auto_aim_interfaces/auto_aim_interfaces/msg/detail/debug_armors__struct.h
[4.265s] -- Symlinking: /home/mechax/ws_y/rm_ws/install/auto_aim_interfaces/include/auto_aim_interfaces/auto_aim_interfaces/msg/detail/debug_armors__type_support.h
[4.271s] -- Symlinking: /home/mechax/ws_y/rm_ws/install/auto_aim_interfaces/include/auto_aim_interfaces/auto_aim_interfaces/msg/detail/debug_light__functions.h
[4.275s] -- Symlinking: /home/mechax/ws_y/rm_ws/install/auto_aim_interfaces/include/auto_aim_interfaces/auto_aim_interfaces/msg/detail/debug_light__struct.h
[4.280s] -- Symlinking: /home/mechax/ws_y/rm_ws/install/auto_aim_interfaces/include/auto_aim_interfaces/auto_aim_interfaces/msg/detail/debug_light__type_support.h
[4.285s] -- Symlinking: /home/mechax/ws_y/rm_ws/install/auto_aim_interfaces/include/auto_aim_interfaces/auto_aim_interfaces/msg/detail/debug_lights__functions.h
[4.290s] -- Symlinking: /home/mechax/ws_y/rm_ws/install/auto_aim_interfaces/include/auto_aim_interfaces/auto_aim_interfaces/msg/detail/debug_lights__struct.h
[4.295s] -- Symlinking: /home/mechax/ws_y/rm_ws/install/auto_aim_interfaces/include/auto_aim_interfaces/auto_aim_interfaces/msg/detail/debug_lights__type_support.h
[4.300s] -- Symlinking: /home/mechax/ws_y/rm_ws/install/auto_aim_interfaces/include/auto_aim_interfaces/auto_aim_interfaces/msg/detail/target__functions.h
[4.304s] -- Symlinking: /home/mechax/ws_y/rm_ws/install/auto_aim_interfaces/include/auto_aim_interfaces/auto_aim_interfaces/msg/detail/target__struct.h
[4.309s] -- Symlinking: /home/mechax/ws_y/rm_ws/install/auto_aim_interfaces/include/auto_aim_interfaces/auto_aim_interfaces/msg/detail/target__type_support.h
[4.314s] -- Symlinking: /home/mechax/ws_y/rm_ws/install/auto_aim_interfaces/include/auto_aim_interfaces/auto_aim_interfaces/msg/detail/tracker_info__functions.h
[4.319s] -- Symlinking: /home/mechax/ws_y/rm_ws/install/auto_aim_interfaces/include/auto_aim_interfaces/auto_aim_interfaces/msg/detail/tracker_info__struct.h
[4.324s] -- Symlinking: /home/mechax/ws_y/rm_ws/install/auto_aim_interfaces/include/auto_aim_interfaces/auto_aim_interfaces/msg/detail/tracker_info__type_support.h
[4.328s] -- Symlinking: /home/mechax/ws_y/rm_ws/install/auto_aim_interfaces/include/auto_aim_interfaces/auto_aim_interfaces/msg/rosidl_generator_c__visibility_control.h
[4.333s] -- Symlinking: /home/mechax/ws_y/rm_ws/install/auto_aim_interfaces/include/auto_aim_interfaces/auto_aim_interfaces/msg/target.h
[4.338s] -- Symlinking: /home/mechax/ws_y/rm_ws/install/auto_aim_interfaces/include/auto_aim_interfaces/auto_aim_interfaces/msg/tracker_info.h
[4.343s] -- Symlinking: /home/mechax/ws_y/rm_ws/install/auto_aim_interfaces/share/auto_aim_interfaces/environment/library_path.sh
[4.348s] -- Symlinking: /home/mechax/ws_y/rm_ws/install/auto_aim_interfaces/share/auto_aim_interfaces/environment/library_path.dsv
[4.353s] -- Symlinking: /home/mechax/ws_y/rm_ws/install/auto_aim_interfaces/include/auto_aim_interfaces/auto_aim_interfaces/msg/detail/armor__rosidl_typesupport_fastrtps_c.h
[4.358s] -- Symlinking: /home/mechax/ws_y/rm_ws/install/auto_aim_interfaces/include/auto_aim_interfaces/auto_aim_interfaces/msg/detail/armors__rosidl_typesupport_fastrtps_c.h
[4.363s] -- Symlinking: /home/mechax/ws_y/rm_ws/install/auto_aim_interfaces/include/auto_aim_interfaces/auto_aim_interfaces/msg/detail/debug_armor__rosidl_typesupport_fastrtps_c.h
[4.367s] -- Symlinking: /home/mechax/ws_y/rm_ws/install/auto_aim_interfaces/include/auto_aim_interfaces/auto_aim_interfaces/msg/detail/debug_armors__rosidl_typesupport_fastrtps_c.h
[4.372s] -- Symlinking: /home/mechax/ws_y/rm_ws/install/auto_aim_interfaces/include/auto_aim_interfaces/auto_aim_interfaces/msg/detail/debug_light__rosidl_typesupport_fastrtps_c.h
[4.377s] -- Symlinking: /home/mechax/ws_y/rm_ws/install/auto_aim_interfaces/include/auto_aim_interfaces/auto_aim_interfaces/msg/detail/debug_lights__rosidl_typesupport_fastrtps_c.h
[4.382s] -- Symlinking: /home/mechax/ws_y/rm_ws/install/auto_aim_interfaces/include/auto_aim_interfaces/auto_aim_interfaces/msg/detail/target__rosidl_typesupport_fastrtps_c.h
[4.386s] -- Symlinking: /home/mechax/ws_y/rm_ws/install/auto_aim_interfaces/include/auto_aim_interfaces/auto_aim_interfaces/msg/detail/tracker_info__rosidl_typesupport_fastrtps_c.h
[4.391s] -- Symlinking: /home/mechax/ws_y/rm_ws/install/auto_aim_interfaces/include/auto_aim_interfaces/auto_aim_interfaces/msg/rosidl_typesupport_fastrtps_c__visibility_control.h
[4.396s] -- Symlinking: /home/mechax/ws_y/rm_ws/install/auto_aim_interfaces/include/auto_aim_interfaces/auto_aim_interfaces/msg/detail/armor__rosidl_typesupport_introspection_c.h
[4.401s] -- Symlinking: /home/mechax/ws_y/rm_ws/install/auto_aim_interfaces/include/auto_aim_interfaces/auto_aim_interfaces/msg/detail/armors__rosidl_typesupport_introspection_c.h
[4.406s] -- Symlinking: /home/mechax/ws_y/rm_ws/install/auto_aim_interfaces/include/auto_aim_interfaces/auto_aim_interfaces/msg/detail/debug_armor__rosidl_typesupport_introspection_c.h
[4.410s] -- Symlinking: /home/mechax/ws_y/rm_ws/install/auto_aim_interfaces/include/auto_aim_interfaces/auto_aim_interfaces/msg/detail/debug_armors__rosidl_typesupport_introspection_c.h
[4.415s] -- Symlinking: /home/mechax/ws_y/rm_ws/install/auto_aim_interfaces/include/auto_aim_interfaces/auto_aim_interfaces/msg/detail/debug_light__rosidl_typesupport_introspection_c.h
[4.420s] -- Symlinking: /home/mechax/ws_y/rm_ws/install/auto_aim_interfaces/include/auto_aim_interfaces/auto_aim_interfaces/msg/detail/debug_lights__rosidl_typesupport_introspection_c.h
[4.424s] -- Symlinking: /home/mechax/ws_y/rm_ws/install/auto_aim_interfaces/include/auto_aim_interfaces/auto_aim_interfaces/msg/detail/target__rosidl_typesupport_introspection_c.h
[4.429s] -- Symlinking: /home/mechax/ws_y/rm_ws/install/auto_aim_interfaces/include/auto_aim_interfaces/auto_aim_interfaces/msg/detail/tracker_info__rosidl_typesupport_introspection_c.h
[4.434s] -- Symlinking: /home/mechax/ws_y/rm_ws/install/auto_aim_interfaces/include/auto_aim_interfaces/auto_aim_interfaces/msg/rosidl_typesupport_introspection_c__visibility_control.h
[4.440s] -- Symlinking: /home/mechax/ws_y/rm_ws/install/auto_aim_interfaces/include/auto_aim_interfaces/auto_aim_interfaces/msg/armor.hpp
[4.445s] -- Symlinking: /home/mechax/ws_y/rm_ws/install/auto_aim_interfaces/include/auto_aim_interfaces/auto_aim_interfaces/msg/armors.hpp
[4.450s] -- Symlinking: /home/mechax/ws_y/rm_ws/install/auto_aim_interfaces/include/auto_aim_interfaces/auto_aim_interfaces/msg/debug_armor.hpp
[4.455s] -- Symlinking: /home/mechax/ws_y/rm_ws/install/auto_aim_interfaces/include/auto_aim_interfaces/auto_aim_interfaces/msg/debug_armors.hpp
[4.459s] -- Symlinking: /home/mechax/ws_y/rm_ws/install/auto_aim_interfaces/include/auto_aim_interfaces/auto_aim_interfaces/msg/debug_light.hpp
[4.464s] -- Symlinking: /home/mechax/ws_y/rm_ws/install/auto_aim_interfaces/include/auto_aim_interfaces/auto_aim_interfaces/msg/debug_lights.hpp
[4.469s] -- Symlinking: /home/mechax/ws_y/rm_ws/install/auto_aim_interfaces/include/auto_aim_interfaces/auto_aim_interfaces/msg/detail/armor__builder.hpp
[4.474s] -- Symlinking: /home/mechax/ws_y/rm_ws/install/auto_aim_interfaces/include/auto_aim_interfaces/auto_aim_interfaces/msg/detail/armor__struct.hpp
[4.478s] -- Symlinking: /home/mechax/ws_y/rm_ws/install/auto_aim_interfaces/include/auto_aim_interfaces/auto_aim_interfaces/msg/detail/armor__traits.hpp
[4.483s] -- Symlinking: /home/mechax/ws_y/rm_ws/install/auto_aim_interfaces/include/auto_aim_interfaces/auto_aim_interfaces/msg/detail/armors__builder.hpp
[4.488s] -- Symlinking: /home/mechax/ws_y/rm_ws/install/auto_aim_interfaces/include/auto_aim_interfaces/auto_aim_interfaces/msg/detail/armors__struct.hpp
[4.492s] -- Symlinking: /home/mechax/ws_y/rm_ws/install/auto_aim_interfaces/include/auto_aim_interfaces/auto_aim_interfaces/msg/detail/armors__traits.hpp
[4.497s] -- Symlinking: /home/mechax/ws_y/rm_ws/install/auto_aim_interfaces/include/auto_aim_interfaces/auto_aim_interfaces/msg/detail/debug_armor__builder.hpp
[4.501s] -- Symlinking: /home/mechax/ws_y/rm_ws/install/auto_aim_interfaces/include/auto_aim_interfaces/auto_aim_interfaces/msg/detail/debug_armor__struct.hpp
[4.506s] -- Symlinking: /home/mechax/ws_y/rm_ws/install/auto_aim_interfaces/include/auto_aim_interfaces/auto_aim_interfaces/msg/detail/debug_armor__traits.hpp
[4.511s] -- Symlinking: /home/mechax/ws_y/rm_ws/install/auto_aim_interfaces/include/auto_aim_interfaces/auto_aim_interfaces/msg/detail/debug_armors__builder.hpp
[4.516s] -- Symlinking: /home/mechax/ws_y/rm_ws/install/auto_aim_interfaces/include/auto_aim_interfaces/auto_aim_interfaces/msg/detail/debug_armors__struct.hpp
[4.520s] -- Symlinking: /home/mechax/ws_y/rm_ws/install/auto_aim_interfaces/include/auto_aim_interfaces/auto_aim_interfaces/msg/detail/debug_armors__traits.hpp
[4.525s] -- Symlinking: /home/mechax/ws_y/rm_ws/install/auto_aim_interfaces/include/auto_aim_interfaces/auto_aim_interfaces/msg/detail/debug_light__builder.hpp
[4.529s] -- Symlinking: /home/mechax/ws_y/rm_ws/install/auto_aim_interfaces/include/auto_aim_interfaces/auto_aim_interfaces/msg/detail/debug_light__struct.hpp
[4.534s] -- Symlinking: /home/mechax/ws_y/rm_ws/install/auto_aim_interfaces/include/auto_aim_interfaces/auto_aim_interfaces/msg/detail/debug_light__traits.hpp
[4.539s] -- Symlinking: /home/mechax/ws_y/rm_ws/install/auto_aim_interfaces/include/auto_aim_interfaces/auto_aim_interfaces/msg/detail/debug_lights__builder.hpp
[4.544s] -- Symlinking: /home/mechax/ws_y/rm_ws/install/auto_aim_interfaces/include/auto_aim_interfaces/auto_aim_interfaces/msg/detail/debug_lights__struct.hpp
[4.549s] -- Symlinking: /home/mechax/ws_y/rm_ws/install/auto_aim_interfaces/include/auto_aim_interfaces/auto_aim_interfaces/msg/detail/debug_lights__traits.hpp
[4.554s] -- Symlinking: /home/mechax/ws_y/rm_ws/install/auto_aim_interfaces/include/auto_aim_interfaces/auto_aim_interfaces/msg/detail/target__builder.hpp
[4.558s] -- Symlinking: /home/mechax/ws_y/rm_ws/install/auto_aim_interfaces/include/auto_aim_interfaces/auto_aim_interfaces/msg/detail/target__struct.hpp
[4.563s] -- Symlinking: /home/mechax/ws_y/rm_ws/install/auto_aim_interfaces/include/auto_aim_interfaces/auto_aim_interfaces/msg/detail/target__traits.hpp
[4.568s] -- Symlinking: /home/mechax/ws_y/rm_ws/install/auto_aim_interfaces/include/auto_aim_interfaces/auto_aim_interfaces/msg/detail/tracker_info__builder.hpp
[4.572s] -- Symlinking: /home/mechax/ws_y/rm_ws/install/auto_aim_interfaces/include/auto_aim_interfaces/auto_aim_interfaces/msg/detail/tracker_info__struct.hpp
[4.577s] -- Symlinking: /home/mechax/ws_y/rm_ws/install/auto_aim_interfaces/include/auto_aim_interfaces/auto_aim_interfaces/msg/detail/tracker_info__traits.hpp
[4.582s] -- Symlinking: /home/mechax/ws_y/rm_ws/install/auto_aim_interfaces/include/auto_aim_interfaces/auto_aim_interfaces/msg/target.hpp
[4.586s] -- Symlinking: /home/mechax/ws_y/rm_ws/install/auto_aim_interfaces/include/auto_aim_interfaces/auto_aim_interfaces/msg/tracker_info.hpp
[4.591s] -- Symlinking: /home/mechax/ws_y/rm_ws/install/auto_aim_interfaces/include/auto_aim_interfaces/auto_aim_interfaces/msg/detail/armor__rosidl_typesupport_fastrtps_cpp.hpp
[4.596s] -- Symlinking: /home/mechax/ws_y/rm_ws/install/auto_aim_interfaces/include/auto_aim_interfaces/auto_aim_interfaces/msg/detail/armors__rosidl_typesupport_fastrtps_cpp.hpp
[4.601s] -- Symlinking: /home/mechax/ws_y/rm_ws/install/auto_aim_interfaces/include/auto_aim_interfaces/auto_aim_interfaces/msg/detail/debug_armor__rosidl_typesupport_fastrtps_cpp.hpp
[4.605s] -- Symlinking: /home/mechax/ws_y/rm_ws/install/auto_aim_interfaces/include/auto_aim_interfaces/auto_aim_interfaces/msg/detail/debug_armors__rosidl_typesupport_fastrtps_cpp.hpp
[4.610s] -- Symlinking: /home/mechax/ws_y/rm_ws/install/auto_aim_interfaces/include/auto_aim_interfaces/auto_aim_interfaces/msg/detail/debug_light__rosidl_typesupport_fastrtps_cpp.hpp
[4.615s] -- Symlinking: /home/mechax/ws_y/rm_ws/install/auto_aim_interfaces/include/auto_aim_interfaces/auto_aim_interfaces/msg/detail/debug_lights__rosidl_typesupport_fastrtps_cpp.hpp
[4.620s] -- Symlinking: /home/mechax/ws_y/rm_ws/install/auto_aim_interfaces/include/auto_aim_interfaces/auto_aim_interfaces/msg/detail/target__rosidl_typesupport_fastrtps_cpp.hpp
[4.624s] -- Symlinking: /home/mechax/ws_y/rm_ws/install/auto_aim_interfaces/include/auto_aim_interfaces/auto_aim_interfaces/msg/detail/tracker_info__rosidl_typesupport_fastrtps_cpp.hpp
[4.629s] -- Symlinking: /home/mechax/ws_y/rm_ws/install/auto_aim_interfaces/include/auto_aim_interfaces/auto_aim_interfaces/msg/rosidl_typesupport_fastrtps_cpp__visibility_control.h
[4.634s] -- Symlinking: /home/mechax/ws_y/rm_ws/install/auto_aim_interfaces/include/auto_aim_interfaces/auto_aim_interfaces/msg/detail/armor__rosidl_typesupport_introspection_cpp.hpp
[4.639s] -- Symlinking: /home/mechax/ws_y/rm_ws/install/auto_aim_interfaces/include/auto_aim_interfaces/auto_aim_interfaces/msg/detail/armors__rosidl_typesupport_introspection_cpp.hpp
[4.644s] -- Symlinking: /home/mechax/ws_y/rm_ws/install/auto_aim_interfaces/include/auto_aim_interfaces/auto_aim_interfaces/msg/detail/debug_armor__rosidl_typesupport_introspection_cpp.hpp
[4.649s] -- Symlinking: /home/mechax/ws_y/rm_ws/install/auto_aim_interfaces/include/auto_aim_interfaces/auto_aim_interfaces/msg/detail/debug_armors__rosidl_typesupport_introspection_cpp.hpp
[4.653s] -- Symlinking: /home/mechax/ws_y/rm_ws/install/auto_aim_interfaces/include/auto_aim_interfaces/auto_aim_interfaces/msg/detail/debug_light__rosidl_typesupport_introspection_cpp.hpp
[4.658s] -- Symlinking: /home/mechax/ws_y/rm_ws/install/auto_aim_interfaces/include/auto_aim_interfaces/auto_aim_interfaces/msg/detail/debug_lights__rosidl_typesupport_introspection_cpp.hpp
[4.663s] -- Symlinking: /home/mechax/ws_y/rm_ws/install/auto_aim_interfaces/include/auto_aim_interfaces/auto_aim_interfaces/msg/detail/target__rosidl_typesupport_introspection_cpp.hpp
[4.667s] -- Symlinking: /home/mechax/ws_y/rm_ws/install/auto_aim_interfaces/include/auto_aim_interfaces/auto_aim_interfaces/msg/detail/tracker_info__rosidl_typesupport_introspection_cpp.hpp
[4.672s] -- Symlinking: /home/mechax/ws_y/rm_ws/install/auto_aim_interfaces/share/auto_aim_interfaces/environment/pythonpath.sh
[4.677s] -- Symlinking: /home/mechax/ws_y/rm_ws/install/auto_aim_interfaces/share/auto_aim_interfaces/environment/pythonpath.dsv
[4.682s] -- Symlinking: /home/mechax/ws_y/rm_ws/install/auto_aim_interfaces/local/lib/python3.10/dist-packages/auto_aim_interfaces-0.0.0-py3.10.egg-info/PKG-INFO
[4.687s] -- Symlinking: /home/mechax/ws_y/rm_ws/install/auto_aim_interfaces/local/lib/python3.10/dist-packages/auto_aim_interfaces-0.0.0-py3.10.egg-info/SOURCES.txt
[4.691s] -- Symlinking: /home/mechax/ws_y/rm_ws/install/auto_aim_interfaces/local/lib/python3.10/dist-packages/auto_aim_interfaces-0.0.0-py3.10.egg-info/dependency_links.txt
[4.696s] -- Symlinking: /home/mechax/ws_y/rm_ws/install/auto_aim_interfaces/local/lib/python3.10/dist-packages/auto_aim_interfaces-0.0.0-py3.10.egg-info/top_level.txt
[4.701s] -- Symlinking: /home/mechax/ws_y/rm_ws/install/auto_aim_interfaces/local/lib/python3.10/dist-packages/auto_aim_interfaces/__init__.py
[4.706s] -- Symlinking: /home/mechax/ws_y/rm_ws/install/auto_aim_interfaces/local/lib/python3.10/dist-packages/auto_aim_interfaces/_auto_aim_interfaces_s.ep.rosidl_typesupport_c.c
[4.711s] -- Symlinking: /home/mechax/ws_y/rm_ws/install/auto_aim_interfaces/local/lib/python3.10/dist-packages/auto_aim_interfaces/_auto_aim_interfaces_s.ep.rosidl_typesupport_fastrtps_c.c
[4.715s] -- Symlinking: /home/mechax/ws_y/rm_ws/install/auto_aim_interfaces/local/lib/python3.10/dist-packages/auto_aim_interfaces/_auto_aim_interfaces_s.ep.rosidl_typesupport_introspection_c.c
[4.720s] -- Symlinking: /home/mechax/ws_y/rm_ws/install/auto_aim_interfaces/local/lib/python3.10/dist-packages/auto_aim_interfaces/auto_aim_interfaces_s__rosidl_typesupport_c.cpython-310-x86_64-linux-gnu.so
[4.725s] -- Symlinking: /home/mechax/ws_y/rm_ws/install/auto_aim_interfaces/local/lib/python3.10/dist-packages/auto_aim_interfaces/auto_aim_interfaces_s__rosidl_typesupport_fastrtps_c.cpython-310-x86_64-linux-gnu.so
[4.729s] -- Symlinking: /home/mechax/ws_y/rm_ws/install/auto_aim_interfaces/local/lib/python3.10/dist-packages/auto_aim_interfaces/auto_aim_interfaces_s__rosidl_typesupport_introspection_c.cpython-310-x86_64-linux-gnu.so
[4.734s] -- Symlinking: /home/mechax/ws_y/rm_ws/install/auto_aim_interfaces/local/lib/python3.10/dist-packages/auto_aim_interfaces/libauto_aim_interfaces__rosidl_generator_py.so
[4.740s] -- Symlinking: /home/mechax/ws_y/rm_ws/install/auto_aim_interfaces/local/lib/python3.10/dist-packages/auto_aim_interfaces/msg/__init__.py
[4.745s] -- Symlinking: /home/mechax/ws_y/rm_ws/install/auto_aim_interfaces/local/lib/python3.10/dist-packages/auto_aim_interfaces/msg/_armor.py
[4.749s] -- Symlinking: /home/mechax/ws_y/rm_ws/install/auto_aim_interfaces/local/lib/python3.10/dist-packages/auto_aim_interfaces/msg/_armor_s.c
[4.754s] -- Symlinking: /home/mechax/ws_y/rm_ws/install/auto_aim_interfaces/local/lib/python3.10/dist-packages/auto_aim_interfaces/msg/_armors.py
[4.759s] -- Symlinking: /home/mechax/ws_y/rm_ws/install/auto_aim_interfaces/local/lib/python3.10/dist-packages/auto_aim_interfaces/msg/_armors_s.c
[4.763s] -- Symlinking: /home/mechax/ws_y/rm_ws/install/auto_aim_interfaces/local/lib/python3.10/dist-packages/auto_aim_interfaces/msg/_debug_armor.py
[4.768s] -- Symlinking: /home/mechax/ws_y/rm_ws/install/auto_aim_interfaces/local/lib/python3.10/dist-packages/auto_aim_interfaces/msg/_debug_armor_s.c
[4.773s] -- Symlinking: /home/mechax/ws_y/rm_ws/install/auto_aim_interfaces/local/lib/python3.10/dist-packages/auto_aim_interfaces/msg/_debug_armors.py
[4.778s] -- Symlinking: /home/mechax/ws_y/rm_ws/install/auto_aim_interfaces/local/lib/python3.10/dist-packages/auto_aim_interfaces/msg/_debug_armors_s.c
[4.783s] -- Symlinking: /home/mechax/ws_y/rm_ws/install/auto_aim_interfaces/local/lib/python3.10/dist-packages/auto_aim_interfaces/msg/_debug_light.py
[4.788s] -- Symlinking: /home/mechax/ws_y/rm_ws/install/auto_aim_interfaces/local/lib/python3.10/dist-packages/auto_aim_interfaces/msg/_debug_light_s.c
[4.793s] -- Symlinking: /home/mechax/ws_y/rm_ws/install/auto_aim_interfaces/local/lib/python3.10/dist-packages/auto_aim_interfaces/msg/_debug_lights.py
[4.797s] -- Symlinking: /home/mechax/ws_y/rm_ws/install/auto_aim_interfaces/local/lib/python3.10/dist-packages/auto_aim_interfaces/msg/_debug_lights_s.c
[4.802s] -- Symlinking: /home/mechax/ws_y/rm_ws/install/auto_aim_interfaces/local/lib/python3.10/dist-packages/auto_aim_interfaces/msg/_target.py
[4.807s] -- Symlinking: /home/mechax/ws_y/rm_ws/install/auto_aim_interfaces/local/lib/python3.10/dist-packages/auto_aim_interfaces/msg/_target_s.c
[4.812s] -- Symlinking: /home/mechax/ws_y/rm_ws/install/auto_aim_interfaces/local/lib/python3.10/dist-packages/auto_aim_interfaces/msg/_tracker_info.py
[4.817s] -- Symlinking: /home/mechax/ws_y/rm_ws/install/auto_aim_interfaces/local/lib/python3.10/dist-packages/auto_aim_interfaces/msg/_tracker_info_s.c
[4.821s] -- Up-to-date symlink: /home/mechax/ws_y/rm_ws/install/auto_aim_interfaces/local/lib/python3.10/dist-packages/auto_aim_interfaces/auto_aim_interfaces_s__rosidl_typesupport_fastrtps_c.cpython-310-x86_64-linux-gnu.so
[4.821s] -- Up-to-date symlink: /home/mechax/ws_y/rm_ws/install/auto_aim_interfaces/local/lib/python3.10/dist-packages/auto_aim_interfaces/auto_aim_interfaces_s__rosidl_typesupport_introspection_c.cpython-310-x86_64-linux-gnu.so
[4.821s] -- Up-to-date symlink: /home/mechax/ws_y/rm_ws/install/auto_aim_interfaces/local/lib/python3.10/dist-packages/auto_aim_interfaces/auto_aim_interfaces_s__rosidl_typesupport_c.cpython-310-x86_64-linux-gnu.so
[4.822s] -- Symlinking: /home/mechax/ws_y/rm_ws/install/auto_aim_interfaces/share/auto_aim_interfaces/msg/Armor.idl
[4.827s] -- Symlinking: /home/mechax/ws_y/rm_ws/install/auto_aim_interfaces/share/auto_aim_interfaces/msg/Armors.idl
[4.832s] -- Symlinking: /home/mechax/ws_y/rm_ws/install/auto_aim_interfaces/share/auto_aim_interfaces/msg/Target.idl
[4.836s] -- Symlinking: /home/mechax/ws_y/rm_ws/install/auto_aim_interfaces/share/auto_aim_interfaces/msg/DebugLight.idl
[4.841s] -- Symlinking: /home/mechax/ws_y/rm_ws/install/auto_aim_interfaces/share/auto_aim_interfaces/msg/DebugLights.idl
[4.846s] -- Symlinking: /home/mechax/ws_y/rm_ws/install/auto_aim_interfaces/share/auto_aim_interfaces/msg/DebugArmor.idl
[4.851s] -- Symlinking: /home/mechax/ws_y/rm_ws/install/auto_aim_interfaces/share/auto_aim_interfaces/msg/DebugArmors.idl
[4.856s] -- Symlinking: /home/mechax/ws_y/rm_ws/install/auto_aim_interfaces/share/auto_aim_interfaces/msg/TrackerInfo.idl
[4.861s] -- Symlinking: /home/mechax/ws_y/rm_ws/install/auto_aim_interfaces/share/auto_aim_interfaces/msg/Armor.msg
[4.866s] -- Symlinking: /home/mechax/ws_y/rm_ws/install/auto_aim_interfaces/share/auto_aim_interfaces/msg/Armors.msg
[4.870s] -- Symlinking: /home/mechax/ws_y/rm_ws/install/auto_aim_interfaces/share/auto_aim_interfaces/msg/Target.msg
[4.875s] -- Symlinking: /home/mechax/ws_y/rm_ws/install/auto_aim_interfaces/share/auto_aim_interfaces/msg/DebugLight.msg
[4.880s] -- Symlinking: /home/mechax/ws_y/rm_ws/install/auto_aim_interfaces/share/auto_aim_interfaces/msg/DebugLights.msg
[4.885s] -- Symlinking: /home/mechax/ws_y/rm_ws/install/auto_aim_interfaces/share/auto_aim_interfaces/msg/DebugArmor.msg
[4.889s] -- Symlinking: /home/mechax/ws_y/rm_ws/install/auto_aim_interfaces/share/auto_aim_interfaces/msg/DebugArmors.msg
[4.894s] -- Symlinking: /home/mechax/ws_y/rm_ws/install/auto_aim_interfaces/share/auto_aim_interfaces/msg/TrackerInfo.msg
[4.899s] -- Symlinking: /home/mechax/ws_y/rm_ws/install/auto_aim_interfaces/share/ament_index/resource_index/package_run_dependencies/auto_aim_interfaces
[4.904s] -- Symlinking: /home/mechax/ws_y/rm_ws/install/auto_aim_interfaces/share/ament_index/resource_index/parent_prefix_path/auto_aim_interfaces
[4.909s] -- Symlinking: /home/mechax/ws_y/rm_ws/install/auto_aim_interfaces/share/auto_aim_interfaces/environment/ament_prefix_path.sh
[4.914s] -- Symlinking: /home/mechax/ws_y/rm_ws/install/auto_aim_interfaces/share/auto_aim_interfaces/environment/ament_prefix_path.dsv
[4.918s] -- Symlinking: /home/mechax/ws_y/rm_ws/install/auto_aim_interfaces/share/auto_aim_interfaces/environment/path.sh
[4.923s] -- Symlinking: /home/mechax/ws_y/rm_ws/install/auto_aim_interfaces/share/auto_aim_interfaces/environment/path.dsv
[4.928s] -- Symlinking: /home/mechax/ws_y/rm_ws/install/auto_aim_interfaces/share/auto_aim_interfaces/local_setup.bash
[4.933s] -- Symlinking: /home/mechax/ws_y/rm_ws/install/auto_aim_interfaces/share/auto_aim_interfaces/local_setup.sh
[4.938s] -- Symlinking: /home/mechax/ws_y/rm_ws/install/auto_aim_interfaces/share/auto_aim_interfaces/local_setup.zsh
[4.943s] -- Symlinking: /home/mechax/ws_y/rm_ws/install/auto_aim_interfaces/share/auto_aim_interfaces/local_setup.dsv
[4.948s] -- Symlinking: /home/mechax/ws_y/rm_ws/install/auto_aim_interfaces/share/auto_aim_interfaces/package.dsv
[4.952s] -- Symlinking: /home/mechax/ws_y/rm_ws/install/auto_aim_interfaces/share/ament_index/resource_index/packages/auto_aim_interfaces
[4.957s] -- Symlinking: /home/mechax/ws_y/rm_ws/install/auto_aim_interfaces/share/auto_aim_interfaces/cmake/rosidl_cmake-extras.cmake
[4.962s] -- Symlinking: /home/mechax/ws_y/rm_ws/install/auto_aim_interfaces/share/auto_aim_interfaces/cmake/ament_cmake_export_dependencies-extras.cmake
[4.967s] -- Symlinking: /home/mechax/ws_y/rm_ws/install/auto_aim_interfaces/share/auto_aim_interfaces/cmake/ament_cmake_export_include_directories-extras.cmake
[4.972s] -- Symlinking: /home/mechax/ws_y/rm_ws/install/auto_aim_interfaces/share/auto_aim_interfaces/cmake/ament_cmake_export_libraries-extras.cmake
[4.977s] -- Symlinking: /home/mechax/ws_y/rm_ws/install/auto_aim_interfaces/share/auto_aim_interfaces/cmake/ament_cmake_export_targets-extras.cmake
[4.981s] -- Symlinking: /home/mechax/ws_y/rm_ws/install/auto_aim_interfaces/share/auto_aim_interfaces/cmake/rosidl_cmake_export_typesupport_targets-extras.cmake
[4.986s] -- Symlinking: /home/mechax/ws_y/rm_ws/install/auto_aim_interfaces/share/auto_aim_interfaces/cmake/rosidl_cmake_export_typesupport_libraries-extras.cmake
[4.991s] -- Symlinking: /home/mechax/ws_y/rm_ws/install/auto_aim_interfaces/share/auto_aim_interfaces/cmake/auto_aim_interfacesConfig.cmake
[4.996s] -- Symlinking: /home/mechax/ws_y/rm_ws/install/auto_aim_interfaces/share/auto_aim_interfaces/cmake/auto_aim_interfacesConfig-version.cmake
[5.000s] -- Symlinking: /home/mechax/ws_y/rm_ws/install/auto_aim_interfaces/share/auto_aim_interfaces/package.xml
[5.005s] -- Installing: /home/mechax/ws_y/rm_ws/install/auto_aim_interfaces/lib/libauto_aim_interfaces__rosidl_generator_c.so
[5.006s] -- Set runtime path of "/home/mechax/ws_y/rm_ws/install/auto_aim_interfaces/lib/libauto_aim_interfaces__rosidl_generator_c.so" to ""
[5.006s] -- Installing: /home/mechax/ws_y/rm_ws/install/auto_aim_interfaces/lib/libauto_aim_interfaces__rosidl_typesupport_fastrtps_c.so
[5.006s] -- Set runtime path of "/home/mechax/ws_y/rm_ws/install/auto_aim_interfaces/lib/libauto_aim_interfaces__rosidl_typesupport_fastrtps_c.so" to ""
[5.006s] -- Installing: /home/mechax/ws_y/rm_ws/install/auto_aim_interfaces/lib/libauto_aim_interfaces__rosidl_typesupport_introspection_c.so
[5.006s] -- Set runtime path of "/home/mechax/ws_y/rm_ws/install/auto_aim_interfaces/lib/libauto_aim_interfaces__rosidl_typesupport_introspection_c.so" to ""
[5.006s] -- Installing: /home/mechax/ws_y/rm_ws/install/auto_aim_interfaces/lib/libauto_aim_interfaces__rosidl_typesupport_c.so
[5.006s] -- Set runtime path of "/home/mechax/ws_y/rm_ws/install/auto_aim_interfaces/lib/libauto_aim_interfaces__rosidl_typesupport_c.so" to ""
[5.006s] -- Installing: /home/mechax/ws_y/rm_ws/install/auto_aim_interfaces/lib/libauto_aim_interfaces__rosidl_typesupport_fastrtps_cpp.so
[5.006s] -- Set runtime path of "/home/mechax/ws_y/rm_ws/install/auto_aim_interfaces/lib/libauto_aim_interfaces__rosidl_typesupport_fastrtps_cpp.so" to ""
[5.006s] -- Installing: /home/mechax/ws_y/rm_ws/install/auto_aim_interfaces/lib/libauto_aim_interfaces__rosidl_typesupport_introspection_cpp.so
[5.006s] -- Set runtime path of "/home/mechax/ws_y/rm_ws/install/auto_aim_interfaces/lib/libauto_aim_interfaces__rosidl_typesupport_introspection_cpp.so" to ""
[5.006s] -- Installing: /home/mechax/ws_y/rm_ws/install/auto_aim_interfaces/lib/libauto_aim_interfaces__rosidl_typesupport_cpp.so
[5.006s] -- Set runtime path of "/home/mechax/ws_y/rm_ws/install/auto_aim_interfaces/lib/libauto_aim_interfaces__rosidl_typesupport_cpp.so" to ""
[5.030s] Listing '/home/mechax/ws_y/rm_ws/install/auto_aim_interfaces/local/lib/python3.10/dist-packages/auto_aim_interfaces'...
[5.031s] Compiling '/home/mechax/ws_y/rm_ws/install/auto_aim_interfaces/local/lib/python3.10/dist-packages/auto_aim_interfaces/__init__.py'...
[5.031s] Listing '/home/mechax/ws_y/rm_ws/install/auto_aim_interfaces/local/lib/python3.10/dist-packages/auto_aim_interfaces/msg'...
[5.031s] Compiling '/home/mechax/ws_y/rm_ws/install/auto_aim_interfaces/local/lib/python3.10/dist-packages/auto_aim_interfaces/msg/__init__.py'...
[5.031s] Compiling '/home/mechax/ws_y/rm_ws/install/auto_aim_interfaces/local/lib/python3.10/dist-packages/auto_aim_interfaces/msg/_armor.py'...
[5.031s] Compiling '/home/mechax/ws_y/rm_ws/install/auto_aim_interfaces/local/lib/python3.10/dist-packages/auto_aim_interfaces/msg/_armors.py'...
[5.031s] Compiling '/home/mechax/ws_y/rm_ws/install/auto_aim_interfaces/local/lib/python3.10/dist-packages/auto_aim_interfaces/msg/_debug_armor.py'...
[5.031s] Compiling '/home/mechax/ws_y/rm_ws/install/auto_aim_interfaces/local/lib/python3.10/dist-packages/auto_aim_interfaces/msg/_debug_armors.py'...
[5.031s] Compiling '/home/mechax/ws_y/rm_ws/install/auto_aim_interfaces/local/lib/python3.10/dist-packages/auto_aim_interfaces/msg/_debug_light.py'...
[5.031s] Compiling '/home/mechax/ws_y/rm_ws/install/auto_aim_interfaces/local/lib/python3.10/dist-packages/auto_aim_interfaces/msg/_debug_lights.py'...
[5.031s] Compiling '/home/mechax/ws_y/rm_ws/install/auto_aim_interfaces/local/lib/python3.10/dist-packages/auto_aim_interfaces/msg/_target.py'...
[5.031s] Compiling '/home/mechax/ws_y/rm_ws/install/auto_aim_interfaces/local/lib/python3.10/dist-packages/auto_aim_interfaces/msg/_tracker_info.py'...
[5.033s] -- Installing: /home/mechax/ws_y/rm_ws/install/auto_aim_interfaces/lib/libauto_aim_interfaces__rosidl_generator_py.so
[5.033s] -- Set runtime path of "/home/mechax/ws_y/rm_ws/install/auto_aim_interfaces/lib/libauto_aim_interfaces__rosidl_generator_py.so" to ""
[5.033s] -- Installing: /home/mechax/ws_y/rm_ws/install/auto_aim_interfaces/share/auto_aim_interfaces/cmake/export_auto_aim_interfaces__rosidl_generator_cExport.cmake
[5.034s] -- Installing: /home/mechax/ws_y/rm_ws/install/auto_aim_interfaces/share/auto_aim_interfaces/cmake/export_auto_aim_interfaces__rosidl_generator_cExport-noconfig.cmake
[5.034s] -- Installing: /home/mechax/ws_y/rm_ws/install/auto_aim_interfaces/share/auto_aim_interfaces/cmake/export_auto_aim_interfaces__rosidl_typesupport_fastrtps_cExport.cmake
[5.034s] -- Installing: /home/mechax/ws_y/rm_ws/install/auto_aim_interfaces/share/auto_aim_interfaces/cmake/export_auto_aim_interfaces__rosidl_typesupport_fastrtps_cExport-noconfig.cmake
[5.034s] -- Installing: /home/mechax/ws_y/rm_ws/install/auto_aim_interfaces/share/auto_aim_interfaces/cmake/auto_aim_interfaces__rosidl_typesupport_introspection_cExport.cmake
[5.034s] -- Installing: /home/mechax/ws_y/rm_ws/install/auto_aim_interfaces/share/auto_aim_interfaces/cmake/auto_aim_interfaces__rosidl_typesupport_introspection_cExport-noconfig.cmake
[5.034s] -- Installing: /home/mechax/ws_y/rm_ws/install/auto_aim_interfaces/share/auto_aim_interfaces/cmake/auto_aim_interfaces__rosidl_typesupport_cExport.cmake
[5.034s] -- Installing: /home/mechax/ws_y/rm_ws/install/auto_aim_interfaces/share/auto_aim_interfaces/cmake/auto_aim_interfaces__rosidl_typesupport_cExport-noconfig.cmake
[5.034s] -- Installing: /home/mechax/ws_y/rm_ws/install/auto_aim_interfaces/share/auto_aim_interfaces/cmake/export_auto_aim_interfaces__rosidl_generator_cppExport.cmake
[5.034s] -- Installing: /home/mechax/ws_y/rm_ws/install/auto_aim_interfaces/share/auto_aim_interfaces/cmake/export_auto_aim_interfaces__rosidl_typesupport_fastrtps_cppExport.cmake
[5.034s] -- Installing: /home/mechax/ws_y/rm_ws/install/auto_aim_interfaces/share/auto_aim_interfaces/cmake/export_auto_aim_interfaces__rosidl_typesupport_fastrtps_cppExport-noconfig.cmake
[5.034s] -- Installing: /home/mechax/ws_y/rm_ws/install/auto_aim_interfaces/share/auto_aim_interfaces/cmake/auto_aim_interfaces__rosidl_typesupport_introspection_cppExport.cmake
[5.034s] -- Installing: /home/mechax/ws_y/rm_ws/install/auto_aim_interfaces/share/auto_aim_interfaces/cmake/auto_aim_interfaces__rosidl_typesupport_introspection_cppExport-noconfig.cmake
[5.034s] -- Installing: /home/mechax/ws_y/rm_ws/install/auto_aim_interfaces/share/auto_aim_interfaces/cmake/auto_aim_interfaces__rosidl_typesupport_cppExport.cmake
[5.034s] -- Installing: /home/mechax/ws_y/rm_ws/install/auto_aim_interfaces/share/auto_aim_interfaces/cmake/auto_aim_interfaces__rosidl_typesupport_cppExport-noconfig.cmake
[5.034s] -- Installing: /home/mechax/ws_y/rm_ws/install/auto_aim_interfaces/share/auto_aim_interfaces/cmake/export_auto_aim_interfaces__rosidl_generator_pyExport.cmake
[5.034s] -- Installing: /home/mechax/ws_y/rm_ws/install/auto_aim_interfaces/share/auto_aim_interfaces/cmake/export_auto_aim_interfaces__rosidl_generator_pyExport-noconfig.cmake
[5.036s] Invoked command in '/home/mechax/ws_y/rm_ws/build/auto_aim_interfaces' returned '0': CMAKE_PREFIX_PATH=/opt/ros/humble /usr/bin/cmake --install /home/mechax/ws_y/rm_ws/build/auto_aim_interfaces
