[0.285s] Invoking command in '/home/mechax/ws_y/rm_ws/build/rm_gimbal_description': CMAKE_PREFIX_PATH=/opt/ros/humble /usr/bin/cmake /home/mechax/ws_y/rm_ws/src/src/rm_gimbal_description -DCMAKE_INSTALL_PREFIX=/home/mechax/ws_y/rm_ws/install/rm_gimbal_description
[0.328s] -- The C compiler identification is GNU 11.4.0
[0.376s] -- The CXX compiler identification is GNU 11.4.0
[0.383s] -- Detecting C compiler ABI info
[0.454s] -- Detecting C compiler ABI info - done
[0.463s] -- Check for working C compiler: /usr/bin/cc - skipped
[0.463s] -- Detecting C compile features
[0.463s] -- Detecting C compile features - done
[0.467s] -- Detecting CXX compiler ABI info
[0.542s] -- Detecting CXX compiler ABI info - done
[0.552s] -- Check for working CXX compiler: /usr/bin/c++ - skipped
[0.552s] -- Detecting CXX compile features
[0.552s] -- Detecting CXX compile features - done
[0.554s] -- Found ament_cmake: 1.3.5 (/opt/ros/humble/share/ament_cmake/cmake)
[0.716s] -- Found Python3: /usr/bin/python3.10 (found version "3.10.12") found components: Interpreter 
[0.825s] -- Found ament_lint_auto: 0.12.8 (/opt/ros/humble/share/ament_lint_auto/cmake)
[0.900s] -- Added test 'lint_cmake' to check CMake code style
[0.901s] -- Added test 'xmllint' to check XML markup files
[0.902s] -- Configuring done
[0.905s] -- Generating done
[0.906s] -- Build files have been written to: /home/mechax/ws_y/rm_ws/build/rm_gimbal_description
[0.916s] Invoked command in '/home/mechax/ws_y/rm_ws/build/rm_gimbal_description' returned '0': CMAKE_PREFIX_PATH=/opt/ros/humble /usr/bin/cmake /home/mechax/ws_y/rm_ws/src/src/rm_gimbal_description -DCMAKE_INSTALL_PREFIX=/home/mechax/ws_y/rm_ws/install/rm_gimbal_description
[0.917s] Invoking command in '/home/mechax/ws_y/rm_ws/build/rm_gimbal_description': CMAKE_PREFIX_PATH=/opt/ros/humble /usr/bin/cmake --build /home/mechax/ws_y/rm_ws/build/rm_gimbal_description -- -j16 -l16
[0.949s] Invoked command in '/home/mechax/ws_y/rm_ws/build/rm_gimbal_description' returned '0': CMAKE_PREFIX_PATH=/opt/ros/humble /usr/bin/cmake --build /home/mechax/ws_y/rm_ws/build/rm_gimbal_description -- -j16 -l16
[0.965s] Invoking command in '/home/mechax/ws_y/rm_ws/build/rm_gimbal_description': CMAKE_PREFIX_PATH=/opt/ros/humble /usr/bin/cmake --install /home/mechax/ws_y/rm_ws/build/rm_gimbal_description
[0.974s] -- Install configuration: ""
[0.974s] -- Installing: /home/mechax/ws_y/rm_ws/install/rm_gimbal_description/share/rm_gimbal_description/urdf
[0.975s] -- Installing: /home/mechax/ws_y/rm_ws/install/rm_gimbal_description/share/rm_gimbal_description/urdf/rm_gimbal.urdf.xacro
[0.975s] -- Installing: /home/mechax/ws_y/rm_ws/install/rm_gimbal_description/share/ament_index/resource_index/package_run_dependencies/rm_gimbal_description
[0.975s] -- Installing: /home/mechax/ws_y/rm_ws/install/rm_gimbal_description/share/ament_index/resource_index/parent_prefix_path/rm_gimbal_description
[0.975s] -- Installing: /home/mechax/ws_y/rm_ws/install/rm_gimbal_description/share/rm_gimbal_description/environment/ament_prefix_path.sh
[0.975s] -- Installing: /home/mechax/ws_y/rm_ws/install/rm_gimbal_description/share/rm_gimbal_description/environment/ament_prefix_path.dsv
[0.975s] -- Installing: /home/mechax/ws_y/rm_ws/install/rm_gimbal_description/share/rm_gimbal_description/environment/path.sh
[0.976s] -- Installing: /home/mechax/ws_y/rm_ws/install/rm_gimbal_description/share/rm_gimbal_description/environment/path.dsv
[0.976s] -- Installing: /home/mechax/ws_y/rm_ws/install/rm_gimbal_description/share/rm_gimbal_description/local_setup.bash
[0.976s] -- Installing: /home/mechax/ws_y/rm_ws/install/rm_gimbal_description/share/rm_gimbal_description/local_setup.sh
[0.976s] -- Installing: /home/mechax/ws_y/rm_ws/install/rm_gimbal_description/share/rm_gimbal_description/local_setup.zsh
[0.976s] -- Installing: /home/mechax/ws_y/rm_ws/install/rm_gimbal_description/share/rm_gimbal_description/local_setup.dsv
[0.976s] -- Installing: /home/mechax/ws_y/rm_ws/install/rm_gimbal_description/share/rm_gimbal_description/package.dsv
[0.976s] -- Installing: /home/mechax/ws_y/rm_ws/install/rm_gimbal_description/share/ament_index/resource_index/packages/rm_gimbal_description
[0.976s] -- Installing: /home/mechax/ws_y/rm_ws/install/rm_gimbal_description/share/rm_gimbal_description/cmake/rm_gimbal_descriptionConfig.cmake
[0.976s] -- Installing: /home/mechax/ws_y/rm_ws/install/rm_gimbal_description/share/rm_gimbal_description/cmake/rm_gimbal_descriptionConfig-version.cmake
[0.976s] -- Installing: /home/mechax/ws_y/rm_ws/install/rm_gimbal_description/share/rm_gimbal_description/package.xml
[1.031s] Invoked command in '/home/mechax/ws_y/rm_ws/build/rm_gimbal_description' returned '0': CMAKE_PREFIX_PATH=/opt/ros/humble /usr/bin/cmake --install /home/mechax/ws_y/rm_ws/build/rm_gimbal_description
