[0.168s] Invoking command in '/home/mechax/ws_y/rm_ws/build/livox_ros_driver2': CMAKE_PREFIX_PATH=/opt/ros/humble /usr/bin/cmake /home/mechax/ws_y/rm_ws/src/rm_sensors/livox_ros_driver2 -DCMAKE_INSTALL_PREFIX=/home/mechax/ws_y/rm_ws/install/livox_ros_driver2
[0.375s] -- The C compiler identification is GNU 11.4.0
[0.375s] -- The CXX compiler identification is GNU 11.4.0
[0.375s] -- Detecting C compiler ABI info
[0.375s] -- Detecting C compiler ABI info - done
[0.375s] -- Check for working C compiler: /usr/bin/cc - skipped
[0.375s] -- Detecting C compile features
[0.375s] -- Detecting C compile features - done
[0.375s] -- Detecting CXX compiler ABI info
[0.439s] -- Detecting CXX compiler ABI info - done
[0.447s] -- Check for working CXX compiler: /usr/bin/c++ - skipped
[0.447s] -- Detecting CXX compile features
[0.448s] -- Detecting CXX compile features - done
[0.449s] -- livox_ros_driver2 version: 1.0.0
[0.451s] -- Found ament_cmake_auto: 1.3.5 (/opt/ros/humble/share/ament_cmake_auto/cmake)
[0.647s] -- Found Python3: /usr/bin/python3.10 (found version "3.10.12") found components: Interpreter 
[0.759s] -- Using all available rosidl_typesupport_c: rosidl_typesupport_fastrtps_c;rosidl_typesupport_introspection_c
[0.765s] -- Found rosidl_adapter: 3.1.5 (/opt/ros/humble/share/rosidl_adapter/cmake)
[0.791s] -- Using all available rosidl_typesupport_cpp: rosidl_typesupport_fastrtps_cpp;rosidl_typesupport_introspection_cpp
[0.868s] -- Found rmw_implementation_cmake: 6.1.1 (/opt/ros/humble/share/rmw_implementation_cmake/cmake)
[0.870s] -- Found rmw_fastrtps_cpp: 6.2.4 (/opt/ros/humble/share/rmw_fastrtps_cpp/cmake)
[0.948s] -- Found OpenSSL: /usr/lib/x86_64-linux-gnu/libcrypto.so (found version "3.0.2")  
[0.972s] -- Found FastRTPS: /opt/ros/humble/include  
[1.014s] -- Using RMW implementation 'rmw_fastrtps_cpp' as default
[1.024s] -- Looking for pthread.h
[1.090s] -- Looking for pthread.h - found
[1.090s] -- Performing Test CMAKE_HAVE_LIBC_PTHREAD
[1.150s] -- Performing Test CMAKE_HAVE_LIBC_PTHREAD - Success
[1.152s] -- Found Threads: TRUE  
[1.488s] -- Checking for module 'eigen3'
[1.499s] --   Found eigen3, version 3.4.0
[1.526s] -- Found Eigen: /usr/include/eigen3 (Required is at least version "3.1") 
[1.526s] -- Eigen found (include: /usr/include/eigen3, version: 3.4.0)
[1.544s] -- Found Boost: /usr/lib/x86_64-linux-gnu/cmake/Boost-1.74.0/BoostConfig.cmake (found suitable version "1.74.0", minimum required is "1.65.0") found components: system filesystem date_time iostreams serialization 
[1.560s] -- Checking for module 'flann'
[1.572s] --   Found flann, version 1.9.1
[1.609s] -- Found FLANN: /usr/lib/x86_64-linux-gnu/libflann_cpp.so  
[1.609s] -- FLANN found (include: /usr/include, lib: /usr/lib/x86_64-linux-gnu/libflann_cpp.so)
[1.649s] -- Found GLEW: /usr/lib/x86_64-linux-gnu/libGLEW.so  
[1.655s] -- Found OpenGL: /usr/lib/x86_64-linux-gnu/libOpenGL.so  found components: OpenGL GLX 
[1.785s] -- Found MPI_C: /usr/lib/x86_64-linux-gnu/libmpi.so (found version "3.1") 
[1.785s] -- Found MPI: TRUE (found version "3.1") found components: C 
[1.788s] -- Found JsonCpp: /usr/lib/x86_64-linux-gnu/libjsoncpp.so (found suitable version "1.9.5", minimum required is "0.7.0") 
[1.798s] -- Found ZLIB: /usr/lib/x86_64-linux-gnu/libz.so (found version "1.2.11") 
[1.816s] -- Found PNG: /usr/lib/x86_64-linux-gnu/libpng.so (found version "1.6.37") 
[1.823s] -- Found Eigen3: /usr/include/eigen3 (found version "3.4.0") 
[1.883s] -- Found X11: /usr/include   
[1.883s] -- Looking for XOpenDisplay in /usr/lib/x86_64-linux-gnu/libX11.so;/usr/lib/x86_64-linux-gnu/libXext.so
[1.931s] -- Looking for XOpenDisplay in /usr/lib/x86_64-linux-gnu/libX11.so;/usr/lib/x86_64-linux-gnu/libXext.so - found
[1.931s] -- Looking for gethostbyname
[1.981s] -- Looking for gethostbyname - found
[1.981s] -- Looking for connect
[2.064s] -- Looking for connect - found
[2.064s] -- Looking for remove
[2.146s] -- Looking for remove - found
[2.146s] -- Looking for shmat
[2.224s] -- Looking for shmat - found
[2.224s] -- Looking for IceConnectionNumber in ICE
[2.307s] -- Looking for IceConnectionNumber in ICE - found
[2.440s] -- Found EXPAT: /usr/lib/x86_64-linux-gnu/libexpat.so (found version "2.4.7") 
[2.443s] -- Found double-conversion: /usr/lib/x86_64-linux-gnu/libdouble-conversion.so  
[2.449s] -- Found LZ4: /usr/lib/x86_64-linux-gnu/liblz4.so (found version "1.9.3") 
[2.454s] -- Found LZMA: /usr/lib/x86_64-linux-gnu/liblzma.so (found version "5.2.5") 
[2.478s] -- Found JPEG: /usr/lib/x86_64-linux-gnu/libjpeg.so (found version "80") 
[2.500s] -- Found TIFF: /usr/lib/x86_64-linux-gnu/libtiff.so (found version "4.3.0")  
[2.506s] -- Found Freetype: /usr/lib/x86_64-linux-gnu/libfreetype.so (found version "2.11.1") 
[2.513s] -- Found utf8cpp: /usr/include/utf8cpp  
[2.709s] -- Checking for module 'libusb-1.0'
[2.739s] --   Found libusb-1.0, version 1.0.25
[2.827s] -- Found libusb: /usr/lib/x86_64-linux-gnu/libusb-1.0.so  
[2.829s] -- Found OpenNI: /usr/lib/libOpenNI.so;libusb::libusb (found version "1.5.4.0") 
[2.829s] -- OpenNI found (version: 1.5.4.0, include: /usr/include/ni, lib: /usr/lib/libOpenNI.so;libusb::libusb)
[2.964s] -- Found OpenNI2: /usr/lib/x86_64-linux-gnu/libOpenNI2.so;libusb::libusb (found version "2.2.0.33") 
[2.964s] -- OpenNI2 found (version: 2.2.0.33, include: /usr/include/openni2, lib: /usr/lib/x86_64-linux-gnu/libOpenNI2.so;libusb::libusb)
[2.964s] [0m** WARNING ** io features related to pcap will be disabled[0m
[3.261s] -- Eigen found (include: /usr/include/eigen3, version: 3.4.0)
[3.272s] -- OpenNI found (version: 1.5.4.0, include: /usr/include/ni, lib: /usr/lib/libOpenNI.so;libusb::libusb)
[3.281s] -- OpenNI2 found (version: 2.2.0.33, include: /usr/include/openni2, lib: /usr/lib/x86_64-linux-gnu/libOpenNI2.so;libusb::libusb)
[3.523s] -- Found Qhull version 8.0.2
[3.984s] -- OpenNI found (version: 1.5.4.0, include: /usr/include/ni, lib: /usr/lib/libOpenNI.so;libusb::libusb)
[4.349s] -- looking for PCL_COMMON
[4.351s] -- Found PCL_COMMON: /usr/lib/x86_64-linux-gnu/libpcl_common.so  
[4.352s] -- looking for PCL_KDTREE
[4.354s] -- Found PCL_KDTREE: /usr/lib/x86_64-linux-gnu/libpcl_kdtree.so  
[4.354s] -- looking for PCL_OCTREE
[4.363s] -- Found PCL_OCTREE: /usr/lib/x86_64-linux-gnu/libpcl_octree.so  
[4.364s] -- looking for PCL_SEARCH
[4.365s] -- Found PCL_SEARCH: /usr/lib/x86_64-linux-gnu/libpcl_search.so  
[4.366s] -- looking for PCL_SAMPLE_CONSENSUS
[4.368s] -- Found PCL_SAMPLE_CONSENSUS: /usr/lib/x86_64-linux-gnu/libpcl_sample_consensus.so  
[4.383s] -- looking for PCL_FILTERS
[4.386s] -- Found PCL_FILTERS: /usr/lib/x86_64-linux-gnu/libpcl_filters.so  
[4.386s] -- looking for PCL_2D
[4.386s] -- Found PCL_2D: /usr/include/pcl-1.12  
[4.387s] -- looking for PCL_GEOMETRY
[4.387s] -- Found PCL_GEOMETRY: /usr/include/pcl-1.12  
[4.388s] -- looking for PCL_IO
[4.390s] -- Found PCL_IO: /usr/lib/x86_64-linux-gnu/libpcl_io.so  
[4.391s] -- looking for PCL_FEATURES
[4.393s] -- Found PCL_FEATURES: /usr/lib/x86_64-linux-gnu/libpcl_features.so  
[4.394s] -- looking for PCL_ML
[4.396s] -- Found PCL_ML: /usr/lib/x86_64-linux-gnu/libpcl_ml.so  
[4.396s] -- looking for PCL_SEGMENTATION
[4.399s] -- Found PCL_SEGMENTATION: /usr/lib/x86_64-linux-gnu/libpcl_segmentation.so  
[4.400s] -- looking for PCL_VISUALIZATION
[4.415s] -- Found PCL_VISUALIZATION: /usr/lib/x86_64-linux-gnu/libpcl_visualization.so  
[4.416s] -- looking for PCL_SURFACE
[4.419s] -- Found PCL_SURFACE: /usr/lib/x86_64-linux-gnu/libpcl_surface.so  
[4.419s] -- looking for PCL_REGISTRATION
[4.421s] -- Found PCL_REGISTRATION: /usr/lib/x86_64-linux-gnu/libpcl_registration.so  
[4.422s] -- looking for PCL_KEYPOINTS
[4.424s] -- Found PCL_KEYPOINTS: /usr/lib/x86_64-linux-gnu/libpcl_keypoints.so  
[4.424s] -- looking for PCL_TRACKING
[4.431s] -- Found PCL_TRACKING: /usr/lib/x86_64-linux-gnu/libpcl_tracking.so  
[4.432s] -- looking for PCL_RECOGNITION
[4.434s] -- Found PCL_RECOGNITION: /usr/lib/x86_64-linux-gnu/libpcl_recognition.so  
[4.435s] -- looking for PCL_STEREO
[4.451s] -- Found PCL_STEREO: /usr/lib/x86_64-linux-gnu/libpcl_stereo.so  
[4.452s] -- looking for PCL_APPS
[4.454s] -- Found PCL_APPS: /usr/lib/x86_64-linux-gnu/libpcl_apps.so  
[4.455s] -- looking for PCL_IN_HAND_SCANNER
[4.455s] -- Found PCL_IN_HAND_SCANNER: /usr/include/pcl-1.12  
[4.456s] -- looking for PCL_MODELER
[4.456s] -- Found PCL_MODELER: /usr/include/pcl-1.12  
[4.456s] -- looking for PCL_POINT_CLOUD_EDITOR
[4.457s] -- Found PCL_POINT_CLOUD_EDITOR: /usr/include/pcl-1.12  
[4.457s] -- looking for PCL_OUTOFCORE
[4.459s] -- Found PCL_OUTOFCORE: /usr/lib/x86_64-linux-gnu/libpcl_outofcore.so  
[4.460s] -- looking for PCL_PEOPLE
[4.462s] -- Found PCL_PEOPLE: /usr/lib/x86_64-linux-gnu/libpcl_people.so  
[4.463s] -- Found PCL: pcl_common;pcl_kdtree;pcl_octree;pcl_search;pcl_sample_consensus;pcl_filters;pcl_io;pcl_features;pcl_ml;pcl_segmentation;pcl_visualization;pcl_surface;pcl_registration;pcl_keypoints;pcl_tracking;pcl_recognition;pcl_stereo;pcl_apps;pcl_outofcore;pcl_people;Boost::system;Boost::filesystem;Boost::date_time;Boost::iostreams;Boost::serialization;/usr/lib/libOpenNI.so;libusb::libusb;/usr/lib/x86_64-linux-gnu/libOpenNI2.so;libusb::libusb;VTK::ChartsCore;VTK::CommonColor;VTK::CommonComputationalGeometry;VTK::CommonCore;VTK::CommonDataModel;VTK::CommonExecutionModel;VTK::CommonMath;VTK::CommonMisc;VTK::CommonTransforms;VTK::FiltersCore;VTK::FiltersExtraction;VTK::FiltersGeneral;VTK::FiltersGeometry;VTK::FiltersModeling;VTK::FiltersSources;VTK::ImagingCore;VTK::ImagingSources;VTK::InteractionImage;VTK::InteractionStyle;VTK::InteractionWidgets;VTK::IOCore;VTK::IOGeometry;VTK::IOImage;VTK::IOLegacy;VTK::IOPLY;VTK::RenderingAnnotation;VTK::RenderingCore;VTK::RenderingContext2D;VTK::RenderingLOD;VTK::RenderingFreeType;VTK::ViewsCore;VTK::ViewsContext2D;VTK::RenderingOpenGL2;VTK::GUISupportQt;FLANN::FLANN;QHULL::QHULL  
[4.494s] -- Found PkgConfig: /usr/bin/pkg-config (found version "0.29.2") 
[4.499s] -- Checking for module 'apr-1'
[4.505s] --   No package 'apr-1' found
[5.194s] -- Found ament_cmake_ros: 0.10.0 (/opt/ros/humble/share/ament_cmake_ros/cmake)
[5.551s] -- Using all available rosidl_typesupport_c: rosidl_typesupport_fastrtps_c;rosidl_typesupport_introspection_c
[5.877s] -- Using all available rosidl_typesupport_cpp: rosidl_typesupport_fastrtps_cpp;rosidl_typesupport_introspection_cpp
[5.895s] -- Found PythonInterp: /usr/bin/python3 (found suitable version "3.10.12", minimum required is "3.6") 
[5.897s] -- Found python_cmake_module: 0.10.0 (/opt/ros/humble/share/python_cmake_module/cmake)
[5.918s] -- Found PythonLibs: /usr/lib/x86_64-linux-gnu/libpython3.10.so (found suitable version "3.10.12", minimum required is "3.5") 
[5.918s] -- Using PYTHON_EXECUTABLE: /usr/bin/python3
[5.918s] -- Using PYTHON_INCLUDE_DIRS: /usr/include/python3.10
[5.918s] -- Using PYTHON_LIBRARIES: /usr/lib/x86_64-linux-gnu/libpython3.10.so
[5.943s] -- Found PythonExtra: .so  
[5.999s] [0m/usr/local/lib/liblivox_lidar_sdk_shared.so[0m
[6.106s] -- Found ament_lint_auto: 0.12.8 (/opt/ros/humble/share/ament_lint_auto/cmake)
[6.149s] -- Added test 'copyright' to check source files copyright and LICENSE
[6.153s] -- Added test 'cppcheck' to perform static code analysis on C / C++ code
[6.154s] -- Configured cppcheck include dirs: /home/mechax/ws_y/rm_ws/src/rm_sensors/livox_ros_driver2/3rdparty;/home/mechax/ws_y/rm_ws/src/rm_sensors/livox_ros_driver2/src
[6.154s] -- Configured cppcheck exclude dirs and/or files: 
[6.159s] -- Added test 'cpplint' to check C / C++ code against the Google style
[6.159s] -- Configured cpplint exclude dirs and/or files: 
[6.161s] -- Added test 'flake8' to check Python code syntax and style conventions
[6.162s] -- Added test 'lint_cmake' to check CMake code style
[6.164s] -- Added test 'pep257' to check Python code against some of the docstring style conventions in PEP 257
[6.167s] -- Added test 'uncrustify' to check C / C++ code style
[6.168s] -- Configured uncrustify additional arguments: 
[6.169s] -- Added test 'xmllint' to check XML markup files
[6.175s] -- Configuring done
[6.396s] -- Generating done
[6.412s] -- Build files have been written to: /home/mechax/ws_y/rm_ws/build/livox_ros_driver2
[6.516s] Invoked command in '/home/mechax/ws_y/rm_ws/build/livox_ros_driver2' returned '0': CMAKE_PREFIX_PATH=/opt/ros/humble /usr/bin/cmake /home/mechax/ws_y/rm_ws/src/rm_sensors/livox_ros_driver2 -DCMAKE_INSTALL_PREFIX=/home/mechax/ws_y/rm_ws/install/livox_ros_driver2
[6.516s] Invoking command in '/home/mechax/ws_y/rm_ws/build/livox_ros_driver2': CMAKE_PREFIX_PATH=/opt/ros/humble /usr/bin/cmake --build /home/mechax/ws_y/rm_ws/build/livox_ros_driver2 -- -j16 -l16
[6.732s] [  1%] [34m[1mGenerating C code for ROS interfaces[0m
[6.796s] [  3%] [34m[1mGenerating C++ code for ROS interfaces[0m
[6.847s] [  3%] Built target ament_cmake_python_copy_livox_ros_driver2
[6.848s] [  5%] [32mBuilding CXX object CMakeFiles/livox_ros_driver2_node.dir/rclcpp_components/node_main_livox_ros_driver2_node.cpp.o[0m
[7.731s] running egg_info
[7.733s] creating livox_ros_driver2.egg-info
[7.733s] writing livox_ros_driver2.egg-info/PKG-INFO
[7.733s] writing dependency_links to livox_ros_driver2.egg-info/dependency_links.txt
[7.734s] writing top-level names to livox_ros_driver2.egg-info/top_level.txt
[7.734s] writing manifest file 'livox_ros_driver2.egg-info/SOURCES.txt'
[7.762s] reading manifest file 'livox_ros_driver2.egg-info/SOURCES.txt'
[7.762s] writing manifest file 'livox_ros_driver2.egg-info/SOURCES.txt'
[7.971s] [  5%] Built target ament_cmake_python_build_livox_ros_driver2_egg
[8.152s] [  7%] [32mBuilding C object CMakeFiles/livox_interfaces2__rosidl_generator_c.dir/rosidl_generator_c/livox_ros_driver2/msg/detail/custom_msg__functions.c.o[0m
[8.167s] [  8%] [32mBuilding C object CMakeFiles/livox_interfaces2__rosidl_generator_c.dir/rosidl_generator_c/livox_ros_driver2/msg/detail/custom_point__functions.c.o[0m
[8.183s] [  8%] Built target livox_interfaces2__cpp
[8.216s] [ 10%] [34m[1mGenerating C++ type support dispatch for ROS interfaces[0m
[8.261s] [ 12%] [34m[1mGenerating C++ introspection for ROS interfaces[0m
[8.274s] [ 14%] [34m[1mGenerating C++ type support for eProsima Fast-RTPS[0m
[8.371s] [ 15%] [32m[1mLinking C shared library liblivox_ros_driver2__rosidl_generator_c.so[0m
[8.518s] [ 15%] Built target livox_interfaces2__rosidl_generator_c
[8.599s] [ 17%] [34m[1mGenerating C type support for eProsima Fast-RTPS[0m
[8.618s] [ 19%] [34m[1mGenerating C introspection for ROS interfaces[0m
[8.626s] [ 21%] [34m[1mGenerating C type support dispatch for ROS interfaces[0m
[8.958s] [ 22%] [32mBuilding CXX object CMakeFiles/livox_interfaces2__rosidl_typesupport_introspection_cpp.dir/rosidl_typesupport_introspection_cpp/livox_ros_driver2/msg/detail/custom_point__type_support.cpp.o[0m
[8.962s] [ 24%] [32mBuilding CXX object CMakeFiles/livox_interfaces2__rosidl_typesupport_introspection_cpp.dir/rosidl_typesupport_introspection_cpp/livox_ros_driver2/msg/detail/custom_msg__type_support.cpp.o[0m
[9.057s] [ 26%] [32mBuilding CXX object CMakeFiles/livox_interfaces2__rosidl_typesupport_cpp.dir/rosidl_typesupport_cpp/livox_ros_driver2/msg/custom_point__type_support.cpp.o[0m
[9.090s] [ 28%] [32mBuilding CXX object CMakeFiles/livox_interfaces2__rosidl_typesupport_cpp.dir/rosidl_typesupport_cpp/livox_ros_driver2/msg/custom_msg__type_support.cpp.o[0m
[9.174s] [ 29%] [32mBuilding CXX object CMakeFiles/livox_interfaces2__rosidl_typesupport_fastrtps_cpp.dir/rosidl_typesupport_fastrtps_cpp/livox_ros_driver2/msg/detail/dds_fastrtps/custom_point__type_support.cpp.o[0m
[9.177s] [ 31%] [32mBuilding CXX object CMakeFiles/livox_interfaces2__rosidl_typesupport_fastrtps_cpp.dir/rosidl_typesupport_fastrtps_cpp/livox_ros_driver2/msg/detail/dds_fastrtps/custom_msg__type_support.cpp.o[0m
[9.660s] [ 33%] [32mBuilding CXX object CMakeFiles/livox_interfaces2__rosidl_typesupport_c.dir/rosidl_typesupport_c/livox_ros_driver2/msg/custom_point__type_support.cpp.o[0m
[9.678s] [ 35%] [32mBuilding CXX object CMakeFiles/livox_interfaces2__rosidl_typesupport_c.dir/rosidl_typesupport_c/livox_ros_driver2/msg/custom_msg__type_support.cpp.o[0m
[9.760s] [ 36%] [32m[1mLinking CXX shared library liblivox_ros_driver2__rosidl_typesupport_c.so[0m
[9.796s] [ 38%] [32mBuilding CXX object CMakeFiles/livox_interfaces2__rosidl_typesupport_fastrtps_c.dir/rosidl_typesupport_fastrtps_c/livox_ros_driver2/msg/detail/custom_msg__type_support_c.cpp.o[0m
[9.801s] [ 40%] [32mBuilding CXX object CMakeFiles/livox_interfaces2__rosidl_typesupport_fastrtps_c.dir/rosidl_typesupport_fastrtps_c/livox_ros_driver2/msg/detail/custom_point__type_support_c.cpp.o[0m
[9.860s] [ 40%] Built target livox_interfaces2__rosidl_typesupport_c
[9.923s] [ 42%] [32m[1mLinking CXX shared library liblivox_ros_driver2__rosidl_typesupport_cpp.so[0m
[10.083s] [ 43%] Built target livox_interfaces2__rosidl_typesupport_cpp
[10.087s] [ 43%] [32m[1mLinking CXX shared library liblivox_ros_driver2__rosidl_typesupport_introspection_cpp.so[0m
[10.134s] [ 45%] [32mBuilding CXX object CMakeFiles/livox_ros_driver2.dir/src/lddc.cpp.o[0m
[10.144s] [ 47%] [32mBuilding CXX object CMakeFiles/livox_ros_driver2.dir/src/livox_ros_driver2.cpp.o[0m
[10.161s] [ 49%] [32mBuilding C object CMakeFiles/livox_interfaces2__rosidl_typesupport_introspection_c.dir/rosidl_typesupport_introspection_c/livox_ros_driver2/msg/detail/custom_point__type_support.c.o[0m
[10.180s] [ 50%] [32mBuilding C object CMakeFiles/livox_interfaces2__rosidl_typesupport_introspection_c.dir/rosidl_typesupport_introspection_c/livox_ros_driver2/msg/detail/custom_msg__type_support.c.o[0m
[10.204s] [ 52%] [32mBuilding CXX object CMakeFiles/livox_ros_driver2.dir/src/driver_node.cpp.o[0m
[10.245s] [ 54%] [32mBuilding CXX object CMakeFiles/livox_ros_driver2.dir/src/lds.cpp.o[0m
[10.262s] [ 56%] [32mBuilding CXX object CMakeFiles/livox_ros_driver2.dir/src/lds_lidar.cpp.o[0m
[10.275s] In file included from [01m[K/home/mechax/ws_y/rm_ws/src/rm_sensors/livox_ros_driver2/src/driver_node.h:28[m[K,
[10.275s]                  from [01m[K/home/mechax/ws_y/rm_ws/src/rm_sensors/livox_ros_driver2/src/driver_node.cpp:25[m[K:
[10.275s] [01m[K/home/mechax/ws_y/rm_ws/src/rm_sensors/livox_ros_driver2/src/include/ros_headers.h:28:[m[K [01;35m[Kwarning: [m[K"BUILDING_ROS2" redefined
[10.276s]    28 | #define BUILDING_ROS2
[10.276s]       | 
[10.276s] [01m[K<command-line>:[m[K [01;36m[Knote: [m[Kthis is the location of the previous definition
[10.333s] [ 57%] [32mBuilding CXX object CMakeFiles/livox_ros_driver2.dir/src/comm/comm.cpp.o[0m
[10.346s] [ 59%] [32mBuilding CXX object CMakeFiles/livox_ros_driver2.dir/src/comm/ldq.cpp.o[0m
[10.371s] [ 63%] [32mBuilding CXX object CMakeFiles/livox_ros_driver2.dir/src/comm/lidar_imu_data_queue.cpp.o[0m
[10.371s] [ 61%] [32mBuilding CXX object CMakeFiles/livox_ros_driver2.dir/src/comm/semaphore.cpp.o[0m
[10.399s] [ 64%] [32m[1mLinking C shared library liblivox_ros_driver2__rosidl_typesupport_introspection_c.so[0m
[10.473s] [ 66%] [32mBuilding CXX object CMakeFiles/livox_ros_driver2.dir/src/comm/cache_index.cpp.o[0m
[10.510s] In file included from [01m[K/home/mechax/ws_y/rm_ws/src/rm_sensors/livox_ros_driver2/src/driver_node.h:28[m[K,
[10.511s]                  from [01m[K/home/mechax/ws_y/rm_ws/src/rm_sensors/livox_ros_driver2/src/lddc.h:31[m[K,
[10.512s]                  from [01m[K/home/mechax/ws_y/rm_ws/src/rm_sensors/livox_ros_driver2/src/lddc.cpp:25[m[K:
[10.512s] [01m[K/home/mechax/ws_y/rm_ws/src/rm_sensors/livox_ros_driver2/src/include/ros_headers.h:28:[m[K [01;35m[Kwarning: [m[K"BUILDING_ROS2" redefined
[10.513s]    28 | #define BUILDING_ROS2
[10.513s]       | 
[10.514s] [01m[K<command-line>:[m[K [01;36m[Knote: [m[Kthis is the location of the previous definition
[10.520s] [ 68%] Built target livox_interfaces2__rosidl_typesupport_introspection_c
[10.527s] [ 68%] [32mBuilding CXX object CMakeFiles/livox_ros_driver2.dir/src/comm/pub_handler.cpp.o[0m
[10.582s] [ 70%] [32mBuilding CXX object CMakeFiles/livox_ros_driver2.dir/src/parse_cfg_file/parse_cfg_file.cpp.o[0m
[10.616s] In file included from [01m[K/home/mechax/ws_y/rm_ws/src/rm_sensors/livox_ros_driver2/src/driver_node.h:28[m[K,
[10.616s]                  from [01m[K/home/mechax/ws_y/rm_ws/src/rm_sensors/livox_ros_driver2/src/livox_ros_driver2.cpp:32[m[K:
[10.616s] [01m[K/home/mechax/ws_y/rm_ws/src/rm_sensors/livox_ros_driver2/src/include/ros_headers.h:28:[m[K [01;35m[Kwarning: [m[K"BUILDING_ROS2" redefined
[10.616s]    28 | #define BUILDING_ROS2
[10.617s]       | 
[10.618s] [ 70%] Built target livox_interfaces2__rosidl_typesupport_introspection_cpp
[10.621s] [01m[K<command-line>:[m[K [01;36m[Knote: [m[Kthis is the location of the previous definition
[10.689s] [ 71%] [32mBuilding CXX object CMakeFiles/livox_ros_driver2.dir/src/parse_cfg_file/parse_livox_lidar_cfg.cpp.o[0m
[10.766s] [ 73%] [32m[1mLinking CXX shared library liblivox_ros_driver2__rosidl_typesupport_fastrtps_cpp.so[0m
[10.920s] [ 75%] [32m[1mLinking CXX shared library liblivox_ros_driver2__rosidl_typesupport_fastrtps_c.so[0m
[11.069s] [ 77%] [32mBuilding CXX object CMakeFiles/livox_ros_driver2.dir/src/call_back/lidar_common_callback.cpp.o[0m
[11.283s] [ 77%] Built target livox_interfaces2__rosidl_typesupport_fastrtps_cpp
[11.358s] [ 78%] [32mBuilding CXX object CMakeFiles/livox_ros_driver2.dir/src/call_back/livox_lidar_callback.cpp.o[0m
[11.468s] [ 78%] Built target livox_interfaces2__rosidl_typesupport_fastrtps_c
[11.652s] [ 78%] Built target livox_interfaces2
[11.842s] [ 80%] [34m[1mGenerating Python code for ROS interfaces[0m
[13.496s] In file included from [01m[K/home/mechax/ws_y/rm_ws/src/rm_sensors/livox_ros_driver2/src/lds_lidar.cpp:47[m[K:
[13.496s] [01m[K/home/mechax/ws_y/rm_ws/src/rm_sensors/livox_ros_driver2/src/comm/pub_handler.h:44:29:[m[K [01;35m[Kwarning: [m[K‘[01m[Klivox_ros::extrinsic_global[m[K’ defined but not used [[01;35m[K]8;;https://gcc.gnu.org/onlinedocs/gcc/Warning-Options.html#index-Wunused-variable-Wunused-variable]8;;[m[K]
[13.496s]    44 | static ExtParameterDetailed [01;35m[Kextrinsic_global[m[K = {
[13.496s]       |                             [01;35m[K^~~~~~~~~~~~~~~~[m[K
[13.991s] [ 80%] Built target livox_interfaces2__py
[14.148s] [ 82%] [32mBuilding C object CMakeFiles/livox_interfaces2__rosidl_generator_py.dir/rosidl_generator_py/livox_ros_driver2/msg/_custom_point_s.c.o[0m
[14.166s] [ 84%] [32mBuilding C object CMakeFiles/livox_interfaces2__rosidl_generator_py.dir/rosidl_generator_py/livox_ros_driver2/msg/_custom_msg_s.c.o[0m
[14.547s] [ 85%] [32m[1mLinking C shared library rosidl_generator_py/livox_ros_driver2/liblivox_interfaces2__rosidl_generator_py.so[0m
[14.788s] [ 85%] Built target livox_interfaces2__rosidl_generator_py
[14.946s] [ 87%] [32mBuilding C object CMakeFiles/livox_ros_driver2__rosidl_typesupport_c__pyext.dir/rosidl_generator_py/livox_ros_driver2/_livox_ros_driver2_s.ep.rosidl_typesupport_c.c.o[0m
[15.029s] [ 89%] [32mBuilding C object CMakeFiles/livox_ros_driver2__rosidl_typesupport_fastrtps_c__pyext.dir/rosidl_generator_py/livox_ros_driver2/_livox_ros_driver2_s.ep.rosidl_typesupport_fastrtps_c.c.o[0m
[15.047s] [ 91%] [32mBuilding C object CMakeFiles/livox_ros_driver2__rosidl_typesupport_introspection_c__pyext.dir/rosidl_generator_py/livox_ros_driver2/_livox_ros_driver2_s.ep.rosidl_typesupport_introspection_c.c.o[0m
[15.254s] [ 92%] [32m[1mLinking C shared library rosidl_generator_py/livox_ros_driver2/livox_ros_driver2_s__rosidl_typesupport_c.cpython-310-x86_64-linux-gnu.so[0m
[15.254s] [ 94%] [32m[1mLinking C shared library rosidl_generator_py/livox_ros_driver2/livox_ros_driver2_s__rosidl_typesupport_fastrtps_c.cpython-310-x86_64-linux-gnu.so[0m
[15.409s] [ 96%] [32m[1mLinking C shared library rosidl_generator_py/livox_ros_driver2/livox_ros_driver2_s__rosidl_typesupport_introspection_c.cpython-310-x86_64-linux-gnu.so[0m
[15.444s] [ 96%] Built target livox_ros_driver2__rosidl_typesupport_c__pyext
[15.461s] [ 96%] Built target livox_ros_driver2__rosidl_typesupport_fastrtps_c__pyext
[15.606s] [ 96%] Built target livox_ros_driver2__rosidl_typesupport_introspection_c__pyext
[19.979s] [ 98%] [32m[1mLinking CXX executable livox_ros_driver2_node[0m
[20.276s] [ 98%] Built target livox_ros_driver2_node
[35.340s] [100%] [32m[1mLinking CXX shared library liblivox_ros_driver2.so[0m
[36.919s] [100%] Built target livox_ros_driver2
[36.942s] Invoked command in '/home/mechax/ws_y/rm_ws/build/livox_ros_driver2' returned '0': CMAKE_PREFIX_PATH=/opt/ros/humble /usr/bin/cmake --build /home/mechax/ws_y/rm_ws/build/livox_ros_driver2 -- -j16 -l16
[37.121s] Invoking command in '/home/mechax/ws_y/rm_ws/build/livox_ros_driver2': CMAKE_PREFIX_PATH=/opt/ros/humble /usr/bin/cmake --install /home/mechax/ws_y/rm_ws/build/livox_ros_driver2
[37.134s] -- Install configuration: ""
[37.135s] -- Installing: /home/mechax/ws_y/rm_ws/install/livox_ros_driver2/share/ament_index/resource_index/rosidl_interfaces/livox_ros_driver2
[37.136s] -- Up-to-date: /home/mechax/ws_y/rm_ws/install/livox_ros_driver2/include/livox_ros_driver2/livox_ros_driver2
[37.136s] -- Up-to-date: /home/mechax/ws_y/rm_ws/install/livox_ros_driver2/include/livox_ros_driver2/livox_ros_driver2/msg
[37.136s] -- Installing: /home/mechax/ws_y/rm_ws/install/livox_ros_driver2/include/livox_ros_driver2/livox_ros_driver2/msg/custom_msg.h
[37.136s] -- Installing: /home/mechax/ws_y/rm_ws/install/livox_ros_driver2/include/livox_ros_driver2/livox_ros_driver2/msg/custom_point.h
[37.137s] -- Up-to-date: /home/mechax/ws_y/rm_ws/install/livox_ros_driver2/include/livox_ros_driver2/livox_ros_driver2/msg/detail
[37.137s] -- Installing: /home/mechax/ws_y/rm_ws/install/livox_ros_driver2/include/livox_ros_driver2/livox_ros_driver2/msg/detail/custom_point__type_support.h
[37.137s] -- Installing: /home/mechax/ws_y/rm_ws/install/livox_ros_driver2/include/livox_ros_driver2/livox_ros_driver2/msg/detail/custom_point__struct.h
[37.137s] -- Installing: /home/mechax/ws_y/rm_ws/install/livox_ros_driver2/include/livox_ros_driver2/livox_ros_driver2/msg/detail/custom_msg__type_support.h
[37.142s] -- Installing: /home/mechax/ws_y/rm_ws/install/livox_ros_driver2/include/livox_ros_driver2/livox_ros_driver2/msg/detail/custom_msg__functions.h
[37.142s] -- Installing: /home/mechax/ws_y/rm_ws/install/livox_ros_driver2/include/livox_ros_driver2/livox_ros_driver2/msg/detail/custom_point__functions.c
[37.142s] -- Installing: /home/mechax/ws_y/rm_ws/install/livox_ros_driver2/include/livox_ros_driver2/livox_ros_driver2/msg/detail/custom_point__functions.h
[37.143s] -- Installing: /home/mechax/ws_y/rm_ws/install/livox_ros_driver2/include/livox_ros_driver2/livox_ros_driver2/msg/detail/custom_msg__struct.h
[37.143s] -- Installing: /home/mechax/ws_y/rm_ws/install/livox_ros_driver2/include/livox_ros_driver2/livox_ros_driver2/msg/detail/custom_msg__functions.c
[37.143s] -- Installing: /home/mechax/ws_y/rm_ws/install/livox_ros_driver2/include/livox_ros_driver2/livox_ros_driver2/msg/rosidl_generator_c__visibility_control.h
[37.143s] -- Up-to-date: /home/mechax/ws_y/rm_ws/install/livox_ros_driver2/share/livox_ros_driver2/environment/library_path.sh
[37.146s] -- Installing: /home/mechax/ws_y/rm_ws/install/livox_ros_driver2/share/livox_ros_driver2/environment/library_path.dsv
[37.147s] -- Installing: /home/mechax/ws_y/rm_ws/install/livox_ros_driver2/lib/liblivox_ros_driver2__rosidl_generator_c.so
[37.147s] -- Set runtime path of "/home/mechax/ws_y/rm_ws/install/livox_ros_driver2/lib/liblivox_ros_driver2__rosidl_generator_c.so" to ""
[37.147s] -- Up-to-date: /home/mechax/ws_y/rm_ws/install/livox_ros_driver2/include/livox_ros_driver2/livox_ros_driver2
[37.147s] -- Up-to-date: /home/mechax/ws_y/rm_ws/install/livox_ros_driver2/include/livox_ros_driver2/livox_ros_driver2/msg
[37.147s] -- Up-to-date: /home/mechax/ws_y/rm_ws/install/livox_ros_driver2/include/livox_ros_driver2/livox_ros_driver2/msg/detail
[37.147s] -- Installing: /home/mechax/ws_y/rm_ws/install/livox_ros_driver2/include/livox_ros_driver2/livox_ros_driver2/msg/detail/custom_msg__rosidl_typesupport_fastrtps_c.h
[37.147s] -- Installing: /home/mechax/ws_y/rm_ws/install/livox_ros_driver2/include/livox_ros_driver2/livox_ros_driver2/msg/detail/custom_point__rosidl_typesupport_fastrtps_c.h
[37.147s] -- Installing: /home/mechax/ws_y/rm_ws/install/livox_ros_driver2/include/livox_ros_driver2/livox_ros_driver2/msg/rosidl_typesupport_fastrtps_c__visibility_control.h
[37.147s] -- Installing: /home/mechax/ws_y/rm_ws/install/livox_ros_driver2/lib/liblivox_ros_driver2__rosidl_typesupport_fastrtps_c.so
[37.147s] -- Set runtime path of "/home/mechax/ws_y/rm_ws/install/livox_ros_driver2/lib/liblivox_ros_driver2__rosidl_typesupport_fastrtps_c.so" to ""
[37.148s] -- Up-to-date: /home/mechax/ws_y/rm_ws/install/livox_ros_driver2/include/livox_ros_driver2/livox_ros_driver2
[37.148s] -- Up-to-date: /home/mechax/ws_y/rm_ws/install/livox_ros_driver2/include/livox_ros_driver2/livox_ros_driver2/msg
[37.148s] -- Installing: /home/mechax/ws_y/rm_ws/install/livox_ros_driver2/include/livox_ros_driver2/livox_ros_driver2/msg/rosidl_typesupport_introspection_c__visibility_control.h
[37.148s] -- Up-to-date: /home/mechax/ws_y/rm_ws/install/livox_ros_driver2/include/livox_ros_driver2/livox_ros_driver2/msg/detail
[37.148s] -- Installing: /home/mechax/ws_y/rm_ws/install/livox_ros_driver2/include/livox_ros_driver2/livox_ros_driver2/msg/detail/custom_point__rosidl_typesupport_introspection_c.h
[37.148s] -- Installing: /home/mechax/ws_y/rm_ws/install/livox_ros_driver2/include/livox_ros_driver2/livox_ros_driver2/msg/detail/custom_msg__type_support.c
[37.148s] -- Installing: /home/mechax/ws_y/rm_ws/install/livox_ros_driver2/include/livox_ros_driver2/livox_ros_driver2/msg/detail/custom_point__type_support.c
[37.148s] -- Installing: /home/mechax/ws_y/rm_ws/install/livox_ros_driver2/include/livox_ros_driver2/livox_ros_driver2/msg/detail/custom_msg__rosidl_typesupport_introspection_c.h
[37.148s] -- Installing: /home/mechax/ws_y/rm_ws/install/livox_ros_driver2/lib/liblivox_ros_driver2__rosidl_typesupport_introspection_c.so
[37.148s] -- Set runtime path of "/home/mechax/ws_y/rm_ws/install/livox_ros_driver2/lib/liblivox_ros_driver2__rosidl_typesupport_introspection_c.so" to ""
[37.148s] -- Installing: /home/mechax/ws_y/rm_ws/install/livox_ros_driver2/lib/liblivox_ros_driver2__rosidl_typesupport_c.so
[37.148s] -- Set runtime path of "/home/mechax/ws_y/rm_ws/install/livox_ros_driver2/lib/liblivox_ros_driver2__rosidl_typesupport_c.so" to ""
[37.149s] -- Up-to-date: /home/mechax/ws_y/rm_ws/install/livox_ros_driver2/include/livox_ros_driver2/livox_ros_driver2
[37.149s] -- Up-to-date: /home/mechax/ws_y/rm_ws/install/livox_ros_driver2/include/livox_ros_driver2/livox_ros_driver2/msg
[37.149s] -- Installing: /home/mechax/ws_y/rm_ws/install/livox_ros_driver2/include/livox_ros_driver2/livox_ros_driver2/msg/custom_point.hpp
[37.149s] -- Up-to-date: /home/mechax/ws_y/rm_ws/install/livox_ros_driver2/include/livox_ros_driver2/livox_ros_driver2/msg/detail
[37.149s] -- Installing: /home/mechax/ws_y/rm_ws/install/livox_ros_driver2/include/livox_ros_driver2/livox_ros_driver2/msg/detail/custom_point__builder.hpp
[37.149s] -- Installing: /home/mechax/ws_y/rm_ws/install/livox_ros_driver2/include/livox_ros_driver2/livox_ros_driver2/msg/detail/custom_point__traits.hpp
[37.149s] -- Installing: /home/mechax/ws_y/rm_ws/install/livox_ros_driver2/include/livox_ros_driver2/livox_ros_driver2/msg/detail/custom_msg__builder.hpp
[37.149s] -- Installing: /home/mechax/ws_y/rm_ws/install/livox_ros_driver2/include/livox_ros_driver2/livox_ros_driver2/msg/detail/custom_msg__struct.hpp
[37.149s] -- Installing: /home/mechax/ws_y/rm_ws/install/livox_ros_driver2/include/livox_ros_driver2/livox_ros_driver2/msg/detail/custom_point__struct.hpp
[37.150s] -- Installing: /home/mechax/ws_y/rm_ws/install/livox_ros_driver2/include/livox_ros_driver2/livox_ros_driver2/msg/detail/custom_msg__traits.hpp
[37.150s] -- Installing: /home/mechax/ws_y/rm_ws/install/livox_ros_driver2/include/livox_ros_driver2/livox_ros_driver2/msg/custom_msg.hpp
[37.150s] -- Up-to-date: /home/mechax/ws_y/rm_ws/install/livox_ros_driver2/include/livox_ros_driver2/livox_ros_driver2
[37.150s] -- Up-to-date: /home/mechax/ws_y/rm_ws/install/livox_ros_driver2/include/livox_ros_driver2/livox_ros_driver2/msg
[37.150s] -- Up-to-date: /home/mechax/ws_y/rm_ws/install/livox_ros_driver2/include/livox_ros_driver2/livox_ros_driver2/msg/detail
[37.150s] -- Installing: /home/mechax/ws_y/rm_ws/install/livox_ros_driver2/include/livox_ros_driver2/livox_ros_driver2/msg/detail/custom_msg__rosidl_typesupport_fastrtps_cpp.hpp
[37.150s] -- Installing: /home/mechax/ws_y/rm_ws/install/livox_ros_driver2/include/livox_ros_driver2/livox_ros_driver2/msg/detail/custom_point__rosidl_typesupport_fastrtps_cpp.hpp
[37.150s] -- Up-to-date: /home/mechax/ws_y/rm_ws/install/livox_ros_driver2/include/livox_ros_driver2/livox_ros_driver2/msg/detail/dds_fastrtps
[37.150s] -- Installing: /home/mechax/ws_y/rm_ws/install/livox_ros_driver2/include/livox_ros_driver2/livox_ros_driver2/msg/rosidl_typesupport_fastrtps_cpp__visibility_control.h
[37.151s] -- Installing: /home/mechax/ws_y/rm_ws/install/livox_ros_driver2/lib/liblivox_ros_driver2__rosidl_typesupport_fastrtps_cpp.so
[37.151s] -- Set runtime path of "/home/mechax/ws_y/rm_ws/install/livox_ros_driver2/lib/liblivox_ros_driver2__rosidl_typesupport_fastrtps_cpp.so" to ""
[37.151s] -- Up-to-date: /home/mechax/ws_y/rm_ws/install/livox_ros_driver2/include/livox_ros_driver2/livox_ros_driver2
[37.151s] -- Up-to-date: /home/mechax/ws_y/rm_ws/install/livox_ros_driver2/include/livox_ros_driver2/livox_ros_driver2/msg
[37.151s] -- Up-to-date: /home/mechax/ws_y/rm_ws/install/livox_ros_driver2/include/livox_ros_driver2/livox_ros_driver2/msg/detail
[37.151s] -- Installing: /home/mechax/ws_y/rm_ws/install/livox_ros_driver2/include/livox_ros_driver2/livox_ros_driver2/msg/detail/custom_point__rosidl_typesupport_introspection_cpp.hpp
[37.151s] -- Installing: /home/mechax/ws_y/rm_ws/install/livox_ros_driver2/include/livox_ros_driver2/livox_ros_driver2/msg/detail/custom_msg__type_support.cpp
[37.151s] -- Installing: /home/mechax/ws_y/rm_ws/install/livox_ros_driver2/include/livox_ros_driver2/livox_ros_driver2/msg/detail/custom_point__type_support.cpp
[37.151s] -- Installing: /home/mechax/ws_y/rm_ws/install/livox_ros_driver2/include/livox_ros_driver2/livox_ros_driver2/msg/detail/custom_msg__rosidl_typesupport_introspection_cpp.hpp
[37.151s] -- Installing: /home/mechax/ws_y/rm_ws/install/livox_ros_driver2/lib/liblivox_ros_driver2__rosidl_typesupport_introspection_cpp.so
[37.151s] -- Set runtime path of "/home/mechax/ws_y/rm_ws/install/livox_ros_driver2/lib/liblivox_ros_driver2__rosidl_typesupport_introspection_cpp.so" to ""
[37.152s] -- Installing: /home/mechax/ws_y/rm_ws/install/livox_ros_driver2/lib/liblivox_ros_driver2__rosidl_typesupport_cpp.so
[37.152s] -- Set runtime path of "/home/mechax/ws_y/rm_ws/install/livox_ros_driver2/lib/liblivox_ros_driver2__rosidl_typesupport_cpp.so" to ""
[37.152s] -- Installing: /home/mechax/ws_y/rm_ws/install/livox_ros_driver2/share/livox_ros_driver2/environment/pythonpath.sh
[37.152s] -- Installing: /home/mechax/ws_y/rm_ws/install/livox_ros_driver2/share/livox_ros_driver2/environment/pythonpath.dsv
[37.152s] -- Up-to-date: /home/mechax/ws_y/rm_ws/install/livox_ros_driver2/local/lib/python3.10/dist-packages/livox_ros_driver2-1.0.0-py3.10.egg-info
[37.152s] -- Installing: /home/mechax/ws_y/rm_ws/install/livox_ros_driver2/local/lib/python3.10/dist-packages/livox_ros_driver2-1.0.0-py3.10.egg-info/SOURCES.txt
[37.152s] -- Installing: /home/mechax/ws_y/rm_ws/install/livox_ros_driver2/local/lib/python3.10/dist-packages/livox_ros_driver2-1.0.0-py3.10.egg-info/top_level.txt
[37.152s] -- Installing: /home/mechax/ws_y/rm_ws/install/livox_ros_driver2/local/lib/python3.10/dist-packages/livox_ros_driver2-1.0.0-py3.10.egg-info/PKG-INFO
[37.152s] -- Installing: /home/mechax/ws_y/rm_ws/install/livox_ros_driver2/local/lib/python3.10/dist-packages/livox_ros_driver2-1.0.0-py3.10.egg-info/dependency_links.txt
[37.152s] -- Up-to-date: /home/mechax/ws_y/rm_ws/install/livox_ros_driver2/local/lib/python3.10/dist-packages/livox_ros_driver2
[37.152s] -- Up-to-date: /home/mechax/ws_y/rm_ws/install/livox_ros_driver2/local/lib/python3.10/dist-packages/livox_ros_driver2/msg
[37.152s] -- Installing: /home/mechax/ws_y/rm_ws/install/livox_ros_driver2/local/lib/python3.10/dist-packages/livox_ros_driver2/msg/_custom_msg.py
[37.153s] -- Installing: /home/mechax/ws_y/rm_ws/install/livox_ros_driver2/local/lib/python3.10/dist-packages/livox_ros_driver2/msg/_custom_msg_s.c
[37.153s] -- Installing: /home/mechax/ws_y/rm_ws/install/livox_ros_driver2/local/lib/python3.10/dist-packages/livox_ros_driver2/msg/_custom_point_s.c
[37.153s] -- Installing: /home/mechax/ws_y/rm_ws/install/livox_ros_driver2/local/lib/python3.10/dist-packages/livox_ros_driver2/msg/_custom_point.py
[37.153s] -- Installing: /home/mechax/ws_y/rm_ws/install/livox_ros_driver2/local/lib/python3.10/dist-packages/livox_ros_driver2/msg/__init__.py
[37.153s] -- Installing: /home/mechax/ws_y/rm_ws/install/livox_ros_driver2/local/lib/python3.10/dist-packages/livox_ros_driver2/liblivox_interfaces2__rosidl_generator_py.so
[37.153s] -- Installing: /home/mechax/ws_y/rm_ws/install/livox_ros_driver2/local/lib/python3.10/dist-packages/livox_ros_driver2/livox_ros_driver2_s__rosidl_typesupport_c.cpython-310-x86_64-linux-gnu.so
[37.153s] -- Installing: /home/mechax/ws_y/rm_ws/install/livox_ros_driver2/local/lib/python3.10/dist-packages/livox_ros_driver2/livox_ros_driver2_s__rosidl_typesupport_introspection_c.cpython-310-x86_64-linux-gnu.so
[37.153s] -- Installing: /home/mechax/ws_y/rm_ws/install/livox_ros_driver2/local/lib/python3.10/dist-packages/livox_ros_driver2/livox_ros_driver2_s__rosidl_typesupport_fastrtps_c.cpython-310-x86_64-linux-gnu.so
[37.153s] -- Installing: /home/mechax/ws_y/rm_ws/install/livox_ros_driver2/local/lib/python3.10/dist-packages/livox_ros_driver2/__init__.py
[37.153s] -- Installing: /home/mechax/ws_y/rm_ws/install/livox_ros_driver2/local/lib/python3.10/dist-packages/livox_ros_driver2/_livox_ros_driver2_s.ep.rosidl_typesupport_introspection_c.c
[37.155s] -- Installing: /home/mechax/ws_y/rm_ws/install/livox_ros_driver2/local/lib/python3.10/dist-packages/livox_ros_driver2/_livox_ros_driver2_s.ep.rosidl_typesupport_fastrtps_c.c
[37.155s] -- Installing: /home/mechax/ws_y/rm_ws/install/livox_ros_driver2/local/lib/python3.10/dist-packages/livox_ros_driver2/_livox_ros_driver2_s.ep.rosidl_typesupport_c.c
[37.216s] Listing '/home/mechax/ws_y/rm_ws/install/livox_ros_driver2/local/lib/python3.10/dist-packages/livox_ros_driver2'...
[37.216s] Compiling '/home/mechax/ws_y/rm_ws/install/livox_ros_driver2/local/lib/python3.10/dist-packages/livox_ros_driver2/__init__.py'...
[37.216s] Listing '/home/mechax/ws_y/rm_ws/install/livox_ros_driver2/local/lib/python3.10/dist-packages/livox_ros_driver2/msg'...
[37.216s] Compiling '/home/mechax/ws_y/rm_ws/install/livox_ros_driver2/local/lib/python3.10/dist-packages/livox_ros_driver2/msg/__init__.py'...
[37.216s] Compiling '/home/mechax/ws_y/rm_ws/install/livox_ros_driver2/local/lib/python3.10/dist-packages/livox_ros_driver2/msg/_custom_msg.py'...
[37.216s] Compiling '/home/mechax/ws_y/rm_ws/install/livox_ros_driver2/local/lib/python3.10/dist-packages/livox_ros_driver2/msg/_custom_point.py'...
[37.232s] -- Installing: /home/mechax/ws_y/rm_ws/install/livox_ros_driver2/local/lib/python3.10/dist-packages/livox_ros_driver2/livox_ros_driver2_s__rosidl_typesupport_fastrtps_c.cpython-310-x86_64-linux-gnu.so
[37.232s] -- Set runtime path of "/home/mechax/ws_y/rm_ws/install/livox_ros_driver2/local/lib/python3.10/dist-packages/livox_ros_driver2/livox_ros_driver2_s__rosidl_typesupport_fastrtps_c.cpython-310-x86_64-linux-gnu.so" to ""
[37.232s] -- Installing: /home/mechax/ws_y/rm_ws/install/livox_ros_driver2/local/lib/python3.10/dist-packages/livox_ros_driver2/livox_ros_driver2_s__rosidl_typesupport_introspection_c.cpython-310-x86_64-linux-gnu.so
[37.233s] -- Set runtime path of "/home/mechax/ws_y/rm_ws/install/livox_ros_driver2/local/lib/python3.10/dist-packages/livox_ros_driver2/livox_ros_driver2_s__rosidl_typesupport_introspection_c.cpython-310-x86_64-linux-gnu.so" to ""
[37.234s] -- Installing: /home/mechax/ws_y/rm_ws/install/livox_ros_driver2/local/lib/python3.10/dist-packages/livox_ros_driver2/livox_ros_driver2_s__rosidl_typesupport_c.cpython-310-x86_64-linux-gnu.so
[37.235s] -- Set runtime path of "/home/mechax/ws_y/rm_ws/install/livox_ros_driver2/local/lib/python3.10/dist-packages/livox_ros_driver2/livox_ros_driver2_s__rosidl_typesupport_c.cpython-310-x86_64-linux-gnu.so" to ""
[37.235s] -- Installing: /home/mechax/ws_y/rm_ws/install/livox_ros_driver2/lib/liblivox_interfaces2__rosidl_generator_py.so
[37.236s] -- Set runtime path of "/home/mechax/ws_y/rm_ws/install/livox_ros_driver2/lib/liblivox_interfaces2__rosidl_generator_py.so" to ""
[37.236s] -- Installing: /home/mechax/ws_y/rm_ws/install/livox_ros_driver2/share/livox_ros_driver2/msg/CustomPoint.idl
[37.237s] -- Installing: /home/mechax/ws_y/rm_ws/install/livox_ros_driver2/share/livox_ros_driver2/msg/CustomMsg.idl
[37.237s] -- Up-to-date: /home/mechax/ws_y/rm_ws/install/livox_ros_driver2/share/livox_ros_driver2/msg/CustomPoint.msg
[37.237s] -- Up-to-date: /home/mechax/ws_y/rm_ws/install/livox_ros_driver2/share/livox_ros_driver2/msg/CustomMsg.msg
[37.238s] -- Installing: /home/mechax/ws_y/rm_ws/install/livox_ros_driver2/lib/livox_ros_driver2/livox_ros_driver2_node
[37.239s] -- Set runtime path of "/home/mechax/ws_y/rm_ws/install/livox_ros_driver2/lib/livox_ros_driver2/livox_ros_driver2_node" to ""
[37.239s] -- Installing: /home/mechax/ws_y/rm_ws/install/livox_ros_driver2/lib/liblivox_ros_driver2.so
[37.241s] -- Set runtime path of "/home/mechax/ws_y/rm_ws/install/livox_ros_driver2/lib/liblivox_ros_driver2.so" to ""
[37.242s] -- Up-to-date: /home/mechax/ws_y/rm_ws/install/livox_ros_driver2/share/livox_ros_driver2/config
[37.242s] -- Up-to-date: /home/mechax/ws_y/rm_ws/install/livox_ros_driver2/share/livox_ros_driver2/config/MID360_config.json
[37.242s] -- Up-to-date: /home/mechax/ws_y/rm_ws/install/livox_ros_driver2/share/livox_ros_driver2/config/display_point_cloud.rviz
[37.242s] -- Up-to-date: /home/mechax/ws_y/rm_ws/install/livox_ros_driver2/share/livox_ros_driver2/config/HAP_config.json
[37.243s] -- Up-to-date: /home/mechax/ws_y/rm_ws/install/livox_ros_driver2/share/livox_ros_driver2/config/mixed_HAP_MID360_config.json
[37.243s] -- Up-to-date: /home/mechax/ws_y/rm_ws/install/livox_ros_driver2/share/livox_ros_driver2/launch
[37.243s] -- Up-to-date: /home/mechax/ws_y/rm_ws/install/livox_ros_driver2/share/livox_ros_driver2/launch/rviz_HAP_launch.py
[37.243s] -- Up-to-date: /home/mechax/ws_y/rm_ws/install/livox_ros_driver2/share/livox_ros_driver2/launch/msg_HAP_launch.py
[37.243s] -- Up-to-date: /home/mechax/ws_y/rm_ws/install/livox_ros_driver2/share/livox_ros_driver2/launch/rviz_MID360_launch.py
[37.244s] -- Up-to-date: /home/mechax/ws_y/rm_ws/install/livox_ros_driver2/share/livox_ros_driver2/launch/msg_MID360_launch.py
[37.244s] -- Up-to-date: /home/mechax/ws_y/rm_ws/install/livox_ros_driver2/share/livox_ros_driver2/launch/rviz_mixed.py
[37.244s] -- Installing: /home/mechax/ws_y/rm_ws/install/livox_ros_driver2/share/ament_index/resource_index/package_run_dependencies/livox_ros_driver2
[37.245s] -- Installing: /home/mechax/ws_y/rm_ws/install/livox_ros_driver2/share/ament_index/resource_index/parent_prefix_path/livox_ros_driver2
[37.245s] -- Up-to-date: /home/mechax/ws_y/rm_ws/install/livox_ros_driver2/share/livox_ros_driver2/environment/ament_prefix_path.sh
[37.245s] -- Installing: /home/mechax/ws_y/rm_ws/install/livox_ros_driver2/share/livox_ros_driver2/environment/ament_prefix_path.dsv
[37.246s] -- Up-to-date: /home/mechax/ws_y/rm_ws/install/livox_ros_driver2/share/livox_ros_driver2/environment/path.sh
[37.246s] -- Installing: /home/mechax/ws_y/rm_ws/install/livox_ros_driver2/share/livox_ros_driver2/environment/path.dsv
[37.246s] -- Installing: /home/mechax/ws_y/rm_ws/install/livox_ros_driver2/share/livox_ros_driver2/local_setup.bash
[37.247s] -- Installing: /home/mechax/ws_y/rm_ws/install/livox_ros_driver2/share/livox_ros_driver2/local_setup.sh
[37.247s] -- Installing: /home/mechax/ws_y/rm_ws/install/livox_ros_driver2/share/livox_ros_driver2/local_setup.zsh
[37.247s] -- Installing: /home/mechax/ws_y/rm_ws/install/livox_ros_driver2/share/livox_ros_driver2/local_setup.dsv
[37.249s] -- Installing: /home/mechax/ws_y/rm_ws/install/livox_ros_driver2/share/livox_ros_driver2/package.dsv
[37.250s] -- Installing: /home/mechax/ws_y/rm_ws/install/livox_ros_driver2/share/ament_index/resource_index/packages/livox_ros_driver2
[37.250s] -- Installing: /home/mechax/ws_y/rm_ws/install/livox_ros_driver2/share/livox_ros_driver2/cmake/export_livox_interfaces2__rosidl_generator_cExport.cmake
[37.250s] -- Installing: /home/mechax/ws_y/rm_ws/install/livox_ros_driver2/share/livox_ros_driver2/cmake/export_livox_interfaces2__rosidl_generator_cExport-noconfig.cmake
[37.250s] -- Installing: /home/mechax/ws_y/rm_ws/install/livox_ros_driver2/share/livox_ros_driver2/cmake/export_livox_interfaces2__rosidl_typesupport_fastrtps_cExport.cmake
[37.250s] -- Installing: /home/mechax/ws_y/rm_ws/install/livox_ros_driver2/share/livox_ros_driver2/cmake/export_livox_interfaces2__rosidl_typesupport_fastrtps_cExport-noconfig.cmake
[37.250s] -- Installing: /home/mechax/ws_y/rm_ws/install/livox_ros_driver2/share/livox_ros_driver2/cmake/livox_interfaces2__rosidl_typesupport_introspection_cExport.cmake
[37.250s] -- Installing: /home/mechax/ws_y/rm_ws/install/livox_ros_driver2/share/livox_ros_driver2/cmake/livox_interfaces2__rosidl_typesupport_introspection_cExport-noconfig.cmake
[37.251s] -- Installing: /home/mechax/ws_y/rm_ws/install/livox_ros_driver2/share/livox_ros_driver2/cmake/livox_interfaces2__rosidl_typesupport_cExport.cmake
[37.251s] -- Installing: /home/mechax/ws_y/rm_ws/install/livox_ros_driver2/share/livox_ros_driver2/cmake/livox_interfaces2__rosidl_typesupport_cExport-noconfig.cmake
[37.253s] -- Installing: /home/mechax/ws_y/rm_ws/install/livox_ros_driver2/share/livox_ros_driver2/cmake/export_livox_interfaces2__rosidl_generator_cppExport.cmake
[37.254s] -- Installing: /home/mechax/ws_y/rm_ws/install/livox_ros_driver2/share/livox_ros_driver2/cmake/export_livox_interfaces2__rosidl_typesupport_fastrtps_cppExport.cmake
[37.254s] -- Installing: /home/mechax/ws_y/rm_ws/install/livox_ros_driver2/share/livox_ros_driver2/cmake/export_livox_interfaces2__rosidl_typesupport_fastrtps_cppExport-noconfig.cmake
[37.254s] -- Installing: /home/mechax/ws_y/rm_ws/install/livox_ros_driver2/share/livox_ros_driver2/cmake/livox_interfaces2__rosidl_typesupport_introspection_cppExport.cmake
[37.255s] -- Installing: /home/mechax/ws_y/rm_ws/install/livox_ros_driver2/share/livox_ros_driver2/cmake/livox_interfaces2__rosidl_typesupport_introspection_cppExport-noconfig.cmake
[37.265s] -- Installing: /home/mechax/ws_y/rm_ws/install/livox_ros_driver2/share/livox_ros_driver2/cmake/livox_interfaces2__rosidl_typesupport_cppExport.cmake
[37.266s] -- Installing: /home/mechax/ws_y/rm_ws/install/livox_ros_driver2/share/livox_ros_driver2/cmake/livox_interfaces2__rosidl_typesupport_cppExport-noconfig.cmake
[37.266s] -- Installing: /home/mechax/ws_y/rm_ws/install/livox_ros_driver2/share/livox_ros_driver2/cmake/export_livox_interfaces2__rosidl_generator_pyExport.cmake
[37.266s] -- Installing: /home/mechax/ws_y/rm_ws/install/livox_ros_driver2/share/livox_ros_driver2/cmake/export_livox_interfaces2__rosidl_generator_pyExport-noconfig.cmake
[37.266s] -- Installing: /home/mechax/ws_y/rm_ws/install/livox_ros_driver2/share/ament_index/resource_index/rclcpp_components/livox_ros_driver2
[37.266s] -- Installing: /home/mechax/ws_y/rm_ws/install/livox_ros_driver2/share/livox_ros_driver2/cmake/rosidl_cmake-extras.cmake
[37.267s] -- Installing: /home/mechax/ws_y/rm_ws/install/livox_ros_driver2/share/livox_ros_driver2/cmake/ament_cmake_export_dependencies-extras.cmake
[37.267s] -- Installing: /home/mechax/ws_y/rm_ws/install/livox_ros_driver2/share/livox_ros_driver2/cmake/ament_cmake_export_include_directories-extras.cmake
[37.267s] -- Installing: /home/mechax/ws_y/rm_ws/install/livox_ros_driver2/share/livox_ros_driver2/cmake/ament_cmake_export_libraries-extras.cmake
[37.267s] -- Installing: /home/mechax/ws_y/rm_ws/install/livox_ros_driver2/share/livox_ros_driver2/cmake/ament_cmake_export_targets-extras.cmake
[37.267s] -- Installing: /home/mechax/ws_y/rm_ws/install/livox_ros_driver2/share/livox_ros_driver2/cmake/rosidl_cmake_export_typesupport_targets-extras.cmake
[37.267s] -- Installing: /home/mechax/ws_y/rm_ws/install/livox_ros_driver2/share/livox_ros_driver2/cmake/rosidl_cmake_export_typesupport_libraries-extras.cmake
[37.268s] -- Installing: /home/mechax/ws_y/rm_ws/install/livox_ros_driver2/share/livox_ros_driver2/cmake/livox_ros_driver2Config.cmake
[37.268s] -- Installing: /home/mechax/ws_y/rm_ws/install/livox_ros_driver2/share/livox_ros_driver2/cmake/livox_ros_driver2Config-version.cmake
[37.268s] -- Up-to-date: /home/mechax/ws_y/rm_ws/install/livox_ros_driver2/share/livox_ros_driver2/package.xml
[37.276s] Invoked command in '/home/mechax/ws_y/rm_ws/build/livox_ros_driver2' returned '0': CMAKE_PREFIX_PATH=/opt/ros/humble /usr/bin/cmake --install /home/mechax/ws_y/rm_ws/build/livox_ros_driver2
