[0.060s] Invoking command in '/home/mechax/ws_y/rm_ws/build/armor_detector': AMENT_PREFIX_PATH=/home/mechax/ws_y/rm_ws/install/auto_aim_interfaces:${AMENT_PREFIX_PATH} CMAKE_PREFIX_PATH=/home/mechax/ws_y/rm_ws/install/auto_aim_interfaces:/opt/ros/humble LD_LIBRARY_PATH=/home/mechax/ws_y/rm_ws/install/auto_aim_interfaces/lib:${LD_LIBRARY_PATH} PYTHONPATH=/home/mechax/ws_y/rm_ws/install/auto_aim_interfaces/local/lib/python3.10/dist-packages:${PYTHONPATH} /usr/bin/cmake /home/mechax/ws_y/rm_ws/src/mechax_rm_cv/src/rm_auto_aim/armor_detector -DCMAKE_INSTALL_PREFIX=/home/mechax/ws_y/rm_ws/install/armor_detector
[0.066s] -- Found ament_cmake_auto: 1.3.5 (/opt/ros/humble/share/ament_cmake_auto/cmake)
[0.150s] -- Override CMake install command with custom implementation using symlinks instead of copying resources
[0.212s] -- Found rosidl_generator_c: 3.1.5 (/opt/ros/humble/share/rosidl_generator_c/cmake)
[0.214s] -- Found rosidl_adapter: 3.1.5 (/opt/ros/humble/share/rosidl_adapter/cmake)
[0.217s] -- Found rosidl_generator_cpp: 3.1.5 (/opt/ros/humble/share/rosidl_generator_cpp/cmake)
[0.223s] -- Using all available rosidl_typesupport_c: rosidl_typesupport_fastrtps_c;rosidl_typesupport_introspection_c
[0.232s] -- Using all available rosidl_typesupport_cpp: rosidl_typesupport_fastrtps_cpp;rosidl_typesupport_introspection_cpp
[0.265s] -- Found rmw_implementation_cmake: 6.1.1 (/opt/ros/humble/share/rmw_implementation_cmake/cmake)
[0.265s] -- Found rmw_fastrtps_cpp: 6.2.4 (/opt/ros/humble/share/rmw_fastrtps_cpp/cmake)
[0.333s] -- Using RMW implementation 'rmw_fastrtps_cpp' as default
[0.665s] -- Found eigen3_cmake_module: 0.1.1 (/opt/ros/humble/share/eigen3_cmake_module/cmake)
[0.666s] -- Ensuring Eigen3 include directory is part of orocos-kdl CMake target
[0.829s] -- Found ament_lint_auto: 0.12.8 (/opt/ros/humble/share/ament_lint_auto/cmake)
[0.832s] -- Found ament_cmake_gtest: 1.3.5 (/opt/ros/humble/share/ament_cmake_gtest/cmake)
[0.833s] -- Found gtest sources under '/opt/ros/humble/src/gtest_vendor': C++ tests using 'Google Test' will be built
[0.840s] -- Added test 'cppcheck' to perform static code analysis on C / C++ code
[0.840s] -- Configured cppcheck include dirs: /home/mechax/ws_y/rm_ws/src/mechax_rm_cv/src/rm_auto_aim/armor_detector/include
[0.841s] -- Configured cppcheck exclude dirs and/or files: 
[0.841s] -- Added test 'lint_cmake' to check CMake code style
[0.841s] -- Added test 'xmllint' to check XML markup files
[0.842s] -- Added test 'clang_format' to check C / C++ code style
[0.843s] -- Configuring done
[0.865s] -- Generating done
[0.867s] -- Build files have been written to: /home/mechax/ws_y/rm_ws/build/armor_detector
[0.875s] Invoked command in '/home/mechax/ws_y/rm_ws/build/armor_detector' returned '0': AMENT_PREFIX_PATH=/home/mechax/ws_y/rm_ws/install/auto_aim_interfaces:${AMENT_PREFIX_PATH} CMAKE_PREFIX_PATH=/home/mechax/ws_y/rm_ws/install/auto_aim_interfaces:/opt/ros/humble LD_LIBRARY_PATH=/home/mechax/ws_y/rm_ws/install/auto_aim_interfaces/lib:${LD_LIBRARY_PATH} PYTHONPATH=/home/mechax/ws_y/rm_ws/install/auto_aim_interfaces/local/lib/python3.10/dist-packages:${PYTHONPATH} /usr/bin/cmake /home/mechax/ws_y/rm_ws/src/mechax_rm_cv/src/rm_auto_aim/armor_detector -DCMAKE_INSTALL_PREFIX=/home/mechax/ws_y/rm_ws/install/armor_detector
[0.877s] Invoking command in '/home/mechax/ws_y/rm_ws/build/armor_detector': AMENT_PREFIX_PATH=/home/mechax/ws_y/rm_ws/install/auto_aim_interfaces:${AMENT_PREFIX_PATH} CMAKE_PREFIX_PATH=/home/mechax/ws_y/rm_ws/install/auto_aim_interfaces:/opt/ros/humble LD_LIBRARY_PATH=/home/mechax/ws_y/rm_ws/install/auto_aim_interfaces/lib:${LD_LIBRARY_PATH} PYTHONPATH=/home/mechax/ws_y/rm_ws/install/auto_aim_interfaces/local/lib/python3.10/dist-packages:${PYTHONPATH} /usr/bin/cmake --build /home/mechax/ws_y/rm_ws/build/armor_detector -- -j16 -l16
[0.901s] [35m[1mConsolidate compiler generated dependencies of target armor_detector[0m
[0.902s] [35m[1mConsolidate compiler generated dependencies of target gtest[0m
[0.902s] [35m[1mConsolidate compiler generated dependencies of target gtest_main[0m
[0.902s] [35m[1mConsolidate compiler generated dependencies of target armor_detector_node[0m
[0.912s] [ 13%] Built target gtest
[0.912s] [ 26%] Built target armor_detector_node
[0.913s] [ 40%] Built target gtest_main
[0.917s] [ 73%] Built target armor_detector
[0.923s] [35m[1mConsolidate compiler generated dependencies of target test_number_cls[0m
[0.924s] [35m[1mConsolidate compiler generated dependencies of target test_node_startup[0m
[0.932s] [ 86%] Built target test_number_cls
[0.934s] [100%] Built target test_node_startup
[0.941s] Invoked command in '/home/mechax/ws_y/rm_ws/build/armor_detector' returned '0': AMENT_PREFIX_PATH=/home/mechax/ws_y/rm_ws/install/auto_aim_interfaces:${AMENT_PREFIX_PATH} CMAKE_PREFIX_PATH=/home/mechax/ws_y/rm_ws/install/auto_aim_interfaces:/opt/ros/humble LD_LIBRARY_PATH=/home/mechax/ws_y/rm_ws/install/auto_aim_interfaces/lib:${LD_LIBRARY_PATH} PYTHONPATH=/home/mechax/ws_y/rm_ws/install/auto_aim_interfaces/local/lib/python3.10/dist-packages:${PYTHONPATH} /usr/bin/cmake --build /home/mechax/ws_y/rm_ws/build/armor_detector -- -j16 -l16
[0.963s] Invoking command in '/home/mechax/ws_y/rm_ws/build/armor_detector': AMENT_PREFIX_PATH=/home/mechax/ws_y/rm_ws/install/auto_aim_interfaces:${AMENT_PREFIX_PATH} CMAKE_PREFIX_PATH=/home/mechax/ws_y/rm_ws/install/auto_aim_interfaces:/opt/ros/humble LD_LIBRARY_PATH=/home/mechax/ws_y/rm_ws/install/auto_aim_interfaces/lib:${LD_LIBRARY_PATH} PYTHONPATH=/home/mechax/ws_y/rm_ws/install/auto_aim_interfaces/local/lib/python3.10/dist-packages:${PYTHONPATH} /usr/bin/cmake --install /home/mechax/ws_y/rm_ws/build/armor_detector
[0.967s] -- Install configuration: ""
[0.967s] -- Execute custom install script
[0.967s] -- Symlinking: /home/mechax/ws_y/rm_ws/install/armor_detector/lib/armor_detector/armor_detector_node
[0.973s] -- Symlinking: /home/mechax/ws_y/rm_ws/install/armor_detector/include/armor_detector/armor.hpp
[0.978s] -- Symlinking: /home/mechax/ws_y/rm_ws/install/armor_detector/include/armor_detector/detector.hpp
[0.982s] -- Symlinking: /home/mechax/ws_y/rm_ws/install/armor_detector/include/armor_detector/detector_node.hpp
[0.988s] -- Symlinking: /home/mechax/ws_y/rm_ws/install/armor_detector/include/armor_detector/number_classifier.hpp
[0.992s] -- Symlinking: /home/mechax/ws_y/rm_ws/install/armor_detector/include/armor_detector/pnp_solver.hpp
[0.998s] -- Symlinking: /home/mechax/ws_y/rm_ws/install/armor_detector/share/armor_detector/environment/library_path.sh
[1.003s] -- Symlinking: /home/mechax/ws_y/rm_ws/install/armor_detector/share/armor_detector/environment/library_path.dsv
[1.008s] -- Symlinking: /home/mechax/ws_y/rm_ws/install/armor_detector/lib/libarmor_detector.so
[1.013s] -- Symlinking: /home/mechax/ws_y/rm_ws/install/armor_detector/share/armor_detector/model/label.txt
[1.019s] -- Symlinking: /home/mechax/ws_y/rm_ws/install/armor_detector/share/armor_detector/model/mlp.onnx
[1.023s] -- Symlinking: /home/mechax/ws_y/rm_ws/install/armor_detector/share/ament_index/resource_index/package_run_dependencies/armor_detector
[1.028s] -- Symlinking: /home/mechax/ws_y/rm_ws/install/armor_detector/share/ament_index/resource_index/parent_prefix_path/armor_detector
[1.033s] -- Symlinking: /home/mechax/ws_y/rm_ws/install/armor_detector/share/armor_detector/environment/ament_prefix_path.sh
[1.038s] -- Symlinking: /home/mechax/ws_y/rm_ws/install/armor_detector/share/armor_detector/environment/ament_prefix_path.dsv
[1.044s] -- Symlinking: /home/mechax/ws_y/rm_ws/install/armor_detector/share/armor_detector/environment/path.sh
[1.049s] -- Symlinking: /home/mechax/ws_y/rm_ws/install/armor_detector/share/armor_detector/environment/path.dsv
[1.055s] -- Symlinking: /home/mechax/ws_y/rm_ws/install/armor_detector/share/armor_detector/local_setup.bash
[1.061s] -- Symlinking: /home/mechax/ws_y/rm_ws/install/armor_detector/share/armor_detector/local_setup.sh
[1.066s] -- Symlinking: /home/mechax/ws_y/rm_ws/install/armor_detector/share/armor_detector/local_setup.zsh
[1.072s] -- Symlinking: /home/mechax/ws_y/rm_ws/install/armor_detector/share/armor_detector/local_setup.dsv
[1.078s] -- Symlinking: /home/mechax/ws_y/rm_ws/install/armor_detector/share/armor_detector/package.dsv
[1.083s] -- Symlinking: /home/mechax/ws_y/rm_ws/install/armor_detector/share/ament_index/resource_index/packages/armor_detector
[1.088s] -- Symlinking: /home/mechax/ws_y/rm_ws/install/armor_detector/share/ament_index/resource_index/rclcpp_components/armor_detector
[1.094s] -- Symlinking: /home/mechax/ws_y/rm_ws/install/armor_detector/share/armor_detector/cmake/ament_cmake_export_dependencies-extras.cmake
[1.100s] -- Symlinking: /home/mechax/ws_y/rm_ws/install/armor_detector/share/armor_detector/cmake/ament_cmake_export_include_directories-extras.cmake
[1.105s] -- Symlinking: /home/mechax/ws_y/rm_ws/install/armor_detector/share/armor_detector/cmake/ament_cmake_export_libraries-extras.cmake
[1.111s] -- Symlinking: /home/mechax/ws_y/rm_ws/install/armor_detector/share/armor_detector/cmake/armor_detectorConfig.cmake
[1.116s] -- Symlinking: /home/mechax/ws_y/rm_ws/install/armor_detector/share/armor_detector/cmake/armor_detectorConfig-version.cmake
[1.122s] -- Symlinking: /home/mechax/ws_y/rm_ws/install/armor_detector/share/armor_detector/package.xml
[1.128s] Invoked command in '/home/mechax/ws_y/rm_ws/build/armor_detector' returned '0': AMENT_PREFIX_PATH=/home/mechax/ws_y/rm_ws/install/auto_aim_interfaces:${AMENT_PREFIX_PATH} CMAKE_PREFIX_PATH=/home/mechax/ws_y/rm_ws/install/auto_aim_interfaces:/opt/ros/humble LD_LIBRARY_PATH=/home/mechax/ws_y/rm_ws/install/auto_aim_interfaces/lib:${LD_LIBRARY_PATH} PYTHONPATH=/home/mechax/ws_y/rm_ws/install/auto_aim_interfaces/local/lib/python3.10/dist-packages:${PYTHONPATH} /usr/bin/cmake --install /home/mechax/ws_y/rm_ws/build/armor_detector
