[0.405s] Invoking command in '/home/mechax/ws_y/rm_ws/build/armor_tracker': AMENT_PREFIX_PATH=/home/mechax/ws_y/rm_ws/install/auto_aim_interfaces:${AMENT_PREFIX_PATH} CMAKE_PREFIX_PATH=/home/mechax/ws_y/rm_ws/install/auto_aim_interfaces:/opt/ros/humble LD_LIBRARY_PATH=/home/mechax/ws_y/rm_ws/install/auto_aim_interfaces/lib:${LD_LIBRARY_PATH} PYTHONPATH=/home/mechax/ws_y/rm_ws/install/auto_aim_interfaces/local/lib/python3.10/dist-packages:${PYTHONPATH} /usr/bin/cmake /home/mechax/ws_y/rm_ws/src/src/rm_auto_aim/armor_tracker -DCMAKE_INSTALL_PREFIX=/home/mechax/ws_y/rm_ws/install/armor_tracker
[0.675s] -- The C compiler identification is GNU 11.4.0
[0.905s] -- The CXX compiler identification is GNU 11.4.0
[0.925s] -- Detecting C compiler ABI info
[1.091s] -- Detecting C compiler ABI info - done
[1.100s] -- Check for working C compiler: /usr/bin/cc - skipped
[1.101s] -- Detecting C compile features
[1.101s] -- Detecting C compile features - done
[1.104s] -- Detecting CXX compiler ABI info
[1.314s] -- Detecting CXX compiler ABI info - done
[1.328s] -- Check for working CXX compiler: /usr/bin/c++ - skipped
[1.329s] -- Detecting CXX compile features
[1.330s] -- Detecting CXX compile features - done
[1.336s] -- Found ament_cmake_auto: 1.3.5 (/opt/ros/humble/share/ament_cmake_auto/cmake)
[2.061s] -- Found Python3: /usr/bin/python3.10 (found version "3.10.12") found components: Interpreter 
[2.700s] -- Found rosidl_generator_c: 3.1.5 (/opt/ros/humble/share/rosidl_generator_c/cmake)
[2.717s] -- Found rosidl_adapter: 3.1.5 (/opt/ros/humble/share/rosidl_adapter/cmake)
[2.732s] -- Found rosidl_generator_cpp: 3.1.5 (/opt/ros/humble/share/rosidl_generator_cpp/cmake)
[2.775s] -- Using all available rosidl_typesupport_c: rosidl_typesupport_fastrtps_c;rosidl_typesupport_introspection_c
[2.824s] -- Using all available rosidl_typesupport_cpp: rosidl_typesupport_fastrtps_cpp;rosidl_typesupport_introspection_cpp
[3.012s] -- Found rmw_implementation_cmake: 6.1.1 (/opt/ros/humble/share/rmw_implementation_cmake/cmake)
[3.015s] -- Found rmw_fastrtps_cpp: 6.2.4 (/opt/ros/humble/share/rmw_fastrtps_cpp/cmake)
[3.411s] -- Found OpenSSL: /usr/lib/x86_64-linux-gnu/libcrypto.so (found version "3.0.2")  
[3.501s] -- Found FastRTPS: /opt/ros/humble/include  
[3.654s] -- Using RMW implementation 'rmw_fastrtps_cpp' as default
[3.684s] -- Looking for pthread.h
[4.072s] -- Looking for pthread.h - found
[4.072s] -- Performing Test CMAKE_HAVE_LIBC_PTHREAD
[4.304s] -- Performing Test CMAKE_HAVE_LIBC_PTHREAD - Success
[4.306s] -- Found Threads: TRUE  
[5.086s] -- Found eigen3_cmake_module: 0.1.1 (/opt/ros/humble/share/eigen3_cmake_module/cmake)
[5.088s] -- Found Eigen3: TRUE (found version "3.4.0") 
[5.088s] -- Ensuring Eigen3 include directory is part of orocos-kdl CMake target
[5.554s] -- Found ament_lint_auto: 0.12.8 (/opt/ros/humble/share/ament_lint_auto/cmake)
[5.586s] -- Added test 'cppcheck' to perform static code analysis on C / C++ code
[5.586s] -- Configured cppcheck include dirs: /home/mechax/ws_y/rm_ws/src/src/rm_auto_aim/armor_tracker/include
[5.586s] -- Configured cppcheck exclude dirs and/or files: 
[5.588s] -- Added test 'lint_cmake' to check CMake code style
[5.590s] -- Added test 'xmllint' to check XML markup files
[5.592s] -- Added test 'clang_format' to check C / C++ code style
[5.603s] -- Configuring done
[5.652s] -- Generating done
[5.661s] -- Build files have been written to: /home/mechax/ws_y/rm_ws/build/armor_tracker
[5.700s] Invoked command in '/home/mechax/ws_y/rm_ws/build/armor_tracker' returned '0': AMENT_PREFIX_PATH=/home/mechax/ws_y/rm_ws/install/auto_aim_interfaces:${AMENT_PREFIX_PATH} CMAKE_PREFIX_PATH=/home/mechax/ws_y/rm_ws/install/auto_aim_interfaces:/opt/ros/humble LD_LIBRARY_PATH=/home/mechax/ws_y/rm_ws/install/auto_aim_interfaces/lib:${LD_LIBRARY_PATH} PYTHONPATH=/home/mechax/ws_y/rm_ws/install/auto_aim_interfaces/local/lib/python3.10/dist-packages:${PYTHONPATH} /usr/bin/cmake /home/mechax/ws_y/rm_ws/src/src/rm_auto_aim/armor_tracker -DCMAKE_INSTALL_PREFIX=/home/mechax/ws_y/rm_ws/install/armor_tracker
[5.700s] Invoking command in '/home/mechax/ws_y/rm_ws/build/armor_tracker': AMENT_PREFIX_PATH=/home/mechax/ws_y/rm_ws/install/auto_aim_interfaces:${AMENT_PREFIX_PATH} CMAKE_PREFIX_PATH=/home/mechax/ws_y/rm_ws/install/auto_aim_interfaces:/opt/ros/humble LD_LIBRARY_PATH=/home/mechax/ws_y/rm_ws/install/auto_aim_interfaces/lib:${LD_LIBRARY_PATH} PYTHONPATH=/home/mechax/ws_y/rm_ws/install/auto_aim_interfaces/local/lib/python3.10/dist-packages:${PYTHONPATH} /usr/bin/cmake --build /home/mechax/ws_y/rm_ws/build/armor_tracker -- -j16 -l16
[5.841s] [ 16%] [32mBuilding CXX object CMakeFiles/armor_tracker.dir/src/extended_kalman_filter.cpp.o[0m
[5.849s] [ 33%] [32mBuilding CXX object CMakeFiles/armor_tracker.dir/src/tracker.cpp.o[0m
[5.856s] [ 50%] [32mBuilding CXX object CMakeFiles/armor_tracker_node.dir/rclcpp_components/node_main_armor_tracker_node.cpp.o[0m
[5.872s] [ 66%] [32mBuilding CXX object CMakeFiles/armor_tracker.dir/src/tracker_node.cpp.o[0m
[13.532s] [ 83%] [32m[1mLinking CXX executable armor_tracker_node[0m
[14.025s] [ 83%] Built target armor_tracker_node
[30.052s] [100%] [32m[1mLinking CXX shared library libarmor_tracker.so[0m
[32.397s] [100%] Built target armor_tracker
[32.415s] Invoked command in '/home/mechax/ws_y/rm_ws/build/armor_tracker' returned '0': AMENT_PREFIX_PATH=/home/mechax/ws_y/rm_ws/install/auto_aim_interfaces:${AMENT_PREFIX_PATH} CMAKE_PREFIX_PATH=/home/mechax/ws_y/rm_ws/install/auto_aim_interfaces:/opt/ros/humble LD_LIBRARY_PATH=/home/mechax/ws_y/rm_ws/install/auto_aim_interfaces/lib:${LD_LIBRARY_PATH} PYTHONPATH=/home/mechax/ws_y/rm_ws/install/auto_aim_interfaces/local/lib/python3.10/dist-packages:${PYTHONPATH} /usr/bin/cmake --build /home/mechax/ws_y/rm_ws/build/armor_tracker -- -j16 -l16
[32.454s] Invoking command in '/home/mechax/ws_y/rm_ws/build/armor_tracker': AMENT_PREFIX_PATH=/home/mechax/ws_y/rm_ws/install/auto_aim_interfaces:${AMENT_PREFIX_PATH} CMAKE_PREFIX_PATH=/home/mechax/ws_y/rm_ws/install/auto_aim_interfaces:/opt/ros/humble LD_LIBRARY_PATH=/home/mechax/ws_y/rm_ws/install/auto_aim_interfaces/lib:${LD_LIBRARY_PATH} PYTHONPATH=/home/mechax/ws_y/rm_ws/install/auto_aim_interfaces/local/lib/python3.10/dist-packages:${PYTHONPATH} /usr/bin/cmake --install /home/mechax/ws_y/rm_ws/build/armor_tracker
[32.465s] -- Install configuration: ""
[32.466s] -- Installing: /home/mechax/ws_y/rm_ws/install/armor_tracker/lib/armor_tracker/armor_tracker_node
[32.467s] -- Set runtime path of "/home/mechax/ws_y/rm_ws/install/armor_tracker/lib/armor_tracker/armor_tracker_node" to ""
[32.467s] -- Installing: /home/mechax/ws_y/rm_ws/install/armor_tracker/include
[32.467s] -- Installing: /home/mechax/ws_y/rm_ws/install/armor_tracker/include/armor_tracker
[32.467s] -- Installing: /home/mechax/ws_y/rm_ws/install/armor_tracker/include/armor_tracker/tracker.hpp
[32.467s] -- Installing: /home/mechax/ws_y/rm_ws/install/armor_tracker/include/armor_tracker/tracker_node.hpp
[32.467s] -- Installing: /home/mechax/ws_y/rm_ws/install/armor_tracker/include/armor_tracker/extended_kalman_filter.hpp
[32.469s] -- Installing: /home/mechax/ws_y/rm_ws/install/armor_tracker/share/armor_tracker/environment/library_path.sh
[32.469s] -- Installing: /home/mechax/ws_y/rm_ws/install/armor_tracker/share/armor_tracker/environment/library_path.dsv
[32.469s] -- Installing: /home/mechax/ws_y/rm_ws/install/armor_tracker/lib/libarmor_tracker.so
[32.488s] -- Set runtime path of "/home/mechax/ws_y/rm_ws/install/armor_tracker/lib/libarmor_tracker.so" to ""
[32.488s] -- Installing: /home/mechax/ws_y/rm_ws/install/armor_tracker/share/ament_index/resource_index/package_run_dependencies/armor_tracker
[32.488s] -- Installing: /home/mechax/ws_y/rm_ws/install/armor_tracker/share/ament_index/resource_index/parent_prefix_path/armor_tracker
[32.488s] -- Installing: /home/mechax/ws_y/rm_ws/install/armor_tracker/share/armor_tracker/environment/ament_prefix_path.sh
[32.488s] -- Installing: /home/mechax/ws_y/rm_ws/install/armor_tracker/share/armor_tracker/environment/ament_prefix_path.dsv
[32.488s] -- Installing: /home/mechax/ws_y/rm_ws/install/armor_tracker/share/armor_tracker/environment/path.sh
[32.488s] -- Installing: /home/mechax/ws_y/rm_ws/install/armor_tracker/share/armor_tracker/environment/path.dsv
[32.489s] -- Installing: /home/mechax/ws_y/rm_ws/install/armor_tracker/share/armor_tracker/local_setup.bash
[32.489s] -- Installing: /home/mechax/ws_y/rm_ws/install/armor_tracker/share/armor_tracker/local_setup.sh
[32.489s] -- Installing: /home/mechax/ws_y/rm_ws/install/armor_tracker/share/armor_tracker/local_setup.zsh
[32.489s] -- Installing: /home/mechax/ws_y/rm_ws/install/armor_tracker/share/armor_tracker/local_setup.dsv
[32.489s] -- Installing: /home/mechax/ws_y/rm_ws/install/armor_tracker/share/armor_tracker/package.dsv
[32.489s] -- Installing: /home/mechax/ws_y/rm_ws/install/armor_tracker/share/ament_index/resource_index/packages/armor_tracker
[32.489s] -- Installing: /home/mechax/ws_y/rm_ws/install/armor_tracker/share/ament_index/resource_index/rclcpp_components/armor_tracker
[32.490s] -- Installing: /home/mechax/ws_y/rm_ws/install/armor_tracker/share/armor_tracker/cmake/ament_cmake_export_dependencies-extras.cmake
[32.490s] -- Installing: /home/mechax/ws_y/rm_ws/install/armor_tracker/share/armor_tracker/cmake/ament_cmake_export_include_directories-extras.cmake
[32.490s] -- Installing: /home/mechax/ws_y/rm_ws/install/armor_tracker/share/armor_tracker/cmake/ament_cmake_export_libraries-extras.cmake
[32.490s] -- Installing: /home/mechax/ws_y/rm_ws/install/armor_tracker/share/armor_tracker/cmake/armor_trackerConfig.cmake
[32.490s] -- Installing: /home/mechax/ws_y/rm_ws/install/armor_tracker/share/armor_tracker/cmake/armor_trackerConfig-version.cmake
[32.490s] -- Installing: /home/mechax/ws_y/rm_ws/install/armor_tracker/share/armor_tracker/package.xml
[32.493s] Invoked command in '/home/mechax/ws_y/rm_ws/build/armor_tracker' returned '0': AMENT_PREFIX_PATH=/home/mechax/ws_y/rm_ws/install/auto_aim_interfaces:${AMENT_PREFIX_PATH} CMAKE_PREFIX_PATH=/home/mechax/ws_y/rm_ws/install/auto_aim_interfaces:/opt/ros/humble LD_LIBRARY_PATH=/home/mechax/ws_y/rm_ws/install/auto_aim_interfaces/lib:${LD_LIBRARY_PATH} PYTHONPATH=/home/mechax/ws_y/rm_ws/install/auto_aim_interfaces/local/lib/python3.10/dist-packages:${PYTHONPATH} /usr/bin/cmake --install /home/mechax/ws_y/rm_ws/build/armor_tracker
