[0.449s] Invoking command in '/home/mechax/ws_y/rm_ws/build/armor_detector': AMENT_PREFIX_PATH=/home/mechax/ws_y/rm_ws/install/auto_aim_interfaces:${AMENT_PREFIX_PATH} CMAKE_PREFIX_PATH=/home/mechax/ws_y/rm_ws/install/auto_aim_interfaces:/opt/ros/humble LD_LIBRARY_PATH=/home/mechax/ws_y/rm_ws/install/auto_aim_interfaces/lib:${LD_LIBRARY_PATH} PYTHONPATH=/home/mechax/ws_y/rm_ws/install/auto_aim_interfaces/local/lib/python3.10/dist-packages:${PYTHONPATH} /usr/bin/cmake /home/mechax/ws_y/rm_ws/src/rm_auto_aim/armor_detector -DCMAKE_INSTALL_PREFIX=/home/mechax/ws_y/rm_ws/install/armor_detector
[0.792s] -- The C compiler identification is GNU 11.4.0
[1.074s] -- The CXX compiler identification is GNU 11.4.0
[1.122s] -- Detecting C compiler ABI info
[1.401s] -- Detecting C compiler ABI info - done
[1.412s] -- Check for working C compiler: /usr/bin/cc - skipped
[1.413s] -- Detecting C compile features
[1.414s] -- Detecting C compile features - done
[1.421s] -- Detecting CXX compiler ABI info
[1.683s] -- Detecting CXX compiler ABI info - done
[1.697s] -- Check for working CXX compiler: /usr/bin/c++ - skipped
[1.697s] -- Detecting CXX compile features
[1.698s] -- Detecting CXX compile features - done
[1.701s] -- Found ament_cmake_auto: 1.3.5 (/opt/ros/humble/share/ament_cmake_auto/cmake)
[2.287s] -- Found Python3: /usr/bin/python3.10 (found version "3.10.12") found components: Interpreter 
[2.618s] -- Found OpenCV: /usr (found version "4.5.4") 
[2.909s] -- Found rosidl_generator_c: 3.1.5 (/opt/ros/humble/share/rosidl_generator_c/cmake)
[2.932s] -- Found rosidl_adapter: 3.1.5 (/opt/ros/humble/share/rosidl_adapter/cmake)
[2.952s] -- Found rosidl_generator_cpp: 3.1.5 (/opt/ros/humble/share/rosidl_generator_cpp/cmake)
[2.984s] -- Using all available rosidl_typesupport_c: rosidl_typesupport_fastrtps_c;rosidl_typesupport_introspection_c
[3.010s] -- Using all available rosidl_typesupport_cpp: rosidl_typesupport_fastrtps_cpp;rosidl_typesupport_introspection_cpp
[3.132s] -- Found rmw_implementation_cmake: 6.1.1 (/opt/ros/humble/share/rmw_implementation_cmake/cmake)
[3.137s] -- Found rmw_fastrtps_cpp: 6.2.4 (/opt/ros/humble/share/rmw_fastrtps_cpp/cmake)
[3.285s] -- Found OpenSSL: /usr/lib/x86_64-linux-gnu/libcrypto.so (found version "3.0.2")  
[3.332s] -- Found FastRTPS: /opt/ros/humble/include  
[3.399s] -- Using RMW implementation 'rmw_fastrtps_cpp' as default
[3.411s] -- Looking for pthread.h
[3.583s] -- Looking for pthread.h - found
[3.586s] -- Performing Test CMAKE_HAVE_LIBC_PTHREAD
[3.721s] -- Performing Test CMAKE_HAVE_LIBC_PTHREAD - Success
[3.722s] -- Found Threads: TRUE  
[5.287s] -- Found eigen3_cmake_module: 0.1.1 (/opt/ros/humble/share/eigen3_cmake_module/cmake)
[5.289s] -- Found Eigen3: TRUE (found version "3.4.0") 
[5.289s] -- Ensuring Eigen3 include directory is part of orocos-kdl CMake target
[5.807s] -- Found ament_lint_auto: 0.12.8 (/opt/ros/humble/share/ament_lint_auto/cmake)
[5.834s] -- Found ament_cmake_gtest: 1.3.5 (/opt/ros/humble/share/ament_cmake_gtest/cmake)
[5.837s] -- Found gtest sources under '/opt/ros/humble/src/gtest_vendor': C++ tests using 'Google Test' will be built
[5.868s] -- Added test 'cppcheck' to perform static code analysis on C / C++ code
[5.868s] -- Configured cppcheck include dirs: /home/mechax/ws_y/rm_ws/src/rm_auto_aim/armor_detector/include
[5.868s] -- Configured cppcheck exclude dirs and/or files: 
[5.870s] -- Added test 'lint_cmake' to check CMake code style
[5.870s] -- Added test 'xmllint' to check XML markup files
[5.872s] -- Added test 'clang_format' to check C / C++ code style
[5.875s] -- Configuring done
[5.999s] -- Generating done
[5.999s] -- Build files have been written to: /home/mechax/ws_y/rm_ws/build/armor_detector
[6.050s] Invoked command in '/home/mechax/ws_y/rm_ws/build/armor_detector' returned '0': AMENT_PREFIX_PATH=/home/mechax/ws_y/rm_ws/install/auto_aim_interfaces:${AMENT_PREFIX_PATH} CMAKE_PREFIX_PATH=/home/mechax/ws_y/rm_ws/install/auto_aim_interfaces:/opt/ros/humble LD_LIBRARY_PATH=/home/mechax/ws_y/rm_ws/install/auto_aim_interfaces/lib:${LD_LIBRARY_PATH} PYTHONPATH=/home/mechax/ws_y/rm_ws/install/auto_aim_interfaces/local/lib/python3.10/dist-packages:${PYTHONPATH} /usr/bin/cmake /home/mechax/ws_y/rm_ws/src/rm_auto_aim/armor_detector -DCMAKE_INSTALL_PREFIX=/home/mechax/ws_y/rm_ws/install/armor_detector
[6.051s] Invoking command in '/home/mechax/ws_y/rm_ws/build/armor_detector': AMENT_PREFIX_PATH=/home/mechax/ws_y/rm_ws/install/auto_aim_interfaces:${AMENT_PREFIX_PATH} CMAKE_PREFIX_PATH=/home/mechax/ws_y/rm_ws/install/auto_aim_interfaces:/opt/ros/humble LD_LIBRARY_PATH=/home/mechax/ws_y/rm_ws/install/auto_aim_interfaces/lib:${LD_LIBRARY_PATH} PYTHONPATH=/home/mechax/ws_y/rm_ws/install/auto_aim_interfaces/local/lib/python3.10/dist-packages:${PYTHONPATH} /usr/bin/cmake --build /home/mechax/ws_y/rm_ws/build/armor_detector -- -j16 -l16
[6.234s] [  6%] [32mBuilding CXX object gtest/CMakeFiles/gtest_main.dir/src/gtest_main.cc.o[0m
[6.241s] [ 13%] [32mBuilding CXX object CMakeFiles/armor_detector.dir/src/detector_node.cpp.o[0m
[6.253s] [ 20%] [32mBuilding CXX object CMakeFiles/armor_detector.dir/src/number_classifier.cpp.o[0m
[6.262s] [ 33%] [32mBuilding CXX object CMakeFiles/armor_detector.dir/src/detector.cpp.o[0m
[6.262s] [ 33%] [32mBuilding CXX object gtest/CMakeFiles/gtest.dir/src/gtest-all.cc.o[0m
[6.276s] [ 40%] [32mBuilding CXX object CMakeFiles/armor_detector.dir/src/pnp_solver.cpp.o[0m
[6.301s] [ 46%] [32mBuilding CXX object CMakeFiles/armor_detector_node.dir/rclcpp_components/node_main_armor_detector_node.cpp.o[0m
[7.961s] [ 53%] [32m[1mLinking CXX static library libgtest_main.a[0m
[8.184s] [ 53%] Built target gtest_main
[14.207s] [ 60%] [32m[1mLinking CXX static library libgtest.a[0m
[14.535s] [ 60%] Built target gtest
[15.515s] [ 66%] [32m[1mLinking CXX executable armor_detector_node[0m
[15.840s] [ 66%] Built target armor_detector_node
[37.853s] [ 73%] [32m[1mLinking CXX shared library libarmor_detector.so[0m
[39.672s] [ 73%] Built target armor_detector
[39.701s] [ 86%] [32mBuilding CXX object CMakeFiles/test_node_startup.dir/test/test_node_startup.cpp.o[0m
[39.702s] [ 86%] [32mBuilding CXX object CMakeFiles/test_number_cls.dir/test/test_number_cls.cpp.o[0m
[41.740s] [ 93%] [32m[1mLinking CXX executable test_number_cls[0m
[42.754s] [ 93%] Built target test_number_cls
[44.439s] [100%] [32m[1mLinking CXX executable test_node_startup[0m
[45.285s] [100%] Built target test_node_startup
[45.294s] Invoked command in '/home/mechax/ws_y/rm_ws/build/armor_detector' returned '0': AMENT_PREFIX_PATH=/home/mechax/ws_y/rm_ws/install/auto_aim_interfaces:${AMENT_PREFIX_PATH} CMAKE_PREFIX_PATH=/home/mechax/ws_y/rm_ws/install/auto_aim_interfaces:/opt/ros/humble LD_LIBRARY_PATH=/home/mechax/ws_y/rm_ws/install/auto_aim_interfaces/lib:${LD_LIBRARY_PATH} PYTHONPATH=/home/mechax/ws_y/rm_ws/install/auto_aim_interfaces/local/lib/python3.10/dist-packages:${PYTHONPATH} /usr/bin/cmake --build /home/mechax/ws_y/rm_ws/build/armor_detector -- -j16 -l16
[45.318s] Invoking command in '/home/mechax/ws_y/rm_ws/build/armor_detector': AMENT_PREFIX_PATH=/home/mechax/ws_y/rm_ws/install/auto_aim_interfaces:${AMENT_PREFIX_PATH} CMAKE_PREFIX_PATH=/home/mechax/ws_y/rm_ws/install/auto_aim_interfaces:/opt/ros/humble LD_LIBRARY_PATH=/home/mechax/ws_y/rm_ws/install/auto_aim_interfaces/lib:${LD_LIBRARY_PATH} PYTHONPATH=/home/mechax/ws_y/rm_ws/install/auto_aim_interfaces/local/lib/python3.10/dist-packages:${PYTHONPATH} /usr/bin/cmake --install /home/mechax/ws_y/rm_ws/build/armor_detector
[45.324s] -- Install configuration: ""
[45.324s] -- Installing: /home/mechax/ws_y/rm_ws/install/armor_detector/lib/armor_detector/armor_detector_node
[45.324s] -- Set runtime path of "/home/mechax/ws_y/rm_ws/install/armor_detector/lib/armor_detector/armor_detector_node" to ""
[45.325s] -- Up-to-date: /home/mechax/ws_y/rm_ws/install/armor_detector/include
[45.325s] -- Up-to-date: /home/mechax/ws_y/rm_ws/install/armor_detector/include/armor_detector
[45.325s] -- Up-to-date: /home/mechax/ws_y/rm_ws/install/armor_detector/include/armor_detector/armor.hpp
[45.325s] -- Up-to-date: /home/mechax/ws_y/rm_ws/install/armor_detector/include/armor_detector/number_classifier.hpp
[45.325s] -- Up-to-date: /home/mechax/ws_y/rm_ws/install/armor_detector/include/armor_detector/detector.hpp
[45.325s] -- Up-to-date: /home/mechax/ws_y/rm_ws/install/armor_detector/include/armor_detector/pnp_solver.hpp
[45.325s] -- Up-to-date: /home/mechax/ws_y/rm_ws/install/armor_detector/include/armor_detector/detector_node.hpp
[45.325s] -- Up-to-date: /home/mechax/ws_y/rm_ws/install/armor_detector/share/armor_detector/environment/library_path.sh
[45.325s] -- Installing: /home/mechax/ws_y/rm_ws/install/armor_detector/share/armor_detector/environment/library_path.dsv
[45.325s] -- Installing: /home/mechax/ws_y/rm_ws/install/armor_detector/lib/libarmor_detector.so
[45.336s] -- Set runtime path of "/home/mechax/ws_y/rm_ws/install/armor_detector/lib/libarmor_detector.so" to ""
[45.336s] -- Up-to-date: /home/mechax/ws_y/rm_ws/install/armor_detector/share/armor_detector/model
[45.336s] -- Up-to-date: /home/mechax/ws_y/rm_ws/install/armor_detector/share/armor_detector/model/mlp.onnx
[45.336s] -- Up-to-date: /home/mechax/ws_y/rm_ws/install/armor_detector/share/armor_detector/model/label.txt
[45.336s] -- Installing: /home/mechax/ws_y/rm_ws/install/armor_detector/share/ament_index/resource_index/package_run_dependencies/armor_detector
[45.336s] -- Installing: /home/mechax/ws_y/rm_ws/install/armor_detector/share/ament_index/resource_index/parent_prefix_path/armor_detector
[45.336s] -- Up-to-date: /home/mechax/ws_y/rm_ws/install/armor_detector/share/armor_detector/environment/ament_prefix_path.sh
[45.336s] -- Installing: /home/mechax/ws_y/rm_ws/install/armor_detector/share/armor_detector/environment/ament_prefix_path.dsv
[45.337s] -- Up-to-date: /home/mechax/ws_y/rm_ws/install/armor_detector/share/armor_detector/environment/path.sh
[45.337s] -- Installing: /home/mechax/ws_y/rm_ws/install/armor_detector/share/armor_detector/environment/path.dsv
[45.337s] -- Installing: /home/mechax/ws_y/rm_ws/install/armor_detector/share/armor_detector/local_setup.bash
[45.337s] -- Installing: /home/mechax/ws_y/rm_ws/install/armor_detector/share/armor_detector/local_setup.sh
[45.337s] -- Installing: /home/mechax/ws_y/rm_ws/install/armor_detector/share/armor_detector/local_setup.zsh
[45.337s] -- Installing: /home/mechax/ws_y/rm_ws/install/armor_detector/share/armor_detector/local_setup.dsv
[45.337s] -- Installing: /home/mechax/ws_y/rm_ws/install/armor_detector/share/armor_detector/package.dsv
[45.337s] -- Installing: /home/mechax/ws_y/rm_ws/install/armor_detector/share/ament_index/resource_index/packages/armor_detector
[45.337s] -- Installing: /home/mechax/ws_y/rm_ws/install/armor_detector/share/ament_index/resource_index/rclcpp_components/armor_detector
[45.337s] -- Installing: /home/mechax/ws_y/rm_ws/install/armor_detector/share/armor_detector/cmake/ament_cmake_export_dependencies-extras.cmake
[45.337s] -- Installing: /home/mechax/ws_y/rm_ws/install/armor_detector/share/armor_detector/cmake/ament_cmake_export_include_directories-extras.cmake
[45.337s] -- Installing: /home/mechax/ws_y/rm_ws/install/armor_detector/share/armor_detector/cmake/ament_cmake_export_libraries-extras.cmake
[45.337s] -- Installing: /home/mechax/ws_y/rm_ws/install/armor_detector/share/armor_detector/cmake/armor_detectorConfig.cmake
[45.338s] -- Installing: /home/mechax/ws_y/rm_ws/install/armor_detector/share/armor_detector/cmake/armor_detectorConfig-version.cmake
[45.338s] -- Up-to-date: /home/mechax/ws_y/rm_ws/install/armor_detector/share/armor_detector/package.xml
[45.338s] Invoked command in '/home/mechax/ws_y/rm_ws/build/armor_detector' returned '0': AMENT_PREFIX_PATH=/home/mechax/ws_y/rm_ws/install/auto_aim_interfaces:${AMENT_PREFIX_PATH} CMAKE_PREFIX_PATH=/home/mechax/ws_y/rm_ws/install/auto_aim_interfaces:/opt/ros/humble LD_LIBRARY_PATH=/home/mechax/ws_y/rm_ws/install/auto_aim_interfaces/lib:${LD_LIBRARY_PATH} PYTHONPATH=/home/mechax/ws_y/rm_ws/install/auto_aim_interfaces/local/lib/python3.10/dist-packages:${PYTHONPATH} /usr/bin/cmake --install /home/mechax/ws_y/rm_ws/build/armor_detector
