[0.377s] Invoking command in '/home/mechax/ws_y/rm_ws/build/pointcloud_to_laserscan': CMAKE_PREFIX_PATH=/opt/ros/humble /usr/bin/cmake /home/mechax/ws_y/rm_ws/src/rm_perception/pointcloud_to_laserscan -DCMAKE_INSTALL_PREFIX=/home/mechax/ws_y/rm_ws/install/pointcloud_to_laserscan
[0.388s] -- Found ament_cmake_auto: 1.3.5 (/opt/ros/humble/share/ament_cmake_auto/cmake)
[0.507s] -- Override CMake install command with custom implementation using symlinks instead of copying resources
[0.598s] -- Found rosidl_generator_c: 3.1.5 (/opt/ros/humble/share/rosidl_generator_c/cmake)
[0.601s] -- Found rosidl_adapter: 3.1.5 (/opt/ros/humble/share/rosidl_adapter/cmake)
[0.607s] -- Found rosidl_generator_cpp: 3.1.5 (/opt/ros/humble/share/rosidl_generator_cpp/cmake)
[0.619s] -- Using all available rosidl_typesupport_c: rosidl_typesupport_fastrtps_c;rosidl_typesupport_introspection_c
[0.635s] -- Using all available rosidl_typesupport_cpp: rosidl_typesupport_fastrtps_cpp;rosidl_typesupport_introspection_cpp
[0.698s] -- Found rmw_implementation_cmake: 6.1.1 (/opt/ros/humble/share/rmw_implementation_cmake/cmake)
[0.700s] -- Found rmw_fastrtps_cpp: 6.2.4 (/opt/ros/humble/share/rmw_fastrtps_cpp/cmake)
[0.781s] -- Using RMW implementation 'rmw_fastrtps_cpp' as default
[1.215s] -- Found ament_lint_auto: 0.12.8 (/opt/ros/humble/share/ament_lint_auto/cmake)
[1.221s] -- Added test 'cppcheck' to perform static code analysis on C / C++ code
[1.221s] -- Configured cppcheck include dirs: /home/mechax/ws_y/rm_ws/src/rm_perception/pointcloud_to_laserscan/include
[1.221s] -- Configured cppcheck exclude dirs and/or files: 
[1.221s] -- Added test 'cpplint' to check C / C++ code against the Google style
[1.221s] -- Configured cpplint exclude dirs and/or files: 
[1.221s] -- Added test 'flake8' to check Python code syntax and style conventions
[1.222s] -- Added test 'lint_cmake' to check CMake code style
[1.222s] -- Added test 'pep257' to check Python code against some of the docstring style conventions in PEP 257
[1.222s] -- Added test 'uncrustify' to check C / C++ code style
[1.222s] -- Configured uncrustify additional arguments: 
[1.222s] -- Added test 'xmllint' to check XML markup files
[1.224s] -- Configuring done
[1.242s] -- Generating done
[1.243s] -- Build files have been written to: /home/mechax/ws_y/rm_ws/build/pointcloud_to_laserscan
[1.251s] Invoked command in '/home/mechax/ws_y/rm_ws/build/pointcloud_to_laserscan' returned '0': CMAKE_PREFIX_PATH=/opt/ros/humble /usr/bin/cmake /home/mechax/ws_y/rm_ws/src/rm_perception/pointcloud_to_laserscan -DCMAKE_INSTALL_PREFIX=/home/mechax/ws_y/rm_ws/install/pointcloud_to_laserscan
[1.252s] Invoking command in '/home/mechax/ws_y/rm_ws/build/pointcloud_to_laserscan': CMAKE_PREFIX_PATH=/opt/ros/humble /usr/bin/cmake --build /home/mechax/ws_y/rm_ws/build/pointcloud_to_laserscan -- -j16 -l16
[1.278s] [35m[1mConsolidate compiler generated dependencies of target laserscan_to_pointcloud[0m
[1.279s] [35m[1mConsolidate compiler generated dependencies of target laserscan_to_pointcloud_node[0m
[1.279s] [35m[1mConsolidate compiler generated dependencies of target pointcloud_to_laserscan_node[0m
[1.291s] [ 20%] Built target laserscan_to_pointcloud_node
[1.297s] [ 40%] Built target pointcloud_to_laserscan_node
[1.297s] [ 60%] Built target laserscan_to_pointcloud
[1.304s] [35m[1mConsolidate compiler generated dependencies of target pointcloud_to_laserscan[0m
[1.316s] [ 80%] Built target pointcloud_to_laserscan
[1.323s] [35m[1mConsolidate compiler generated dependencies of target dummy_pointcloud_publisher[0m
[1.337s] [100%] Built target dummy_pointcloud_publisher
[1.372s] Invoked command in '/home/mechax/ws_y/rm_ws/build/pointcloud_to_laserscan' returned '0': CMAKE_PREFIX_PATH=/opt/ros/humble /usr/bin/cmake --build /home/mechax/ws_y/rm_ws/build/pointcloud_to_laserscan -- -j16 -l16
[1.401s] Invoking command in '/home/mechax/ws_y/rm_ws/build/pointcloud_to_laserscan': CMAKE_PREFIX_PATH=/opt/ros/humble /usr/bin/cmake --install /home/mechax/ws_y/rm_ws/build/pointcloud_to_laserscan
[1.406s] -- Install configuration: ""
[1.406s] -- Execute custom install script
[1.406s] -- Symlinking: /home/mechax/ws_y/rm_ws/install/pointcloud_to_laserscan/lib/pointcloud_to_laserscan/laserscan_to_pointcloud_node
[1.412s] -- Symlinking: /home/mechax/ws_y/rm_ws/install/pointcloud_to_laserscan/lib/pointcloud_to_laserscan/pointcloud_to_laserscan_node
[1.417s] -- Symlinking: /home/mechax/ws_y/rm_ws/install/pointcloud_to_laserscan/include/pointcloud_to_laserscan/laserscan_to_pointcloud_node.hpp
[1.422s] -- Symlinking: /home/mechax/ws_y/rm_ws/install/pointcloud_to_laserscan/include/pointcloud_to_laserscan/pointcloud_to_laserscan_node.hpp
[1.428s] -- Symlinking: /home/mechax/ws_y/rm_ws/install/pointcloud_to_laserscan/include/pointcloud_to_laserscan/visibility_control.h
[1.433s] -- Symlinking: /home/mechax/ws_y/rm_ws/install/pointcloud_to_laserscan/share/pointcloud_to_laserscan/environment/library_path.sh
[1.438s] -- Symlinking: /home/mechax/ws_y/rm_ws/install/pointcloud_to_laserscan/share/pointcloud_to_laserscan/environment/library_path.dsv
[1.443s] -- Symlinking: /home/mechax/ws_y/rm_ws/install/pointcloud_to_laserscan/lib/liblaserscan_to_pointcloud.so
[1.448s] -- Symlinking: /home/mechax/ws_y/rm_ws/install/pointcloud_to_laserscan/lib/libpointcloud_to_laserscan.so
[1.454s] -- Symlinking: /home/mechax/ws_y/rm_ws/install/pointcloud_to_laserscan/lib/pointcloud_to_laserscan/dummy_pointcloud_publisher
[1.459s] -- Symlinking: /home/mechax/ws_y/rm_ws/install/pointcloud_to_laserscan/share/pointcloud_to_laserscan/launch/pointcloud_to_laserscan_launch.py
[1.464s] -- Symlinking: /home/mechax/ws_y/rm_ws/install/pointcloud_to_laserscan/share/pointcloud_to_laserscan/launch/sample_laserscan_to_pointcloud_launch.py
[1.469s] -- Symlinking: /home/mechax/ws_y/rm_ws/install/pointcloud_to_laserscan/share/pointcloud_to_laserscan/launch/sample_pointcloud_to_laserscan_launch.py
[1.475s] -- Symlinking: /home/mechax/ws_y/rm_ws/install/pointcloud_to_laserscan/share/ament_index/resource_index/package_run_dependencies/pointcloud_to_laserscan
[1.480s] -- Symlinking: /home/mechax/ws_y/rm_ws/install/pointcloud_to_laserscan/share/ament_index/resource_index/parent_prefix_path/pointcloud_to_laserscan
[1.486s] -- Symlinking: /home/mechax/ws_y/rm_ws/install/pointcloud_to_laserscan/share/pointcloud_to_laserscan/environment/ament_prefix_path.sh
[1.491s] -- Symlinking: /home/mechax/ws_y/rm_ws/install/pointcloud_to_laserscan/share/pointcloud_to_laserscan/environment/ament_prefix_path.dsv
[1.496s] -- Symlinking: /home/mechax/ws_y/rm_ws/install/pointcloud_to_laserscan/share/pointcloud_to_laserscan/environment/path.sh
[1.502s] -- Symlinking: /home/mechax/ws_y/rm_ws/install/pointcloud_to_laserscan/share/pointcloud_to_laserscan/environment/path.dsv
[1.507s] -- Symlinking: /home/mechax/ws_y/rm_ws/install/pointcloud_to_laserscan/share/pointcloud_to_laserscan/local_setup.bash
[1.512s] -- Symlinking: /home/mechax/ws_y/rm_ws/install/pointcloud_to_laserscan/share/pointcloud_to_laserscan/local_setup.sh
[1.517s] -- Symlinking: /home/mechax/ws_y/rm_ws/install/pointcloud_to_laserscan/share/pointcloud_to_laserscan/local_setup.zsh
[1.522s] -- Symlinking: /home/mechax/ws_y/rm_ws/install/pointcloud_to_laserscan/share/pointcloud_to_laserscan/local_setup.dsv
[1.527s] -- Symlinking: /home/mechax/ws_y/rm_ws/install/pointcloud_to_laserscan/share/pointcloud_to_laserscan/package.dsv
[1.532s] -- Symlinking: /home/mechax/ws_y/rm_ws/install/pointcloud_to_laserscan/share/ament_index/resource_index/packages/pointcloud_to_laserscan
[1.537s] -- Symlinking: /home/mechax/ws_y/rm_ws/install/pointcloud_to_laserscan/share/ament_index/resource_index/rclcpp_components/pointcloud_to_laserscan
[1.542s] -- Symlinking: /home/mechax/ws_y/rm_ws/install/pointcloud_to_laserscan/share/pointcloud_to_laserscan/cmake/ament_cmake_export_dependencies-extras.cmake
[1.547s] -- Symlinking: /home/mechax/ws_y/rm_ws/install/pointcloud_to_laserscan/share/pointcloud_to_laserscan/cmake/ament_cmake_export_include_directories-extras.cmake
[1.553s] -- Symlinking: /home/mechax/ws_y/rm_ws/install/pointcloud_to_laserscan/share/pointcloud_to_laserscan/cmake/ament_cmake_export_libraries-extras.cmake
[1.561s] -- Symlinking: /home/mechax/ws_y/rm_ws/install/pointcloud_to_laserscan/share/pointcloud_to_laserscan/cmake/pointcloud_to_laserscanConfig.cmake
[1.568s] -- Symlinking: /home/mechax/ws_y/rm_ws/install/pointcloud_to_laserscan/share/pointcloud_to_laserscan/cmake/pointcloud_to_laserscanConfig-version.cmake
[1.576s] -- Symlinking: /home/mechax/ws_y/rm_ws/install/pointcloud_to_laserscan/share/pointcloud_to_laserscan/package.xml
