[0.076s] Invoking command in '/home/mechax/ws_y/rm_ws/build/linefit_ground_segmentation_ros': AMENT_PREFIX_PATH=/home/mechax/ws_y/rm_ws/install/linefit_ground_segmentation:${AMENT_PREFIX_PATH} CMAKE_PREFIX_PATH=/home/mechax/ws_y/rm_ws/install/linefit_ground_segmentation:/opt/ros/humble LD_LIBRARY_PATH=/home/mechax/ws_y/rm_ws/install/linefit_ground_segmentation/lib:${LD_LIBRARY_PATH} /usr/bin/cmake /home/mechax/ws_y/rm_ws/src/rm_perception/linefit_ground_segementation_ros2/linefit_ground_segmentation_ros -DCMAKE_INSTALL_PREFIX=/home/mechax/ws_y/rm_ws/install/linefit_ground_segmentation_ros
[0.181s] -- The C compiler identification is GNU 11.4.0
[0.322s] -- The CXX compiler identification is GNU 11.4.0
[0.334s] -- Detecting C compiler ABI info
[0.488s] -- Detecting C compiler ABI info - done
[0.508s] -- Check for working C compiler: /usr/bin/cc - skipped
[0.508s] -- Detecting C compile features
[0.508s] -- Detecting C compile features - done
[0.513s] -- Detecting CXX compiler ABI info
[0.679s] -- Detecting CXX compiler ABI info - done
[0.690s] -- Check for working CXX compiler: /usr/bin/c++ - skipped
[0.690s] -- Detecting CXX compile features
[0.691s] -- Detecting CXX compile features - done
[0.695s] -- Found ament_cmake_auto: 1.3.5 (/opt/ros/humble/share/ament_cmake_auto/cmake)
[1.026s] -- Found Python3: /usr/bin/python3.10 (found version "3.10.12") found components: Interpreter 
[1.450s] -- Found rosidl_generator_c: 3.1.5 (/opt/ros/humble/share/rosidl_generator_c/cmake)
[1.458s] -- Found rosidl_adapter: 3.1.5 (/opt/ros/humble/share/rosidl_adapter/cmake)
[1.471s] -- Found rosidl_generator_cpp: 3.1.5 (/opt/ros/humble/share/rosidl_generator_cpp/cmake)
[1.494s] -- Using all available rosidl_typesupport_c: rosidl_typesupport_fastrtps_c;rosidl_typesupport_introspection_c
[1.527s] -- Using all available rosidl_typesupport_cpp: rosidl_typesupport_fastrtps_cpp;rosidl_typesupport_introspection_cpp
[1.642s] -- Found rmw_implementation_cmake: 6.1.1 (/opt/ros/humble/share/rmw_implementation_cmake/cmake)
[1.646s] -- Found rmw_fastrtps_cpp: 6.2.4 (/opt/ros/humble/share/rmw_fastrtps_cpp/cmake)
[1.815s] -- Found OpenSSL: /usr/lib/x86_64-linux-gnu/libcrypto.so (found version "3.0.2")  
[1.866s] -- Found FastRTPS: /opt/ros/humble/include  
[1.943s] -- Using RMW implementation 'rmw_fastrtps_cpp' as default
[1.957s] -- Looking for pthread.h
[2.105s] -- Looking for pthread.h - found
[2.107s] -- Performing Test CMAKE_HAVE_LIBC_PTHREAD
[2.247s] -- Performing Test CMAKE_HAVE_LIBC_PTHREAD - Success
[2.247s] -- Found Threads: TRUE  
[3.480s] -- Found eigen3_cmake_module: 0.1.1 (/opt/ros/humble/share/eigen3_cmake_module/cmake)
[3.482s] -- Found Eigen3: TRUE (found version "3.4.0") 
[3.483s] -- Ensuring Eigen3 include directory is part of orocos-kdl CMake target
[3.532s] -- Checking for module 'eigen3'
[3.562s] --   Found eigen3, version 3.4.0
[3.629s] -- Found Eigen: /usr/include/eigen3 (Required is at least version "3.1") 
[3.629s] -- Eigen found (include: /usr/include/eigen3, version: 3.4.0)
[3.677s] -- Checking for module 'flann'
[3.701s] --   Found flann, version 1.9.1
[3.787s] -- Found FLANN: /usr/lib/x86_64-linux-gnu/libflann_cpp.so  
[3.788s] -- FLANN found (include: /usr/include, lib: /usr/lib/x86_64-linux-gnu/libflann_cpp.so)
[5.522s] -- Checking for module 'libusb-1.0'
[5.551s] --   Found libusb-1.0, version 1.0.25
[5.634s] -- Found libusb: /usr/lib/x86_64-linux-gnu/libusb-1.0.so  
[5.636s] -- OpenNI found (version: 1.5.4.0, include: /usr/include/ni, lib: /usr/lib/libOpenNI.so;libusb::libusb)
[5.753s] -- OpenNI2 found (version: 2.2.0.33, include: /usr/include/openni2, lib: /usr/lib/x86_64-linux-gnu/libOpenNI2.so;libusb::libusb)
[5.998s] -- Eigen found (include: /usr/include/eigen3, version: 3.4.0)
[6.010s] -- OpenNI found (version: 1.5.4.0, include: /usr/include/ni, lib: /usr/lib/libOpenNI.so;libusb::libusb)
[6.019s] -- OpenNI2 found (version: 2.2.0.33, include: /usr/include/openni2, lib: /usr/lib/x86_64-linux-gnu/libOpenNI2.so;libusb::libusb)
[6.244s] -- Found Qhull version 8.0.2
[6.493s] -- OpenNI found (version: 1.5.4.0, include: /usr/include/ni, lib: /usr/lib/libOpenNI.so;libusb::libusb)
[6.712s] -- Found PCL_COMMON: /usr/lib/x86_64-linux-gnu/libpcl_common.so  
[6.713s] -- Found PCL_KDTREE: /usr/lib/x86_64-linux-gnu/libpcl_kdtree.so  
[6.715s] -- Found PCL_OCTREE: /usr/lib/x86_64-linux-gnu/libpcl_octree.so  
[6.716s] -- Found PCL_SEARCH: /usr/lib/x86_64-linux-gnu/libpcl_search.so  
[6.718s] -- Found PCL_SAMPLE_CONSENSUS: /usr/lib/x86_64-linux-gnu/libpcl_sample_consensus.so  
[6.719s] -- Found PCL_FILTERS: /usr/lib/x86_64-linux-gnu/libpcl_filters.so  
[6.720s] -- Found PCL_2D: /usr/include/pcl-1.12  
[6.720s] -- Found PCL_GEOMETRY: /usr/include/pcl-1.12  
[6.722s] -- Found PCL_IO: /usr/lib/x86_64-linux-gnu/libpcl_io.so  
[6.724s] -- Found PCL_FEATURES: /usr/lib/x86_64-linux-gnu/libpcl_features.so  
[6.726s] -- Found PCL_ML: /usr/lib/x86_64-linux-gnu/libpcl_ml.so  
[6.727s] -- Found PCL_SEGMENTATION: /usr/lib/x86_64-linux-gnu/libpcl_segmentation.so  
[6.729s] -- Found PCL_VISUALIZATION: /usr/lib/x86_64-linux-gnu/libpcl_visualization.so  
[6.730s] -- Found PCL_SURFACE: /usr/lib/x86_64-linux-gnu/libpcl_surface.so  
[6.732s] -- Found PCL_REGISTRATION: /usr/lib/x86_64-linux-gnu/libpcl_registration.so  
[6.734s] -- Found PCL_KEYPOINTS: /usr/lib/x86_64-linux-gnu/libpcl_keypoints.so  
[6.736s] -- Found PCL_TRACKING: /usr/lib/x86_64-linux-gnu/libpcl_tracking.so  
[6.738s] -- Found PCL_RECOGNITION: /usr/lib/x86_64-linux-gnu/libpcl_recognition.so  
[6.740s] -- Found PCL_STEREO: /usr/lib/x86_64-linux-gnu/libpcl_stereo.so  
[6.741s] -- Found PCL_APPS: /usr/lib/x86_64-linux-gnu/libpcl_apps.so  
[6.742s] -- Found PCL_IN_HAND_SCANNER: /usr/include/pcl-1.12  
[6.743s] -- Found PCL_MODELER: /usr/include/pcl-1.12  
[6.743s] -- Found PCL_POINT_CLOUD_EDITOR: /usr/include/pcl-1.12  
[6.745s] -- Found PCL_OUTOFCORE: /usr/lib/x86_64-linux-gnu/libpcl_outofcore.so  
[6.747s] -- Found PCL_PEOPLE: /usr/lib/x86_64-linux-gnu/libpcl_people.so  
[7.152s] -- Configuring done
[7.246s] -- Generating done
[7.252s] -- Build files have been written to: /home/mechax/ws_y/rm_ws/build/linefit_ground_segmentation_ros
[7.298s] Invoked command in '/home/mechax/ws_y/rm_ws/build/linefit_ground_segmentation_ros' returned '0': AMENT_PREFIX_PATH=/home/mechax/ws_y/rm_ws/install/linefit_ground_segmentation:${AMENT_PREFIX_PATH} CMAKE_PREFIX_PATH=/home/mechax/ws_y/rm_ws/install/linefit_ground_segmentation:/opt/ros/humble LD_LIBRARY_PATH=/home/mechax/ws_y/rm_ws/install/linefit_ground_segmentation/lib:${LD_LIBRARY_PATH} /usr/bin/cmake /home/mechax/ws_y/rm_ws/src/rm_perception/linefit_ground_segementation_ros2/linefit_ground_segmentation_ros -DCMAKE_INSTALL_PREFIX=/home/mechax/ws_y/rm_ws/install/linefit_ground_segmentation_ros
[7.301s] Invoking command in '/home/mechax/ws_y/rm_ws/build/linefit_ground_segmentation_ros': AMENT_PREFIX_PATH=/home/mechax/ws_y/rm_ws/install/linefit_ground_segmentation:${AMENT_PREFIX_PATH} CMAKE_PREFIX_PATH=/home/mechax/ws_y/rm_ws/install/linefit_ground_segmentation:/opt/ros/humble LD_LIBRARY_PATH=/home/mechax/ws_y/rm_ws/install/linefit_ground_segmentation/lib:${LD_LIBRARY_PATH} /usr/bin/cmake --build /home/mechax/ws_y/rm_ws/build/linefit_ground_segmentation_ros -- -j16 -l16
[7.380s] [ 50%] [32mBuilding CXX object CMakeFiles/ground_segmentation_node.dir/src/ground_segmentation_node.cc.o[0m
[7.380s] [ 50%] [32mBuilding CXX object CMakeFiles/ground_segmentation_test_node.dir/src/ground_segmentation_test_node.cc.o[0m
[18.773s] [ 75%] [32m[1mLinking CXX executable ground_segmentation_test_node[0m
[20.019s] [ 75%] Built target ground_segmentation_test_node
[27.831s] [100%] [32m[1mLinking CXX executable ground_segmentation_node[0m
[28.320s] [100%] Built target ground_segmentation_node
[28.328s] Invoked command in '/home/mechax/ws_y/rm_ws/build/linefit_ground_segmentation_ros' returned '0': AMENT_PREFIX_PATH=/home/mechax/ws_y/rm_ws/install/linefit_ground_segmentation:${AMENT_PREFIX_PATH} CMAKE_PREFIX_PATH=/home/mechax/ws_y/rm_ws/install/linefit_ground_segmentation:/opt/ros/humble LD_LIBRARY_PATH=/home/mechax/ws_y/rm_ws/install/linefit_ground_segmentation/lib:${LD_LIBRARY_PATH} /usr/bin/cmake --build /home/mechax/ws_y/rm_ws/build/linefit_ground_segmentation_ros -- -j16 -l16
[28.347s] Invoking command in '/home/mechax/ws_y/rm_ws/build/linefit_ground_segmentation_ros': AMENT_PREFIX_PATH=/home/mechax/ws_y/rm_ws/install/linefit_ground_segmentation:${AMENT_PREFIX_PATH} CMAKE_PREFIX_PATH=/home/mechax/ws_y/rm_ws/install/linefit_ground_segmentation:/opt/ros/humble LD_LIBRARY_PATH=/home/mechax/ws_y/rm_ws/install/linefit_ground_segmentation/lib:${LD_LIBRARY_PATH} /usr/bin/cmake --install /home/mechax/ws_y/rm_ws/build/linefit_ground_segmentation_ros
[28.351s] -- Install configuration: ""
[28.352s] -- Installing: /home/mechax/ws_y/rm_ws/install/linefit_ground_segmentation_ros/lib/linefit_ground_segmentation_ros/ground_segmentation_node
[28.352s] -- Set runtime path of "/home/mechax/ws_y/rm_ws/install/linefit_ground_segmentation_ros/lib/linefit_ground_segmentation_ros/ground_segmentation_node" to ""
[28.353s] -- Installing: /home/mechax/ws_y/rm_ws/install/linefit_ground_segmentation_ros/lib/linefit_ground_segmentation_ros/ground_segmentation_test_node
[28.353s] -- Set runtime path of "/home/mechax/ws_y/rm_ws/install/linefit_ground_segmentation_ros/lib/linefit_ground_segmentation_ros/ground_segmentation_test_node" to ""
[28.353s] -- Up-to-date: /home/mechax/ws_y/rm_ws/install/linefit_ground_segmentation_ros/share/linefit_ground_segmentation_ros/launch
[28.353s] -- Up-to-date: /home/mechax/ws_y/rm_ws/install/linefit_ground_segmentation_ros/share/linefit_ground_segmentation_ros/launch/segmentation.launch.py
[28.353s] -- Up-to-date: /home/mechax/ws_y/rm_ws/install/linefit_ground_segmentation_ros/share/linefit_ground_segmentation_ros/launch/test.launch.py
[28.353s] -- Up-to-date: /home/mechax/ws_y/rm_ws/install/linefit_ground_segmentation_ros/share/linefit_ground_segmentation_ros/launch/segmentation_params.yaml
[28.353s] -- Installing: /home/mechax/ws_y/rm_ws/install/linefit_ground_segmentation_ros/share/ament_index/resource_index/package_run_dependencies/linefit_ground_segmentation_ros
[28.353s] -- Installing: /home/mechax/ws_y/rm_ws/install/linefit_ground_segmentation_ros/share/ament_index/resource_index/parent_prefix_path/linefit_ground_segmentation_ros
[28.353s] -- Up-to-date: /home/mechax/ws_y/rm_ws/install/linefit_ground_segmentation_ros/share/linefit_ground_segmentation_ros/environment/ament_prefix_path.sh
[28.354s] -- Installing: /home/mechax/ws_y/rm_ws/install/linefit_ground_segmentation_ros/share/linefit_ground_segmentation_ros/environment/ament_prefix_path.dsv
[28.354s] -- Up-to-date: /home/mechax/ws_y/rm_ws/install/linefit_ground_segmentation_ros/share/linefit_ground_segmentation_ros/environment/path.sh
[28.354s] -- Installing: /home/mechax/ws_y/rm_ws/install/linefit_ground_segmentation_ros/share/linefit_ground_segmentation_ros/environment/path.dsv
[28.354s] -- Installing: /home/mechax/ws_y/rm_ws/install/linefit_ground_segmentation_ros/share/linefit_ground_segmentation_ros/local_setup.bash
[28.354s] -- Installing: /home/mechax/ws_y/rm_ws/install/linefit_ground_segmentation_ros/share/linefit_ground_segmentation_ros/local_setup.sh
[28.354s] -- Installing: /home/mechax/ws_y/rm_ws/install/linefit_ground_segmentation_ros/share/linefit_ground_segmentation_ros/local_setup.zsh
[28.354s] -- Installing: /home/mechax/ws_y/rm_ws/install/linefit_ground_segmentation_ros/share/linefit_ground_segmentation_ros/local_setup.dsv
[28.354s] -- Installing: /home/mechax/ws_y/rm_ws/install/linefit_ground_segmentation_ros/share/linefit_ground_segmentation_ros/package.dsv
[28.354s] -- Installing: /home/mechax/ws_y/rm_ws/install/linefit_ground_segmentation_ros/share/ament_index/resource_index/packages/linefit_ground_segmentation_ros
[28.354s] -- Installing: /home/mechax/ws_y/rm_ws/install/linefit_ground_segmentation_ros/share/linefit_ground_segmentation_ros/cmake/ament_cmake_export_dependencies-extras.cmake
[28.355s] -- Installing: /home/mechax/ws_y/rm_ws/install/linefit_ground_segmentation_ros/share/linefit_ground_segmentation_ros/cmake/linefit_ground_segmentation_rosConfig.cmake
[28.355s] -- Installing: /home/mechax/ws_y/rm_ws/install/linefit_ground_segmentation_ros/share/linefit_ground_segmentation_ros/cmake/linefit_ground_segmentation_rosConfig-version.cmake
[28.355s] -- Up-to-date: /home/mechax/ws_y/rm_ws/install/linefit_ground_segmentation_ros/share/linefit_ground_segmentation_ros/package.xml
[28.356s] Invoked command in '/home/mechax/ws_y/rm_ws/build/linefit_ground_segmentation_ros' returned '0': AMENT_PREFIX_PATH=/home/mechax/ws_y/rm_ws/install/linefit_ground_segmentation:${AMENT_PREFIX_PATH} CMAKE_PREFIX_PATH=/home/mechax/ws_y/rm_ws/install/linefit_ground_segmentation:/opt/ros/humble LD_LIBRARY_PATH=/home/mechax/ws_y/rm_ws/install/linefit_ground_segmentation/lib:${LD_LIBRARY_PATH} /usr/bin/cmake --install /home/mechax/ws_y/rm_ws/build/linefit_ground_segmentation_ros
