[0.082s] Invoking command in '/home/mechax/ws_y/rm_ws/build/mindvision_camera': CMAKE_PREFIX_PATH=/opt/ros/humble /usr/bin/cmake /home/mechax/ws_y/rm_ws/src/mechax_rm_cv/src/ros2-mindvision-camera -DCMAKE_INSTALL_PREFIX=/home/mechax/ws_y/rm_ws/install/mindvision_camera
[0.234s] -- Found ament_cmake_auto: 1.3.5 (/opt/ros/humble/share/ament_cmake_auto/cmake)
[0.235s] -- Override CMake install command with custom implementation using symlinks instead of copying resources
[0.235s] -- Found rosidl_generator_c: 3.1.5 (/opt/ros/humble/share/rosidl_generator_c/cmake)
[0.235s] -- Found rosidl_adapter: 3.1.5 (/opt/ros/humble/share/rosidl_adapter/cmake)
[0.235s] -- Found rosidl_generator_cpp: 3.1.5 (/opt/ros/humble/share/rosidl_generator_cpp/cmake)
[0.238s] -- Using all available rosidl_typesupport_c: rosidl_typesupport_fastrtps_c;rosidl_typesupport_introspection_c
[0.246s] -- Using all available rosidl_typesupport_cpp: rosidl_typesupport_fastrtps_cpp;rosidl_typesupport_introspection_cpp
[0.280s] -- Found rmw_implementation_cmake: 6.1.1 (/opt/ros/humble/share/rmw_implementation_cmake/cmake)
[0.281s] -- Found rmw_fastrtps_cpp: 6.2.4 (/opt/ros/humble/share/rmw_fastrtps_cpp/cmake)
[0.350s] -- Using RMW implementation 'rmw_fastrtps_cpp' as default
[0.594s] -- Found ament_lint_auto: 0.12.8 (/opt/ros/humble/share/ament_lint_auto/cmake)
[0.600s] -- Added test 'cppcheck' to perform static code analysis on C / C++ code
[0.600s] -- Configured cppcheck include dirs: /home/mechax/ws_y/rm_ws/src/mechax_rm_cv/src/ros2-mindvision-camera/mvsdk/include
[0.600s] -- Configured cppcheck exclude dirs and/or files: 
[0.600s] -- Added test 'flake8' to check Python code syntax and style conventions
[0.601s] -- Added test 'lint_cmake' to check CMake code style
[0.601s] -- Added test 'pep257' to check Python code against some of the docstring style conventions in PEP 257
[0.601s] -- Added test 'xmllint' to check XML markup files
[0.602s] -- Configuring done
[0.610s] -- Generating done
[0.611s] -- Build files have been written to: /home/mechax/ws_y/rm_ws/build/mindvision_camera
[0.616s] Invoked command in '/home/mechax/ws_y/rm_ws/build/mindvision_camera' returned '0': CMAKE_PREFIX_PATH=/opt/ros/humble /usr/bin/cmake /home/mechax/ws_y/rm_ws/src/mechax_rm_cv/src/ros2-mindvision-camera -DCMAKE_INSTALL_PREFIX=/home/mechax/ws_y/rm_ws/install/mindvision_camera
[0.617s] Invoking command in '/home/mechax/ws_y/rm_ws/build/mindvision_camera': CMAKE_PREFIX_PATH=/opt/ros/humble /usr/bin/cmake --build /home/mechax/ws_y/rm_ws/build/mindvision_camera -- -j16 -l16
[0.641s] [35m[1mConsolidate compiler generated dependencies of target mindvision_camera_node[0m
[0.641s] [35m[1mConsolidate compiler generated dependencies of target mindvision_camera[0m
[0.651s] [ 75%] Built target mindvision_camera
[0.652s] [100%] Built target mindvision_camera_node
[0.660s] Invoked command in '/home/mechax/ws_y/rm_ws/build/mindvision_camera' returned '0': CMAKE_PREFIX_PATH=/opt/ros/humble /usr/bin/cmake --build /home/mechax/ws_y/rm_ws/build/mindvision_camera -- -j16 -l16
[0.675s] Invoking command in '/home/mechax/ws_y/rm_ws/build/mindvision_camera': CMAKE_PREFIX_PATH=/opt/ros/humble /usr/bin/cmake --install /home/mechax/ws_y/rm_ws/build/mindvision_camera
[0.679s] -- Install configuration: ""
[0.680s] -- Execute custom install script
[0.680s] -- Up-to-date symlink: /home/mechax/ws_y/rm_ws/install/mindvision_camera/lib/mindvision_camera/mindvision_camera_node
[0.680s] -- Up-to-date symlink: /home/mechax/ws_y/rm_ws/install/mindvision_camera/share/mindvision_camera/environment/library_path.sh
[0.680s] -- Up-to-date symlink: /home/mechax/ws_y/rm_ws/install/mindvision_camera/share/mindvision_camera/environment/library_path.dsv
[0.680s] -- Up-to-date symlink: /home/mechax/ws_y/rm_ws/install/mindvision_camera/lib/libmindvision_camera.so
[0.680s] -- Up-to-date symlink: /home/mechax/ws_y/rm_ws/install/mindvision_camera/share/mindvision_camera/config/camera_info.yaml
[0.680s] -- Up-to-date symlink: /home/mechax/ws_y/rm_ws/install/mindvision_camera/share/mindvision_camera/config/camera_params.yaml
[0.680s] -- Up-to-date symlink: /home/mechax/ws_y/rm_ws/install/mindvision_camera/share/mindvision_camera/launch/mv_launch.py
[0.680s] -- Up-to-date symlink: /home/mechax/ws_y/rm_ws/install/mindvision_camera/share/ament_index/resource_index/package_run_dependencies/mindvision_camera
[0.680s] -- Up-to-date symlink: /home/mechax/ws_y/rm_ws/install/mindvision_camera/share/ament_index/resource_index/parent_prefix_path/mindvision_camera
[0.681s] -- Up-to-date symlink: /home/mechax/ws_y/rm_ws/install/mindvision_camera/share/mindvision_camera/environment/ament_prefix_path.sh
[0.681s] -- Up-to-date symlink: /home/mechax/ws_y/rm_ws/install/mindvision_camera/share/mindvision_camera/environment/ament_prefix_path.dsv
[0.681s] -- Up-to-date symlink: /home/mechax/ws_y/rm_ws/install/mindvision_camera/share/mindvision_camera/environment/path.sh
[0.681s] -- Up-to-date symlink: /home/mechax/ws_y/rm_ws/install/mindvision_camera/share/mindvision_camera/environment/path.dsv
[0.681s] -- Up-to-date symlink: /home/mechax/ws_y/rm_ws/install/mindvision_camera/share/mindvision_camera/local_setup.bash
[0.681s] -- Up-to-date symlink: /home/mechax/ws_y/rm_ws/install/mindvision_camera/share/mindvision_camera/local_setup.sh
[0.681s] -- Up-to-date symlink: /home/mechax/ws_y/rm_ws/install/mindvision_camera/share/mindvision_camera/local_setup.zsh
[0.681s] -- Up-to-date symlink: /home/mechax/ws_y/rm_ws/install/mindvision_camera/share/mindvision_camera/local_setup.dsv
[0.681s] -- Symlinking: /home/mechax/ws_y/rm_ws/install/mindvision_camera/share/mindvision_camera/package.dsv
[0.688s] -- Up-to-date symlink: /home/mechax/ws_y/rm_ws/install/mindvision_camera/share/ament_index/resource_index/packages/mindvision_camera
[0.688s] -- Up-to-date symlink: /home/mechax/ws_y/rm_ws/install/mindvision_camera/share/ament_index/resource_index/rclcpp_components/mindvision_camera
[0.688s] -- Up-to-date symlink: /home/mechax/ws_y/rm_ws/install/mindvision_camera/share/mindvision_camera/cmake/ament_cmake_export_dependencies-extras.cmake
[0.688s] -- Up-to-date symlink: /home/mechax/ws_y/rm_ws/install/mindvision_camera/share/mindvision_camera/cmake/ament_cmake_export_libraries-extras.cmake
[0.688s] -- Up-to-date symlink: /home/mechax/ws_y/rm_ws/install/mindvision_camera/share/mindvision_camera/cmake/mindvision_cameraConfig.cmake
[0.688s] -- Up-to-date symlink: /home/mechax/ws_y/rm_ws/install/mindvision_camera/share/mindvision_camera/cmake/mindvision_cameraConfig-version.cmake
[0.688s] -- Up-to-date symlink: /home/mechax/ws_y/rm_ws/install/mindvision_camera/share/mindvision_camera/package.xml
[0.690s] Invoked command in '/home/mechax/ws_y/rm_ws/build/mindvision_camera' returned '0': CMAKE_PREFIX_PATH=/opt/ros/humble /usr/bin/cmake --install /home/mechax/ws_y/rm_ws/build/mindvision_camera
