[0.043s] Invoking command in '/home/mechax/ws_y/rm_ws/build/armor_tracker': AMENT_PREFIX_PATH=/home/mechax/ws_y/rm_ws/install/auto_aim_interfaces:${AMENT_PREFIX_PATH} CMAKE_PREFIX_PATH=/home/mechax/ws_y/rm_ws/install/auto_aim_interfaces:/opt/ros/humble LD_LIBRARY_PATH=/home/mechax/ws_y/rm_ws/install/auto_aim_interfaces/lib:${LD_LIBRARY_PATH} PYTHONPATH=/home/mechax/ws_y/rm_ws/install/auto_aim_interfaces/local/lib/python3.10/dist-packages:${PYTHONPATH} /usr/bin/cmake /home/mechax/ws_y/rm_ws/src/mechax_rm_cv/src/rm_auto_aim/armor_tracker -DCMAKE_INSTALL_PREFIX=/home/mechax/ws_y/rm_ws/install/armor_tracker
[0.048s] -- Found ament_cmake_auto: 1.3.5 (/opt/ros/humble/share/ament_cmake_auto/cmake)
[0.131s] -- Override CMake install command with custom implementation using symlinks instead of copying resources
[0.189s] -- Found rosidl_generator_c: 3.1.5 (/opt/ros/humble/share/rosidl_generator_c/cmake)
[0.190s] -- Found rosidl_adapter: 3.1.5 (/opt/ros/humble/share/rosidl_adapter/cmake)
[0.194s] -- Found rosidl_generator_cpp: 3.1.5 (/opt/ros/humble/share/rosidl_generator_cpp/cmake)
[0.200s] -- Using all available rosidl_typesupport_c: rosidl_typesupport_fastrtps_c;rosidl_typesupport_introspection_c
[0.208s] -- Using all available rosidl_typesupport_cpp: rosidl_typesupport_fastrtps_cpp;rosidl_typesupport_introspection_cpp
[0.241s] -- Found rmw_implementation_cmake: 6.1.1 (/opt/ros/humble/share/rmw_implementation_cmake/cmake)
[0.242s] -- Found rmw_fastrtps_cpp: 6.2.4 (/opt/ros/humble/share/rmw_fastrtps_cpp/cmake)
[0.309s] -- Using RMW implementation 'rmw_fastrtps_cpp' as default
[0.604s] -- Found eigen3_cmake_module: 0.1.1 (/opt/ros/humble/share/eigen3_cmake_module/cmake)
[0.605s] -- Ensuring Eigen3 include directory is part of orocos-kdl CMake target
[0.802s] -- Found ament_lint_auto: 0.12.8 (/opt/ros/humble/share/ament_lint_auto/cmake)
[0.808s] -- Added test 'cppcheck' to perform static code analysis on C / C++ code
[0.808s] -- Configured cppcheck include dirs: /home/mechax/ws_y/rm_ws/src/mechax_rm_cv/src/rm_auto_aim/armor_tracker/include
[0.808s] -- Configured cppcheck exclude dirs and/or files: 
[0.808s] -- Added test 'lint_cmake' to check CMake code style
[0.808s] -- Added test 'xmllint' to check XML markup files
[0.809s] -- Added test 'clang_format' to check C / C++ code style
[0.810s] -- Configuring done
[0.819s] -- Generating done
[0.820s] -- Build files have been written to: /home/mechax/ws_y/rm_ws/build/armor_tracker
[0.827s] Invoked command in '/home/mechax/ws_y/rm_ws/build/armor_tracker' returned '0': AMENT_PREFIX_PATH=/home/mechax/ws_y/rm_ws/install/auto_aim_interfaces:${AMENT_PREFIX_PATH} CMAKE_PREFIX_PATH=/home/mechax/ws_y/rm_ws/install/auto_aim_interfaces:/opt/ros/humble LD_LIBRARY_PATH=/home/mechax/ws_y/rm_ws/install/auto_aim_interfaces/lib:${LD_LIBRARY_PATH} PYTHONPATH=/home/mechax/ws_y/rm_ws/install/auto_aim_interfaces/local/lib/python3.10/dist-packages:${PYTHONPATH} /usr/bin/cmake /home/mechax/ws_y/rm_ws/src/mechax_rm_cv/src/rm_auto_aim/armor_tracker -DCMAKE_INSTALL_PREFIX=/home/mechax/ws_y/rm_ws/install/armor_tracker
[0.827s] Invoking command in '/home/mechax/ws_y/rm_ws/build/armor_tracker': AMENT_PREFIX_PATH=/home/mechax/ws_y/rm_ws/install/auto_aim_interfaces:${AMENT_PREFIX_PATH} CMAKE_PREFIX_PATH=/home/mechax/ws_y/rm_ws/install/auto_aim_interfaces:/opt/ros/humble LD_LIBRARY_PATH=/home/mechax/ws_y/rm_ws/install/auto_aim_interfaces/lib:${LD_LIBRARY_PATH} PYTHONPATH=/home/mechax/ws_y/rm_ws/install/auto_aim_interfaces/local/lib/python3.10/dist-packages:${PYTHONPATH} /usr/bin/cmake --build /home/mechax/ws_y/rm_ws/build/armor_tracker -- -j16 -l16
[0.850s] [35m[1mConsolidate compiler generated dependencies of target armor_tracker_node[0m
[0.851s] [35m[1mConsolidate compiler generated dependencies of target armor_tracker[0m
[0.862s] [ 33%] Built target armor_tracker_node
[0.865s] [ 50%] [32mBuilding CXX object CMakeFiles/armor_tracker.dir/src/tracker_node.cpp.o[0m
[2.852s] [01m[K/home/mechax/ws_y/rm_ws/src/mechax_rm_cv/src/rm_auto_aim/armor_tracker/src/tracker_node.cpp:[m[K In member function ‘[01m[Kvoid rm_auto_aim::ArmorTrackerNode::armorsCallback(auto_aim_interfaces::msg::Armors_<std::allocator<void> >::SharedPtr)[m[K’:
[2.852s] [01m[K/home/mechax/ws_y/rm_ws/src/mechax_rm_cv/src/rm_auto_aim/armor_tracker/src/tracker_node.cpp:263:20:[m[K [01;31m[Kerror: [m[Kexpected initializer before ‘[01m[K+=[m[K’ token
[2.852s]   263 |      float tar_yaw [01;31m[K+=[m[K state(7) * timeDelay;
[2.852s]       |                    [01;31m[K^~[m[K
[2.856s] [01m[K/home/mechax/ws_y/rm_ws/src/mechax_rm_cv/src/rm_auto_aim/armor_tracker/src/tracker_node.cpp:265:27:[m[K [01;31m[Kerror: [m[K‘[01m[Ktar_yaw[m[K’ was not declared in this scope; did you mean ‘[01m[Kr_yaw[m[K’?
[2.856s]   265 |           float tmp_yaw = [01;31m[Ktar_yaw[m[K + i * M_PI/2.0;
[2.856s]       |                           [01;31m[K^~~~~~~[m[K
[2.856s]       |                           [32m[Kr_yaw[m[K
[2.857s] [01m[K/home/mechax/ws_y/rm_ws/src/mechax_rm_cv/src/rm_auto_aim/armor_tracker/src/tracker_node.cpp:262:12:[m[K [01;31m[Kerror: [m[Kunused variable ‘[01m[KtimeDelay[m[K’ [[01;31m[K]8;;https://gcc.gnu.org/onlinedocs/gcc/Warning-Options.html#index-Wunused-variable-Werror=unused-variable]8;;[m[K]
[2.857s]   262 |      float [01;31m[KtimeDelay[m[K = 2.1;
[2.857s]       |            [01;31m[K^~~~~~~~~[m[K
[4.724s] cc1plus: all warnings being treated as errors
[4.742s] gmake[2]: *** [CMakeFiles/armor_tracker.dir/build.make:104: CMakeFiles/armor_tracker.dir/src/tracker_node.cpp.o] Error 1
[4.742s] gmake[1]: *** [CMakeFiles/Makefile2:139: CMakeFiles/armor_tracker.dir/all] Error 2
[4.742s] gmake: *** [Makefile:146: all] Error 2
[4.745s] Invoked command in '/home/mechax/ws_y/rm_ws/build/armor_tracker' returned '2': AMENT_PREFIX_PATH=/home/mechax/ws_y/rm_ws/install/auto_aim_interfaces:${AMENT_PREFIX_PATH} CMAKE_PREFIX_PATH=/home/mechax/ws_y/rm_ws/install/auto_aim_interfaces:/opt/ros/humble LD_LIBRARY_PATH=/home/mechax/ws_y/rm_ws/install/auto_aim_interfaces/lib:${LD_LIBRARY_PATH} PYTHONPATH=/home/mechax/ws_y/rm_ws/install/auto_aim_interfaces/local/lib/python3.10/dist-packages:${PYTHONPATH} /usr/bin/cmake --build /home/mechax/ws_y/rm_ws/build/armor_tracker -- -j16 -l16
