[0.071s] Invoking command in '/home/mechax/ws_y/rm_ws/build/fast_lio': AMENT_PREFIX_PATH=/home/mechax/ws_y/rm_ws/install/livox_ros_driver2:${AMENT_PREFIX_PATH} CMAKE_PREFIX_PATH=/home/mechax/ws_y/rm_ws/install/livox_ros_driver2:/opt/ros/humble LD_LIBRARY_PATH=/home/mechax/ws_y/rm_ws/install/livox_ros_driver2/lib:${LD_LIBRARY_PATH} PYTHONPATH=/home/mechax/ws_y/rm_ws/install/livox_ros_driver2/local/lib/python3.10/dist-packages:${PYTHONPATH} /usr/bin/cmake /home/mechax/ws_y/rm_ws/src/src/rm_localization/fast_lio -DCMAKE_INSTALL_PREFIX=/home/mechax/ws_y/rm_ws/install/fast_lio
[0.155s] -- The C compiler identification is GNU 11.4.0
[0.237s] -- The CXX compiler identification is GNU 11.4.0
[0.246s] -- Detecting C compiler ABI info
[0.338s] -- Detecting C compiler ABI info - done
[0.347s] -- Check for working C compiler: /usr/bin/cc - skipped
[0.347s] -- Detecting C compile features
[0.347s] -- Detecting C compile features - done
[0.351s] -- Detecting CXX compiler ABI info
[0.461s] -- Detecting CXX compiler ABI info - done
[0.471s] -- Check for working CXX compiler: /usr/bin/c++ - skipped
[0.471s] -- Detecting CXX compile features
[0.472s] -- Detecting CXX compile features - done
[0.473s] [0mCurrent CPU archtecture: x86_64[0m
[0.478s] [0mProcesser number:  16[0m
[0.478s] [0mcore for MP: 3[0m
[0.945s] -- Found PythonLibs: /usr/lib/x86_64-linux-gnu/libpython3.10.so (found version "3.10.12") 
[0.948s] -- Found ament_cmake: 1.3.5 (/opt/ros/humble/share/ament_cmake/cmake)
[1.209s] -- Found Python3: /usr/bin/python3.10 (found version "3.10.12") found components: Interpreter 
[1.322s] -- Found rclcpp: 16.0.6 (/opt/ros/humble/share/rclcpp/cmake)
[1.359s] -- Found rosidl_generator_c: 3.1.5 (/opt/ros/humble/share/rosidl_generator_c/cmake)
[1.362s] -- Found rosidl_adapter: 3.1.5 (/opt/ros/humble/share/rosidl_adapter/cmake)
[1.369s] -- Found rosidl_generator_cpp: 3.1.5 (/opt/ros/humble/share/rosidl_generator_cpp/cmake)
[1.380s] -- Using all available rosidl_typesupport_c: rosidl_typesupport_fastrtps_c;rosidl_typesupport_introspection_c
[1.396s] -- Using all available rosidl_typesupport_cpp: rosidl_typesupport_fastrtps_cpp;rosidl_typesupport_introspection_cpp
[1.451s] -- Found rmw_implementation_cmake: 6.1.1 (/opt/ros/humble/share/rmw_implementation_cmake/cmake)
[1.453s] -- Found rmw_fastrtps_cpp: 6.2.4 (/opt/ros/humble/share/rmw_fastrtps_cpp/cmake)
[1.568s] -- Found OpenSSL: /usr/lib/x86_64-linux-gnu/libcrypto.so (found version "3.0.2")  
[1.609s] -- Found FastRTPS: /opt/ros/humble/include  
[1.670s] -- Using RMW implementation 'rmw_fastrtps_cpp' as default
[1.682s] -- Looking for pthread.h
[1.784s] -- Looking for pthread.h - found
[1.784s] -- Performing Test CMAKE_HAVE_LIBC_PTHREAD
[1.887s] -- Performing Test CMAKE_HAVE_LIBC_PTHREAD - Success
[1.889s] -- Found Threads: TRUE  
[2.089s] -- Found rclcpp_components: 16.0.6 (/opt/ros/humble/share/rclcpp_components/cmake)
[2.140s] -- Found geometry_msgs: 4.2.3 (/opt/ros/humble/share/geometry_msgs/cmake)
[2.173s] -- Found nav_msgs: 4.2.3 (/opt/ros/humble/share/nav_msgs/cmake)
[2.237s] -- Found sensor_msgs: 4.2.3 (/opt/ros/humble/share/sensor_msgs/cmake)
[2.302s] -- Found std_srvs: 4.2.3 (/opt/ros/humble/share/std_srvs/cmake)
[2.316s] -- Found visualization_msgs: 4.2.3 (/opt/ros/humble/share/visualization_msgs/cmake)
[2.410s] -- Found pcl_ros: 2.4.0 (/opt/ros/humble/share/pcl_ros/cmake)
[2.622s] -- Found eigen3_cmake_module: 0.1.1 (/opt/ros/humble/share/eigen3_cmake_module/cmake)
[2.623s] -- Found Eigen3: TRUE (found version "3.4.0") 
[2.623s] -- Ensuring Eigen3 include directory is part of orocos-kdl CMake target
[2.865s] -- Checking for module 'eigen3'
[2.880s] --   Found eigen3, version 3.4.0
[2.921s] -- Found Eigen: /usr/include/eigen3 (Required is at least version "3.1") 
[2.921s] -- Eigen found (include: /usr/include/eigen3, version: 3.4.0)
[2.965s] -- Checking for module 'flann'
[2.985s] --   Found flann, version 1.9.1
[3.050s] -- Found FLANN: /usr/lib/x86_64-linux-gnu/libflann_cpp.so  
[3.050s] -- FLANN found (include: /usr/include, lib: /usr/lib/x86_64-linux-gnu/libflann_cpp.so)
[4.454s] -- Checking for module 'libusb-1.0'
[4.483s] --   Found libusb-1.0, version 1.0.25
[4.564s] -- Found libusb: /usr/lib/x86_64-linux-gnu/libusb-1.0.so  
[4.566s] -- OpenNI found (version: 1.5.4.0, include: /usr/include/ni, lib: /usr/lib/libOpenNI.so;libusb::libusb)
[4.670s] -- OpenNI2 found (version: 2.2.0.33, include: /usr/include/openni2, lib: /usr/lib/x86_64-linux-gnu/libOpenNI2.so;libusb::libusb)
[4.899s] -- Eigen found (include: /usr/include/eigen3, version: 3.4.0)
[4.910s] -- OpenNI found (version: 1.5.4.0, include: /usr/include/ni, lib: /usr/lib/libOpenNI.so;libusb::libusb)
[4.920s] -- OpenNI2 found (version: 2.2.0.33, include: /usr/include/openni2, lib: /usr/lib/x86_64-linux-gnu/libOpenNI2.so;libusb::libusb)
[5.050s] -- Found Qhull version 8.0.2
[5.177s] -- OpenNI found (version: 1.5.4.0, include: /usr/include/ni, lib: /usr/lib/libOpenNI.so;libusb::libusb)
[5.299s] -- Found PCL_COMMON: /usr/lib/x86_64-linux-gnu/libpcl_common.so  
[5.300s] -- Found PCL_KDTREE: /usr/lib/x86_64-linux-gnu/libpcl_kdtree.so  
[5.301s] -- Found PCL_OCTREE: /usr/lib/x86_64-linux-gnu/libpcl_octree.so  
[5.302s] -- Found PCL_SEARCH: /usr/lib/x86_64-linux-gnu/libpcl_search.so  
[5.303s] -- Found PCL_SAMPLE_CONSENSUS: /usr/lib/x86_64-linux-gnu/libpcl_sample_consensus.so  
[5.304s] -- Found PCL_FILTERS: /usr/lib/x86_64-linux-gnu/libpcl_filters.so  
[5.304s] -- Found PCL_2D: /usr/include/pcl-1.12  
[5.304s] -- Found PCL_GEOMETRY: /usr/include/pcl-1.12  
[5.305s] -- Found PCL_IO: /usr/lib/x86_64-linux-gnu/libpcl_io.so  
[5.306s] -- Found PCL_FEATURES: /usr/lib/x86_64-linux-gnu/libpcl_features.so  
[5.307s] -- Found PCL_ML: /usr/lib/x86_64-linux-gnu/libpcl_ml.so  
[5.307s] -- Found PCL_SEGMENTATION: /usr/lib/x86_64-linux-gnu/libpcl_segmentation.so  
[5.308s] -- Found PCL_VISUALIZATION: /usr/lib/x86_64-linux-gnu/libpcl_visualization.so  
[5.309s] -- Found PCL_SURFACE: /usr/lib/x86_64-linux-gnu/libpcl_surface.so  
[5.310s] -- Found PCL_REGISTRATION: /usr/lib/x86_64-linux-gnu/libpcl_registration.so  
[5.310s] -- Found PCL_KEYPOINTS: /usr/lib/x86_64-linux-gnu/libpcl_keypoints.so  
[5.311s] -- Found PCL_TRACKING: /usr/lib/x86_64-linux-gnu/libpcl_tracking.so  
[5.312s] -- Found PCL_RECOGNITION: /usr/lib/x86_64-linux-gnu/libpcl_recognition.so  
[5.313s] -- Found PCL_STEREO: /usr/lib/x86_64-linux-gnu/libpcl_stereo.so  
[5.313s] -- Found PCL_APPS: /usr/lib/x86_64-linux-gnu/libpcl_apps.so  
[5.314s] -- Found PCL_IN_HAND_SCANNER: /usr/include/pcl-1.12  
[5.316s] -- Found PCL_MODELER: /usr/include/pcl-1.12  
[5.316s] -- Found PCL_POINT_CLOUD_EDITOR: /usr/include/pcl-1.12  
[5.317s] -- Found PCL_OUTOFCORE: /usr/lib/x86_64-linux-gnu/libpcl_outofcore.so  
[5.317s] -- Found PCL_PEOPLE: /usr/lib/x86_64-linux-gnu/libpcl_people.so  
[5.328s] -- Found livox_ros_driver2: 1.0.0 (/home/mechax/ws_y/rm_ws/install/livox_ros_driver2/share/livox_ros_driver2/cmake)
[5.464s] -- Found rosidl_default_generators: 1.2.0 (/opt/ros/humble/share/rosidl_default_generators/cmake)
[5.471s] [33mCMake Warning (dev) at CMakeLists.txt:80 (find_package):
[5.471s]   Policy CMP0074 is not set: find_package uses <PackageName>_ROOT variables.
[5.471s]   Run "cmake --help-policy CMP0074" for policy details.  Use the cmake_policy
[5.471s]   command to set the policy and suppress this warning.
[5.471s] 
[5.471s]   CMake variable PCL_ROOT is set to:
[5.471s] 
[5.472s]     /usr
[5.472s] 
[5.472s]   For compatibility, CMake is ignoring the variable.
[5.472s] This warning is for project developers.  Use -Wno-dev to suppress it.
[5.472s] [0m
[5.477s] [0mEigen:/usr/include/eigen3[0m
[5.477s] -- PCL: /usr/include/pcl-1.12
[5.793s] -- Found ament_cmake_ros: 0.10.0 (/opt/ros/humble/share/ament_cmake_ros/cmake)
[6.228s] -- Using all available rosidl_typesupport_c: rosidl_typesupport_fastrtps_c;rosidl_typesupport_introspection_c
[6.393s] -- Using all available rosidl_typesupport_cpp: rosidl_typesupport_fastrtps_cpp;rosidl_typesupport_introspection_cpp
[6.422s] -- Found PythonInterp: /usr/bin/python3 (found suitable version "3.10.12", minimum required is "3.6") 
[6.423s] -- Found python_cmake_module: 0.10.0 (/opt/ros/humble/share/python_cmake_module/cmake)
[6.457s] -- Found PythonLibs: /usr/lib/x86_64-linux-gnu/libpython3.10.so (found suitable version "3.10.12", minimum required is "3.5") 
[6.457s] -- Using PYTHON_EXECUTABLE: /usr/bin/python3
[6.457s] -- Using PYTHON_INCLUDE_DIRS: /usr/include/python3.10
[6.457s] -- Using PYTHON_LIBRARIES: /usr/lib/x86_64-linux-gnu/libpython3.10.so
[6.487s] -- Found PythonExtra: .so  
[6.632s] -- Configuring done
[6.727s] -- Generating done
[6.733s] -- Build files have been written to: /home/mechax/ws_y/rm_ws/build/fast_lio
[6.786s] Invoked command in '/home/mechax/ws_y/rm_ws/build/fast_lio' returned '0': AMENT_PREFIX_PATH=/home/mechax/ws_y/rm_ws/install/livox_ros_driver2:${AMENT_PREFIX_PATH} CMAKE_PREFIX_PATH=/home/mechax/ws_y/rm_ws/install/livox_ros_driver2:/opt/ros/humble LD_LIBRARY_PATH=/home/mechax/ws_y/rm_ws/install/livox_ros_driver2/lib:${LD_LIBRARY_PATH} PYTHONPATH=/home/mechax/ws_y/rm_ws/install/livox_ros_driver2/local/lib/python3.10/dist-packages:${PYTHONPATH} /usr/bin/cmake /home/mechax/ws_y/rm_ws/src/src/rm_localization/fast_lio -DCMAKE_INSTALL_PREFIX=/home/mechax/ws_y/rm_ws/install/fast_lio
[6.789s] Invoking command in '/home/mechax/ws_y/rm_ws/build/fast_lio': AMENT_PREFIX_PATH=/home/mechax/ws_y/rm_ws/install/livox_ros_driver2:${AMENT_PREFIX_PATH} CMAKE_PREFIX_PATH=/home/mechax/ws_y/rm_ws/install/livox_ros_driver2:/opt/ros/humble LD_LIBRARY_PATH=/home/mechax/ws_y/rm_ws/install/livox_ros_driver2/lib:${LD_LIBRARY_PATH} PYTHONPATH=/home/mechax/ws_y/rm_ws/install/livox_ros_driver2/local/lib/python3.10/dist-packages:${PYTHONPATH} /usr/bin/cmake --build /home/mechax/ws_y/rm_ws/build/fast_lio -- -j16 -l16
[6.848s] [  2%] [34m[1mGenerating C code for ROS interfaces[0m
[6.860s] [  5%] [34m[1mGenerating C++ code for ROS interfaces[0m
[6.873s] [  5%] Built target ament_cmake_python_copy_fast_lio
[7.191s] running egg_info
[7.192s] creating fast_lio.egg-info
[7.192s] writing fast_lio.egg-info/PKG-INFO
[7.192s] writing dependency_links to fast_lio.egg-info/dependency_links.txt
[7.193s] writing top-level names to fast_lio.egg-info/top_level.txt
[7.193s] writing manifest file 'fast_lio.egg-info/SOURCES.txt'
[7.196s] reading manifest file 'fast_lio.egg-info/SOURCES.txt'
[7.197s] writing manifest file 'fast_lio.egg-info/SOURCES.txt'
[7.258s] [  5%] Built target ament_cmake_python_build_fast_lio_egg
[7.307s] [  5%] Built target fast_lio__cpp
[7.320s] [ 14%] [34m[1mGenerating C++ type support for eProsima Fast-RTPS[0m
[7.321s] [ 14%] [34m[1mGenerating C++ type support dispatch for ROS interfaces[0m
[7.321s] [ 14%] [34m[1mGenerating C++ introspection for ROS interfaces[0m
[7.332s] [ 17%] [32mBuilding C object CMakeFiles/fast_lio__rosidl_generator_c.dir/rosidl_generator_c/fast_lio/msg/detail/pose6_d__functions.c.o[0m
[7.454s] [ 20%] [32m[1mLinking C shared library libfast_lio__rosidl_generator_c.so[0m
[7.505s] [ 20%] Built target fast_lio__rosidl_generator_c
[7.518s] [ 25%] [34m[1mGenerating C type support dispatch for ROS interfaces[0m
[7.519s] [ 28%] [34m[1mGenerating C type support for eProsima Fast-RTPS[0m
[7.523s] [ 28%] [34m[1mGenerating C introspection for ROS interfaces[0m
[7.753s] [ 31%] [32mBuilding CXX object CMakeFiles/fast_lio__rosidl_typesupport_cpp.dir/rosidl_typesupport_cpp/fast_lio/msg/pose6_d__type_support.cpp.o[0m
[7.784s] [ 34%] [32mBuilding CXX object CMakeFiles/fast_lio__rosidl_typesupport_fastrtps_cpp.dir/rosidl_typesupport_fastrtps_cpp/fast_lio/msg/detail/dds_fastrtps/pose6_d__type_support.cpp.o[0m
[7.789s] [ 37%] [32mBuilding CXX object CMakeFiles/fast_lio__rosidl_typesupport_introspection_cpp.dir/rosidl_typesupport_introspection_cpp/fast_lio/msg/detail/pose6_d__type_support.cpp.o[0m
[7.843s] [ 40%] [32mBuilding C object CMakeFiles/fast_lio__rosidl_typesupport_introspection_c.dir/rosidl_typesupport_introspection_c/fast_lio/msg/detail/pose6_d__type_support.c.o[0m
[7.909s] [ 42%] [32m[1mLinking C shared library libfast_lio__rosidl_typesupport_introspection_c.so[0m
[7.940s] [ 45%] [32mBuilding CXX object CMakeFiles/fast_lio__rosidl_typesupport_c.dir/rosidl_typesupport_c/fast_lio/msg/pose6_d__type_support.cpp.o[0m
[7.944s] [ 45%] Built target fast_lio__rosidl_typesupport_introspection_c
[7.981s] [ 48%] [32m[1mLinking CXX shared library libfast_lio__rosidl_typesupport_c.so[0m
[8.000s] [ 51%] [32mBuilding CXX object CMakeFiles/fast_lio__rosidl_typesupport_fastrtps_c.dir/rosidl_typesupport_fastrtps_c/fast_lio/msg/detail/pose6_d__type_support_c.cpp.o[0m
[8.044s] [ 51%] Built target fast_lio__rosidl_typesupport_c
[8.166s] [ 54%] [32m[1mLinking CXX shared library libfast_lio__rosidl_typesupport_cpp.so[0m
[8.224s] [ 57%] [32m[1mLinking CXX shared library libfast_lio__rosidl_typesupport_fastrtps_cpp.so[0m
[8.229s] [ 57%] Built target fast_lio__rosidl_typesupport_cpp
[8.263s] [ 62%] [32mBuilding CXX object CMakeFiles/fastlio_mapping.dir/src/preprocess.cpp.o[0m
[8.263s] [ 62%] [32mBuilding CXX object CMakeFiles/fastlio_mapping.dir/src/laserMapping.cpp.o[0m
[8.271s] [ 65%] [32mBuilding CXX object CMakeFiles/fastlio_mapping.dir/include/ikd-Tree/ikd_Tree.cpp.o[0m
[8.365s] [ 68%] [32m[1mLinking CXX shared library libfast_lio__rosidl_typesupport_introspection_cpp.so[0m
[8.404s] [ 68%] Built target fast_lio__rosidl_typesupport_fastrtps_cpp
[8.429s] [ 68%] Built target fast_lio__rosidl_typesupport_introspection_cpp
[8.462s] [ 71%] [32m[1mLinking CXX shared library libfast_lio__rosidl_typesupport_fastrtps_c.so[0m
[8.621s] [ 71%] Built target fast_lio__rosidl_typesupport_fastrtps_c
[8.646s] [ 71%] Built target fast_lio
[8.673s] [ 74%] [34m[1mGenerating Python code for ROS interfaces[0m
[9.403s] [ 74%] Built target fast_lio__py
[9.439s] [ 77%] [32mBuilding C object CMakeFiles/fast_lio__rosidl_generator_py.dir/rosidl_generator_py/fast_lio/msg/_pose6_d_s.c.o[0m
[9.671s] [ 80%] [32m[1mLinking C shared library rosidl_generator_py/fast_lio/libfast_lio__rosidl_generator_py.so[0m
[9.749s] [ 80%] Built target fast_lio__rosidl_generator_py
[9.778s] [ 82%] [32mBuilding C object CMakeFiles/fast_lio__rosidl_typesupport_fastrtps_c__pyext.dir/rosidl_generator_py/fast_lio/_fast_lio_s.ep.rosidl_typesupport_fastrtps_c.c.o[0m
[9.778s] [ 85%] [32mBuilding C object CMakeFiles/fast_lio__rosidl_typesupport_c__pyext.dir/rosidl_generator_py/fast_lio/_fast_lio_s.ep.rosidl_typesupport_c.c.o[0m
[9.779s] [ 88%] [32mBuilding C object CMakeFiles/fast_lio__rosidl_typesupport_introspection_c__pyext.dir/rosidl_generator_py/fast_lio/_fast_lio_s.ep.rosidl_typesupport_introspection_c.c.o[0m
[9.944s] [ 91%] [32m[1mLinking C shared library rosidl_generator_py/fast_lio/fast_lio_s__rosidl_typesupport_introspection_c.cpython-310-x86_64-linux-gnu.so[0m
[9.949s] [ 94%] [32m[1mLinking C shared library rosidl_generator_py/fast_lio/fast_lio_s__rosidl_typesupport_fastrtps_c.cpython-310-x86_64-linux-gnu.so[0m
[9.960s] [ 97%] [32m[1mLinking C shared library rosidl_generator_py/fast_lio/fast_lio_s__rosidl_typesupport_c.cpython-310-x86_64-linux-gnu.so[0m
[10.008s] [ 97%] Built target fast_lio__rosidl_typesupport_introspection_c__pyext
[10.009s] [ 97%] Built target fast_lio__rosidl_typesupport_fastrtps_c__pyext
[10.023s] [ 97%] Built target fast_lio__rosidl_typesupport_c__pyext
[14.854s] In file included from [01m[K/usr/include/boost/smart_ptr/detail/sp_thread_sleep.hpp:22[m[K,
[14.854s]                  from [01m[K/usr/include/boost/smart_ptr/detail/yield_k.hpp:23[m[K,
[14.854s]                  from [01m[K/usr/include/boost/smart_ptr/detail/spinlock_gcc_atomic.hpp:14[m[K,
[14.855s]                  from [01m[K/usr/include/boost/smart_ptr/detail/spinlock.hpp:42[m[K,
[14.855s]                  from [01m[K/usr/include/boost/smart_ptr/detail/spinlock_pool.hpp:25[m[K,
[14.855s]                  from [01m[K/usr/include/boost/smart_ptr/shared_ptr.hpp:29[m[K,
[14.855s]                  from [01m[K/usr/include/boost/shared_ptr.hpp:17[m[K,
[14.855s]                  from [01m[K/usr/include/boost/date_time/microsec_time_clock.hpp:18[m[K,
[14.855s]                  from [01m[K/usr/include/boost/interprocess/detail/posix_time_types_wrk.hpp:31[m[K,
[14.855s]                  from [01m[K/usr/include/boost/interprocess/detail/os_thread_functions.hpp:36[m[K,
[14.855s]                  from [01m[K/usr/include/boost/interprocess/sync/file_lock.hpp:26[m[K,
[14.855s]                  from [01m[K/usr/include/pcl-1.12/pcl/io/pcd_io.h:46[m[K,
[14.855s]                  from [01m[K/opt/ros/humble/include/pcl_conversions/pcl_conversions.h:72[m[K,
[14.855s]                  from [01m[K/home/mechax/ws_y/rm_ws/src/src/rm_localization/fast_lio/src/IMU_Processing.hpp:18[m[K,
[14.855s]                  from [01m[K/home/mechax/ws_y/rm_ws/src/src/rm_localization/fast_lio/src/laserMapping.cpp:47[m[K:
[14.855s] [01m[K/usr/include/boost/bind.hpp:36:1:[m[K [01;36m[Knote: [m[K‘[01m[K#pragma message: The practice of declaring the Bind placeholders (_1, _2, ...) in the global namespace is deprecated. Please use <boost/bind/bind.hpp> + using namespace boost::placeholders, or define BOOST_BIND_GLOBAL_PLACEHOLDERS to retain the current behavior.[m[K’
[14.855s]    36 | [01;36m[KBOOST_PRAGMA_MESSAGE[m[K(
[14.855s]       | [01;36m[K^~~~~~~~~~~~~~~~~~~~[m[K
[55.246s] [100%] [32m[1mLinking CXX executable fastlio_mapping[0m
[55.947s] [100%] Built target fastlio_mapping
[55.954s] Invoked command in '/home/mechax/ws_y/rm_ws/build/fast_lio' returned '0': AMENT_PREFIX_PATH=/home/mechax/ws_y/rm_ws/install/livox_ros_driver2:${AMENT_PREFIX_PATH} CMAKE_PREFIX_PATH=/home/mechax/ws_y/rm_ws/install/livox_ros_driver2:/opt/ros/humble LD_LIBRARY_PATH=/home/mechax/ws_y/rm_ws/install/livox_ros_driver2/lib:${LD_LIBRARY_PATH} PYTHONPATH=/home/mechax/ws_y/rm_ws/install/livox_ros_driver2/local/lib/python3.10/dist-packages:${PYTHONPATH} /usr/bin/cmake --build /home/mechax/ws_y/rm_ws/build/fast_lio -- -j16 -l16
[55.985s] Invoking command in '/home/mechax/ws_y/rm_ws/build/fast_lio': AMENT_PREFIX_PATH=/home/mechax/ws_y/rm_ws/install/livox_ros_driver2:${AMENT_PREFIX_PATH} CMAKE_PREFIX_PATH=/home/mechax/ws_y/rm_ws/install/livox_ros_driver2:/opt/ros/humble LD_LIBRARY_PATH=/home/mechax/ws_y/rm_ws/install/livox_ros_driver2/lib:${LD_LIBRARY_PATH} PYTHONPATH=/home/mechax/ws_y/rm_ws/install/livox_ros_driver2/local/lib/python3.10/dist-packages:${PYTHONPATH} /usr/bin/cmake --install /home/mechax/ws_y/rm_ws/build/fast_lio
[55.990s] -- Install configuration: "Release"
[55.990s] -- Installing: /home/mechax/ws_y/rm_ws/install/fast_lio/share/ament_index/resource_index/rosidl_interfaces/fast_lio
[55.990s] -- Installing: /home/mechax/ws_y/rm_ws/install/fast_lio/include/fast_lio/fast_lio
[55.990s] -- Installing: /home/mechax/ws_y/rm_ws/install/fast_lio/include/fast_lio/fast_lio/msg
[55.990s] -- Installing: /home/mechax/ws_y/rm_ws/install/fast_lio/include/fast_lio/fast_lio/msg/detail
[55.990s] -- Installing: /home/mechax/ws_y/rm_ws/install/fast_lio/include/fast_lio/fast_lio/msg/detail/pose6_d__functions.c
[55.990s] -- Installing: /home/mechax/ws_y/rm_ws/install/fast_lio/include/fast_lio/fast_lio/msg/detail/pose6_d__struct.h
[55.990s] -- Installing: /home/mechax/ws_y/rm_ws/install/fast_lio/include/fast_lio/fast_lio/msg/detail/pose6_d__functions.h
[55.990s] -- Installing: /home/mechax/ws_y/rm_ws/install/fast_lio/include/fast_lio/fast_lio/msg/detail/pose6_d__type_support.h
[55.990s] -- Installing: /home/mechax/ws_y/rm_ws/install/fast_lio/include/fast_lio/fast_lio/msg/rosidl_generator_c__visibility_control.h
[55.990s] -- Installing: /home/mechax/ws_y/rm_ws/install/fast_lio/include/fast_lio/fast_lio/msg/pose6_d.h
[55.990s] -- Installing: /home/mechax/ws_y/rm_ws/install/fast_lio/share/fast_lio/environment/library_path.sh
[55.990s] -- Installing: /home/mechax/ws_y/rm_ws/install/fast_lio/share/fast_lio/environment/library_path.dsv
[55.990s] -- Installing: /home/mechax/ws_y/rm_ws/install/fast_lio/lib/libfast_lio__rosidl_generator_c.so
[55.990s] -- Set runtime path of "/home/mechax/ws_y/rm_ws/install/fast_lio/lib/libfast_lio__rosidl_generator_c.so" to ""
[55.990s] -- Up-to-date: /home/mechax/ws_y/rm_ws/install/fast_lio/include/fast_lio/fast_lio
[55.990s] -- Up-to-date: /home/mechax/ws_y/rm_ws/install/fast_lio/include/fast_lio/fast_lio/msg
[55.990s] -- Up-to-date: /home/mechax/ws_y/rm_ws/install/fast_lio/include/fast_lio/fast_lio/msg/detail
[55.991s] -- Installing: /home/mechax/ws_y/rm_ws/install/fast_lio/include/fast_lio/fast_lio/msg/detail/pose6_d__rosidl_typesupport_fastrtps_c.h
[55.991s] -- Installing: /home/mechax/ws_y/rm_ws/install/fast_lio/include/fast_lio/fast_lio/msg/rosidl_typesupport_fastrtps_c__visibility_control.h
[55.991s] -- Installing: /home/mechax/ws_y/rm_ws/install/fast_lio/lib/libfast_lio__rosidl_typesupport_fastrtps_c.so
[55.991s] -- Set runtime path of "/home/mechax/ws_y/rm_ws/install/fast_lio/lib/libfast_lio__rosidl_typesupport_fastrtps_c.so" to ""
[55.991s] -- Up-to-date: /home/mechax/ws_y/rm_ws/install/fast_lio/include/fast_lio/fast_lio
[55.991s] -- Up-to-date: /home/mechax/ws_y/rm_ws/install/fast_lio/include/fast_lio/fast_lio/msg
[55.991s] -- Installing: /home/mechax/ws_y/rm_ws/install/fast_lio/include/fast_lio/fast_lio/msg/pose6_d.hpp
[55.991s] -- Up-to-date: /home/mechax/ws_y/rm_ws/install/fast_lio/include/fast_lio/fast_lio/msg/detail
[55.991s] -- Installing: /home/mechax/ws_y/rm_ws/install/fast_lio/include/fast_lio/fast_lio/msg/detail/pose6_d__builder.hpp
[55.991s] -- Installing: /home/mechax/ws_y/rm_ws/install/fast_lio/include/fast_lio/fast_lio/msg/detail/pose6_d__traits.hpp
[55.991s] -- Installing: /home/mechax/ws_y/rm_ws/install/fast_lio/include/fast_lio/fast_lio/msg/detail/pose6_d__struct.hpp
[55.991s] -- Up-to-date: /home/mechax/ws_y/rm_ws/install/fast_lio/include/fast_lio/fast_lio
[55.991s] -- Up-to-date: /home/mechax/ws_y/rm_ws/install/fast_lio/include/fast_lio/fast_lio/msg
[55.991s] -- Up-to-date: /home/mechax/ws_y/rm_ws/install/fast_lio/include/fast_lio/fast_lio/msg/detail
[55.991s] -- Installing: /home/mechax/ws_y/rm_ws/install/fast_lio/include/fast_lio/fast_lio/msg/detail/dds_fastrtps
[55.991s] -- Installing: /home/mechax/ws_y/rm_ws/install/fast_lio/include/fast_lio/fast_lio/msg/detail/pose6_d__rosidl_typesupport_fastrtps_cpp.hpp
[55.991s] -- Installing: /home/mechax/ws_y/rm_ws/install/fast_lio/include/fast_lio/fast_lio/msg/rosidl_typesupport_fastrtps_cpp__visibility_control.h
[55.991s] -- Installing: /home/mechax/ws_y/rm_ws/install/fast_lio/lib/libfast_lio__rosidl_typesupport_fastrtps_cpp.so
[55.991s] -- Set runtime path of "/home/mechax/ws_y/rm_ws/install/fast_lio/lib/libfast_lio__rosidl_typesupport_fastrtps_cpp.so" to ""
[55.991s] -- Up-to-date: /home/mechax/ws_y/rm_ws/install/fast_lio/include/fast_lio/fast_lio
[55.991s] -- Up-to-date: /home/mechax/ws_y/rm_ws/install/fast_lio/include/fast_lio/fast_lio/msg
[55.991s] -- Installing: /home/mechax/ws_y/rm_ws/install/fast_lio/include/fast_lio/fast_lio/msg/rosidl_typesupport_introspection_c__visibility_control.h
[55.991s] -- Up-to-date: /home/mechax/ws_y/rm_ws/install/fast_lio/include/fast_lio/fast_lio/msg/detail
[55.991s] -- Installing: /home/mechax/ws_y/rm_ws/install/fast_lio/include/fast_lio/fast_lio/msg/detail/pose6_d__rosidl_typesupport_introspection_c.h
[55.991s] -- Installing: /home/mechax/ws_y/rm_ws/install/fast_lio/include/fast_lio/fast_lio/msg/detail/pose6_d__type_support.c
[55.991s] -- Installing: /home/mechax/ws_y/rm_ws/install/fast_lio/lib/libfast_lio__rosidl_typesupport_introspection_c.so
[55.991s] -- Set runtime path of "/home/mechax/ws_y/rm_ws/install/fast_lio/lib/libfast_lio__rosidl_typesupport_introspection_c.so" to ""
[55.991s] -- Installing: /home/mechax/ws_y/rm_ws/install/fast_lio/lib/libfast_lio__rosidl_typesupport_c.so
[55.992s] -- Set runtime path of "/home/mechax/ws_y/rm_ws/install/fast_lio/lib/libfast_lio__rosidl_typesupport_c.so" to ""
[55.992s] -- Up-to-date: /home/mechax/ws_y/rm_ws/install/fast_lio/include/fast_lio/fast_lio
[55.992s] -- Up-to-date: /home/mechax/ws_y/rm_ws/install/fast_lio/include/fast_lio/fast_lio/msg
[55.992s] -- Up-to-date: /home/mechax/ws_y/rm_ws/install/fast_lio/include/fast_lio/fast_lio/msg/detail
[55.992s] -- Installing: /home/mechax/ws_y/rm_ws/install/fast_lio/include/fast_lio/fast_lio/msg/detail/pose6_d__type_support.cpp
[55.992s] -- Installing: /home/mechax/ws_y/rm_ws/install/fast_lio/include/fast_lio/fast_lio/msg/detail/pose6_d__rosidl_typesupport_introspection_cpp.hpp
[55.992s] -- Installing: /home/mechax/ws_y/rm_ws/install/fast_lio/lib/libfast_lio__rosidl_typesupport_introspection_cpp.so
[55.992s] -- Set runtime path of "/home/mechax/ws_y/rm_ws/install/fast_lio/lib/libfast_lio__rosidl_typesupport_introspection_cpp.so" to ""
[55.992s] -- Installing: /home/mechax/ws_y/rm_ws/install/fast_lio/lib/libfast_lio__rosidl_typesupport_cpp.so
[55.992s] -- Set runtime path of "/home/mechax/ws_y/rm_ws/install/fast_lio/lib/libfast_lio__rosidl_typesupport_cpp.so" to ""
[55.992s] -- Installing: /home/mechax/ws_y/rm_ws/install/fast_lio/share/fast_lio/environment/pythonpath.sh
[55.992s] -- Installing: /home/mechax/ws_y/rm_ws/install/fast_lio/share/fast_lio/environment/pythonpath.dsv
[55.992s] -- Installing: /home/mechax/ws_y/rm_ws/install/fast_lio/local/lib/python3.10/dist-packages/fast_lio-0.0.0-py3.10.egg-info
[55.992s] -- Installing: /home/mechax/ws_y/rm_ws/install/fast_lio/local/lib/python3.10/dist-packages/fast_lio-0.0.0-py3.10.egg-info/SOURCES.txt
[55.992s] -- Installing: /home/mechax/ws_y/rm_ws/install/fast_lio/local/lib/python3.10/dist-packages/fast_lio-0.0.0-py3.10.egg-info/top_level.txt
[55.992s] -- Installing: /home/mechax/ws_y/rm_ws/install/fast_lio/local/lib/python3.10/dist-packages/fast_lio-0.0.0-py3.10.egg-info/PKG-INFO
[55.992s] -- Installing: /home/mechax/ws_y/rm_ws/install/fast_lio/local/lib/python3.10/dist-packages/fast_lio-0.0.0-py3.10.egg-info/dependency_links.txt
[55.992s] -- Installing: /home/mechax/ws_y/rm_ws/install/fast_lio/local/lib/python3.10/dist-packages/fast_lio
[55.992s] -- Installing: /home/mechax/ws_y/rm_ws/install/fast_lio/local/lib/python3.10/dist-packages/fast_lio/libfast_lio__rosidl_generator_py.so
[55.992s] -- Installing: /home/mechax/ws_y/rm_ws/install/fast_lio/local/lib/python3.10/dist-packages/fast_lio/fast_lio_s__rosidl_typesupport_c.cpython-310-x86_64-linux-gnu.so
[55.992s] -- Installing: /home/mechax/ws_y/rm_ws/install/fast_lio/local/lib/python3.10/dist-packages/fast_lio/fast_lio_s__rosidl_typesupport_fastrtps_c.cpython-310-x86_64-linux-gnu.so
[55.992s] -- Installing: /home/mechax/ws_y/rm_ws/install/fast_lio/local/lib/python3.10/dist-packages/fast_lio/msg
[55.992s] -- Installing: /home/mechax/ws_y/rm_ws/install/fast_lio/local/lib/python3.10/dist-packages/fast_lio/msg/_pose6_d.py
[55.992s] -- Installing: /home/mechax/ws_y/rm_ws/install/fast_lio/local/lib/python3.10/dist-packages/fast_lio/msg/_pose6_d_s.c
[55.993s] -- Installing: /home/mechax/ws_y/rm_ws/install/fast_lio/local/lib/python3.10/dist-packages/fast_lio/msg/__init__.py
[55.993s] -- Installing: /home/mechax/ws_y/rm_ws/install/fast_lio/local/lib/python3.10/dist-packages/fast_lio/_fast_lio_s.ep.rosidl_typesupport_introspection_c.c
[55.993s] -- Installing: /home/mechax/ws_y/rm_ws/install/fast_lio/local/lib/python3.10/dist-packages/fast_lio/_fast_lio_s.ep.rosidl_typesupport_fastrtps_c.c
[55.993s] -- Installing: /home/mechax/ws_y/rm_ws/install/fast_lio/local/lib/python3.10/dist-packages/fast_lio/_fast_lio_s.ep.rosidl_typesupport_c.c
[55.993s] -- Installing: /home/mechax/ws_y/rm_ws/install/fast_lio/local/lib/python3.10/dist-packages/fast_lio/fast_lio_s__rosidl_typesupport_introspection_c.cpython-310-x86_64-linux-gnu.so
[55.993s] -- Installing: /home/mechax/ws_y/rm_ws/install/fast_lio/local/lib/python3.10/dist-packages/fast_lio/__init__.py
[56.012s] Listing '/home/mechax/ws_y/rm_ws/install/fast_lio/local/lib/python3.10/dist-packages/fast_lio'...
[56.012s] Compiling '/home/mechax/ws_y/rm_ws/install/fast_lio/local/lib/python3.10/dist-packages/fast_lio/__init__.py'...
[56.013s] Listing '/home/mechax/ws_y/rm_ws/install/fast_lio/local/lib/python3.10/dist-packages/fast_lio/msg'...
[56.013s] Compiling '/home/mechax/ws_y/rm_ws/install/fast_lio/local/lib/python3.10/dist-packages/fast_lio/msg/__init__.py'...
[56.013s] Compiling '/home/mechax/ws_y/rm_ws/install/fast_lio/local/lib/python3.10/dist-packages/fast_lio/msg/_pose6_d.py'...
[56.015s] -- Installing: /home/mechax/ws_y/rm_ws/install/fast_lio/local/lib/python3.10/dist-packages/fast_lio/fast_lio_s__rosidl_typesupport_fastrtps_c.cpython-310-x86_64-linux-gnu.so
[56.015s] -- Set runtime path of "/home/mechax/ws_y/rm_ws/install/fast_lio/local/lib/python3.10/dist-packages/fast_lio/fast_lio_s__rosidl_typesupport_fastrtps_c.cpython-310-x86_64-linux-gnu.so" to ""
[56.015s] -- Installing: /home/mechax/ws_y/rm_ws/install/fast_lio/local/lib/python3.10/dist-packages/fast_lio/fast_lio_s__rosidl_typesupport_introspection_c.cpython-310-x86_64-linux-gnu.so
[56.015s] -- Set runtime path of "/home/mechax/ws_y/rm_ws/install/fast_lio/local/lib/python3.10/dist-packages/fast_lio/fast_lio_s__rosidl_typesupport_introspection_c.cpython-310-x86_64-linux-gnu.so" to ""
[56.015s] -- Installing: /home/mechax/ws_y/rm_ws/install/fast_lio/local/lib/python3.10/dist-packages/fast_lio/fast_lio_s__rosidl_typesupport_c.cpython-310-x86_64-linux-gnu.so
[56.016s] -- Set runtime path of "/home/mechax/ws_y/rm_ws/install/fast_lio/local/lib/python3.10/dist-packages/fast_lio/fast_lio_s__rosidl_typesupport_c.cpython-310-x86_64-linux-gnu.so" to ""
[56.016s] -- Installing: /home/mechax/ws_y/rm_ws/install/fast_lio/lib/libfast_lio__rosidl_generator_py.so
[56.016s] -- Set runtime path of "/home/mechax/ws_y/rm_ws/install/fast_lio/lib/libfast_lio__rosidl_generator_py.so" to ""
[56.016s] -- Installing: /home/mechax/ws_y/rm_ws/install/fast_lio/share/fast_lio/msg/Pose6D.idl
[56.016s] -- Installing: /home/mechax/ws_y/rm_ws/install/fast_lio/share/fast_lio/msg/Pose6D.msg
[56.016s] -- Installing: /home/mechax/ws_y/rm_ws/install/fast_lio/lib/fast_lio/fastlio_mapping
[56.017s] -- Set runtime path of "/home/mechax/ws_y/rm_ws/install/fast_lio/lib/fast_lio/fastlio_mapping" to ""
[56.017s] -- Installing: /home/mechax/ws_y/rm_ws/install/fast_lio/share/fast_lio/config
[56.017s] -- Installing: /home/mechax/ws_y/rm_ws/install/fast_lio/share/fast_lio/config/velodyne.yaml
[56.017s] -- Installing: /home/mechax/ws_y/rm_ws/install/fast_lio/share/fast_lio/config/avia.yaml
[56.017s] -- Installing: /home/mechax/ws_y/rm_ws/install/fast_lio/share/fast_lio/config/horizon.yaml
[56.017s] -- Installing: /home/mechax/ws_y/rm_ws/install/fast_lio/share/fast_lio/config/ouster64.yaml
[56.017s] -- Installing: /home/mechax/ws_y/rm_ws/install/fast_lio/share/fast_lio/config/mid360.yaml
[56.017s] -- Installing: /home/mechax/ws_y/rm_ws/install/fast_lio/share/fast_lio/launch
[56.017s] -- Installing: /home/mechax/ws_y/rm_ws/install/fast_lio/share/fast_lio/launch/gdb_debug_example.launch
[56.018s] -- Installing: /home/mechax/ws_y/rm_ws/install/fast_lio/share/fast_lio/launch/mapping_ouster64.launch
[56.018s] -- Installing: /home/mechax/ws_y/rm_ws/install/fast_lio/share/fast_lio/launch/mapping_horizon.launch
[56.018s] -- Installing: /home/mechax/ws_y/rm_ws/install/fast_lio/share/fast_lio/launch/mapping.launch.py
[56.018s] -- Installing: /home/mechax/ws_y/rm_ws/install/fast_lio/share/fast_lio/launch/mapping_avia.launch
[56.018s] -- Installing: /home/mechax/ws_y/rm_ws/install/fast_lio/share/fast_lio/launch/mapping_velodyne.launch
[56.018s] -- Installing: /home/mechax/ws_y/rm_ws/install/fast_lio/share/fast_lio/rviz
[56.018s] -- Installing: /home/mechax/ws_y/rm_ws/install/fast_lio/share/fast_lio/rviz/fastlio.rviz
[56.018s] -- Installing: /home/mechax/ws_y/rm_ws/install/fast_lio/share/ament_index/resource_index/package_run_dependencies/fast_lio
[56.018s] -- Installing: /home/mechax/ws_y/rm_ws/install/fast_lio/share/ament_index/resource_index/parent_prefix_path/fast_lio
[56.018s] -- Installing: /home/mechax/ws_y/rm_ws/install/fast_lio/share/fast_lio/environment/ament_prefix_path.sh
[56.018s] -- Installing: /home/mechax/ws_y/rm_ws/install/fast_lio/share/fast_lio/environment/ament_prefix_path.dsv
[56.018s] -- Installing: /home/mechax/ws_y/rm_ws/install/fast_lio/share/fast_lio/environment/path.sh
[56.018s] -- Installing: /home/mechax/ws_y/rm_ws/install/fast_lio/share/fast_lio/environment/path.dsv
[56.018s] -- Installing: /home/mechax/ws_y/rm_ws/install/fast_lio/share/fast_lio/local_setup.bash
[56.018s] -- Installing: /home/mechax/ws_y/rm_ws/install/fast_lio/share/fast_lio/local_setup.sh
[56.018s] -- Installing: /home/mechax/ws_y/rm_ws/install/fast_lio/share/fast_lio/local_setup.zsh
[56.018s] -- Installing: /home/mechax/ws_y/rm_ws/install/fast_lio/share/fast_lio/local_setup.dsv
[56.018s] -- Installing: /home/mechax/ws_y/rm_ws/install/fast_lio/share/fast_lio/package.dsv
[56.018s] -- Installing: /home/mechax/ws_y/rm_ws/install/fast_lio/share/ament_index/resource_index/packages/fast_lio
[56.018s] -- Installing: /home/mechax/ws_y/rm_ws/install/fast_lio/share/fast_lio/cmake/export_fast_lio__rosidl_generator_cExport.cmake
[56.018s] -- Installing: /home/mechax/ws_y/rm_ws/install/fast_lio/share/fast_lio/cmake/export_fast_lio__rosidl_generator_cExport-release.cmake
[56.018s] -- Installing: /home/mechax/ws_y/rm_ws/install/fast_lio/share/fast_lio/cmake/export_fast_lio__rosidl_typesupport_fastrtps_cExport.cmake
[56.018s] -- Installing: /home/mechax/ws_y/rm_ws/install/fast_lio/share/fast_lio/cmake/export_fast_lio__rosidl_typesupport_fastrtps_cExport-release.cmake
[56.018s] -- Installing: /home/mechax/ws_y/rm_ws/install/fast_lio/share/fast_lio/cmake/export_fast_lio__rosidl_generator_cppExport.cmake
[56.018s] -- Installing: /home/mechax/ws_y/rm_ws/install/fast_lio/share/fast_lio/cmake/export_fast_lio__rosidl_typesupport_fastrtps_cppExport.cmake
[56.018s] -- Installing: /home/mechax/ws_y/rm_ws/install/fast_lio/share/fast_lio/cmake/export_fast_lio__rosidl_typesupport_fastrtps_cppExport-release.cmake
[56.018s] -- Installing: /home/mechax/ws_y/rm_ws/install/fast_lio/share/fast_lio/cmake/fast_lio__rosidl_typesupport_introspection_cExport.cmake
[56.019s] -- Installing: /home/mechax/ws_y/rm_ws/install/fast_lio/share/fast_lio/cmake/fast_lio__rosidl_typesupport_introspection_cExport-release.cmake
[56.019s] -- Installing: /home/mechax/ws_y/rm_ws/install/fast_lio/share/fast_lio/cmake/fast_lio__rosidl_typesupport_cExport.cmake
[56.019s] -- Installing: /home/mechax/ws_y/rm_ws/install/fast_lio/share/fast_lio/cmake/fast_lio__rosidl_typesupport_cExport-release.cmake
[56.019s] -- Installing: /home/mechax/ws_y/rm_ws/install/fast_lio/share/fast_lio/cmake/fast_lio__rosidl_typesupport_introspection_cppExport.cmake
[56.019s] -- Installing: /home/mechax/ws_y/rm_ws/install/fast_lio/share/fast_lio/cmake/fast_lio__rosidl_typesupport_introspection_cppExport-release.cmake
[56.019s] -- Installing: /home/mechax/ws_y/rm_ws/install/fast_lio/share/fast_lio/cmake/fast_lio__rosidl_typesupport_cppExport.cmake
[56.019s] -- Installing: /home/mechax/ws_y/rm_ws/install/fast_lio/share/fast_lio/cmake/fast_lio__rosidl_typesupport_cppExport-release.cmake
[56.019s] -- Installing: /home/mechax/ws_y/rm_ws/install/fast_lio/share/fast_lio/cmake/export_fast_lio__rosidl_generator_pyExport.cmake
[56.019s] -- Installing: /home/mechax/ws_y/rm_ws/install/fast_lio/share/fast_lio/cmake/export_fast_lio__rosidl_generator_pyExport-release.cmake
[56.019s] -- Installing: /home/mechax/ws_y/rm_ws/install/fast_lio/share/fast_lio/cmake/rosidl_cmake-extras.cmake
[56.019s] -- Installing: /home/mechax/ws_y/rm_ws/install/fast_lio/share/fast_lio/cmake/ament_cmake_export_include_directories-extras.cmake
[56.019s] -- Installing: /home/mechax/ws_y/rm_ws/install/fast_lio/share/fast_lio/cmake/ament_cmake_export_libraries-extras.cmake
[56.019s] -- Installing: /home/mechax/ws_y/rm_ws/install/fast_lio/share/fast_lio/cmake/ament_cmake_export_targets-extras.cmake
[56.019s] -- Installing: /home/mechax/ws_y/rm_ws/install/fast_lio/share/fast_lio/cmake/rosidl_cmake_export_typesupport_targets-extras.cmake
[56.019s] -- Installing: /home/mechax/ws_y/rm_ws/install/fast_lio/share/fast_lio/cmake/ament_cmake_export_dependencies-extras.cmake
[56.019s] -- Installing: /home/mechax/ws_y/rm_ws/install/fast_lio/share/fast_lio/cmake/rosidl_cmake_export_typesupport_libraries-extras.cmake
[56.019s] -- Installing: /home/mechax/ws_y/rm_ws/install/fast_lio/share/fast_lio/cmake/fast_lioConfig.cmake
[56.019s] -- Installing: /home/mechax/ws_y/rm_ws/install/fast_lio/share/fast_lio/cmake/fast_lioConfig-version.cmake
[56.019s] -- Installing: /home/mechax/ws_y/rm_ws/install/fast_lio/share/fast_lio/package.xml
[56.021s] Invoked command in '/home/mechax/ws_y/rm_ws/build/fast_lio' returned '0': AMENT_PREFIX_PATH=/home/mechax/ws_y/rm_ws/install/livox_ros_driver2:${AMENT_PREFIX_PATH} CMAKE_PREFIX_PATH=/home/mechax/ws_y/rm_ws/install/livox_ros_driver2:/opt/ros/humble LD_LIBRARY_PATH=/home/mechax/ws_y/rm_ws/install/livox_ros_driver2/lib:${LD_LIBRARY_PATH} PYTHONPATH=/home/mechax/ws_y/rm_ws/install/livox_ros_driver2/local/lib/python3.10/dist-packages:${PYTHONPATH} /usr/bin/cmake --install /home/mechax/ws_y/rm_ws/build/fast_lio
