[0.325s] Invoking command in '/home/mechax/ws_y/rm_ws/build/rm_navigation': CMAKE_PREFIX_PATH=/opt/ros/humble /usr/bin/cmake /home/mechax/ws_y/rm_ws/src/src/rm_navigation -DAMENT_CMAKE_SYMLINK_INSTALL=1 -DCMAKE_INSTALL_PREFIX=/home/mechax/ws_y/rm_ws/install/rm_navigation
[0.332s] -- Found ament_cmake_auto: 1.3.5 (/opt/ros/humble/share/ament_cmake_auto/cmake)
[0.432s] -- Override CMake install command with custom implementation using symlinks instead of copying resources
[0.439s] -- Found ament_lint_auto: 0.12.8 (/opt/ros/humble/share/ament_lint_auto/cmake)
[0.516s] -- Added test 'flake8' to check Python code syntax and style conventions
[0.516s] -- Added test 'lint_cmake' to check CMake code style
[0.516s] -- Added test 'pep257' to check Python code against some of the docstring style conventions in PEP 257
[0.518s] -- Added test 'xmllint' to check XML markup files
[0.518s] -- Configuring done
[0.522s] -- Generating done
[0.522s] -- Build files have been written to: /home/mechax/ws_y/rm_ws/build/rm_navigation
[0.526s] Invoked command in '/home/mechax/ws_y/rm_ws/build/rm_navigation' returned '0': CMAKE_PREFIX_PATH=/opt/ros/humble /usr/bin/cmake /home/mechax/ws_y/rm_ws/src/src/rm_navigation -DAMENT_CMAKE_SYMLINK_INSTALL=1 -DCMAKE_INSTALL_PREFIX=/home/mechax/ws_y/rm_ws/install/rm_navigation
[0.528s] Invoking command in '/home/mechax/ws_y/rm_ws/build/rm_navigation': CMAKE_PREFIX_PATH=/opt/ros/humble /usr/bin/cmake --build /home/mechax/ws_y/rm_ws/build/rm_navigation -- -j16 -l16
[0.558s] Invoked command in '/home/mechax/ws_y/rm_ws/build/rm_navigation' returned '0': CMAKE_PREFIX_PATH=/opt/ros/humble /usr/bin/cmake --build /home/mechax/ws_y/rm_ws/build/rm_navigation -- -j16 -l16
[0.586s] Invoking command in '/home/mechax/ws_y/rm_ws/build/rm_navigation': CMAKE_PREFIX_PATH=/opt/ros/humble /usr/bin/cmake --install /home/mechax/ws_y/rm_ws/build/rm_navigation
[0.590s] -- Install configuration: ""
[0.590s] -- Execute custom install script
[0.591s] -- Symlinking: /home/mechax/ws_y/rm_ws/install/rm_navigation/share/rm_navigation/params/mapper_params_online_async.yaml
[0.596s] -- Symlinking: /home/mechax/ws_y/rm_ws/install/rm_navigation/share/rm_navigation/params/nav2_params.yaml
[0.602s] -- Symlinking: /home/mechax/ws_y/rm_ws/install/rm_navigation/share/rm_navigation/launch/bringup_launch.py
[0.610s] -- Symlinking: /home/mechax/ws_y/rm_ws/install/rm_navigation/share/rm_navigation/launch/bringup_no_amcl_launch.py
[0.619s] -- Symlinking: /home/mechax/ws_y/rm_ws/install/rm_navigation/share/rm_navigation/launch/localization_launch.py
[0.627s] -- Symlinking: /home/mechax/ws_y/rm_ws/install/rm_navigation/share/rm_navigation/launch/navigation_launch.py
[0.635s] -- Symlinking: /home/mechax/ws_y/rm_ws/install/rm_navigation/share/rm_navigation/launch/online_async_launch.py
[0.644s] -- Symlinking: /home/mechax/ws_y/rm_ws/install/rm_navigation/share/rm_navigation/launch/rviz_launch.py
[0.653s] -- Symlinking: /home/mechax/ws_y/rm_ws/install/rm_navigation/share/rm_navigation/launch/slam_launch.py
[0.663s] -- Symlinking: /home/mechax/ws_y/rm_ws/install/rm_navigation/share/rm_navigation/map/map.pgm
[0.670s] -- Symlinking: /home/mechax/ws_y/rm_ws/install/rm_navigation/share/rm_navigation/map/map.yaml
[0.676s] -- Symlinking: /home/mechax/ws_y/rm_ws/install/rm_navigation/share/rm_navigation/map/map_1693979014.pgm
[0.681s] -- Symlinking: /home/mechax/ws_y/rm_ws/install/rm_navigation/share/rm_navigation/map/map_1693985699.pgm
[0.687s] -- Symlinking: /home/mechax/ws_y/rm_ws/install/rm_navigation/share/rm_navigation/map/map_1694007542.pgm
[0.693s] -- Symlinking: /home/mechax/ws_y/rm_ws/install/rm_navigation/share/rm_navigation/map/map_1694007542.yaml
[0.698s] -- Symlinking: /home/mechax/ws_y/rm_ws/install/rm_navigation/share/rm_navigation/map/map_1694431716.pgm
[0.703s] -- Symlinking: /home/mechax/ws_y/rm_ws/install/rm_navigation/share/rm_navigation/map/map_1694431716.yaml
[0.709s] -- Symlinking: /home/mechax/ws_y/rm_ws/install/rm_navigation/share/rm_navigation/map/map_1694438103.pgm
[0.718s] -- Symlinking: /home/mechax/ws_y/rm_ws/install/rm_navigation/share/rm_navigation/map/map_1694438103.yaml
[0.726s] -- Symlinking: /home/mechax/ws_y/rm_ws/install/rm_navigation/share/rm_navigation/map/map_1695900691.pgm
[0.731s] -- Symlinking: /home/mechax/ws_y/rm_ws/install/rm_navigation/share/rm_navigation/map/map_1695900691.yaml
[0.740s] -- Symlinking: /home/mechax/ws_y/rm_ws/install/rm_navigation/share/rm_navigation/map/map_o.yaml
[0.749s] -- Symlinking: /home/mechax/ws_y/rm_ws/install/rm_navigation/share/rm_navigation/map/ssdsad.yaml
[0.754s] -- Symlinking: /home/mechax/ws_y/rm_ws/install/rm_navigation/share/ament_index/resource_index/package_run_dependencies/rm_navigation
[0.763s] -- Symlinking: /home/mechax/ws_y/rm_ws/install/rm_navigation/share/ament_index/resource_index/parent_prefix_path/rm_navigation
[0.772s] -- Symlinking: /home/mechax/ws_y/rm_ws/install/rm_navigation/share/rm_navigation/environment/ament_prefix_path.sh
[0.781s] -- Symlinking: /home/mechax/ws_y/rm_ws/install/rm_navigation/share/rm_navigation/environment/ament_prefix_path.dsv
[0.789s] -- Symlinking: /home/mechax/ws_y/rm_ws/install/rm_navigation/share/rm_navigation/environment/path.sh
[0.798s] -- Symlinking: /home/mechax/ws_y/rm_ws/install/rm_navigation/share/rm_navigation/environment/path.dsv
[0.808s] -- Symlinking: /home/mechax/ws_y/rm_ws/install/rm_navigation/share/rm_navigation/local_setup.bash
[0.817s] -- Symlinking: /home/mechax/ws_y/rm_ws/install/rm_navigation/share/rm_navigation/local_setup.sh
[0.823s] -- Symlinking: /home/mechax/ws_y/rm_ws/install/rm_navigation/share/rm_navigation/local_setup.zsh
[0.829s] -- Symlinking: /home/mechax/ws_y/rm_ws/install/rm_navigation/share/rm_navigation/local_setup.dsv
[0.835s] -- Symlinking: /home/mechax/ws_y/rm_ws/install/rm_navigation/share/rm_navigation/package.dsv
[0.841s] -- Symlinking: /home/mechax/ws_y/rm_ws/install/rm_navigation/share/ament_index/resource_index/packages/rm_navigation
[0.847s] -- Symlinking: /home/mechax/ws_y/rm_ws/install/rm_navigation/share/rm_navigation/cmake/rm_navigationConfig.cmake
[0.853s] -- Symlinking: /home/mechax/ws_y/rm_ws/install/rm_navigation/share/rm_navigation/cmake/rm_navigationConfig-version.cmake
[0.860s] -- Symlinking: /home/mechax/ws_y/rm_ws/install/rm_navigation/share/rm_navigation/package.xml
[0.908s] Invoked command in '/home/mechax/ws_y/rm_ws/build/rm_navigation' returned '0': CMAKE_PREFIX_PATH=/opt/ros/humble /usr/bin/cmake --install /home/mechax/ws_y/rm_ws/build/rm_navigation
