[0.167s] Invoking command in '/home/mechax/ws_y/rm_ws/build/livox_ros_driver2': CMAKE_PREFIX_PATH=/opt/ros/humble /usr/bin/cmake /home/mechax/ws_y/rm_ws/src/src/rm_sensors/livox_ros_driver2 -DCMAKE_INSTALL_PREFIX=/home/mechax/ws_y/rm_ws/install/livox_ros_driver2
[0.413s] -- The C compiler identification is GNU 11.4.0
[0.414s] -- The CXX compiler identification is GNU 11.4.0
[0.414s] -- Detecting C compiler ABI info
[0.414s] -- Detecting C compiler ABI info - done
[0.414s] -- Check for working C compiler: /usr/bin/cc - skipped
[0.414s] -- Detecting C compile features
[0.414s] -- Detecting C compile features - done
[0.414s] -- Detecting CXX compiler ABI info
[0.414s] -- Detecting CXX compiler ABI info - done
[0.414s] -- Check for working CXX compiler: /usr/bin/c++ - skipped
[0.414s] -- Detecting CXX compile features
[0.414s] -- Detecting CXX compile features - done
[0.414s] -- livox_ros_driver2 version: 1.0.0
[0.414s] -- Found ament_cmake_auto: 1.3.5 (/opt/ros/humble/share/ament_cmake_auto/cmake)
[0.517s] -- Found Python3: /usr/bin/python3.10 (found version "3.10.12") found components: Interpreter 
[0.682s] -- Using all available rosidl_typesupport_c: rosidl_typesupport_fastrtps_c;rosidl_typesupport_introspection_c
[0.689s] -- Found rosidl_adapter: 3.1.5 (/opt/ros/humble/share/rosidl_adapter/cmake)
[0.719s] -- Using all available rosidl_typesupport_cpp: rosidl_typesupport_fastrtps_cpp;rosidl_typesupport_introspection_cpp
[0.785s] -- Found rmw_implementation_cmake: 6.1.1 (/opt/ros/humble/share/rmw_implementation_cmake/cmake)
[0.787s] -- Found rmw_fastrtps_cpp: 6.2.4 (/opt/ros/humble/share/rmw_fastrtps_cpp/cmake)
[0.865s] -- Found OpenSSL: /usr/lib/x86_64-linux-gnu/libcrypto.so (found version "3.0.2")  
[0.898s] -- Found FastRTPS: /opt/ros/humble/include  
[0.944s] -- Using RMW implementation 'rmw_fastrtps_cpp' as default
[0.953s] -- Looking for pthread.h
[1.018s] -- Looking for pthread.h - found
[1.018s] -- Performing Test CMAKE_HAVE_LIBC_PTHREAD
[1.092s] -- Performing Test CMAKE_HAVE_LIBC_PTHREAD - Success
[1.093s] -- Found Threads: TRUE  
[1.423s] -- Checking for module 'eigen3'
[1.433s] --   Found eigen3, version 3.4.0
[1.459s] -- Found Eigen: /usr/include/eigen3 (Required is at least version "3.1") 
[1.459s] -- Eigen found (include: /usr/include/eigen3, version: 3.4.0)
[1.476s] -- Found Boost: /usr/lib/x86_64-linux-gnu/cmake/Boost-1.74.0/BoostConfig.cmake (found suitable version "1.74.0", minimum required is "1.65.0") found components: system filesystem date_time iostreams serialization 
[1.490s] -- Checking for module 'flann'
[1.501s] --   Found flann, version 1.9.1
[1.532s] -- Found FLANN: /usr/lib/x86_64-linux-gnu/libflann_cpp.so  
[1.532s] -- FLANN found (include: /usr/include, lib: /usr/lib/x86_64-linux-gnu/libflann_cpp.so)
[1.567s] -- Found GLEW: /usr/lib/x86_64-linux-gnu/libGLEW.so  
[1.572s] -- Found OpenGL: /usr/lib/x86_64-linux-gnu/libOpenGL.so  found components: OpenGL GLX 
[1.705s] -- Found MPI_C: /usr/lib/x86_64-linux-gnu/libmpi.so (found version "3.1") 
[1.705s] -- Found MPI: TRUE (found version "3.1") found components: C 
[1.708s] -- Found JsonCpp: /usr/lib/x86_64-linux-gnu/libjsoncpp.so (found suitable version "1.9.5", minimum required is "0.7.0") 
[1.717s] -- Found ZLIB: /usr/lib/x86_64-linux-gnu/libz.so (found version "1.2.11") 
[1.736s] -- Found PNG: /usr/lib/x86_64-linux-gnu/libpng.so (found version "1.6.37") 
[1.748s] -- Found Eigen3: /usr/include/eigen3 (found version "3.4.0") 
[1.843s] -- Found X11: /usr/include   
[1.844s] -- Looking for XOpenDisplay in /usr/lib/x86_64-linux-gnu/libX11.so;/usr/lib/x86_64-linux-gnu/libXext.so
[1.908s] -- Looking for XOpenDisplay in /usr/lib/x86_64-linux-gnu/libX11.so;/usr/lib/x86_64-linux-gnu/libXext.so - found
[1.908s] -- Looking for gethostbyname
[1.963s] -- Looking for gethostbyname - found
[1.963s] -- Looking for connect
[2.009s] -- Looking for connect - found
[2.009s] -- Looking for remove
[2.073s] -- Looking for remove - found
[2.076s] -- Looking for shmat
[2.155s] -- Looking for shmat - found
[2.155s] -- Looking for IceConnectionNumber in ICE
[2.234s] -- Looking for IceConnectionNumber in ICE - found
[2.374s] -- Found EXPAT: /usr/lib/x86_64-linux-gnu/libexpat.so (found version "2.4.7") 
[2.376s] -- Found double-conversion: /usr/lib/x86_64-linux-gnu/libdouble-conversion.so  
[2.380s] -- Found LZ4: /usr/lib/x86_64-linux-gnu/liblz4.so (found version "1.9.3") 
[2.382s] -- Found LZMA: /usr/lib/x86_64-linux-gnu/liblzma.so (found version "5.2.5") 
[2.397s] -- Found JPEG: /usr/lib/x86_64-linux-gnu/libjpeg.so (found version "80") 
[2.412s] -- Found TIFF: /usr/lib/x86_64-linux-gnu/libtiff.so (found version "4.3.0")  
[2.417s] -- Found Freetype: /usr/lib/x86_64-linux-gnu/libfreetype.so (found version "2.11.1") 
[2.423s] -- Found utf8cpp: /usr/include/utf8cpp  
[2.565s] -- Checking for module 'libusb-1.0'
[2.586s] --   Found libusb-1.0, version 1.0.25
[2.644s] -- Found libusb: /usr/lib/x86_64-linux-gnu/libusb-1.0.so  
[2.645s] -- Found OpenNI: /usr/lib/libOpenNI.so;libusb::libusb (found version "1.5.4.0") 
[2.645s] -- OpenNI found (version: 1.5.4.0, include: /usr/include/ni, lib: /usr/lib/libOpenNI.so;libusb::libusb)
[2.756s] -- Found OpenNI2: /usr/lib/x86_64-linux-gnu/libOpenNI2.so;libusb::libusb (found version "2.2.0.33") 
[2.756s] -- OpenNI2 found (version: 2.2.0.33, include: /usr/include/openni2, lib: /usr/lib/x86_64-linux-gnu/libOpenNI2.so;libusb::libusb)
[2.756s] [0m** WARNING ** io features related to pcap will be disabled[0m
[3.027s] -- Eigen found (include: /usr/include/eigen3, version: 3.4.0)
[3.071s] -- OpenNI found (version: 1.5.4.0, include: /usr/include/ni, lib: /usr/lib/libOpenNI.so;libusb::libusb)
[3.102s] -- OpenNI2 found (version: 2.2.0.33, include: /usr/include/openni2, lib: /usr/lib/x86_64-linux-gnu/libOpenNI2.so;libusb::libusb)
[3.331s] -- Found Qhull version 8.0.2
[3.722s] -- OpenNI found (version: 1.5.4.0, include: /usr/include/ni, lib: /usr/lib/libOpenNI.so;libusb::libusb)
[4.057s] -- looking for PCL_COMMON
[4.065s] -- Found PCL_COMMON: /usr/lib/x86_64-linux-gnu/libpcl_common.so  
[4.065s] -- looking for PCL_KDTREE
[4.067s] -- Found PCL_KDTREE: /usr/lib/x86_64-linux-gnu/libpcl_kdtree.so  
[4.067s] -- looking for PCL_OCTREE
[4.069s] -- Found PCL_OCTREE: /usr/lib/x86_64-linux-gnu/libpcl_octree.so  
[4.069s] -- looking for PCL_SEARCH
[4.070s] -- Found PCL_SEARCH: /usr/lib/x86_64-linux-gnu/libpcl_search.so  
[4.071s] -- looking for PCL_SAMPLE_CONSENSUS
[4.072s] -- Found PCL_SAMPLE_CONSENSUS: /usr/lib/x86_64-linux-gnu/libpcl_sample_consensus.so  
[4.076s] -- looking for PCL_FILTERS
[4.078s] -- Found PCL_FILTERS: /usr/lib/x86_64-linux-gnu/libpcl_filters.so  
[4.079s] -- looking for PCL_2D
[4.079s] -- Found PCL_2D: /usr/include/pcl-1.12  
[4.079s] -- looking for PCL_GEOMETRY
[4.080s] -- Found PCL_GEOMETRY: /usr/include/pcl-1.12  
[4.082s] -- looking for PCL_IO
[4.085s] -- Found PCL_IO: /usr/lib/x86_64-linux-gnu/libpcl_io.so  
[4.087s] -- looking for PCL_FEATURES
[4.091s] -- Found PCL_FEATURES: /usr/lib/x86_64-linux-gnu/libpcl_features.so  
[4.092s] -- looking for PCL_ML
[4.098s] -- Found PCL_ML: /usr/lib/x86_64-linux-gnu/libpcl_ml.so  
[4.098s] -- looking for PCL_SEGMENTATION
[4.104s] -- Found PCL_SEGMENTATION: /usr/lib/x86_64-linux-gnu/libpcl_segmentation.so  
[4.105s] -- looking for PCL_VISUALIZATION
[4.110s] -- Found PCL_VISUALIZATION: /usr/lib/x86_64-linux-gnu/libpcl_visualization.so  
[4.110s] -- looking for PCL_SURFACE
[4.112s] -- Found PCL_SURFACE: /usr/lib/x86_64-linux-gnu/libpcl_surface.so  
[4.113s] -- looking for PCL_REGISTRATION
[4.114s] -- Found PCL_REGISTRATION: /usr/lib/x86_64-linux-gnu/libpcl_registration.so  
[4.115s] -- looking for PCL_KEYPOINTS
[4.117s] -- Found PCL_KEYPOINTS: /usr/lib/x86_64-linux-gnu/libpcl_keypoints.so  
[4.117s] -- looking for PCL_TRACKING
[4.122s] -- Found PCL_TRACKING: /usr/lib/x86_64-linux-gnu/libpcl_tracking.so  
[4.123s] -- looking for PCL_RECOGNITION
[4.124s] -- Found PCL_RECOGNITION: /usr/lib/x86_64-linux-gnu/libpcl_recognition.so  
[4.125s] -- looking for PCL_STEREO
[4.127s] -- Found PCL_STEREO: /usr/lib/x86_64-linux-gnu/libpcl_stereo.so  
[4.127s] -- looking for PCL_APPS
[4.128s] -- Found PCL_APPS: /usr/lib/x86_64-linux-gnu/libpcl_apps.so  
[4.129s] -- looking for PCL_IN_HAND_SCANNER
[4.130s] -- Found PCL_IN_HAND_SCANNER: /usr/include/pcl-1.12  
[4.130s] -- looking for PCL_MODELER
[4.130s] -- Found PCL_MODELER: /usr/include/pcl-1.12  
[4.130s] -- looking for PCL_POINT_CLOUD_EDITOR
[4.130s] -- Found PCL_POINT_CLOUD_EDITOR: /usr/include/pcl-1.12  
[4.130s] -- looking for PCL_OUTOFCORE
[4.133s] -- Found PCL_OUTOFCORE: /usr/lib/x86_64-linux-gnu/libpcl_outofcore.so  
[4.133s] -- looking for PCL_PEOPLE
[4.135s] -- Found PCL_PEOPLE: /usr/lib/x86_64-linux-gnu/libpcl_people.so  
[4.136s] -- Found PCL: pcl_common;pcl_kdtree;pcl_octree;pcl_search;pcl_sample_consensus;pcl_filters;pcl_io;pcl_features;pcl_ml;pcl_segmentation;pcl_visualization;pcl_surface;pcl_registration;pcl_keypoints;pcl_tracking;pcl_recognition;pcl_stereo;pcl_apps;pcl_outofcore;pcl_people;Boost::system;Boost::filesystem;Boost::date_time;Boost::iostreams;Boost::serialization;/usr/lib/libOpenNI.so;libusb::libusb;/usr/lib/x86_64-linux-gnu/libOpenNI2.so;libusb::libusb;VTK::ChartsCore;VTK::CommonColor;VTK::CommonComputationalGeometry;VTK::CommonCore;VTK::CommonDataModel;VTK::CommonExecutionModel;VTK::CommonMath;VTK::CommonMisc;VTK::CommonTransforms;VTK::FiltersCore;VTK::FiltersExtraction;VTK::FiltersGeneral;VTK::FiltersGeometry;VTK::FiltersModeling;VTK::FiltersSources;VTK::ImagingCore;VTK::ImagingSources;VTK::InteractionImage;VTK::InteractionStyle;VTK::InteractionWidgets;VTK::IOCore;VTK::IOGeometry;VTK::IOImage;VTK::IOLegacy;VTK::IOPLY;VTK::RenderingAnnotation;VTK::RenderingCore;VTK::RenderingContext2D;VTK::RenderingLOD;VTK::RenderingFreeType;VTK::ViewsCore;VTK::ViewsContext2D;VTK::RenderingOpenGL2;VTK::GUISupportQt;FLANN::FLANN;QHULL::QHULL  
[4.156s] -- Found PkgConfig: /usr/bin/pkg-config (found version "0.29.2") 
[4.158s] -- Checking for module 'apr-1'
[4.181s] --   No package 'apr-1' found
[4.672s] -- Found ament_cmake_ros: 0.10.0 (/opt/ros/humble/share/ament_cmake_ros/cmake)
[5.346s] -- Using all available rosidl_typesupport_c: rosidl_typesupport_fastrtps_c;rosidl_typesupport_introspection_c
[5.785s] -- Using all available rosidl_typesupport_cpp: rosidl_typesupport_fastrtps_cpp;rosidl_typesupport_introspection_cpp
[5.812s] -- Found PythonInterp: /usr/bin/python3 (found suitable version "3.10.12", minimum required is "3.6") 
[5.814s] -- Found python_cmake_module: 0.10.0 (/opt/ros/humble/share/python_cmake_module/cmake)
[5.846s] -- Found PythonLibs: /usr/lib/x86_64-linux-gnu/libpython3.10.so (found suitable version "3.10.12", minimum required is "3.5") 
[5.846s] -- Using PYTHON_EXECUTABLE: /usr/bin/python3
[5.846s] -- Using PYTHON_INCLUDE_DIRS: /usr/include/python3.10
[5.846s] -- Using PYTHON_LIBRARIES: /usr/lib/x86_64-linux-gnu/libpython3.10.so
[5.873s] -- Found PythonExtra: .so  
[5.935s] [0m/usr/local/lib/liblivox_lidar_sdk_shared.so[0m
[6.041s] -- Found ament_lint_auto: 0.12.8 (/opt/ros/humble/share/ament_lint_auto/cmake)
[6.067s] -- Added test 'copyright' to check source files copyright and LICENSE
[6.071s] -- Added test 'cppcheck' to perform static code analysis on C / C++ code
[6.072s] -- Configured cppcheck include dirs: /home/mechax/ws_y/rm_ws/src/src/rm_sensors/livox_ros_driver2/3rdparty;/home/mechax/ws_y/rm_ws/src/src/rm_sensors/livox_ros_driver2/src
[6.072s] -- Configured cppcheck exclude dirs and/or files: 
[6.076s] -- Added test 'cpplint' to check C / C++ code against the Google style
[6.076s] -- Configured cpplint exclude dirs and/or files: 
[6.078s] -- Added test 'flake8' to check Python code syntax and style conventions
[6.080s] -- Added test 'lint_cmake' to check CMake code style
[6.081s] -- Added test 'pep257' to check Python code against some of the docstring style conventions in PEP 257
[6.085s] -- Added test 'uncrustify' to check C / C++ code style
[6.085s] -- Configured uncrustify additional arguments: 
[6.086s] -- Added test 'xmllint' to check XML markup files
[6.090s] -- Configuring done
[6.260s] -- Generating done
[6.275s] -- Build files have been written to: /home/mechax/ws_y/rm_ws/build/livox_ros_driver2
[6.351s] Invoked command in '/home/mechax/ws_y/rm_ws/build/livox_ros_driver2' returned '0': CMAKE_PREFIX_PATH=/opt/ros/humble /usr/bin/cmake /home/mechax/ws_y/rm_ws/src/src/rm_sensors/livox_ros_driver2 -DCMAKE_INSTALL_PREFIX=/home/mechax/ws_y/rm_ws/install/livox_ros_driver2
[6.352s] Invoking command in '/home/mechax/ws_y/rm_ws/build/livox_ros_driver2': CMAKE_PREFIX_PATH=/opt/ros/humble /usr/bin/cmake --build /home/mechax/ws_y/rm_ws/build/livox_ros_driver2 -- -j16 -l16
[6.470s] [  1%] [34m[1mGenerating C code for ROS interfaces[0m
[6.484s] [  3%] [34m[1mGenerating C++ code for ROS interfaces[0m
[6.570s] [  3%] Built target ament_cmake_python_copy_livox_ros_driver2
[6.614s] [  5%] [32mBuilding CXX object CMakeFiles/livox_ros_driver2_node.dir/rclcpp_components/node_main_livox_ros_driver2_node.cpp.o[0m
[7.372s] running egg_info
[7.378s] creating livox_ros_driver2.egg-info
[7.380s] writing livox_ros_driver2.egg-info/PKG-INFO
[7.380s] writing dependency_links to livox_ros_driver2.egg-info/dependency_links.txt
[7.380s] writing top-level names to livox_ros_driver2.egg-info/top_level.txt
[7.382s] writing manifest file 'livox_ros_driver2.egg-info/SOURCES.txt'
[7.396s] reading manifest file 'livox_ros_driver2.egg-info/SOURCES.txt'
[7.400s] writing manifest file 'livox_ros_driver2.egg-info/SOURCES.txt'
[7.433s] [  5%] Built target livox_interfaces2__cpp
[7.507s] [  7%] [34m[1mGenerating C++ type support dispatch for ROS interfaces[0m
[7.556s] [  8%] [34m[1mGenerating C++ type support for eProsima Fast-RTPS[0m
[7.592s] [ 10%] [34m[1mGenerating C++ introspection for ROS interfaces[0m
[7.612s] [ 10%] Built target ament_cmake_python_build_livox_ros_driver2_egg
[8.137s] [ 12%] [32mBuilding C object CMakeFiles/livox_interfaces2__rosidl_generator_c.dir/rosidl_generator_c/livox_ros_driver2/msg/detail/custom_msg__functions.c.o[0m
[8.148s] [ 14%] [32mBuilding C object CMakeFiles/livox_interfaces2__rosidl_generator_c.dir/rosidl_generator_c/livox_ros_driver2/msg/detail/custom_point__functions.c.o[0m
[8.343s] [ 15%] [32m[1mLinking C shared library liblivox_ros_driver2__rosidl_generator_c.so[0m
[8.478s] [ 15%] Built target livox_interfaces2__rosidl_generator_c
[8.502s] [ 17%] [34m[1mGenerating C type support for eProsima Fast-RTPS[0m
[8.512s] [ 19%] [34m[1mGenerating C type support dispatch for ROS interfaces[0m
[8.542s] [ 21%] [34m[1mGenerating C introspection for ROS interfaces[0m
[8.630s] [ 24%] [32mBuilding CXX object CMakeFiles/livox_interfaces2__rosidl_typesupport_introspection_cpp.dir/rosidl_typesupport_introspection_cpp/livox_ros_driver2/msg/detail/custom_point__type_support.cpp.o[0m
[8.631s] [ 24%] [32mBuilding CXX object CMakeFiles/livox_interfaces2__rosidl_typesupport_introspection_cpp.dir/rosidl_typesupport_introspection_cpp/livox_ros_driver2/msg/detail/custom_msg__type_support.cpp.o[0m
[8.707s] [ 26%] [32mBuilding CXX object CMakeFiles/livox_interfaces2__rosidl_typesupport_cpp.dir/rosidl_typesupport_cpp/livox_ros_driver2/msg/custom_point__type_support.cpp.o[0m
[8.725s] [ 28%] [32mBuilding CXX object CMakeFiles/livox_interfaces2__rosidl_typesupport_cpp.dir/rosidl_typesupport_cpp/livox_ros_driver2/msg/custom_msg__type_support.cpp.o[0m
[8.975s] [ 29%] [32mBuilding CXX object CMakeFiles/livox_interfaces2__rosidl_typesupport_fastrtps_cpp.dir/rosidl_typesupport_fastrtps_cpp/livox_ros_driver2/msg/detail/dds_fastrtps/custom_msg__type_support.cpp.o[0m
[8.985s] [ 31%] [32mBuilding CXX object CMakeFiles/livox_interfaces2__rosidl_typesupport_fastrtps_cpp.dir/rosidl_typesupport_fastrtps_cpp/livox_ros_driver2/msg/detail/dds_fastrtps/custom_point__type_support.cpp.o[0m
[9.338s] [ 33%] [32mBuilding CXX object CMakeFiles/livox_interfaces2__rosidl_typesupport_fastrtps_c.dir/rosidl_typesupport_fastrtps_c/livox_ros_driver2/msg/detail/custom_msg__type_support_c.cpp.o[0m
[9.340s] [ 35%] [32mBuilding CXX object CMakeFiles/livox_interfaces2__rosidl_typesupport_fastrtps_c.dir/rosidl_typesupport_fastrtps_c/livox_ros_driver2/msg/detail/custom_point__type_support_c.cpp.o[0m
[9.594s] [ 36%] [32m[1mLinking CXX shared library liblivox_ros_driver2__rosidl_typesupport_cpp.so[0m
[9.646s] [ 38%] [32mBuilding C object CMakeFiles/livox_interfaces2__rosidl_typesupport_introspection_c.dir/rosidl_typesupport_introspection_c/livox_ros_driver2/msg/detail/custom_msg__type_support.c.o[0m
[9.668s] [ 40%] [32mBuilding C object CMakeFiles/livox_interfaces2__rosidl_typesupport_introspection_c.dir/rosidl_typesupport_introspection_c/livox_ros_driver2/msg/detail/custom_point__type_support.c.o[0m
[9.725s] [ 40%] Built target livox_interfaces2__rosidl_typesupport_cpp
[9.767s] [ 42%] [32m[1mLinking C shared library liblivox_ros_driver2__rosidl_typesupport_introspection_c.so[0m
[9.796s] [ 43%] [32mBuilding CXX object CMakeFiles/livox_ros_driver2.dir/src/livox_ros_driver2.cpp.o[0m
[9.807s] [ 45%] [32mBuilding CXX object CMakeFiles/livox_ros_driver2.dir/src/lddc.cpp.o[0m
[9.810s] [ 47%] [32mBuilding CXX object CMakeFiles/livox_ros_driver2.dir/src/driver_node.cpp.o[0m
[9.827s] [ 49%] [32mBuilding CXX object CMakeFiles/livox_ros_driver2.dir/src/lds.cpp.o[0m
[9.828s] [ 50%] [32mBuilding CXX object CMakeFiles/livox_ros_driver2.dir/src/lds_lidar.cpp.o[0m
[9.837s] In file included from [01m[K/home/mechax/ws_y/rm_ws/src/src/rm_sensors/livox_ros_driver2/src/driver_node.h:28[m[K,
[9.837s]                  from [01m[K/home/mechax/ws_y/rm_ws/src/src/rm_sensors/livox_ros_driver2/src/driver_node.cpp:25[m[K:
[9.837s] [01m[K/home/mechax/ws_y/rm_ws/src/src/rm_sensors/livox_ros_driver2/src/include/ros_headers.h:28:[m[K [01;35m[Kwarning: [m[K"BUILDING_ROS2" redefined
[9.837s]    28 | #define BUILDING_ROS2
[9.837s]       | 
[9.839s] [01m[K<command-line>:[m[K [01;36m[Knote: [m[Kthis is the location of the previous definition
[9.860s] [ 52%] Built target livox_interfaces2__rosidl_typesupport_introspection_c
[9.876s] [ 52%] [32mBuilding CXX object CMakeFiles/livox_ros_driver2.dir/src/comm/comm.cpp.o[0m
[9.895s] [ 54%] [32m[1mLinking CXX shared library liblivox_ros_driver2__rosidl_typesupport_fastrtps_cpp.so[0m
[9.903s] [ 56%] [32mBuilding CXX object CMakeFiles/livox_ros_driver2.dir/src/comm/ldq.cpp.o[0m
[10.006s] [ 57%] [32mBuilding CXX object CMakeFiles/livox_ros_driver2.dir/src/comm/semaphore.cpp.o[0m
[10.016s] [ 59%] [32mBuilding CXX object CMakeFiles/livox_ros_driver2.dir/src/comm/lidar_imu_data_queue.cpp.o[0m
[10.065s] In file included from [01m[K/home/mechax/ws_y/rm_ws/src/src/rm_sensors/livox_ros_driver2/src/driver_node.h:28[m[K,
[10.065s]                  from [01m[K/home/mechax/ws_y/rm_ws/src/src/rm_sensors/livox_ros_driver2/src/livox_ros_driver2.cpp:32[m[K:
[10.065s] [01m[K/home/mechax/ws_y/rm_ws/src/src/rm_sensors/livox_ros_driver2/src/include/ros_headers.h:28:[m[K [01;35m[Kwarning: [m[K"BUILDING_ROS2" redefined
[10.066s]    28 | #define BUILDING_ROS2
[10.066s]       | 
[10.066s] [01m[K<command-line>:[m[K [01;36m[Knote: [m[Kthis is the location of the previous definition
[10.076s] [ 61%] [32mBuilding CXX object CMakeFiles/livox_ros_driver2.dir/src/comm/cache_index.cpp.o[0m
[10.104s] [ 63%] [32mBuilding CXX object CMakeFiles/livox_interfaces2__rosidl_typesupport_c.dir/rosidl_typesupport_c/livox_ros_driver2/msg/custom_point__type_support.cpp.o[0m
[10.131s] [ 64%] [32m[1mLinking CXX shared library liblivox_ros_driver2__rosidl_typesupport_introspection_cpp.so[0m
[10.164s] [ 66%] [32mBuilding CXX object CMakeFiles/livox_ros_driver2.dir/src/comm/pub_handler.cpp.o[0m
[10.255s] [ 68%] [32mBuilding CXX object CMakeFiles/livox_interfaces2__rosidl_typesupport_c.dir/rosidl_typesupport_c/livox_ros_driver2/msg/custom_msg__type_support.cpp.o[0m
[10.305s] [ 70%] [32m[1mLinking CXX shared library liblivox_ros_driver2__rosidl_typesupport_c.so[0m
[10.363s] In file included from [01m[K/home/mechax/ws_y/rm_ws/src/src/rm_sensors/livox_ros_driver2/src/driver_node.h:28[m[K,
[10.363s]                  from [01m[K/home/mechax/ws_y/rm_ws/src/src/rm_sensors/livox_ros_driver2/src/lddc.h:31[m[K,
[10.363s]                  from [01m[K/home/mechax/ws_y/rm_ws/src/src/rm_sensors/livox_ros_driver2/src/lddc.cpp:25[m[K:
[10.364s] [01m[K/home/mechax/ws_y/rm_ws/src/src/rm_sensors/livox_ros_driver2/src/include/ros_headers.h:28:[m[K [01;35m[Kwarning: [m[K"BUILDING_ROS2" redefined
[10.364s]    28 | #define BUILDING_ROS2
[10.364s]       | 
[10.364s] [01m[K<command-line>:[m[K [01;36m[Knote: [m[Kthis is the location of the previous definition
[10.436s] [ 70%] Built target livox_interfaces2__rosidl_typesupport_fastrtps_cpp
[10.489s] [ 71%] [32mBuilding CXX object CMakeFiles/livox_ros_driver2.dir/src/parse_cfg_file/parse_cfg_file.cpp.o[0m
[10.524s] [ 71%] Built target livox_interfaces2__rosidl_typesupport_c
[10.599s] [ 73%] [32mBuilding CXX object CMakeFiles/livox_ros_driver2.dir/src/parse_cfg_file/parse_livox_lidar_cfg.cpp.o[0m
[10.606s] [ 73%] Built target livox_interfaces2__rosidl_typesupport_introspection_cpp
[10.685s] [ 75%] [32mBuilding CXX object CMakeFiles/livox_ros_driver2.dir/src/call_back/lidar_common_callback.cpp.o[0m
[10.742s] [ 77%] [32m[1mLinking CXX shared library liblivox_ros_driver2__rosidl_typesupport_fastrtps_c.so[0m
[10.958s] [ 77%] Built target livox_interfaces2__rosidl_typesupport_fastrtps_c
[10.975s] [ 78%] [32mBuilding CXX object CMakeFiles/livox_ros_driver2.dir/src/call_back/livox_lidar_callback.cpp.o[0m
[11.069s] [ 78%] Built target livox_interfaces2
[11.275s] [ 80%] [34m[1mGenerating Python code for ROS interfaces[0m
[13.455s] In file included from [01m[K/home/mechax/ws_y/rm_ws/src/src/rm_sensors/livox_ros_driver2/src/lds_lidar.cpp:47[m[K:
[13.456s] [01m[K/home/mechax/ws_y/rm_ws/src/src/rm_sensors/livox_ros_driver2/src/comm/pub_handler.h:44:29:[m[K [01;35m[Kwarning: [m[K‘[01m[Klivox_ros::extrinsic_global[m[K’ defined but not used [[01;35m[K]8;;https://gcc.gnu.org/onlinedocs/gcc/Warning-Options.html#index-Wunused-variable-Wunused-variable]8;;[m[K]
[13.456s]    44 | static ExtParameterDetailed [01;35m[Kextrinsic_global[m[K = {
[13.456s]       |                             [01;35m[K^~~~~~~~~~~~~~~~[m[K
[13.863s] [ 80%] Built target livox_interfaces2__py
[13.999s] [ 82%] [32mBuilding C object CMakeFiles/livox_interfaces2__rosidl_generator_py.dir/rosidl_generator_py/livox_ros_driver2/msg/_custom_point_s.c.o[0m
[14.012s] [ 84%] [32mBuilding C object CMakeFiles/livox_interfaces2__rosidl_generator_py.dir/rosidl_generator_py/livox_ros_driver2/msg/_custom_msg_s.c.o[0m
[14.469s] [ 85%] [32m[1mLinking C shared library rosidl_generator_py/livox_ros_driver2/liblivox_interfaces2__rosidl_generator_py.so[0m
[14.648s] [ 85%] Built target livox_interfaces2__rosidl_generator_py
[14.748s] [ 87%] [32mBuilding C object CMakeFiles/livox_ros_driver2__rosidl_typesupport_introspection_c__pyext.dir/rosidl_generator_py/livox_ros_driver2/_livox_ros_driver2_s.ep.rosidl_typesupport_introspection_c.c.o[0m
[14.770s] [ 89%] [32mBuilding C object CMakeFiles/livox_ros_driver2__rosidl_typesupport_fastrtps_c__pyext.dir/rosidl_generator_py/livox_ros_driver2/_livox_ros_driver2_s.ep.rosidl_typesupport_fastrtps_c.c.o[0m
[14.843s] [ 91%] [32mBuilding C object CMakeFiles/livox_ros_driver2__rosidl_typesupport_c__pyext.dir/rosidl_generator_py/livox_ros_driver2/_livox_ros_driver2_s.ep.rosidl_typesupport_c.c.o[0m
[15.103s] [ 92%] [32m[1mLinking C shared library rosidl_generator_py/livox_ros_driver2/livox_ros_driver2_s__rosidl_typesupport_c.cpython-310-x86_64-linux-gnu.so[0m
[15.107s] [ 94%] [32m[1mLinking C shared library rosidl_generator_py/livox_ros_driver2/livox_ros_driver2_s__rosidl_typesupport_fastrtps_c.cpython-310-x86_64-linux-gnu.so[0m
[15.148s] [ 96%] [32m[1mLinking C shared library rosidl_generator_py/livox_ros_driver2/livox_ros_driver2_s__rosidl_typesupport_introspection_c.cpython-310-x86_64-linux-gnu.so[0m
[15.220s] [ 96%] Built target livox_ros_driver2__rosidl_typesupport_c__pyext
[15.267s] [ 96%] Built target livox_ros_driver2__rosidl_typesupport_fastrtps_c__pyext
[15.325s] [ 96%] Built target livox_ros_driver2__rosidl_typesupport_introspection_c__pyext
[18.544s] [ 98%] [32m[1mLinking CXX executable livox_ros_driver2_node[0m
[18.831s] [ 98%] Built target livox_ros_driver2_node
[33.660s] [100%] [32m[1mLinking CXX shared library liblivox_ros_driver2.so[0m
[34.680s] [100%] Built target livox_ros_driver2
[34.693s] Invoked command in '/home/mechax/ws_y/rm_ws/build/livox_ros_driver2' returned '0': CMAKE_PREFIX_PATH=/opt/ros/humble /usr/bin/cmake --build /home/mechax/ws_y/rm_ws/build/livox_ros_driver2 -- -j16 -l16
[34.822s] Invoking command in '/home/mechax/ws_y/rm_ws/build/livox_ros_driver2': CMAKE_PREFIX_PATH=/opt/ros/humble /usr/bin/cmake --install /home/mechax/ws_y/rm_ws/build/livox_ros_driver2
[34.834s] -- Install configuration: ""
[34.835s] -- Installing: /home/mechax/ws_y/rm_ws/install/livox_ros_driver2/share/ament_index/resource_index/rosidl_interfaces/livox_ros_driver2
[34.835s] -- Installing: /home/mechax/ws_y/rm_ws/install/livox_ros_driver2/include/livox_ros_driver2/livox_ros_driver2
[34.835s] -- Installing: /home/mechax/ws_y/rm_ws/install/livox_ros_driver2/include/livox_ros_driver2/livox_ros_driver2/msg
[34.835s] -- Installing: /home/mechax/ws_y/rm_ws/install/livox_ros_driver2/include/livox_ros_driver2/livox_ros_driver2/msg/custom_msg.h
[34.835s] -- Installing: /home/mechax/ws_y/rm_ws/install/livox_ros_driver2/include/livox_ros_driver2/livox_ros_driver2/msg/custom_point.h
[34.835s] -- Installing: /home/mechax/ws_y/rm_ws/install/livox_ros_driver2/include/livox_ros_driver2/livox_ros_driver2/msg/detail
[34.835s] -- Installing: /home/mechax/ws_y/rm_ws/install/livox_ros_driver2/include/livox_ros_driver2/livox_ros_driver2/msg/detail/custom_point__type_support.h
[34.835s] -- Installing: /home/mechax/ws_y/rm_ws/install/livox_ros_driver2/include/livox_ros_driver2/livox_ros_driver2/msg/detail/custom_point__struct.h
[34.836s] -- Installing: /home/mechax/ws_y/rm_ws/install/livox_ros_driver2/include/livox_ros_driver2/livox_ros_driver2/msg/detail/custom_msg__type_support.h
[34.836s] -- Installing: /home/mechax/ws_y/rm_ws/install/livox_ros_driver2/include/livox_ros_driver2/livox_ros_driver2/msg/detail/custom_msg__functions.h
[34.836s] -- Installing: /home/mechax/ws_y/rm_ws/install/livox_ros_driver2/include/livox_ros_driver2/livox_ros_driver2/msg/detail/custom_point__functions.c
[34.836s] -- Installing: /home/mechax/ws_y/rm_ws/install/livox_ros_driver2/include/livox_ros_driver2/livox_ros_driver2/msg/detail/custom_point__functions.h
[34.836s] -- Installing: /home/mechax/ws_y/rm_ws/install/livox_ros_driver2/include/livox_ros_driver2/livox_ros_driver2/msg/detail/custom_msg__struct.h
[34.836s] -- Installing: /home/mechax/ws_y/rm_ws/install/livox_ros_driver2/include/livox_ros_driver2/livox_ros_driver2/msg/detail/custom_msg__functions.c
[34.836s] -- Installing: /home/mechax/ws_y/rm_ws/install/livox_ros_driver2/include/livox_ros_driver2/livox_ros_driver2/msg/rosidl_generator_c__visibility_control.h
[34.836s] -- Installing: /home/mechax/ws_y/rm_ws/install/livox_ros_driver2/share/livox_ros_driver2/environment/library_path.sh
[34.837s] -- Installing: /home/mechax/ws_y/rm_ws/install/livox_ros_driver2/share/livox_ros_driver2/environment/library_path.dsv
[34.837s] -- Installing: /home/mechax/ws_y/rm_ws/install/livox_ros_driver2/lib/liblivox_ros_driver2__rosidl_generator_c.so
[34.837s] -- Set runtime path of "/home/mechax/ws_y/rm_ws/install/livox_ros_driver2/lib/liblivox_ros_driver2__rosidl_generator_c.so" to ""
[34.837s] -- Up-to-date: /home/mechax/ws_y/rm_ws/install/livox_ros_driver2/include/livox_ros_driver2/livox_ros_driver2
[34.837s] -- Up-to-date: /home/mechax/ws_y/rm_ws/install/livox_ros_driver2/include/livox_ros_driver2/livox_ros_driver2/msg
[34.837s] -- Up-to-date: /home/mechax/ws_y/rm_ws/install/livox_ros_driver2/include/livox_ros_driver2/livox_ros_driver2/msg/detail
[34.838s] -- Installing: /home/mechax/ws_y/rm_ws/install/livox_ros_driver2/include/livox_ros_driver2/livox_ros_driver2/msg/detail/custom_msg__rosidl_typesupport_fastrtps_c.h
[34.838s] -- Installing: /home/mechax/ws_y/rm_ws/install/livox_ros_driver2/include/livox_ros_driver2/livox_ros_driver2/msg/detail/custom_point__rosidl_typesupport_fastrtps_c.h
[34.838s] -- Installing: /home/mechax/ws_y/rm_ws/install/livox_ros_driver2/include/livox_ros_driver2/livox_ros_driver2/msg/rosidl_typesupport_fastrtps_c__visibility_control.h
[34.838s] -- Installing: /home/mechax/ws_y/rm_ws/install/livox_ros_driver2/lib/liblivox_ros_driver2__rosidl_typesupport_fastrtps_c.so
[34.838s] -- Set runtime path of "/home/mechax/ws_y/rm_ws/install/livox_ros_driver2/lib/liblivox_ros_driver2__rosidl_typesupport_fastrtps_c.so" to ""
[34.838s] -- Up-to-date: /home/mechax/ws_y/rm_ws/install/livox_ros_driver2/include/livox_ros_driver2/livox_ros_driver2
[34.839s] -- Up-to-date: /home/mechax/ws_y/rm_ws/install/livox_ros_driver2/include/livox_ros_driver2/livox_ros_driver2/msg
[34.839s] -- Installing: /home/mechax/ws_y/rm_ws/install/livox_ros_driver2/include/livox_ros_driver2/livox_ros_driver2/msg/rosidl_typesupport_introspection_c__visibility_control.h
[34.839s] -- Up-to-date: /home/mechax/ws_y/rm_ws/install/livox_ros_driver2/include/livox_ros_driver2/livox_ros_driver2/msg/detail
[34.839s] -- Installing: /home/mechax/ws_y/rm_ws/install/livox_ros_driver2/include/livox_ros_driver2/livox_ros_driver2/msg/detail/custom_point__rosidl_typesupport_introspection_c.h
[34.839s] -- Installing: /home/mechax/ws_y/rm_ws/install/livox_ros_driver2/include/livox_ros_driver2/livox_ros_driver2/msg/detail/custom_msg__type_support.c
[34.839s] -- Installing: /home/mechax/ws_y/rm_ws/install/livox_ros_driver2/include/livox_ros_driver2/livox_ros_driver2/msg/detail/custom_point__type_support.c
[34.839s] -- Installing: /home/mechax/ws_y/rm_ws/install/livox_ros_driver2/include/livox_ros_driver2/livox_ros_driver2/msg/detail/custom_msg__rosidl_typesupport_introspection_c.h
[34.839s] -- Installing: /home/mechax/ws_y/rm_ws/install/livox_ros_driver2/lib/liblivox_ros_driver2__rosidl_typesupport_introspection_c.so
[34.839s] -- Set runtime path of "/home/mechax/ws_y/rm_ws/install/livox_ros_driver2/lib/liblivox_ros_driver2__rosidl_typesupport_introspection_c.so" to ""
[34.840s] -- Installing: /home/mechax/ws_y/rm_ws/install/livox_ros_driver2/lib/liblivox_ros_driver2__rosidl_typesupport_c.so
[34.840s] -- Set runtime path of "/home/mechax/ws_y/rm_ws/install/livox_ros_driver2/lib/liblivox_ros_driver2__rosidl_typesupport_c.so" to ""
[34.840s] -- Up-to-date: /home/mechax/ws_y/rm_ws/install/livox_ros_driver2/include/livox_ros_driver2/livox_ros_driver2
[34.840s] -- Up-to-date: /home/mechax/ws_y/rm_ws/install/livox_ros_driver2/include/livox_ros_driver2/livox_ros_driver2/msg
[34.840s] -- Installing: /home/mechax/ws_y/rm_ws/install/livox_ros_driver2/include/livox_ros_driver2/livox_ros_driver2/msg/custom_point.hpp
[34.840s] -- Up-to-date: /home/mechax/ws_y/rm_ws/install/livox_ros_driver2/include/livox_ros_driver2/livox_ros_driver2/msg/detail
[34.840s] -- Installing: /home/mechax/ws_y/rm_ws/install/livox_ros_driver2/include/livox_ros_driver2/livox_ros_driver2/msg/detail/custom_point__builder.hpp
[34.841s] -- Installing: /home/mechax/ws_y/rm_ws/install/livox_ros_driver2/include/livox_ros_driver2/livox_ros_driver2/msg/detail/custom_point__traits.hpp
[34.841s] -- Installing: /home/mechax/ws_y/rm_ws/install/livox_ros_driver2/include/livox_ros_driver2/livox_ros_driver2/msg/detail/custom_msg__builder.hpp
[34.841s] -- Installing: /home/mechax/ws_y/rm_ws/install/livox_ros_driver2/include/livox_ros_driver2/livox_ros_driver2/msg/detail/custom_msg__struct.hpp
[34.841s] -- Installing: /home/mechax/ws_y/rm_ws/install/livox_ros_driver2/include/livox_ros_driver2/livox_ros_driver2/msg/detail/custom_point__struct.hpp
[34.841s] -- Installing: /home/mechax/ws_y/rm_ws/install/livox_ros_driver2/include/livox_ros_driver2/livox_ros_driver2/msg/detail/custom_msg__traits.hpp
[34.841s] -- Installing: /home/mechax/ws_y/rm_ws/install/livox_ros_driver2/include/livox_ros_driver2/livox_ros_driver2/msg/custom_msg.hpp
[34.841s] -- Up-to-date: /home/mechax/ws_y/rm_ws/install/livox_ros_driver2/include/livox_ros_driver2/livox_ros_driver2
[34.841s] -- Up-to-date: /home/mechax/ws_y/rm_ws/install/livox_ros_driver2/include/livox_ros_driver2/livox_ros_driver2/msg
[34.841s] -- Up-to-date: /home/mechax/ws_y/rm_ws/install/livox_ros_driver2/include/livox_ros_driver2/livox_ros_driver2/msg/detail
[34.842s] -- Installing: /home/mechax/ws_y/rm_ws/install/livox_ros_driver2/include/livox_ros_driver2/livox_ros_driver2/msg/detail/custom_msg__rosidl_typesupport_fastrtps_cpp.hpp
[34.842s] -- Installing: /home/mechax/ws_y/rm_ws/install/livox_ros_driver2/include/livox_ros_driver2/livox_ros_driver2/msg/detail/custom_point__rosidl_typesupport_fastrtps_cpp.hpp
[34.842s] -- Installing: /home/mechax/ws_y/rm_ws/install/livox_ros_driver2/include/livox_ros_driver2/livox_ros_driver2/msg/detail/dds_fastrtps
[34.842s] -- Installing: /home/mechax/ws_y/rm_ws/install/livox_ros_driver2/include/livox_ros_driver2/livox_ros_driver2/msg/rosidl_typesupport_fastrtps_cpp__visibility_control.h
[34.842s] -- Installing: /home/mechax/ws_y/rm_ws/install/livox_ros_driver2/lib/liblivox_ros_driver2__rosidl_typesupport_fastrtps_cpp.so
[34.842s] -- Set runtime path of "/home/mechax/ws_y/rm_ws/install/livox_ros_driver2/lib/liblivox_ros_driver2__rosidl_typesupport_fastrtps_cpp.so" to ""
[34.842s] -- Up-to-date: /home/mechax/ws_y/rm_ws/install/livox_ros_driver2/include/livox_ros_driver2/livox_ros_driver2
[34.842s] -- Up-to-date: /home/mechax/ws_y/rm_ws/install/livox_ros_driver2/include/livox_ros_driver2/livox_ros_driver2/msg
[34.842s] -- Up-to-date: /home/mechax/ws_y/rm_ws/install/livox_ros_driver2/include/livox_ros_driver2/livox_ros_driver2/msg/detail
[34.842s] -- Installing: /home/mechax/ws_y/rm_ws/install/livox_ros_driver2/include/livox_ros_driver2/livox_ros_driver2/msg/detail/custom_point__rosidl_typesupport_introspection_cpp.hpp
[34.843s] -- Installing: /home/mechax/ws_y/rm_ws/install/livox_ros_driver2/include/livox_ros_driver2/livox_ros_driver2/msg/detail/custom_msg__type_support.cpp
[34.843s] -- Installing: /home/mechax/ws_y/rm_ws/install/livox_ros_driver2/include/livox_ros_driver2/livox_ros_driver2/msg/detail/custom_point__type_support.cpp
[34.843s] -- Installing: /home/mechax/ws_y/rm_ws/install/livox_ros_driver2/include/livox_ros_driver2/livox_ros_driver2/msg/detail/custom_msg__rosidl_typesupport_introspection_cpp.hpp
[34.843s] -- Installing: /home/mechax/ws_y/rm_ws/install/livox_ros_driver2/lib/liblivox_ros_driver2__rosidl_typesupport_introspection_cpp.so
[34.843s] -- Set runtime path of "/home/mechax/ws_y/rm_ws/install/livox_ros_driver2/lib/liblivox_ros_driver2__rosidl_typesupport_introspection_cpp.so" to ""
[34.843s] -- Installing: /home/mechax/ws_y/rm_ws/install/livox_ros_driver2/lib/liblivox_ros_driver2__rosidl_typesupport_cpp.so
[34.843s] -- Set runtime path of "/home/mechax/ws_y/rm_ws/install/livox_ros_driver2/lib/liblivox_ros_driver2__rosidl_typesupport_cpp.so" to ""
[34.843s] -- Installing: /home/mechax/ws_y/rm_ws/install/livox_ros_driver2/share/livox_ros_driver2/environment/pythonpath.sh
[34.844s] -- Installing: /home/mechax/ws_y/rm_ws/install/livox_ros_driver2/share/livox_ros_driver2/environment/pythonpath.dsv
[34.844s] -- Installing: /home/mechax/ws_y/rm_ws/install/livox_ros_driver2/local/lib/python3.10/dist-packages/livox_ros_driver2-1.0.0-py3.10.egg-info
[34.844s] -- Installing: /home/mechax/ws_y/rm_ws/install/livox_ros_driver2/local/lib/python3.10/dist-packages/livox_ros_driver2-1.0.0-py3.10.egg-info/SOURCES.txt
[34.844s] -- Installing: /home/mechax/ws_y/rm_ws/install/livox_ros_driver2/local/lib/python3.10/dist-packages/livox_ros_driver2-1.0.0-py3.10.egg-info/top_level.txt
[34.844s] -- Installing: /home/mechax/ws_y/rm_ws/install/livox_ros_driver2/local/lib/python3.10/dist-packages/livox_ros_driver2-1.0.0-py3.10.egg-info/PKG-INFO
[34.844s] -- Installing: /home/mechax/ws_y/rm_ws/install/livox_ros_driver2/local/lib/python3.10/dist-packages/livox_ros_driver2-1.0.0-py3.10.egg-info/dependency_links.txt
[34.844s] -- Installing: /home/mechax/ws_y/rm_ws/install/livox_ros_driver2/local/lib/python3.10/dist-packages/livox_ros_driver2
[34.844s] -- Installing: /home/mechax/ws_y/rm_ws/install/livox_ros_driver2/local/lib/python3.10/dist-packages/livox_ros_driver2/msg
[34.844s] -- Installing: /home/mechax/ws_y/rm_ws/install/livox_ros_driver2/local/lib/python3.10/dist-packages/livox_ros_driver2/msg/_custom_msg.py
[34.844s] -- Installing: /home/mechax/ws_y/rm_ws/install/livox_ros_driver2/local/lib/python3.10/dist-packages/livox_ros_driver2/msg/_custom_msg_s.c
[34.845s] -- Installing: /home/mechax/ws_y/rm_ws/install/livox_ros_driver2/local/lib/python3.10/dist-packages/livox_ros_driver2/msg/_custom_point_s.c
[34.845s] -- Installing: /home/mechax/ws_y/rm_ws/install/livox_ros_driver2/local/lib/python3.10/dist-packages/livox_ros_driver2/msg/_custom_point.py
[34.845s] -- Installing: /home/mechax/ws_y/rm_ws/install/livox_ros_driver2/local/lib/python3.10/dist-packages/livox_ros_driver2/msg/__init__.py
[34.845s] -- Installing: /home/mechax/ws_y/rm_ws/install/livox_ros_driver2/local/lib/python3.10/dist-packages/livox_ros_driver2/liblivox_interfaces2__rosidl_generator_py.so
[34.845s] -- Installing: /home/mechax/ws_y/rm_ws/install/livox_ros_driver2/local/lib/python3.10/dist-packages/livox_ros_driver2/livox_ros_driver2_s__rosidl_typesupport_c.cpython-310-x86_64-linux-gnu.so
[34.845s] -- Installing: /home/mechax/ws_y/rm_ws/install/livox_ros_driver2/local/lib/python3.10/dist-packages/livox_ros_driver2/livox_ros_driver2_s__rosidl_typesupport_introspection_c.cpython-310-x86_64-linux-gnu.so
[34.845s] -- Installing: /home/mechax/ws_y/rm_ws/install/livox_ros_driver2/local/lib/python3.10/dist-packages/livox_ros_driver2/livox_ros_driver2_s__rosidl_typesupport_fastrtps_c.cpython-310-x86_64-linux-gnu.so
[34.845s] -- Installing: /home/mechax/ws_y/rm_ws/install/livox_ros_driver2/local/lib/python3.10/dist-packages/livox_ros_driver2/__init__.py
[34.845s] -- Installing: /home/mechax/ws_y/rm_ws/install/livox_ros_driver2/local/lib/python3.10/dist-packages/livox_ros_driver2/_livox_ros_driver2_s.ep.rosidl_typesupport_introspection_c.c
[34.845s] -- Installing: /home/mechax/ws_y/rm_ws/install/livox_ros_driver2/local/lib/python3.10/dist-packages/livox_ros_driver2/_livox_ros_driver2_s.ep.rosidl_typesupport_fastrtps_c.c
[34.845s] -- Installing: /home/mechax/ws_y/rm_ws/install/livox_ros_driver2/local/lib/python3.10/dist-packages/livox_ros_driver2/_livox_ros_driver2_s.ep.rosidl_typesupport_c.c
[34.896s] Listing '/home/mechax/ws_y/rm_ws/install/livox_ros_driver2/local/lib/python3.10/dist-packages/livox_ros_driver2'...
[34.896s] Compiling '/home/mechax/ws_y/rm_ws/install/livox_ros_driver2/local/lib/python3.10/dist-packages/livox_ros_driver2/__init__.py'...
[34.896s] Listing '/home/mechax/ws_y/rm_ws/install/livox_ros_driver2/local/lib/python3.10/dist-packages/livox_ros_driver2/msg'...
[34.897s] Compiling '/home/mechax/ws_y/rm_ws/install/livox_ros_driver2/local/lib/python3.10/dist-packages/livox_ros_driver2/msg/__init__.py'...
[34.897s] Compiling '/home/mechax/ws_y/rm_ws/install/livox_ros_driver2/local/lib/python3.10/dist-packages/livox_ros_driver2/msg/_custom_msg.py'...
[34.897s] Compiling '/home/mechax/ws_y/rm_ws/install/livox_ros_driver2/local/lib/python3.10/dist-packages/livox_ros_driver2/msg/_custom_point.py'...
[34.908s] -- Installing: /home/mechax/ws_y/rm_ws/install/livox_ros_driver2/local/lib/python3.10/dist-packages/livox_ros_driver2/livox_ros_driver2_s__rosidl_typesupport_fastrtps_c.cpython-310-x86_64-linux-gnu.so
[34.908s] -- Set runtime path of "/home/mechax/ws_y/rm_ws/install/livox_ros_driver2/local/lib/python3.10/dist-packages/livox_ros_driver2/livox_ros_driver2_s__rosidl_typesupport_fastrtps_c.cpython-310-x86_64-linux-gnu.so" to ""
[34.909s] -- Installing: /home/mechax/ws_y/rm_ws/install/livox_ros_driver2/local/lib/python3.10/dist-packages/livox_ros_driver2/livox_ros_driver2_s__rosidl_typesupport_introspection_c.cpython-310-x86_64-linux-gnu.so
[34.909s] -- Set runtime path of "/home/mechax/ws_y/rm_ws/install/livox_ros_driver2/local/lib/python3.10/dist-packages/livox_ros_driver2/livox_ros_driver2_s__rosidl_typesupport_introspection_c.cpython-310-x86_64-linux-gnu.so" to ""
[34.909s] -- Installing: /home/mechax/ws_y/rm_ws/install/livox_ros_driver2/local/lib/python3.10/dist-packages/livox_ros_driver2/livox_ros_driver2_s__rosidl_typesupport_c.cpython-310-x86_64-linux-gnu.so
[34.909s] -- Set runtime path of "/home/mechax/ws_y/rm_ws/install/livox_ros_driver2/local/lib/python3.10/dist-packages/livox_ros_driver2/livox_ros_driver2_s__rosidl_typesupport_c.cpython-310-x86_64-linux-gnu.so" to ""
[34.909s] -- Installing: /home/mechax/ws_y/rm_ws/install/livox_ros_driver2/lib/liblivox_interfaces2__rosidl_generator_py.so
[34.910s] -- Set runtime path of "/home/mechax/ws_y/rm_ws/install/livox_ros_driver2/lib/liblivox_interfaces2__rosidl_generator_py.so" to ""
[34.910s] -- Installing: /home/mechax/ws_y/rm_ws/install/livox_ros_driver2/share/livox_ros_driver2/msg/CustomPoint.idl
[34.910s] -- Installing: /home/mechax/ws_y/rm_ws/install/livox_ros_driver2/share/livox_ros_driver2/msg/CustomMsg.idl
[34.910s] -- Installing: /home/mechax/ws_y/rm_ws/install/livox_ros_driver2/share/livox_ros_driver2/msg/CustomPoint.msg
[34.910s] -- Installing: /home/mechax/ws_y/rm_ws/install/livox_ros_driver2/share/livox_ros_driver2/msg/CustomMsg.msg
[34.910s] -- Installing: /home/mechax/ws_y/rm_ws/install/livox_ros_driver2/lib/livox_ros_driver2/livox_ros_driver2_node
[34.911s] -- Set runtime path of "/home/mechax/ws_y/rm_ws/install/livox_ros_driver2/lib/livox_ros_driver2/livox_ros_driver2_node" to ""
[34.911s] -- Installing: /home/mechax/ws_y/rm_ws/install/livox_ros_driver2/lib/liblivox_ros_driver2.so
[34.913s] -- Set runtime path of "/home/mechax/ws_y/rm_ws/install/livox_ros_driver2/lib/liblivox_ros_driver2.so" to ""
[34.913s] -- Installing: /home/mechax/ws_y/rm_ws/install/livox_ros_driver2/share/livox_ros_driver2/config
[34.913s] -- Installing: /home/mechax/ws_y/rm_ws/install/livox_ros_driver2/share/livox_ros_driver2/config/MID360_config.json
[34.913s] -- Installing: /home/mechax/ws_y/rm_ws/install/livox_ros_driver2/share/livox_ros_driver2/config/display_point_cloud.rviz
[34.913s] -- Installing: /home/mechax/ws_y/rm_ws/install/livox_ros_driver2/share/livox_ros_driver2/config/HAP_config.json
[34.913s] -- Installing: /home/mechax/ws_y/rm_ws/install/livox_ros_driver2/share/livox_ros_driver2/config/mixed_HAP_MID360_config.json
[34.913s] -- Installing: /home/mechax/ws_y/rm_ws/install/livox_ros_driver2/share/livox_ros_driver2/launch
[34.913s] -- Installing: /home/mechax/ws_y/rm_ws/install/livox_ros_driver2/share/livox_ros_driver2/launch/rviz_HAP_launch.py
[34.913s] -- Installing: /home/mechax/ws_y/rm_ws/install/livox_ros_driver2/share/livox_ros_driver2/launch/msg_HAP_launch.py
[34.913s] -- Installing: /home/mechax/ws_y/rm_ws/install/livox_ros_driver2/share/livox_ros_driver2/launch/rviz_MID360_launch.py
[34.913s] -- Installing: /home/mechax/ws_y/rm_ws/install/livox_ros_driver2/share/livox_ros_driver2/launch/msg_MID360_launch.py
[34.913s] -- Installing: /home/mechax/ws_y/rm_ws/install/livox_ros_driver2/share/livox_ros_driver2/launch/rviz_mixed.py
[34.913s] -- Installing: /home/mechax/ws_y/rm_ws/install/livox_ros_driver2/share/ament_index/resource_index/package_run_dependencies/livox_ros_driver2
[34.914s] -- Installing: /home/mechax/ws_y/rm_ws/install/livox_ros_driver2/share/ament_index/resource_index/parent_prefix_path/livox_ros_driver2
[34.914s] -- Installing: /home/mechax/ws_y/rm_ws/install/livox_ros_driver2/share/livox_ros_driver2/environment/ament_prefix_path.sh
[34.914s] -- Installing: /home/mechax/ws_y/rm_ws/install/livox_ros_driver2/share/livox_ros_driver2/environment/ament_prefix_path.dsv
[34.914s] -- Installing: /home/mechax/ws_y/rm_ws/install/livox_ros_driver2/share/livox_ros_driver2/environment/path.sh
[34.914s] -- Installing: /home/mechax/ws_y/rm_ws/install/livox_ros_driver2/share/livox_ros_driver2/environment/path.dsv
[34.914s] -- Installing: /home/mechax/ws_y/rm_ws/install/livox_ros_driver2/share/livox_ros_driver2/local_setup.bash
[34.915s] -- Installing: /home/mechax/ws_y/rm_ws/install/livox_ros_driver2/share/livox_ros_driver2/local_setup.sh
[34.915s] -- Installing: /home/mechax/ws_y/rm_ws/install/livox_ros_driver2/share/livox_ros_driver2/local_setup.zsh
[34.915s] -- Installing: /home/mechax/ws_y/rm_ws/install/livox_ros_driver2/share/livox_ros_driver2/local_setup.dsv
[34.915s] -- Installing: /home/mechax/ws_y/rm_ws/install/livox_ros_driver2/share/livox_ros_driver2/package.dsv
[34.915s] -- Installing: /home/mechax/ws_y/rm_ws/install/livox_ros_driver2/share/ament_index/resource_index/packages/livox_ros_driver2
[34.915s] -- Installing: /home/mechax/ws_y/rm_ws/install/livox_ros_driver2/share/livox_ros_driver2/cmake/export_livox_interfaces2__rosidl_generator_cExport.cmake
[34.915s] -- Installing: /home/mechax/ws_y/rm_ws/install/livox_ros_driver2/share/livox_ros_driver2/cmake/export_livox_interfaces2__rosidl_generator_cExport-noconfig.cmake
[34.916s] -- Installing: /home/mechax/ws_y/rm_ws/install/livox_ros_driver2/share/livox_ros_driver2/cmake/export_livox_interfaces2__rosidl_typesupport_fastrtps_cExport.cmake
[34.916s] -- Installing: /home/mechax/ws_y/rm_ws/install/livox_ros_driver2/share/livox_ros_driver2/cmake/export_livox_interfaces2__rosidl_typesupport_fastrtps_cExport-noconfig.cmake
[34.916s] -- Installing: /home/mechax/ws_y/rm_ws/install/livox_ros_driver2/share/livox_ros_driver2/cmake/livox_interfaces2__rosidl_typesupport_introspection_cExport.cmake
[34.916s] -- Installing: /home/mechax/ws_y/rm_ws/install/livox_ros_driver2/share/livox_ros_driver2/cmake/livox_interfaces2__rosidl_typesupport_introspection_cExport-noconfig.cmake
[34.916s] -- Installing: /home/mechax/ws_y/rm_ws/install/livox_ros_driver2/share/livox_ros_driver2/cmake/livox_interfaces2__rosidl_typesupport_cExport.cmake
[34.916s] -- Installing: /home/mechax/ws_y/rm_ws/install/livox_ros_driver2/share/livox_ros_driver2/cmake/livox_interfaces2__rosidl_typesupport_cExport-noconfig.cmake
[34.917s] -- Installing: /home/mechax/ws_y/rm_ws/install/livox_ros_driver2/share/livox_ros_driver2/cmake/export_livox_interfaces2__rosidl_generator_cppExport.cmake
[34.917s] -- Installing: /home/mechax/ws_y/rm_ws/install/livox_ros_driver2/share/livox_ros_driver2/cmake/export_livox_interfaces2__rosidl_typesupport_fastrtps_cppExport.cmake
[34.917s] -- Installing: /home/mechax/ws_y/rm_ws/install/livox_ros_driver2/share/livox_ros_driver2/cmake/export_livox_interfaces2__rosidl_typesupport_fastrtps_cppExport-noconfig.cmake
[34.917s] -- Installing: /home/mechax/ws_y/rm_ws/install/livox_ros_driver2/share/livox_ros_driver2/cmake/livox_interfaces2__rosidl_typesupport_introspection_cppExport.cmake
[34.917s] -- Installing: /home/mechax/ws_y/rm_ws/install/livox_ros_driver2/share/livox_ros_driver2/cmake/livox_interfaces2__rosidl_typesupport_introspection_cppExport-noconfig.cmake
[34.917s] -- Installing: /home/mechax/ws_y/rm_ws/install/livox_ros_driver2/share/livox_ros_driver2/cmake/livox_interfaces2__rosidl_typesupport_cppExport.cmake
[34.918s] -- Installing: /home/mechax/ws_y/rm_ws/install/livox_ros_driver2/share/livox_ros_driver2/cmake/livox_interfaces2__rosidl_typesupport_cppExport-noconfig.cmake
[34.918s] -- Installing: /home/mechax/ws_y/rm_ws/install/livox_ros_driver2/share/livox_ros_driver2/cmake/export_livox_interfaces2__rosidl_generator_pyExport.cmake
[34.918s] -- Installing: /home/mechax/ws_y/rm_ws/install/livox_ros_driver2/share/livox_ros_driver2/cmake/export_livox_interfaces2__rosidl_generator_pyExport-noconfig.cmake
[34.918s] -- Installing: /home/mechax/ws_y/rm_ws/install/livox_ros_driver2/share/ament_index/resource_index/rclcpp_components/livox_ros_driver2
[34.918s] -- Installing: /home/mechax/ws_y/rm_ws/install/livox_ros_driver2/share/livox_ros_driver2/cmake/rosidl_cmake-extras.cmake
[34.918s] -- Installing: /home/mechax/ws_y/rm_ws/install/livox_ros_driver2/share/livox_ros_driver2/cmake/ament_cmake_export_dependencies-extras.cmake
[34.918s] -- Installing: /home/mechax/ws_y/rm_ws/install/livox_ros_driver2/share/livox_ros_driver2/cmake/ament_cmake_export_include_directories-extras.cmake
[34.919s] -- Installing: /home/mechax/ws_y/rm_ws/install/livox_ros_driver2/share/livox_ros_driver2/cmake/ament_cmake_export_libraries-extras.cmake
[34.919s] -- Installing: /home/mechax/ws_y/rm_ws/install/livox_ros_driver2/share/livox_ros_driver2/cmake/ament_cmake_export_targets-extras.cmake
[34.919s] -- Installing: /home/mechax/ws_y/rm_ws/install/livox_ros_driver2/share/livox_ros_driver2/cmake/rosidl_cmake_export_typesupport_targets-extras.cmake
[34.919s] -- Installing: /home/mechax/ws_y/rm_ws/install/livox_ros_driver2/share/livox_ros_driver2/cmake/rosidl_cmake_export_typesupport_libraries-extras.cmake
[34.919s] -- Installing: /home/mechax/ws_y/rm_ws/install/livox_ros_driver2/share/livox_ros_driver2/cmake/livox_ros_driver2Config.cmake
[34.919s] -- Installing: /home/mechax/ws_y/rm_ws/install/livox_ros_driver2/share/livox_ros_driver2/cmake/livox_ros_driver2Config-version.cmake
[34.919s] -- Installing: /home/mechax/ws_y/rm_ws/install/livox_ros_driver2/share/livox_ros_driver2/package.xml
[34.923s] Invoked command in '/home/mechax/ws_y/rm_ws/build/livox_ros_driver2' returned '0': CMAKE_PREFIX_PATH=/opt/ros/humble /usr/bin/cmake --install /home/mechax/ws_y/rm_ws/build/livox_ros_driver2
