[0.424s] DEBUG:colcon:Command line arguments: ['/usr/bin/colcon', 'build', '--symlink-install']
[0.424s] DEBUG:colcon:Parsed command line arguments: Namespace(log_base=None, log_level=None, verb_name='build', build_base='build', install_base='install', merge_install=False, symlink_install=True, test_result_base=None, continue_on_error=False, executor='parallel', parallel_workers=16, event_handlers=None, ignore_user_meta=False, metas=['./colcon.meta'], base_paths=['.'], packages_ignore=None, packages_ignore_regex=None, paths=None, packages_up_to=None, packages_up_to_regex=None, packages_above=None, packages_above_and_dependencies=None, packages_above_depth=None, packages_select_by_dep=None, packages_skip_by_dep=None, packages_skip_up_to=None, packages_select_build_failed=False, packages_skip_build_finished=False, packages_select_test_failures=False, packages_skip_test_passed=False, packages_select=None, packages_skip=None, packages_select_regex=None, packages_skip_regex=None, packages_start=None, packages_end=None, allow_overriding=[], cmake_args=None, cmake_target=None, cmake_target_skip_unavailable=False, cmake_clean_cache=False, cmake_clean_first=False, cmake_force_configure=False, ament_cmake_args=None, catkin_cmake_args=None, catkin_skip_building_tests=False, verb_parser=<colcon_defaults.argument_parser.defaults.DefaultArgumentsDecorator object at 0x7f5963c5fb20>, verb_extension=<colcon_core.verb.build.BuildVerb object at 0x7f5963c5d9f0>, main=<bound method BuildVerb.main of <colcon_core.verb.build.BuildVerb object at 0x7f5963c5d9f0>>)
[0.446s] Level 1:colcon.colcon_core.package_discovery:discover_packages(colcon_meta) check parameters
[0.446s] Level 1:colcon.colcon_core.package_discovery:discover_packages(recursive) check parameters
[0.446s] Level 1:colcon.colcon_core.package_discovery:discover_packages(ignore) check parameters
[0.446s] Level 1:colcon.colcon_core.package_discovery:discover_packages(path) check parameters
[0.446s] Level 1:colcon.colcon_core.package_discovery:discover_packages(colcon_meta) discover
[0.447s] Level 1:colcon.colcon_core.package_discovery:discover_packages(recursive) discover
[0.447s] INFO:colcon.colcon_core.package_discovery:Crawling recursively for packages in '/home/mechax/ws_y/rm_ws'
[0.447s] Level 1:colcon.colcon_core.package_identification:_identify(.) by extensions ['ignore', 'ignore_ament_install']
[0.447s] Level 1:colcon.colcon_core.package_identification:_identify(.) by extension 'ignore'
[0.447s] Level 1:colcon.colcon_core.package_identification:_identify(.) by extension 'ignore_ament_install'
[0.447s] Level 1:colcon.colcon_core.package_identification:_identify(.) by extensions ['colcon_pkg']
[0.447s] Level 1:colcon.colcon_core.package_identification:_identify(.) by extension 'colcon_pkg'
[0.447s] Level 1:colcon.colcon_core.package_identification:_identify(.) by extensions ['colcon_meta']
[0.447s] Level 1:colcon.colcon_core.package_identification:_identify(.) by extension 'colcon_meta'
[0.447s] Level 1:colcon.colcon_core.package_identification:_identify(.) by extensions ['ros']
[0.447s] Level 1:colcon.colcon_core.package_identification:_identify(.) by extension 'ros'
[0.453s] Level 1:colcon.colcon_core.package_identification:_identify(.) by extensions ['cmake', 'python']
[0.453s] Level 1:colcon.colcon_core.package_identification:_identify(.) by extension 'cmake'
[0.453s] Level 1:colcon.colcon_core.package_identification:_identify(.) by extension 'python'
[0.453s] Level 1:colcon.colcon_core.package_identification:_identify(.) by extensions ['python_setup_py']
[0.453s] Level 1:colcon.colcon_core.package_identification:_identify(.) by extension 'python_setup_py'
[0.453s] Level 1:colcon.colcon_core.package_identification:_identify(build) by extensions ['ignore', 'ignore_ament_install']
[0.453s] Level 1:colcon.colcon_core.package_identification:_identify(build) by extension 'ignore'
[0.453s] Level 1:colcon.colcon_core.package_identification:_identify(build) ignored
[0.453s] Level 1:colcon.colcon_core.package_identification:_identify(install) by extensions ['ignore', 'ignore_ament_install']
[0.453s] Level 1:colcon.colcon_core.package_identification:_identify(install) by extension 'ignore'
[0.453s] Level 1:colcon.colcon_core.package_identification:_identify(install) ignored
[0.453s] Level 1:colcon.colcon_core.package_identification:_identify(log) by extensions ['ignore', 'ignore_ament_install']
[0.453s] Level 1:colcon.colcon_core.package_identification:_identify(log) by extension 'ignore'
[0.453s] Level 1:colcon.colcon_core.package_identification:_identify(log) ignored
[0.453s] Level 1:colcon.colcon_core.package_identification:_identify(src) by extensions ['ignore', 'ignore_ament_install']
[0.453s] Level 1:colcon.colcon_core.package_identification:_identify(src) by extension 'ignore'
[0.453s] Level 1:colcon.colcon_core.package_identification:_identify(src) by extension 'ignore_ament_install'
[0.453s] Level 1:colcon.colcon_core.package_identification:_identify(src) by extensions ['colcon_pkg']
[0.453s] Level 1:colcon.colcon_core.package_identification:_identify(src) by extension 'colcon_pkg'
[0.453s] Level 1:colcon.colcon_core.package_identification:_identify(src) by extensions ['colcon_meta']
[0.453s] Level 1:colcon.colcon_core.package_identification:_identify(src) by extension 'colcon_meta'
[0.453s] Level 1:colcon.colcon_core.package_identification:_identify(src) by extensions ['ros']
[0.453s] Level 1:colcon.colcon_core.package_identification:_identify(src) by extension 'ros'
[0.453s] Level 1:colcon.colcon_core.package_identification:_identify(src) by extensions ['cmake', 'python']
[0.453s] Level 1:colcon.colcon_core.package_identification:_identify(src) by extension 'cmake'
[0.453s] Level 1:colcon.colcon_core.package_identification:_identify(src) by extension 'python'
[0.453s] Level 1:colcon.colcon_core.package_identification:_identify(src) by extensions ['python_setup_py']
[0.453s] Level 1:colcon.colcon_core.package_identification:_identify(src) by extension 'python_setup_py'
[0.453s] Level 1:colcon.colcon_core.package_identification:_identify(src/mechax_rm_cv) by extensions ['ignore', 'ignore_ament_install']
[0.453s] Level 1:colcon.colcon_core.package_identification:_identify(src/mechax_rm_cv) by extension 'ignore'
[0.453s] Level 1:colcon.colcon_core.package_identification:_identify(src/mechax_rm_cv) by extension 'ignore_ament_install'
[0.453s] Level 1:colcon.colcon_core.package_identification:_identify(src/mechax_rm_cv) by extensions ['colcon_pkg']
[0.453s] Level 1:colcon.colcon_core.package_identification:_identify(src/mechax_rm_cv) by extension 'colcon_pkg'
[0.453s] Level 1:colcon.colcon_core.package_identification:_identify(src/mechax_rm_cv) by extensions ['colcon_meta']
[0.453s] Level 1:colcon.colcon_core.package_identification:_identify(src/mechax_rm_cv) by extension 'colcon_meta'
[0.453s] Level 1:colcon.colcon_core.package_identification:_identify(src/mechax_rm_cv) by extensions ['ros']
[0.454s] Level 1:colcon.colcon_core.package_identification:_identify(src/mechax_rm_cv) by extension 'ros'
[0.454s] Level 1:colcon.colcon_core.package_identification:_identify(src/mechax_rm_cv) by extensions ['cmake', 'python']
[0.454s] Level 1:colcon.colcon_core.package_identification:_identify(src/mechax_rm_cv) by extension 'cmake'
[0.454s] Level 1:colcon.colcon_core.package_identification:_identify(src/mechax_rm_cv) by extension 'python'
[0.454s] Level 1:colcon.colcon_core.package_identification:_identify(src/mechax_rm_cv) by extensions ['python_setup_py']
[0.454s] Level 1:colcon.colcon_core.package_identification:_identify(src/mechax_rm_cv) by extension 'python_setup_py'
[0.454s] Level 1:colcon.colcon_core.package_identification:_identify(src/mechax_rm_cv/log) by extensions ['ignore', 'ignore_ament_install']
[0.454s] Level 1:colcon.colcon_core.package_identification:_identify(src/mechax_rm_cv/log) by extension 'ignore'
[0.454s] Level 1:colcon.colcon_core.package_identification:_identify(src/mechax_rm_cv/log) ignored
[0.454s] Level 1:colcon.colcon_core.package_identification:_identify(src/mechax_rm_cv/src) by extensions ['ignore', 'ignore_ament_install']
[0.454s] Level 1:colcon.colcon_core.package_identification:_identify(src/mechax_rm_cv/src) by extension 'ignore'
[0.454s] Level 1:colcon.colcon_core.package_identification:_identify(src/mechax_rm_cv/src) by extension 'ignore_ament_install'
[0.454s] Level 1:colcon.colcon_core.package_identification:_identify(src/mechax_rm_cv/src) by extensions ['colcon_pkg']
[0.454s] Level 1:colcon.colcon_core.package_identification:_identify(src/mechax_rm_cv/src) by extension 'colcon_pkg'
[0.454s] Level 1:colcon.colcon_core.package_identification:_identify(src/mechax_rm_cv/src) by extensions ['colcon_meta']
[0.454s] Level 1:colcon.colcon_core.package_identification:_identify(src/mechax_rm_cv/src) by extension 'colcon_meta'
[0.454s] Level 1:colcon.colcon_core.package_identification:_identify(src/mechax_rm_cv/src) by extensions ['ros']
[0.454s] Level 1:colcon.colcon_core.package_identification:_identify(src/mechax_rm_cv/src) by extension 'ros'
[0.454s] Level 1:colcon.colcon_core.package_identification:_identify(src/mechax_rm_cv/src) by extensions ['cmake', 'python']
[0.454s] Level 1:colcon.colcon_core.package_identification:_identify(src/mechax_rm_cv/src) by extension 'cmake'
[0.454s] Level 1:colcon.colcon_core.package_identification:_identify(src/mechax_rm_cv/src) by extension 'python'
[0.454s] Level 1:colcon.colcon_core.package_identification:_identify(src/mechax_rm_cv/src) by extensions ['python_setup_py']
[0.454s] Level 1:colcon.colcon_core.package_identification:_identify(src/mechax_rm_cv/src) by extension 'python_setup_py'
[0.454s] Level 1:colcon.colcon_core.package_identification:_identify(src/mechax_rm_cv/src/my_package) by extensions ['ignore', 'ignore_ament_install']
[0.454s] Level 1:colcon.colcon_core.package_identification:_identify(src/mechax_rm_cv/src/my_package) by extension 'ignore'
[0.454s] Level 1:colcon.colcon_core.package_identification:_identify(src/mechax_rm_cv/src/my_package) by extension 'ignore_ament_install'
[0.454s] Level 1:colcon.colcon_core.package_identification:_identify(src/mechax_rm_cv/src/my_package) by extensions ['colcon_pkg']
[0.454s] Level 1:colcon.colcon_core.package_identification:_identify(src/mechax_rm_cv/src/my_package) by extension 'colcon_pkg'
[0.454s] Level 1:colcon.colcon_core.package_identification:_identify(src/mechax_rm_cv/src/my_package) by extensions ['colcon_meta']
[0.454s] Level 1:colcon.colcon_core.package_identification:_identify(src/mechax_rm_cv/src/my_package) by extension 'colcon_meta'
[0.454s] Level 1:colcon.colcon_core.package_identification:_identify(src/mechax_rm_cv/src/my_package) by extensions ['ros']
[0.454s] Level 1:colcon.colcon_core.package_identification:_identify(src/mechax_rm_cv/src/my_package) by extension 'ros'
[0.456s] DEBUG:colcon.colcon_core.package_identification:Package 'src/mechax_rm_cv/src/my_package' with type 'ros.ament_python' and name 'my_package'
[0.456s] Level 1:colcon.colcon_core.package_identification:_identify(src/mechax_rm_cv/src/rm_auto_aim) by extensions ['ignore', 'ignore_ament_install']
[0.456s] Level 1:colcon.colcon_core.package_identification:_identify(src/mechax_rm_cv/src/rm_auto_aim) by extension 'ignore'
[0.456s] Level 1:colcon.colcon_core.package_identification:_identify(src/mechax_rm_cv/src/rm_auto_aim) by extension 'ignore_ament_install'
[0.456s] Level 1:colcon.colcon_core.package_identification:_identify(src/mechax_rm_cv/src/rm_auto_aim) by extensions ['colcon_pkg']
[0.456s] Level 1:colcon.colcon_core.package_identification:_identify(src/mechax_rm_cv/src/rm_auto_aim) by extension 'colcon_pkg'
[0.456s] Level 1:colcon.colcon_core.package_identification:_identify(src/mechax_rm_cv/src/rm_auto_aim) by extensions ['colcon_meta']
[0.456s] Level 1:colcon.colcon_core.package_identification:_identify(src/mechax_rm_cv/src/rm_auto_aim) by extension 'colcon_meta'
[0.456s] Level 1:colcon.colcon_core.package_identification:_identify(src/mechax_rm_cv/src/rm_auto_aim) by extensions ['ros']
[0.456s] Level 1:colcon.colcon_core.package_identification:_identify(src/mechax_rm_cv/src/rm_auto_aim) by extension 'ros'
[0.456s] Level 1:colcon.colcon_core.package_identification:_identify(src/mechax_rm_cv/src/rm_auto_aim) by extensions ['cmake', 'python']
[0.456s] Level 1:colcon.colcon_core.package_identification:_identify(src/mechax_rm_cv/src/rm_auto_aim) by extension 'cmake'
[0.456s] Level 1:colcon.colcon_core.package_identification:_identify(src/mechax_rm_cv/src/rm_auto_aim) by extension 'python'
[0.456s] Level 1:colcon.colcon_core.package_identification:_identify(src/mechax_rm_cv/src/rm_auto_aim) by extensions ['python_setup_py']
[0.456s] Level 1:colcon.colcon_core.package_identification:_identify(src/mechax_rm_cv/src/rm_auto_aim) by extension 'python_setup_py'
[0.456s] Level 1:colcon.colcon_core.package_identification:_identify(src/mechax_rm_cv/src/rm_auto_aim/armor_detector) by extensions ['ignore', 'ignore_ament_install']
[0.456s] Level 1:colcon.colcon_core.package_identification:_identify(src/mechax_rm_cv/src/rm_auto_aim/armor_detector) by extension 'ignore'
[0.456s] Level 1:colcon.colcon_core.package_identification:_identify(src/mechax_rm_cv/src/rm_auto_aim/armor_detector) by extension 'ignore_ament_install'
[0.456s] Level 1:colcon.colcon_core.package_identification:_identify(src/mechax_rm_cv/src/rm_auto_aim/armor_detector) by extensions ['colcon_pkg']
[0.456s] Level 1:colcon.colcon_core.package_identification:_identify(src/mechax_rm_cv/src/rm_auto_aim/armor_detector) by extension 'colcon_pkg'
[0.456s] Level 1:colcon.colcon_core.package_identification:_identify(src/mechax_rm_cv/src/rm_auto_aim/armor_detector) by extensions ['colcon_meta']
[0.456s] Level 1:colcon.colcon_core.package_identification:_identify(src/mechax_rm_cv/src/rm_auto_aim/armor_detector) by extension 'colcon_meta'
[0.456s] Level 1:colcon.colcon_core.package_identification:_identify(src/mechax_rm_cv/src/rm_auto_aim/armor_detector) by extensions ['ros']
[0.456s] Level 1:colcon.colcon_core.package_identification:_identify(src/mechax_rm_cv/src/rm_auto_aim/armor_detector) by extension 'ros'
[0.457s] DEBUG:colcon.colcon_core.package_identification:Package 'src/mechax_rm_cv/src/rm_auto_aim/armor_detector' with type 'ros.ament_cmake' and name 'armor_detector'
[0.457s] Level 1:colcon.colcon_core.package_identification:_identify(src/mechax_rm_cv/src/rm_auto_aim/armor_tracker) by extensions ['ignore', 'ignore_ament_install']
[0.457s] Level 1:colcon.colcon_core.package_identification:_identify(src/mechax_rm_cv/src/rm_auto_aim/armor_tracker) by extension 'ignore'
[0.457s] Level 1:colcon.colcon_core.package_identification:_identify(src/mechax_rm_cv/src/rm_auto_aim/armor_tracker) by extension 'ignore_ament_install'
[0.457s] Level 1:colcon.colcon_core.package_identification:_identify(src/mechax_rm_cv/src/rm_auto_aim/armor_tracker) by extensions ['colcon_pkg']
[0.457s] Level 1:colcon.colcon_core.package_identification:_identify(src/mechax_rm_cv/src/rm_auto_aim/armor_tracker) by extension 'colcon_pkg'
[0.457s] Level 1:colcon.colcon_core.package_identification:_identify(src/mechax_rm_cv/src/rm_auto_aim/armor_tracker) by extensions ['colcon_meta']
[0.457s] Level 1:colcon.colcon_core.package_identification:_identify(src/mechax_rm_cv/src/rm_auto_aim/armor_tracker) by extension 'colcon_meta'
[0.457s] Level 1:colcon.colcon_core.package_identification:_identify(src/mechax_rm_cv/src/rm_auto_aim/armor_tracker) by extensions ['ros']
[0.457s] Level 1:colcon.colcon_core.package_identification:_identify(src/mechax_rm_cv/src/rm_auto_aim/armor_tracker) by extension 'ros'
[0.458s] DEBUG:colcon.colcon_core.package_identification:Package 'src/mechax_rm_cv/src/rm_auto_aim/armor_tracker' with type 'ros.ament_cmake' and name 'armor_tracker'
[0.458s] Level 1:colcon.colcon_core.package_identification:_identify(src/mechax_rm_cv/src/rm_auto_aim/auto_aim_interfaces) by extensions ['ignore', 'ignore_ament_install']
[0.458s] Level 1:colcon.colcon_core.package_identification:_identify(src/mechax_rm_cv/src/rm_auto_aim/auto_aim_interfaces) by extension 'ignore'
[0.458s] Level 1:colcon.colcon_core.package_identification:_identify(src/mechax_rm_cv/src/rm_auto_aim/auto_aim_interfaces) by extension 'ignore_ament_install'
[0.458s] Level 1:colcon.colcon_core.package_identification:_identify(src/mechax_rm_cv/src/rm_auto_aim/auto_aim_interfaces) by extensions ['colcon_pkg']
[0.458s] Level 1:colcon.colcon_core.package_identification:_identify(src/mechax_rm_cv/src/rm_auto_aim/auto_aim_interfaces) by extension 'colcon_pkg'
[0.458s] Level 1:colcon.colcon_core.package_identification:_identify(src/mechax_rm_cv/src/rm_auto_aim/auto_aim_interfaces) by extensions ['colcon_meta']
[0.458s] Level 1:colcon.colcon_core.package_identification:_identify(src/mechax_rm_cv/src/rm_auto_aim/auto_aim_interfaces) by extension 'colcon_meta'
[0.458s] Level 1:colcon.colcon_core.package_identification:_identify(src/mechax_rm_cv/src/rm_auto_aim/auto_aim_interfaces) by extensions ['ros']
[0.458s] Level 1:colcon.colcon_core.package_identification:_identify(src/mechax_rm_cv/src/rm_auto_aim/auto_aim_interfaces) by extension 'ros'
[0.458s] DEBUG:colcon.colcon_core.package_identification:Package 'src/mechax_rm_cv/src/rm_auto_aim/auto_aim_interfaces' with type 'ros.ament_cmake' and name 'auto_aim_interfaces'
[0.459s] Level 1:colcon.colcon_core.package_identification:_identify(src/mechax_rm_cv/src/rm_auto_aim/docs) by extensions ['ignore', 'ignore_ament_install']
[0.459s] Level 1:colcon.colcon_core.package_identification:_identify(src/mechax_rm_cv/src/rm_auto_aim/docs) by extension 'ignore'
[0.459s] Level 1:colcon.colcon_core.package_identification:_identify(src/mechax_rm_cv/src/rm_auto_aim/docs) by extension 'ignore_ament_install'
[0.459s] Level 1:colcon.colcon_core.package_identification:_identify(src/mechax_rm_cv/src/rm_auto_aim/docs) by extensions ['colcon_pkg']
[0.459s] Level 1:colcon.colcon_core.package_identification:_identify(src/mechax_rm_cv/src/rm_auto_aim/docs) by extension 'colcon_pkg'
[0.459s] Level 1:colcon.colcon_core.package_identification:_identify(src/mechax_rm_cv/src/rm_auto_aim/docs) by extensions ['colcon_meta']
[0.459s] Level 1:colcon.colcon_core.package_identification:_identify(src/mechax_rm_cv/src/rm_auto_aim/docs) by extension 'colcon_meta'
[0.459s] Level 1:colcon.colcon_core.package_identification:_identify(src/mechax_rm_cv/src/rm_auto_aim/docs) by extensions ['ros']
[0.459s] Level 1:colcon.colcon_core.package_identification:_identify(src/mechax_rm_cv/src/rm_auto_aim/docs) by extension 'ros'
[0.459s] Level 1:colcon.colcon_core.package_identification:_identify(src/mechax_rm_cv/src/rm_auto_aim/docs) by extensions ['cmake', 'python']
[0.459s] Level 1:colcon.colcon_core.package_identification:_identify(src/mechax_rm_cv/src/rm_auto_aim/docs) by extension 'cmake'
[0.459s] Level 1:colcon.colcon_core.package_identification:_identify(src/mechax_rm_cv/src/rm_auto_aim/docs) by extension 'python'
[0.459s] Level 1:colcon.colcon_core.package_identification:_identify(src/mechax_rm_cv/src/rm_auto_aim/docs) by extensions ['python_setup_py']
[0.459s] Level 1:colcon.colcon_core.package_identification:_identify(src/mechax_rm_cv/src/rm_auto_aim/docs) by extension 'python_setup_py'
[0.459s] Level 1:colcon.colcon_core.package_identification:_identify(src/mechax_rm_cv/src/rm_auto_aim/rm_auto_aim) by extensions ['ignore', 'ignore_ament_install']
[0.459s] Level 1:colcon.colcon_core.package_identification:_identify(src/mechax_rm_cv/src/rm_auto_aim/rm_auto_aim) by extension 'ignore'
[0.459s] Level 1:colcon.colcon_core.package_identification:_identify(src/mechax_rm_cv/src/rm_auto_aim/rm_auto_aim) by extension 'ignore_ament_install'
[0.459s] Level 1:colcon.colcon_core.package_identification:_identify(src/mechax_rm_cv/src/rm_auto_aim/rm_auto_aim) by extensions ['colcon_pkg']
[0.459s] Level 1:colcon.colcon_core.package_identification:_identify(src/mechax_rm_cv/src/rm_auto_aim/rm_auto_aim) by extension 'colcon_pkg'
[0.459s] Level 1:colcon.colcon_core.package_identification:_identify(src/mechax_rm_cv/src/rm_auto_aim/rm_auto_aim) by extensions ['colcon_meta']
[0.459s] Level 1:colcon.colcon_core.package_identification:_identify(src/mechax_rm_cv/src/rm_auto_aim/rm_auto_aim) by extension 'colcon_meta'
[0.459s] Level 1:colcon.colcon_core.package_identification:_identify(src/mechax_rm_cv/src/rm_auto_aim/rm_auto_aim) by extensions ['ros']
[0.459s] Level 1:colcon.colcon_core.package_identification:_identify(src/mechax_rm_cv/src/rm_auto_aim/rm_auto_aim) by extension 'ros'
[0.459s] DEBUG:colcon.colcon_core.package_identification:Package 'src/mechax_rm_cv/src/rm_auto_aim/rm_auto_aim' with type 'ros.ament_cmake' and name 'rm_auto_aim'
[0.459s] Level 1:colcon.colcon_core.package_identification:_identify(src/mechax_rm_cv/src/rm_gimbal_description) by extensions ['ignore', 'ignore_ament_install']
[0.459s] Level 1:colcon.colcon_core.package_identification:_identify(src/mechax_rm_cv/src/rm_gimbal_description) by extension 'ignore'
[0.459s] Level 1:colcon.colcon_core.package_identification:_identify(src/mechax_rm_cv/src/rm_gimbal_description) by extension 'ignore_ament_install'
[0.459s] Level 1:colcon.colcon_core.package_identification:_identify(src/mechax_rm_cv/src/rm_gimbal_description) by extensions ['colcon_pkg']
[0.460s] Level 1:colcon.colcon_core.package_identification:_identify(src/mechax_rm_cv/src/rm_gimbal_description) by extension 'colcon_pkg'
[0.460s] Level 1:colcon.colcon_core.package_identification:_identify(src/mechax_rm_cv/src/rm_gimbal_description) by extensions ['colcon_meta']
[0.460s] Level 1:colcon.colcon_core.package_identification:_identify(src/mechax_rm_cv/src/rm_gimbal_description) by extension 'colcon_meta'
[0.460s] Level 1:colcon.colcon_core.package_identification:_identify(src/mechax_rm_cv/src/rm_gimbal_description) by extensions ['ros']
[0.460s] Level 1:colcon.colcon_core.package_identification:_identify(src/mechax_rm_cv/src/rm_gimbal_description) by extension 'ros'
[0.460s] DEBUG:colcon.colcon_core.package_identification:Package 'src/mechax_rm_cv/src/rm_gimbal_description' with type 'ros.ament_cmake' and name 'rm_gimbal_description'
[0.460s] Level 1:colcon.colcon_core.package_identification:_identify(src/mechax_rm_cv/src/rm_serial_driver) by extensions ['ignore', 'ignore_ament_install']
[0.460s] Level 1:colcon.colcon_core.package_identification:_identify(src/mechax_rm_cv/src/rm_serial_driver) by extension 'ignore'
[0.460s] Level 1:colcon.colcon_core.package_identification:_identify(src/mechax_rm_cv/src/rm_serial_driver) by extension 'ignore_ament_install'
[0.460s] Level 1:colcon.colcon_core.package_identification:_identify(src/mechax_rm_cv/src/rm_serial_driver) by extensions ['colcon_pkg']
[0.460s] Level 1:colcon.colcon_core.package_identification:_identify(src/mechax_rm_cv/src/rm_serial_driver) by extension 'colcon_pkg'
[0.460s] Level 1:colcon.colcon_core.package_identification:_identify(src/mechax_rm_cv/src/rm_serial_driver) by extensions ['colcon_meta']
[0.460s] Level 1:colcon.colcon_core.package_identification:_identify(src/mechax_rm_cv/src/rm_serial_driver) by extension 'colcon_meta'
[0.460s] Level 1:colcon.colcon_core.package_identification:_identify(src/mechax_rm_cv/src/rm_serial_driver) by extensions ['ros']
[0.460s] Level 1:colcon.colcon_core.package_identification:_identify(src/mechax_rm_cv/src/rm_serial_driver) by extension 'ros'
[0.461s] DEBUG:colcon.colcon_core.package_identification:Package 'src/mechax_rm_cv/src/rm_serial_driver' with type 'ros.ament_cmake' and name 'rm_serial_driver'
[0.461s] Level 1:colcon.colcon_core.package_identification:_identify(src/mechax_rm_cv/src/rm_vision) by extensions ['ignore', 'ignore_ament_install']
[0.461s] Level 1:colcon.colcon_core.package_identification:_identify(src/mechax_rm_cv/src/rm_vision) by extension 'ignore'
[0.461s] Level 1:colcon.colcon_core.package_identification:_identify(src/mechax_rm_cv/src/rm_vision) by extension 'ignore_ament_install'
[0.461s] Level 1:colcon.colcon_core.package_identification:_identify(src/mechax_rm_cv/src/rm_vision) by extensions ['colcon_pkg']
[0.461s] Level 1:colcon.colcon_core.package_identification:_identify(src/mechax_rm_cv/src/rm_vision) by extension 'colcon_pkg'
[0.461s] Level 1:colcon.colcon_core.package_identification:_identify(src/mechax_rm_cv/src/rm_vision) by extensions ['colcon_meta']
[0.461s] Level 1:colcon.colcon_core.package_identification:_identify(src/mechax_rm_cv/src/rm_vision) by extension 'colcon_meta'
[0.461s] Level 1:colcon.colcon_core.package_identification:_identify(src/mechax_rm_cv/src/rm_vision) by extensions ['ros']
[0.461s] Level 1:colcon.colcon_core.package_identification:_identify(src/mechax_rm_cv/src/rm_vision) by extension 'ros'
[0.461s] Level 1:colcon.colcon_core.package_identification:_identify(src/mechax_rm_cv/src/rm_vision) by extensions ['cmake', 'python']
[0.461s] Level 1:colcon.colcon_core.package_identification:_identify(src/mechax_rm_cv/src/rm_vision) by extension 'cmake'
[0.461s] Level 1:colcon.colcon_core.package_identification:_identify(src/mechax_rm_cv/src/rm_vision) by extension 'python'
[0.461s] Level 1:colcon.colcon_core.package_identification:_identify(src/mechax_rm_cv/src/rm_vision) by extensions ['python_setup_py']
[0.461s] Level 1:colcon.colcon_core.package_identification:_identify(src/mechax_rm_cv/src/rm_vision) by extension 'python_setup_py'
[0.461s] Level 1:colcon.colcon_core.package_identification:_identify(src/mechax_rm_cv/src/rm_vision/docs) by extensions ['ignore', 'ignore_ament_install']
[0.461s] Level 1:colcon.colcon_core.package_identification:_identify(src/mechax_rm_cv/src/rm_vision/docs) by extension 'ignore'
[0.461s] Level 1:colcon.colcon_core.package_identification:_identify(src/mechax_rm_cv/src/rm_vision/docs) by extension 'ignore_ament_install'
[0.461s] Level 1:colcon.colcon_core.package_identification:_identify(src/mechax_rm_cv/src/rm_vision/docs) by extensions ['colcon_pkg']
[0.461s] Level 1:colcon.colcon_core.package_identification:_identify(src/mechax_rm_cv/src/rm_vision/docs) by extension 'colcon_pkg'
[0.461s] Level 1:colcon.colcon_core.package_identification:_identify(src/mechax_rm_cv/src/rm_vision/docs) by extensions ['colcon_meta']
[0.461s] Level 1:colcon.colcon_core.package_identification:_identify(src/mechax_rm_cv/src/rm_vision/docs) by extension 'colcon_meta'
[0.461s] Level 1:colcon.colcon_core.package_identification:_identify(src/mechax_rm_cv/src/rm_vision/docs) by extensions ['ros']
[0.461s] Level 1:colcon.colcon_core.package_identification:_identify(src/mechax_rm_cv/src/rm_vision/docs) by extension 'ros'
[0.461s] Level 1:colcon.colcon_core.package_identification:_identify(src/mechax_rm_cv/src/rm_vision/docs) by extensions ['cmake', 'python']
[0.461s] Level 1:colcon.colcon_core.package_identification:_identify(src/mechax_rm_cv/src/rm_vision/docs) by extension 'cmake'
[0.461s] Level 1:colcon.colcon_core.package_identification:_identify(src/mechax_rm_cv/src/rm_vision/docs) by extension 'python'
[0.461s] Level 1:colcon.colcon_core.package_identification:_identify(src/mechax_rm_cv/src/rm_vision/docs) by extensions ['python_setup_py']
[0.461s] Level 1:colcon.colcon_core.package_identification:_identify(src/mechax_rm_cv/src/rm_vision/docs) by extension 'python_setup_py'
[0.461s] Level 1:colcon.colcon_core.package_identification:_identify(src/mechax_rm_cv/src/rm_vision/rm_vision_bringup) by extensions ['ignore', 'ignore_ament_install']
[0.461s] Level 1:colcon.colcon_core.package_identification:_identify(src/mechax_rm_cv/src/rm_vision/rm_vision_bringup) by extension 'ignore'
[0.461s] Level 1:colcon.colcon_core.package_identification:_identify(src/mechax_rm_cv/src/rm_vision/rm_vision_bringup) by extension 'ignore_ament_install'
[0.461s] Level 1:colcon.colcon_core.package_identification:_identify(src/mechax_rm_cv/src/rm_vision/rm_vision_bringup) by extensions ['colcon_pkg']
[0.461s] Level 1:colcon.colcon_core.package_identification:_identify(src/mechax_rm_cv/src/rm_vision/rm_vision_bringup) by extension 'colcon_pkg'
[0.461s] Level 1:colcon.colcon_core.package_identification:_identify(src/mechax_rm_cv/src/rm_vision/rm_vision_bringup) by extensions ['colcon_meta']
[0.461s] Level 1:colcon.colcon_core.package_identification:_identify(src/mechax_rm_cv/src/rm_vision/rm_vision_bringup) by extension 'colcon_meta'
[0.461s] Level 1:colcon.colcon_core.package_identification:_identify(src/mechax_rm_cv/src/rm_vision/rm_vision_bringup) by extensions ['ros']
[0.461s] Level 1:colcon.colcon_core.package_identification:_identify(src/mechax_rm_cv/src/rm_vision/rm_vision_bringup) by extension 'ros'
[0.462s] DEBUG:colcon.colcon_core.package_identification:Package 'src/mechax_rm_cv/src/rm_vision/rm_vision_bringup' with type 'ros.ament_cmake' and name 'rm_vision_bringup'
[0.462s] Level 1:colcon.colcon_core.package_identification:_identify(src/mechax_rm_cv/src/ros2-mindvision-camera) by extensions ['ignore', 'ignore_ament_install']
[0.462s] Level 1:colcon.colcon_core.package_identification:_identify(src/mechax_rm_cv/src/ros2-mindvision-camera) by extension 'ignore'
[0.462s] Level 1:colcon.colcon_core.package_identification:_identify(src/mechax_rm_cv/src/ros2-mindvision-camera) by extension 'ignore_ament_install'
[0.462s] Level 1:colcon.colcon_core.package_identification:_identify(src/mechax_rm_cv/src/ros2-mindvision-camera) by extensions ['colcon_pkg']
[0.462s] Level 1:colcon.colcon_core.package_identification:_identify(src/mechax_rm_cv/src/ros2-mindvision-camera) by extension 'colcon_pkg'
[0.462s] Level 1:colcon.colcon_core.package_identification:_identify(src/mechax_rm_cv/src/ros2-mindvision-camera) by extensions ['colcon_meta']
[0.462s] Level 1:colcon.colcon_core.package_identification:_identify(src/mechax_rm_cv/src/ros2-mindvision-camera) by extension 'colcon_meta'
[0.462s] Level 1:colcon.colcon_core.package_identification:_identify(src/mechax_rm_cv/src/ros2-mindvision-camera) by extensions ['ros']
[0.462s] Level 1:colcon.colcon_core.package_identification:_identify(src/mechax_rm_cv/src/ros2-mindvision-camera) by extension 'ros'
[0.462s] DEBUG:colcon.colcon_core.package_identification:Package 'src/mechax_rm_cv/src/ros2-mindvision-camera' with type 'ros.ament_cmake' and name 'mindvision_camera'
[0.462s] Level 1:colcon.colcon_core.package_discovery:discover_packages(recursive) using defaults
[0.462s] Level 1:colcon.colcon_core.package_discovery:discover_packages(ignore) discover
[0.462s] Level 1:colcon.colcon_core.package_discovery:discover_packages(ignore) using defaults
[0.462s] Level 1:colcon.colcon_core.package_discovery:discover_packages(path) discover
[0.462s] Level 1:colcon.colcon_core.package_discovery:discover_packages(path) using defaults
[0.503s] Level 1:colcon.colcon_core.package_discovery:discover_packages(prefix_path) check parameters
[0.503s] Level 1:colcon.colcon_core.package_discovery:discover_packages(prefix_path) discover
[0.516s] DEBUG:colcon.colcon_installed_package_information.package_discovery:Found 340 installed packages in /opt/ros/humble
[0.517s] Level 1:colcon.colcon_core.package_discovery:discover_packages(prefix_path) using defaults
[0.562s] Level 5:colcon.colcon_core.verb:set package 'auto_aim_interfaces' build argument 'cmake_args' from command line to 'None'
[0.562s] Level 5:colcon.colcon_core.verb:set package 'auto_aim_interfaces' build argument 'cmake_target' from command line to 'None'
[0.562s] Level 5:colcon.colcon_core.verb:set package 'auto_aim_interfaces' build argument 'cmake_target_skip_unavailable' from command line to 'False'
[0.562s] Level 5:colcon.colcon_core.verb:set package 'auto_aim_interfaces' build argument 'cmake_clean_cache' from command line to 'False'
[0.562s] Level 5:colcon.colcon_core.verb:set package 'auto_aim_interfaces' build argument 'cmake_clean_first' from command line to 'False'
[0.562s] Level 5:colcon.colcon_core.verb:set package 'auto_aim_interfaces' build argument 'cmake_force_configure' from command line to 'False'
[0.562s] Level 5:colcon.colcon_core.verb:set package 'auto_aim_interfaces' build argument 'ament_cmake_args' from command line to 'None'
[0.562s] Level 5:colcon.colcon_core.verb:set package 'auto_aim_interfaces' build argument 'catkin_cmake_args' from command line to 'None'
[0.562s] Level 5:colcon.colcon_core.verb:set package 'auto_aim_interfaces' build argument 'catkin_skip_building_tests' from command line to 'False'
[0.562s] DEBUG:colcon.colcon_core.verb:Building package 'auto_aim_interfaces' with the following arguments: {'ament_cmake_args': None, 'build_base': '/home/mechax/ws_y/rm_ws/build/auto_aim_interfaces', 'catkin_cmake_args': None, 'catkin_skip_building_tests': False, 'cmake_args': None, 'cmake_clean_cache': False, 'cmake_clean_first': False, 'cmake_force_configure': False, 'cmake_target': None, 'cmake_target_skip_unavailable': False, 'install_base': '/home/mechax/ws_y/rm_ws/install/auto_aim_interfaces', 'merge_install': False, 'path': '/home/mechax/ws_y/rm_ws/src/mechax_rm_cv/src/rm_auto_aim/auto_aim_interfaces', 'symlink_install': True, 'test_result_base': None}
[0.567s] Level 5:colcon.colcon_core.verb:set package 'mindvision_camera' build argument 'cmake_args' from command line to 'None'
[0.567s] Level 5:colcon.colcon_core.verb:set package 'mindvision_camera' build argument 'cmake_target' from command line to 'None'
[0.567s] Level 5:colcon.colcon_core.verb:set package 'mindvision_camera' build argument 'cmake_target_skip_unavailable' from command line to 'False'
[0.567s] Level 5:colcon.colcon_core.verb:set package 'mindvision_camera' build argument 'cmake_clean_cache' from command line to 'False'
[0.567s] Level 5:colcon.colcon_core.verb:set package 'mindvision_camera' build argument 'cmake_clean_first' from command line to 'False'
[0.567s] Level 5:colcon.colcon_core.verb:set package 'mindvision_camera' build argument 'cmake_force_configure' from command line to 'False'
[0.567s] Level 5:colcon.colcon_core.verb:set package 'mindvision_camera' build argument 'ament_cmake_args' from command line to 'None'
[0.567s] Level 5:colcon.colcon_core.verb:set package 'mindvision_camera' build argument 'catkin_cmake_args' from command line to 'None'
[0.567s] Level 5:colcon.colcon_core.verb:set package 'mindvision_camera' build argument 'catkin_skip_building_tests' from command line to 'False'
[0.567s] DEBUG:colcon.colcon_core.verb:Building package 'mindvision_camera' with the following arguments: {'ament_cmake_args': None, 'build_base': '/home/mechax/ws_y/rm_ws/build/mindvision_camera', 'catkin_cmake_args': None, 'catkin_skip_building_tests': False, 'cmake_args': None, 'cmake_clean_cache': False, 'cmake_clean_first': False, 'cmake_force_configure': False, 'cmake_target': None, 'cmake_target_skip_unavailable': False, 'install_base': '/home/mechax/ws_y/rm_ws/install/mindvision_camera', 'merge_install': False, 'path': '/home/mechax/ws_y/rm_ws/src/mechax_rm_cv/src/ros2-mindvision-camera', 'symlink_install': True, 'test_result_base': None}
[0.573s] Level 5:colcon.colcon_core.verb:set package 'my_package' build argument 'cmake_args' from command line to 'None'
[0.573s] Level 5:colcon.colcon_core.verb:set package 'my_package' build argument 'cmake_target' from command line to 'None'
[0.573s] Level 5:colcon.colcon_core.verb:set package 'my_package' build argument 'cmake_target_skip_unavailable' from command line to 'False'
[0.573s] Level 5:colcon.colcon_core.verb:set package 'my_package' build argument 'cmake_clean_cache' from command line to 'False'
[0.573s] Level 5:colcon.colcon_core.verb:set package 'my_package' build argument 'cmake_clean_first' from command line to 'False'
[0.573s] Level 5:colcon.colcon_core.verb:set package 'my_package' build argument 'cmake_force_configure' from command line to 'False'
[0.573s] Level 5:colcon.colcon_core.verb:set package 'my_package' build argument 'ament_cmake_args' from command line to 'None'
[0.573s] Level 5:colcon.colcon_core.verb:set package 'my_package' build argument 'catkin_cmake_args' from command line to 'None'
[0.573s] Level 5:colcon.colcon_core.verb:set package 'my_package' build argument 'catkin_skip_building_tests' from command line to 'False'
[0.573s] DEBUG:colcon.colcon_core.verb:Building package 'my_package' with the following arguments: {'ament_cmake_args': None, 'build_base': '/home/mechax/ws_y/rm_ws/build/my_package', 'catkin_cmake_args': None, 'catkin_skip_building_tests': False, 'cmake_args': None, 'cmake_clean_cache': False, 'cmake_clean_first': False, 'cmake_force_configure': False, 'cmake_target': None, 'cmake_target_skip_unavailable': False, 'install_base': '/home/mechax/ws_y/rm_ws/install/my_package', 'merge_install': False, 'path': '/home/mechax/ws_y/rm_ws/src/mechax_rm_cv/src/my_package', 'symlink_install': True, 'test_result_base': None}
[0.579s] Level 5:colcon.colcon_core.verb:set package 'rm_gimbal_description' build argument 'cmake_args' from command line to 'None'
[0.579s] Level 5:colcon.colcon_core.verb:set package 'rm_gimbal_description' build argument 'cmake_target' from command line to 'None'
[0.579s] Level 5:colcon.colcon_core.verb:set package 'rm_gimbal_description' build argument 'cmake_target_skip_unavailable' from command line to 'False'
[0.579s] Level 5:colcon.colcon_core.verb:set package 'rm_gimbal_description' build argument 'cmake_clean_cache' from command line to 'False'
[0.579s] Level 5:colcon.colcon_core.verb:set package 'rm_gimbal_description' build argument 'cmake_clean_first' from command line to 'False'
[0.579s] Level 5:colcon.colcon_core.verb:set package 'rm_gimbal_description' build argument 'cmake_force_configure' from command line to 'False'
[0.579s] Level 5:colcon.colcon_core.verb:set package 'rm_gimbal_description' build argument 'ament_cmake_args' from command line to 'None'
[0.579s] Level 5:colcon.colcon_core.verb:set package 'rm_gimbal_description' build argument 'catkin_cmake_args' from command line to 'None'
[0.579s] Level 5:colcon.colcon_core.verb:set package 'rm_gimbal_description' build argument 'catkin_skip_building_tests' from command line to 'False'
[0.579s] DEBUG:colcon.colcon_core.verb:Building package 'rm_gimbal_description' with the following arguments: {'ament_cmake_args': None, 'build_base': '/home/mechax/ws_y/rm_ws/build/rm_gimbal_description', 'catkin_cmake_args': None, 'catkin_skip_building_tests': False, 'cmake_args': None, 'cmake_clean_cache': False, 'cmake_clean_first': False, 'cmake_force_configure': False, 'cmake_target': None, 'cmake_target_skip_unavailable': False, 'install_base': '/home/mechax/ws_y/rm_ws/install/rm_gimbal_description', 'merge_install': False, 'path': '/home/mechax/ws_y/rm_ws/src/mechax_rm_cv/src/rm_gimbal_description', 'symlink_install': True, 'test_result_base': None}
[0.584s] Level 5:colcon.colcon_core.verb:set package 'armor_detector' build argument 'cmake_args' from command line to 'None'
[0.584s] Level 5:colcon.colcon_core.verb:set package 'armor_detector' build argument 'cmake_target' from command line to 'None'
[0.584s] Level 5:colcon.colcon_core.verb:set package 'armor_detector' build argument 'cmake_target_skip_unavailable' from command line to 'False'
[0.584s] Level 5:colcon.colcon_core.verb:set package 'armor_detector' build argument 'cmake_clean_cache' from command line to 'False'
[0.584s] Level 5:colcon.colcon_core.verb:set package 'armor_detector' build argument 'cmake_clean_first' from command line to 'False'
[0.584s] Level 5:colcon.colcon_core.verb:set package 'armor_detector' build argument 'cmake_force_configure' from command line to 'False'
[0.584s] Level 5:colcon.colcon_core.verb:set package 'armor_detector' build argument 'ament_cmake_args' from command line to 'None'
[0.584s] Level 5:colcon.colcon_core.verb:set package 'armor_detector' build argument 'catkin_cmake_args' from command line to 'None'
[0.584s] Level 5:colcon.colcon_core.verb:set package 'armor_detector' build argument 'catkin_skip_building_tests' from command line to 'False'
[0.584s] DEBUG:colcon.colcon_core.verb:Building package 'armor_detector' with the following arguments: {'ament_cmake_args': None, 'build_base': '/home/mechax/ws_y/rm_ws/build/armor_detector', 'catkin_cmake_args': None, 'catkin_skip_building_tests': False, 'cmake_args': None, 'cmake_clean_cache': False, 'cmake_clean_first': False, 'cmake_force_configure': False, 'cmake_target': None, 'cmake_target_skip_unavailable': False, 'install_base': '/home/mechax/ws_y/rm_ws/install/armor_detector', 'merge_install': False, 'path': '/home/mechax/ws_y/rm_ws/src/mechax_rm_cv/src/rm_auto_aim/armor_detector', 'symlink_install': True, 'test_result_base': None}
[0.590s] Level 5:colcon.colcon_core.verb:set package 'armor_tracker' build argument 'cmake_args' from command line to 'None'
[0.590s] Level 5:colcon.colcon_core.verb:set package 'armor_tracker' build argument 'cmake_target' from command line to 'None'
[0.590s] Level 5:colcon.colcon_core.verb:set package 'armor_tracker' build argument 'cmake_target_skip_unavailable' from command line to 'False'
[0.590s] Level 5:colcon.colcon_core.verb:set package 'armor_tracker' build argument 'cmake_clean_cache' from command line to 'False'
[0.590s] Level 5:colcon.colcon_core.verb:set package 'armor_tracker' build argument 'cmake_clean_first' from command line to 'False'
[0.590s] Level 5:colcon.colcon_core.verb:set package 'armor_tracker' build argument 'cmake_force_configure' from command line to 'False'
[0.590s] Level 5:colcon.colcon_core.verb:set package 'armor_tracker' build argument 'ament_cmake_args' from command line to 'None'
[0.590s] Level 5:colcon.colcon_core.verb:set package 'armor_tracker' build argument 'catkin_cmake_args' from command line to 'None'
[0.590s] Level 5:colcon.colcon_core.verb:set package 'armor_tracker' build argument 'catkin_skip_building_tests' from command line to 'False'
[0.590s] DEBUG:colcon.colcon_core.verb:Building package 'armor_tracker' with the following arguments: {'ament_cmake_args': None, 'build_base': '/home/mechax/ws_y/rm_ws/build/armor_tracker', 'catkin_cmake_args': None, 'catkin_skip_building_tests': False, 'cmake_args': None, 'cmake_clean_cache': False, 'cmake_clean_first': False, 'cmake_force_configure': False, 'cmake_target': None, 'cmake_target_skip_unavailable': False, 'install_base': '/home/mechax/ws_y/rm_ws/install/armor_tracker', 'merge_install': False, 'path': '/home/mechax/ws_y/rm_ws/src/mechax_rm_cv/src/rm_auto_aim/armor_tracker', 'symlink_install': True, 'test_result_base': None}
[0.596s] Level 5:colcon.colcon_core.verb:set package 'rm_serial_driver' build argument 'cmake_args' from command line to 'None'
[0.596s] Level 5:colcon.colcon_core.verb:set package 'rm_serial_driver' build argument 'cmake_target' from command line to 'None'
[0.596s] Level 5:colcon.colcon_core.verb:set package 'rm_serial_driver' build argument 'cmake_target_skip_unavailable' from command line to 'False'
[0.596s] Level 5:colcon.colcon_core.verb:set package 'rm_serial_driver' build argument 'cmake_clean_cache' from command line to 'False'
[0.596s] Level 5:colcon.colcon_core.verb:set package 'rm_serial_driver' build argument 'cmake_clean_first' from command line to 'False'
[0.596s] Level 5:colcon.colcon_core.verb:set package 'rm_serial_driver' build argument 'cmake_force_configure' from command line to 'False'
[0.596s] Level 5:colcon.colcon_core.verb:set package 'rm_serial_driver' build argument 'ament_cmake_args' from command line to 'None'
[0.596s] Level 5:colcon.colcon_core.verb:set package 'rm_serial_driver' build argument 'catkin_cmake_args' from command line to 'None'
[0.596s] Level 5:colcon.colcon_core.verb:set package 'rm_serial_driver' build argument 'catkin_skip_building_tests' from command line to 'False'
[0.596s] DEBUG:colcon.colcon_core.verb:Building package 'rm_serial_driver' with the following arguments: {'ament_cmake_args': None, 'build_base': '/home/mechax/ws_y/rm_ws/build/rm_serial_driver', 'catkin_cmake_args': None, 'catkin_skip_building_tests': False, 'cmake_args': None, 'cmake_clean_cache': False, 'cmake_clean_first': False, 'cmake_force_configure': False, 'cmake_target': None, 'cmake_target_skip_unavailable': False, 'install_base': '/home/mechax/ws_y/rm_ws/install/rm_serial_driver', 'merge_install': False, 'path': '/home/mechax/ws_y/rm_ws/src/mechax_rm_cv/src/rm_serial_driver', 'symlink_install': True, 'test_result_base': None}
[0.601s] Level 5:colcon.colcon_core.verb:set package 'rm_auto_aim' build argument 'cmake_args' from command line to 'None'
[0.601s] Level 5:colcon.colcon_core.verb:set package 'rm_auto_aim' build argument 'cmake_target' from command line to 'None'
[0.601s] Level 5:colcon.colcon_core.verb:set package 'rm_auto_aim' build argument 'cmake_target_skip_unavailable' from command line to 'False'
[0.601s] Level 5:colcon.colcon_core.verb:set package 'rm_auto_aim' build argument 'cmake_clean_cache' from command line to 'False'
[0.601s] Level 5:colcon.colcon_core.verb:set package 'rm_auto_aim' build argument 'cmake_clean_first' from command line to 'False'
[0.601s] Level 5:colcon.colcon_core.verb:set package 'rm_auto_aim' build argument 'cmake_force_configure' from command line to 'False'
[0.601s] Level 5:colcon.colcon_core.verb:set package 'rm_auto_aim' build argument 'ament_cmake_args' from command line to 'None'
[0.601s] Level 5:colcon.colcon_core.verb:set package 'rm_auto_aim' build argument 'catkin_cmake_args' from command line to 'None'
[0.602s] Level 5:colcon.colcon_core.verb:set package 'rm_auto_aim' build argument 'catkin_skip_building_tests' from command line to 'False'
[0.602s] DEBUG:colcon.colcon_core.verb:Building package 'rm_auto_aim' with the following arguments: {'ament_cmake_args': None, 'build_base': '/home/mechax/ws_y/rm_ws/build/rm_auto_aim', 'catkin_cmake_args': None, 'catkin_skip_building_tests': False, 'cmake_args': None, 'cmake_clean_cache': False, 'cmake_clean_first': False, 'cmake_force_configure': False, 'cmake_target': None, 'cmake_target_skip_unavailable': False, 'install_base': '/home/mechax/ws_y/rm_ws/install/rm_auto_aim', 'merge_install': False, 'path': '/home/mechax/ws_y/rm_ws/src/mechax_rm_cv/src/rm_auto_aim/rm_auto_aim', 'symlink_install': True, 'test_result_base': None}
[0.607s] Level 5:colcon.colcon_core.verb:set package 'rm_vision_bringup' build argument 'cmake_args' from command line to 'None'
[0.607s] Level 5:colcon.colcon_core.verb:set package 'rm_vision_bringup' build argument 'cmake_target' from command line to 'None'
[0.607s] Level 5:colcon.colcon_core.verb:set package 'rm_vision_bringup' build argument 'cmake_target_skip_unavailable' from command line to 'False'
[0.607s] Level 5:colcon.colcon_core.verb:set package 'rm_vision_bringup' build argument 'cmake_clean_cache' from command line to 'False'
[0.607s] Level 5:colcon.colcon_core.verb:set package 'rm_vision_bringup' build argument 'cmake_clean_first' from command line to 'False'
[0.607s] Level 5:colcon.colcon_core.verb:set package 'rm_vision_bringup' build argument 'cmake_force_configure' from command line to 'False'
[0.607s] Level 5:colcon.colcon_core.verb:set package 'rm_vision_bringup' build argument 'ament_cmake_args' from command line to 'None'
[0.607s] Level 5:colcon.colcon_core.verb:set package 'rm_vision_bringup' build argument 'catkin_cmake_args' from command line to 'None'
[0.607s] Level 5:colcon.colcon_core.verb:set package 'rm_vision_bringup' build argument 'catkin_skip_building_tests' from command line to 'False'
[0.607s] DEBUG:colcon.colcon_core.verb:Building package 'rm_vision_bringup' with the following arguments: {'ament_cmake_args': None, 'build_base': '/home/mechax/ws_y/rm_ws/build/rm_vision_bringup', 'catkin_cmake_args': None, 'catkin_skip_building_tests': False, 'cmake_args': None, 'cmake_clean_cache': False, 'cmake_clean_first': False, 'cmake_force_configure': False, 'cmake_target': None, 'cmake_target_skip_unavailable': False, 'install_base': '/home/mechax/ws_y/rm_ws/install/rm_vision_bringup', 'merge_install': False, 'path': '/home/mechax/ws_y/rm_ws/src/mechax_rm_cv/src/rm_vision/rm_vision_bringup', 'symlink_install': True, 'test_result_base': None}
[0.613s] INFO:colcon.colcon_core.executor:Executing jobs using 'parallel' executor
[0.619s] DEBUG:colcon.colcon_parallel_executor.executor.parallel:run_until_complete
[0.619s] INFO:colcon.colcon_ros.task.ament_cmake.build:Building ROS package in '/home/mechax/ws_y/rm_ws/src/mechax_rm_cv/src/rm_auto_aim/auto_aim_interfaces' with build type 'ament_cmake'
[0.619s] INFO:colcon.colcon_cmake.task.cmake.build:Building CMake package in '/home/mechax/ws_y/rm_ws/src/mechax_rm_cv/src/rm_auto_aim/auto_aim_interfaces'
[0.627s] INFO:colcon.colcon_core.plugin_system:Skipping extension 'colcon_core.shell.bat': Not used on non-Windows systems
[0.627s] INFO:colcon.colcon_core.shell:Skip shell extension 'powershell' for command environment: Not usable outside of PowerShell
[0.627s] DEBUG:colcon.colcon_core.shell:Skip shell extension 'dsv' for command environment
[0.644s] INFO:colcon.colcon_ros.task.ament_cmake.build:Building ROS package in '/home/mechax/ws_y/rm_ws/src/mechax_rm_cv/src/ros2-mindvision-camera' with build type 'ament_cmake'
[0.645s] INFO:colcon.colcon_cmake.task.cmake.build:Building CMake package in '/home/mechax/ws_y/rm_ws/src/mechax_rm_cv/src/ros2-mindvision-camera'
[0.651s] INFO:colcon.colcon_core.shell:Skip shell extension 'powershell' for command environment: Not usable outside of PowerShell
[0.651s] DEBUG:colcon.colcon_core.shell:Skip shell extension 'dsv' for command environment
[0.663s] INFO:colcon.colcon_ros.task.ament_python.build:Building ROS package in '/home/mechax/ws_y/rm_ws/src/mechax_rm_cv/src/my_package' with build type 'ament_python'
[0.663s] Level 1:colcon.colcon_core.shell:create_environment_hook('my_package', 'ament_prefix_path')
[0.669s] INFO:colcon.colcon_core.shell:Creating environment hook '/home/mechax/ws_y/rm_ws/install/my_package/share/my_package/hook/ament_prefix_path.ps1'
[0.669s] INFO:colcon.colcon_core.shell:Creating environment descriptor '/home/mechax/ws_y/rm_ws/install/my_package/share/my_package/hook/ament_prefix_path.dsv'
[0.670s] INFO:colcon.colcon_core.shell:Creating environment hook '/home/mechax/ws_y/rm_ws/install/my_package/share/my_package/hook/ament_prefix_path.sh'
[0.676s] INFO:colcon.colcon_core.shell:Skip shell extension 'powershell' for command environment: Not usable outside of PowerShell
[0.676s] DEBUG:colcon.colcon_core.shell:Skip shell extension 'dsv' for command environment
[0.698s] INFO:colcon.colcon_ros.task.ament_cmake.build:Building ROS package in '/home/mechax/ws_y/rm_ws/src/mechax_rm_cv/src/rm_gimbal_description' with build type 'ament_cmake'
[0.698s] INFO:colcon.colcon_cmake.task.cmake.build:Building CMake package in '/home/mechax/ws_y/rm_ws/src/mechax_rm_cv/src/rm_gimbal_description'
[0.704s] INFO:colcon.colcon_core.shell:Skip shell extension 'powershell' for command environment: Not usable outside of PowerShell
[0.704s] DEBUG:colcon.colcon_core.shell:Skip shell extension 'dsv' for command environment
[0.721s] DEBUG:colcon.colcon_core.event_handler.log_command:Invoking command in '/home/mechax/ws_y/rm_ws/build/auto_aim_interfaces': CMAKE_PREFIX_PATH=/opt/ros/humble /usr/bin/cmake /home/mechax/ws_y/rm_ws/src/mechax_rm_cv/src/rm_auto_aim/auto_aim_interfaces -DAMENT_CMAKE_SYMLINK_INSTALL=1 -DCMAKE_INSTALL_PREFIX=/home/mechax/ws_y/rm_ws/install/auto_aim_interfaces
[0.721s] DEBUG:colcon.colcon_core.event_handler.log_command:Invoking command in '/home/mechax/ws_y/rm_ws/build/mindvision_camera': CMAKE_PREFIX_PATH=/opt/ros/humble /usr/bin/cmake /home/mechax/ws_y/rm_ws/src/mechax_rm_cv/src/ros2-mindvision-camera -DAMENT_CMAKE_SYMLINK_INSTALL=1 -DCMAKE_INSTALL_PREFIX=/home/mechax/ws_y/rm_ws/install/mindvision_camera
[0.854s] INFO:colcon.colcon_core.task.python.build:Building Python package in '/home/mechax/ws_y/rm_ws/src/mechax_rm_cv/src/my_package'
[0.864s] INFO:colcon.colcon_core.shell:Skip shell extension 'powershell' for command environment: Not usable outside of PowerShell
[0.864s] DEBUG:colcon.colcon_core.shell:Skip shell extension 'dsv' for command environment
[0.883s] DEBUG:colcon.colcon_core.event_handler.log_command:Invoking command in '/home/mechax/ws_y/rm_ws/build/rm_gimbal_description': CMAKE_PREFIX_PATH=/opt/ros/humble /usr/bin/cmake /home/mechax/ws_y/rm_ws/src/mechax_rm_cv/src/rm_gimbal_description -DAMENT_CMAKE_SYMLINK_INSTALL=1 -DCMAKE_INSTALL_PREFIX=/home/mechax/ws_y/rm_ws/install/rm_gimbal_description
[1.098s] DEBUG:colcon.colcon_core.event_handler.log_command:Invoking command in '/home/mechax/ws_y/rm_ws/build/my_package': PYTHONPATH=/home/mechax/ws_y/rm_ws/build/my_package/prefix_override:/home/mechax/ws_y/rm_ws/install/my_package/lib/python3.10/site-packages:${PYTHONPATH} /usr/bin/python3 setup.py develop --editable --build-directory /home/mechax/ws_y/rm_ws/build/my_package/build --no-deps install_data
[1.267s] DEBUG:colcon.colcon_core.event_handler.log_command:Invoked command in '/home/mechax/ws_y/rm_ws/build/rm_gimbal_description' returned '0': CMAKE_PREFIX_PATH=/opt/ros/humble /usr/bin/cmake /home/mechax/ws_y/rm_ws/src/mechax_rm_cv/src/rm_gimbal_description -DAMENT_CMAKE_SYMLINK_INSTALL=1 -DCMAKE_INSTALL_PREFIX=/home/mechax/ws_y/rm_ws/install/rm_gimbal_description
[1.268s] DEBUG:colcon.colcon_core.event_handler.log_command:Invoking command in '/home/mechax/ws_y/rm_ws/build/rm_gimbal_description': CMAKE_PREFIX_PATH=/opt/ros/humble /usr/bin/cmake --build /home/mechax/ws_y/rm_ws/build/rm_gimbal_description -- -j16 -l16
[1.290s] DEBUG:colcon.colcon_core.event_handler.log_command:Invoked command in '/home/mechax/ws_y/rm_ws/build/rm_gimbal_description' returned '0': CMAKE_PREFIX_PATH=/opt/ros/humble /usr/bin/cmake --build /home/mechax/ws_y/rm_ws/build/rm_gimbal_description -- -j16 -l16
[1.308s] DEBUG:colcon.colcon_core.event_handler.log_command:Invoking command in '/home/mechax/ws_y/rm_ws/build/rm_gimbal_description': CMAKE_PREFIX_PATH=/opt/ros/humble /usr/bin/cmake --install /home/mechax/ws_y/rm_ws/build/rm_gimbal_description
[1.359s] Level 1:colcon.colcon_core.shell:create_environment_hook('my_package', 'pythonpath_develop')
[1.359s] DEBUG:colcon.colcon_core.event_handler.log_command:Invoked command in '/home/mechax/ws_y/rm_ws/build/my_package' returned '0': PYTHONPATH=/home/mechax/ws_y/rm_ws/build/my_package/prefix_override:/home/mechax/ws_y/rm_ws/install/my_package/lib/python3.10/site-packages:${PYTHONPATH} /usr/bin/python3 setup.py develop --editable --build-directory /home/mechax/ws_y/rm_ws/build/my_package/build --no-deps install_data
[1.370s] INFO:colcon.colcon_core.shell:Creating environment hook '/home/mechax/ws_y/rm_ws/build/my_package/share/my_package/hook/pythonpath_develop.ps1'
[1.370s] INFO:colcon.colcon_core.shell:Creating environment descriptor '/home/mechax/ws_y/rm_ws/build/my_package/share/my_package/hook/pythonpath_develop.dsv'
[1.370s] INFO:colcon.colcon_core.shell:Creating environment hook '/home/mechax/ws_y/rm_ws/build/my_package/share/my_package/hook/pythonpath_develop.sh'
[1.380s] Level 1:colcon.colcon_core.environment:checking '/home/mechax/ws_y/rm_ws/install/my_package' for CMake module files
[1.381s] Level 1:colcon.colcon_core.environment:checking '/home/mechax/ws_y/rm_ws/install/my_package' for CMake config files
[1.381s] Level 1:colcon.colcon_core.environment:checking '/home/mechax/ws_y/rm_ws/install/my_package/lib'
[1.381s] Level 1:colcon.colcon_core.environment:checking '/home/mechax/ws_y/rm_ws/install/my_package/bin'
[1.382s] Level 1:colcon.colcon_core.environment:checking '/home/mechax/ws_y/rm_ws/install/my_package/lib/pkgconfig/my_package.pc'
[1.382s] Level 1:colcon.colcon_core.environment:checking '/home/mechax/ws_y/rm_ws/install/my_package/lib/python3.10/site-packages'
[1.382s] Level 1:colcon.colcon_core.shell:create_environment_hook('my_package', 'pythonpath')
[1.389s] INFO:colcon.colcon_core.shell:Creating environment hook '/home/mechax/ws_y/rm_ws/install/my_package/share/my_package/hook/pythonpath.ps1'
[1.390s] INFO:colcon.colcon_core.shell:Creating environment descriptor '/home/mechax/ws_y/rm_ws/install/my_package/share/my_package/hook/pythonpath.dsv'
[1.390s] INFO:colcon.colcon_core.shell:Creating environment hook '/home/mechax/ws_y/rm_ws/install/my_package/share/my_package/hook/pythonpath.sh'
[1.390s] Level 1:colcon.colcon_core.environment:checking '/home/mechax/ws_y/rm_ws/install/my_package/bin'
[1.390s] Level 1:colcon.colcon_core.environment:create_environment_scripts_only(my_package)
[1.396s] INFO:colcon.colcon_core.shell:Creating package script '/home/mechax/ws_y/rm_ws/install/my_package/share/my_package/package.ps1'
[1.397s] INFO:colcon.colcon_core.shell:Creating package descriptor '/home/mechax/ws_y/rm_ws/install/my_package/share/my_package/package.dsv'
[1.398s] INFO:colcon.colcon_core.shell:Creating package script '/home/mechax/ws_y/rm_ws/install/my_package/share/my_package/package.sh'
[1.398s] INFO:colcon.colcon_core.shell:Creating package script '/home/mechax/ws_y/rm_ws/install/my_package/share/my_package/package.bash'
[1.398s] INFO:colcon.colcon_core.shell:Creating package script '/home/mechax/ws_y/rm_ws/install/my_package/share/my_package/package.zsh'
[1.399s] Level 1:colcon.colcon_core.environment:create_file_with_runtime_dependencies(/home/mechax/ws_y/rm_ws/install/my_package/share/colcon-core/packages/my_package)
[1.403s] Level 1:colcon.colcon_core.environment:create_environment_scripts_only(rm_gimbal_description)
[1.404s] DEBUG:colcon.colcon_core.event_handler.log_command:Invoked command in '/home/mechax/ws_y/rm_ws/build/rm_gimbal_description' returned '0': CMAKE_PREFIX_PATH=/opt/ros/humble /usr/bin/cmake --install /home/mechax/ws_y/rm_ws/build/rm_gimbal_description
[1.411s] Level 1:colcon.colcon_core.environment:checking '/home/mechax/ws_y/rm_ws/install/rm_gimbal_description' for CMake module files
[1.411s] Level 1:colcon.colcon_core.environment:checking '/home/mechax/ws_y/rm_ws/install/rm_gimbal_description' for CMake config files
[1.411s] Level 1:colcon.colcon_core.shell:create_environment_hook('rm_gimbal_description', 'cmake_prefix_path')
[1.417s] INFO:colcon.colcon_core.shell:Creating environment hook '/home/mechax/ws_y/rm_ws/install/rm_gimbal_description/share/rm_gimbal_description/hook/cmake_prefix_path.ps1'
[1.417s] INFO:colcon.colcon_core.shell:Creating environment descriptor '/home/mechax/ws_y/rm_ws/install/rm_gimbal_description/share/rm_gimbal_description/hook/cmake_prefix_path.dsv'
[1.417s] INFO:colcon.colcon_core.shell:Creating environment hook '/home/mechax/ws_y/rm_ws/install/rm_gimbal_description/share/rm_gimbal_description/hook/cmake_prefix_path.sh'
[1.418s] Level 1:colcon.colcon_core.environment:checking '/home/mechax/ws_y/rm_ws/install/rm_gimbal_description/bin'
[1.418s] Level 1:colcon.colcon_core.environment:checking '/home/mechax/ws_y/rm_ws/install/rm_gimbal_description/lib/pkgconfig/rm_gimbal_description.pc'
[1.418s] Level 1:colcon.colcon_core.environment:checking '/home/mechax/ws_y/rm_ws/install/rm_gimbal_description/lib/python3.10/site-packages'
[1.418s] Level 1:colcon.colcon_core.environment:checking '/home/mechax/ws_y/rm_ws/install/rm_gimbal_description/bin'
[1.424s] INFO:colcon.colcon_core.shell:Creating package script '/home/mechax/ws_y/rm_ws/install/rm_gimbal_description/share/rm_gimbal_description/package.ps1'
[1.425s] INFO:colcon.colcon_core.shell:Creating package descriptor '/home/mechax/ws_y/rm_ws/install/rm_gimbal_description/share/rm_gimbal_description/package.dsv'
[1.425s] INFO:colcon.colcon_core.shell:Creating package script '/home/mechax/ws_y/rm_ws/install/rm_gimbal_description/share/rm_gimbal_description/package.sh'
[1.425s] INFO:colcon.colcon_core.shell:Creating package script '/home/mechax/ws_y/rm_ws/install/rm_gimbal_description/share/rm_gimbal_description/package.bash'
[1.425s] INFO:colcon.colcon_core.shell:Creating package script '/home/mechax/ws_y/rm_ws/install/rm_gimbal_description/share/rm_gimbal_description/package.zsh'
[1.425s] Level 1:colcon.colcon_core.environment:create_file_with_runtime_dependencies(/home/mechax/ws_y/rm_ws/install/rm_gimbal_description/share/colcon-core/packages/rm_gimbal_description)
[1.443s] Level 1:colcon.colcon_core.environment:create_environment_scripts_only(rm_gimbal_description)
[1.449s] Level 1:colcon.colcon_core.environment:checking '/home/mechax/ws_y/rm_ws/install/rm_gimbal_description' for CMake module files
[1.450s] Level 1:colcon.colcon_core.environment:checking '/home/mechax/ws_y/rm_ws/install/rm_gimbal_description' for CMake config files
[1.450s] Level 1:colcon.colcon_core.shell:create_environment_hook('rm_gimbal_description', 'cmake_prefix_path')
[1.456s] INFO:colcon.colcon_core.shell:Creating environment hook '/home/mechax/ws_y/rm_ws/install/rm_gimbal_description/share/rm_gimbal_description/hook/cmake_prefix_path.ps1'
[1.456s] INFO:colcon.colcon_core.shell:Creating environment descriptor '/home/mechax/ws_y/rm_ws/install/rm_gimbal_description/share/rm_gimbal_description/hook/cmake_prefix_path.dsv'
[1.456s] INFO:colcon.colcon_core.shell:Creating environment hook '/home/mechax/ws_y/rm_ws/install/rm_gimbal_description/share/rm_gimbal_description/hook/cmake_prefix_path.sh'
[1.457s] Level 1:colcon.colcon_core.environment:checking '/home/mechax/ws_y/rm_ws/install/rm_gimbal_description/bin'
[1.457s] Level 1:colcon.colcon_core.environment:checking '/home/mechax/ws_y/rm_ws/install/rm_gimbal_description/lib/pkgconfig/rm_gimbal_description.pc'
[1.457s] Level 1:colcon.colcon_core.environment:checking '/home/mechax/ws_y/rm_ws/install/rm_gimbal_description/lib/python3.10/site-packages'
[1.457s] Level 1:colcon.colcon_core.environment:checking '/home/mechax/ws_y/rm_ws/install/rm_gimbal_description/bin'
[1.463s] INFO:colcon.colcon_core.shell:Creating package script '/home/mechax/ws_y/rm_ws/install/rm_gimbal_description/share/rm_gimbal_description/package.ps1'
[1.463s] INFO:colcon.colcon_core.shell:Creating package descriptor '/home/mechax/ws_y/rm_ws/install/rm_gimbal_description/share/rm_gimbal_description/package.dsv'
[1.464s] INFO:colcon.colcon_core.shell:Creating package script '/home/mechax/ws_y/rm_ws/install/rm_gimbal_description/share/rm_gimbal_description/package.sh'
[1.464s] INFO:colcon.colcon_core.shell:Creating package script '/home/mechax/ws_y/rm_ws/install/rm_gimbal_description/share/rm_gimbal_description/package.bash'
[1.464s] INFO:colcon.colcon_core.shell:Creating package script '/home/mechax/ws_y/rm_ws/install/rm_gimbal_description/share/rm_gimbal_description/package.zsh'
[1.464s] Level 1:colcon.colcon_core.environment:create_file_with_runtime_dependencies(/home/mechax/ws_y/rm_ws/install/rm_gimbal_description/share/colcon-core/packages/rm_gimbal_description)
[1.666s] DEBUG:colcon.colcon_core.event_handler.log_command:Invoked command in '/home/mechax/ws_y/rm_ws/build/mindvision_camera' returned '0': CMAKE_PREFIX_PATH=/opt/ros/humble /usr/bin/cmake /home/mechax/ws_y/rm_ws/src/mechax_rm_cv/src/ros2-mindvision-camera -DAMENT_CMAKE_SYMLINK_INSTALL=1 -DCMAKE_INSTALL_PREFIX=/home/mechax/ws_y/rm_ws/install/mindvision_camera
[1.666s] DEBUG:colcon.colcon_core.event_handler.log_command:Invoking command in '/home/mechax/ws_y/rm_ws/build/mindvision_camera': CMAKE_PREFIX_PATH=/opt/ros/humble /usr/bin/cmake --build /home/mechax/ws_y/rm_ws/build/mindvision_camera -- -j16 -l16
[1.799s] DEBUG:colcon.colcon_core.event_handler.log_command:Invoked command in '/home/mechax/ws_y/rm_ws/build/auto_aim_interfaces' returned '0': CMAKE_PREFIX_PATH=/opt/ros/humble /usr/bin/cmake /home/mechax/ws_y/rm_ws/src/mechax_rm_cv/src/rm_auto_aim/auto_aim_interfaces -DAMENT_CMAKE_SYMLINK_INSTALL=1 -DCMAKE_INSTALL_PREFIX=/home/mechax/ws_y/rm_ws/install/auto_aim_interfaces
[1.800s] DEBUG:colcon.colcon_core.event_handler.log_command:Invoking command in '/home/mechax/ws_y/rm_ws/build/auto_aim_interfaces': CMAKE_PREFIX_PATH=/opt/ros/humble /usr/bin/cmake --build /home/mechax/ws_y/rm_ws/build/auto_aim_interfaces -- -j16 -l16
[4.676s] DEBUG:colcon.colcon_core.event_handler.log_command:Invoked command in '/home/mechax/ws_y/rm_ws/build/mindvision_camera' returned '0': CMAKE_PREFIX_PATH=/opt/ros/humble /usr/bin/cmake --build /home/mechax/ws_y/rm_ws/build/mindvision_camera -- -j16 -l16
[4.694s] DEBUG:colcon.colcon_core.event_handler.log_command:Invoking command in '/home/mechax/ws_y/rm_ws/build/mindvision_camera': CMAKE_PREFIX_PATH=/opt/ros/humble /usr/bin/cmake --install /home/mechax/ws_y/rm_ws/build/mindvision_camera
[4.702s] DEBUG:colcon.colcon_core.event_handler.log_command:Invoked command in '/home/mechax/ws_y/rm_ws/build/auto_aim_interfaces' returned '0': CMAKE_PREFIX_PATH=/opt/ros/humble /usr/bin/cmake --build /home/mechax/ws_y/rm_ws/build/auto_aim_interfaces -- -j16 -l16
[4.790s] DEBUG:colcon.colcon_core.event_handler.log_command:Invoking command in '/home/mechax/ws_y/rm_ws/build/auto_aim_interfaces': CMAKE_PREFIX_PATH=/opt/ros/humble /usr/bin/cmake --install /home/mechax/ws_y/rm_ws/build/auto_aim_interfaces
[4.822s] Level 1:colcon.colcon_core.environment:create_environment_scripts_only(mindvision_camera)
[4.823s] DEBUG:colcon.colcon_core.event_handler.log_command:Invoked command in '/home/mechax/ws_y/rm_ws/build/mindvision_camera' returned '0': CMAKE_PREFIX_PATH=/opt/ros/humble /usr/bin/cmake --install /home/mechax/ws_y/rm_ws/build/mindvision_camera
[4.832s] Level 1:colcon.colcon_core.environment:checking '/home/mechax/ws_y/rm_ws/install/mindvision_camera' for CMake module files
[4.833s] Level 1:colcon.colcon_core.environment:checking '/home/mechax/ws_y/rm_ws/install/mindvision_camera' for CMake config files
[4.833s] Level 1:colcon.colcon_core.shell:create_environment_hook('mindvision_camera', 'cmake_prefix_path')
[4.839s] INFO:colcon.colcon_core.shell:Creating environment hook '/home/mechax/ws_y/rm_ws/install/mindvision_camera/share/mindvision_camera/hook/cmake_prefix_path.ps1'
[4.839s] INFO:colcon.colcon_core.shell:Creating environment descriptor '/home/mechax/ws_y/rm_ws/install/mindvision_camera/share/mindvision_camera/hook/cmake_prefix_path.dsv'
[4.839s] INFO:colcon.colcon_core.shell:Creating environment hook '/home/mechax/ws_y/rm_ws/install/mindvision_camera/share/mindvision_camera/hook/cmake_prefix_path.sh'
[4.840s] Level 1:colcon.colcon_core.environment:checking '/home/mechax/ws_y/rm_ws/install/mindvision_camera/lib'
[4.840s] Level 1:colcon.colcon_core.shell:create_environment_hook('mindvision_camera', 'ld_library_path_lib')
[4.846s] INFO:colcon.colcon_core.shell:Creating environment hook '/home/mechax/ws_y/rm_ws/install/mindvision_camera/share/mindvision_camera/hook/ld_library_path_lib.ps1'
[4.846s] INFO:colcon.colcon_core.shell:Creating environment descriptor '/home/mechax/ws_y/rm_ws/install/mindvision_camera/share/mindvision_camera/hook/ld_library_path_lib.dsv'
[4.847s] INFO:colcon.colcon_core.shell:Creating environment hook '/home/mechax/ws_y/rm_ws/install/mindvision_camera/share/mindvision_camera/hook/ld_library_path_lib.sh'
[4.847s] Level 1:colcon.colcon_core.environment:checking '/home/mechax/ws_y/rm_ws/install/mindvision_camera/bin'
[4.847s] Level 1:colcon.colcon_core.environment:checking '/home/mechax/ws_y/rm_ws/install/mindvision_camera/lib/pkgconfig/mindvision_camera.pc'
[4.847s] Level 1:colcon.colcon_core.environment:checking '/home/mechax/ws_y/rm_ws/install/mindvision_camera/lib/python3.10/site-packages'
[4.847s] Level 1:colcon.colcon_core.environment:checking '/home/mechax/ws_y/rm_ws/install/mindvision_camera/bin'
[4.854s] INFO:colcon.colcon_core.shell:Creating package script '/home/mechax/ws_y/rm_ws/install/mindvision_camera/share/mindvision_camera/package.ps1'
[4.854s] INFO:colcon.colcon_core.shell:Creating package descriptor '/home/mechax/ws_y/rm_ws/install/mindvision_camera/share/mindvision_camera/package.dsv'
[4.854s] INFO:colcon.colcon_core.shell:Creating package script '/home/mechax/ws_y/rm_ws/install/mindvision_camera/share/mindvision_camera/package.sh'
[4.854s] INFO:colcon.colcon_core.shell:Creating package script '/home/mechax/ws_y/rm_ws/install/mindvision_camera/share/mindvision_camera/package.bash'
[4.854s] INFO:colcon.colcon_core.shell:Creating package script '/home/mechax/ws_y/rm_ws/install/mindvision_camera/share/mindvision_camera/package.zsh'
[4.855s] Level 1:colcon.colcon_core.environment:create_file_with_runtime_dependencies(/home/mechax/ws_y/rm_ws/install/mindvision_camera/share/colcon-core/packages/mindvision_camera)
[4.876s] Level 1:colcon.colcon_core.environment:create_environment_scripts_only(mindvision_camera)
[4.882s] Level 1:colcon.colcon_core.environment:checking '/home/mechax/ws_y/rm_ws/install/mindvision_camera' for CMake module files
[4.883s] Level 1:colcon.colcon_core.environment:checking '/home/mechax/ws_y/rm_ws/install/mindvision_camera' for CMake config files
[4.883s] Level 1:colcon.colcon_core.shell:create_environment_hook('mindvision_camera', 'cmake_prefix_path')
[4.889s] INFO:colcon.colcon_core.shell:Creating environment hook '/home/mechax/ws_y/rm_ws/install/mindvision_camera/share/mindvision_camera/hook/cmake_prefix_path.ps1'
[4.890s] INFO:colcon.colcon_core.shell:Creating environment descriptor '/home/mechax/ws_y/rm_ws/install/mindvision_camera/share/mindvision_camera/hook/cmake_prefix_path.dsv'
[4.890s] INFO:colcon.colcon_core.shell:Creating environment hook '/home/mechax/ws_y/rm_ws/install/mindvision_camera/share/mindvision_camera/hook/cmake_prefix_path.sh'
[4.890s] Level 1:colcon.colcon_core.environment:checking '/home/mechax/ws_y/rm_ws/install/mindvision_camera/lib'
[4.890s] Level 1:colcon.colcon_core.shell:create_environment_hook('mindvision_camera', 'ld_library_path_lib')
[4.897s] INFO:colcon.colcon_core.shell:Creating environment hook '/home/mechax/ws_y/rm_ws/install/mindvision_camera/share/mindvision_camera/hook/ld_library_path_lib.ps1'
[4.897s] INFO:colcon.colcon_core.shell:Creating environment descriptor '/home/mechax/ws_y/rm_ws/install/mindvision_camera/share/mindvision_camera/hook/ld_library_path_lib.dsv'
[4.897s] INFO:colcon.colcon_core.shell:Creating environment hook '/home/mechax/ws_y/rm_ws/install/mindvision_camera/share/mindvision_camera/hook/ld_library_path_lib.sh'
[4.897s] Level 1:colcon.colcon_core.environment:checking '/home/mechax/ws_y/rm_ws/install/mindvision_camera/bin'
[4.897s] Level 1:colcon.colcon_core.environment:checking '/home/mechax/ws_y/rm_ws/install/mindvision_camera/lib/pkgconfig/mindvision_camera.pc'
[4.897s] Level 1:colcon.colcon_core.environment:checking '/home/mechax/ws_y/rm_ws/install/mindvision_camera/lib/python3.10/site-packages'
[4.898s] Level 1:colcon.colcon_core.environment:checking '/home/mechax/ws_y/rm_ws/install/mindvision_camera/bin'
[4.904s] INFO:colcon.colcon_core.shell:Creating package script '/home/mechax/ws_y/rm_ws/install/mindvision_camera/share/mindvision_camera/package.ps1'
[4.904s] INFO:colcon.colcon_core.shell:Creating package descriptor '/home/mechax/ws_y/rm_ws/install/mindvision_camera/share/mindvision_camera/package.dsv'
[4.905s] INFO:colcon.colcon_core.shell:Creating package script '/home/mechax/ws_y/rm_ws/install/mindvision_camera/share/mindvision_camera/package.sh'
[4.905s] INFO:colcon.colcon_core.shell:Creating package script '/home/mechax/ws_y/rm_ws/install/mindvision_camera/share/mindvision_camera/package.bash'
[4.905s] INFO:colcon.colcon_core.shell:Creating package script '/home/mechax/ws_y/rm_ws/install/mindvision_camera/share/mindvision_camera/package.zsh'
[4.905s] Level 1:colcon.colcon_core.environment:create_file_with_runtime_dependencies(/home/mechax/ws_y/rm_ws/install/mindvision_camera/share/colcon-core/packages/mindvision_camera)
[5.655s] Level 1:colcon.colcon_core.environment:create_environment_scripts_only(auto_aim_interfaces)
[5.655s] DEBUG:colcon.colcon_core.event_handler.log_command:Invoked command in '/home/mechax/ws_y/rm_ws/build/auto_aim_interfaces' returned '0': CMAKE_PREFIX_PATH=/opt/ros/humble /usr/bin/cmake --install /home/mechax/ws_y/rm_ws/build/auto_aim_interfaces
[5.661s] Level 1:colcon.colcon_core.environment:checking '/home/mechax/ws_y/rm_ws/install/auto_aim_interfaces' for CMake module files
[5.662s] Level 1:colcon.colcon_core.environment:checking '/home/mechax/ws_y/rm_ws/install/auto_aim_interfaces' for CMake config files
[5.662s] Level 1:colcon.colcon_core.shell:create_environment_hook('auto_aim_interfaces', 'cmake_prefix_path')
[5.668s] INFO:colcon.colcon_core.shell:Creating environment hook '/home/mechax/ws_y/rm_ws/install/auto_aim_interfaces/share/auto_aim_interfaces/hook/cmake_prefix_path.ps1'
[5.668s] INFO:colcon.colcon_core.shell:Creating environment descriptor '/home/mechax/ws_y/rm_ws/install/auto_aim_interfaces/share/auto_aim_interfaces/hook/cmake_prefix_path.dsv'
[5.668s] INFO:colcon.colcon_core.shell:Creating environment hook '/home/mechax/ws_y/rm_ws/install/auto_aim_interfaces/share/auto_aim_interfaces/hook/cmake_prefix_path.sh'
[5.668s] Level 1:colcon.colcon_core.environment:checking '/home/mechax/ws_y/rm_ws/install/auto_aim_interfaces/lib'
[5.668s] Level 1:colcon.colcon_core.shell:create_environment_hook('auto_aim_interfaces', 'ld_library_path_lib')
[5.674s] INFO:colcon.colcon_core.shell:Creating environment hook '/home/mechax/ws_y/rm_ws/install/auto_aim_interfaces/share/auto_aim_interfaces/hook/ld_library_path_lib.ps1'
[5.674s] INFO:colcon.colcon_core.shell:Creating environment descriptor '/home/mechax/ws_y/rm_ws/install/auto_aim_interfaces/share/auto_aim_interfaces/hook/ld_library_path_lib.dsv'
[5.674s] INFO:colcon.colcon_core.shell:Creating environment hook '/home/mechax/ws_y/rm_ws/install/auto_aim_interfaces/share/auto_aim_interfaces/hook/ld_library_path_lib.sh'
[5.674s] Level 1:colcon.colcon_core.environment:checking '/home/mechax/ws_y/rm_ws/install/auto_aim_interfaces/bin'
[5.674s] Level 1:colcon.colcon_core.environment:checking '/home/mechax/ws_y/rm_ws/install/auto_aim_interfaces/lib/pkgconfig/auto_aim_interfaces.pc'
[5.675s] Level 1:colcon.colcon_core.environment:checking '/home/mechax/ws_y/rm_ws/install/auto_aim_interfaces/lib/python3.10/site-packages'
[5.675s] Level 1:colcon.colcon_core.environment:checking '/home/mechax/ws_y/rm_ws/install/auto_aim_interfaces/bin'
[5.680s] INFO:colcon.colcon_core.shell:Creating package script '/home/mechax/ws_y/rm_ws/install/auto_aim_interfaces/share/auto_aim_interfaces/package.ps1'
[5.681s] INFO:colcon.colcon_core.shell:Creating package descriptor '/home/mechax/ws_y/rm_ws/install/auto_aim_interfaces/share/auto_aim_interfaces/package.dsv'
[5.681s] INFO:colcon.colcon_core.shell:Creating package script '/home/mechax/ws_y/rm_ws/install/auto_aim_interfaces/share/auto_aim_interfaces/package.sh'
[5.681s] INFO:colcon.colcon_core.shell:Creating package script '/home/mechax/ws_y/rm_ws/install/auto_aim_interfaces/share/auto_aim_interfaces/package.bash'
[5.681s] INFO:colcon.colcon_core.shell:Creating package script '/home/mechax/ws_y/rm_ws/install/auto_aim_interfaces/share/auto_aim_interfaces/package.zsh'
[5.681s] Level 1:colcon.colcon_core.environment:create_file_with_runtime_dependencies(/home/mechax/ws_y/rm_ws/install/auto_aim_interfaces/share/colcon-core/packages/auto_aim_interfaces)
[5.765s] Level 1:colcon.colcon_core.environment:create_environment_scripts_only(auto_aim_interfaces)
[5.771s] Level 1:colcon.colcon_core.environment:checking '/home/mechax/ws_y/rm_ws/install/auto_aim_interfaces' for CMake module files
[5.771s] Level 1:colcon.colcon_core.environment:checking '/home/mechax/ws_y/rm_ws/install/auto_aim_interfaces' for CMake config files
[5.771s] Level 1:colcon.colcon_core.shell:create_environment_hook('auto_aim_interfaces', 'cmake_prefix_path')
[5.777s] INFO:colcon.colcon_core.shell:Creating environment hook '/home/mechax/ws_y/rm_ws/install/auto_aim_interfaces/share/auto_aim_interfaces/hook/cmake_prefix_path.ps1'
[5.777s] INFO:colcon.colcon_core.shell:Creating environment descriptor '/home/mechax/ws_y/rm_ws/install/auto_aim_interfaces/share/auto_aim_interfaces/hook/cmake_prefix_path.dsv'
[5.778s] INFO:colcon.colcon_core.shell:Creating environment hook '/home/mechax/ws_y/rm_ws/install/auto_aim_interfaces/share/auto_aim_interfaces/hook/cmake_prefix_path.sh'
[5.778s] Level 1:colcon.colcon_core.environment:checking '/home/mechax/ws_y/rm_ws/install/auto_aim_interfaces/lib'
[5.778s] Level 1:colcon.colcon_core.shell:create_environment_hook('auto_aim_interfaces', 'ld_library_path_lib')
[5.784s] INFO:colcon.colcon_core.shell:Creating environment hook '/home/mechax/ws_y/rm_ws/install/auto_aim_interfaces/share/auto_aim_interfaces/hook/ld_library_path_lib.ps1'
[5.784s] INFO:colcon.colcon_core.shell:Creating environment descriptor '/home/mechax/ws_y/rm_ws/install/auto_aim_interfaces/share/auto_aim_interfaces/hook/ld_library_path_lib.dsv'
[5.784s] INFO:colcon.colcon_core.shell:Creating environment hook '/home/mechax/ws_y/rm_ws/install/auto_aim_interfaces/share/auto_aim_interfaces/hook/ld_library_path_lib.sh'
[5.784s] Level 1:colcon.colcon_core.environment:checking '/home/mechax/ws_y/rm_ws/install/auto_aim_interfaces/bin'
[5.784s] Level 1:colcon.colcon_core.environment:checking '/home/mechax/ws_y/rm_ws/install/auto_aim_interfaces/lib/pkgconfig/auto_aim_interfaces.pc'
[5.784s] Level 1:colcon.colcon_core.environment:checking '/home/mechax/ws_y/rm_ws/install/auto_aim_interfaces/lib/python3.10/site-packages'
[5.784s] Level 1:colcon.colcon_core.environment:checking '/home/mechax/ws_y/rm_ws/install/auto_aim_interfaces/bin'
[5.790s] INFO:colcon.colcon_core.shell:Creating package script '/home/mechax/ws_y/rm_ws/install/auto_aim_interfaces/share/auto_aim_interfaces/package.ps1'
[5.790s] INFO:colcon.colcon_core.shell:Creating package descriptor '/home/mechax/ws_y/rm_ws/install/auto_aim_interfaces/share/auto_aim_interfaces/package.dsv'
[5.791s] INFO:colcon.colcon_core.shell:Creating package script '/home/mechax/ws_y/rm_ws/install/auto_aim_interfaces/share/auto_aim_interfaces/package.sh'
[5.791s] INFO:colcon.colcon_core.shell:Creating package script '/home/mechax/ws_y/rm_ws/install/auto_aim_interfaces/share/auto_aim_interfaces/package.bash'
[5.791s] INFO:colcon.colcon_core.shell:Creating package script '/home/mechax/ws_y/rm_ws/install/auto_aim_interfaces/share/auto_aim_interfaces/package.zsh'
[5.791s] Level 1:colcon.colcon_core.environment:create_file_with_runtime_dependencies(/home/mechax/ws_y/rm_ws/install/auto_aim_interfaces/share/colcon-core/packages/auto_aim_interfaces)
[5.791s] INFO:colcon.colcon_ros.task.ament_cmake.build:Building ROS package in '/home/mechax/ws_y/rm_ws/src/mechax_rm_cv/src/rm_auto_aim/armor_detector' with build type 'ament_cmake'
[5.791s] INFO:colcon.colcon_cmake.task.cmake.build:Building CMake package in '/home/mechax/ws_y/rm_ws/src/mechax_rm_cv/src/rm_auto_aim/armor_detector'
[5.797s] INFO:colcon.colcon_core.shell:Skip shell extension 'powershell' for command environment: Not usable outside of PowerShell
[5.798s] DEBUG:colcon.colcon_core.shell:Skip shell extension 'dsv' for command environment
[5.811s] INFO:colcon.colcon_ros.task.ament_cmake.build:Building ROS package in '/home/mechax/ws_y/rm_ws/src/mechax_rm_cv/src/rm_auto_aim/armor_tracker' with build type 'ament_cmake'
[5.811s] INFO:colcon.colcon_cmake.task.cmake.build:Building CMake package in '/home/mechax/ws_y/rm_ws/src/mechax_rm_cv/src/rm_auto_aim/armor_tracker'
[5.818s] INFO:colcon.colcon_core.shell:Skip shell extension 'powershell' for command environment: Not usable outside of PowerShell
[5.818s] DEBUG:colcon.colcon_core.shell:Skip shell extension 'dsv' for command environment
[5.831s] INFO:colcon.colcon_ros.task.ament_cmake.build:Building ROS package in '/home/mechax/ws_y/rm_ws/src/mechax_rm_cv/src/rm_serial_driver' with build type 'ament_cmake'
[5.831s] INFO:colcon.colcon_cmake.task.cmake.build:Building CMake package in '/home/mechax/ws_y/rm_ws/src/mechax_rm_cv/src/rm_serial_driver'
[5.837s] INFO:colcon.colcon_core.shell:Skip shell extension 'powershell' for command environment: Not usable outside of PowerShell
[5.837s] DEBUG:colcon.colcon_core.shell:Skip shell extension 'dsv' for command environment
[5.853s] DEBUG:colcon.colcon_core.event_handler.log_command:Invoking command in '/home/mechax/ws_y/rm_ws/build/armor_detector': AMENT_PREFIX_PATH=/home/mechax/ws_y/rm_ws/install/auto_aim_interfaces:${AMENT_PREFIX_PATH} CMAKE_PREFIX_PATH=/home/mechax/ws_y/rm_ws/install/auto_aim_interfaces:/opt/ros/humble LD_LIBRARY_PATH=/home/mechax/ws_y/rm_ws/install/auto_aim_interfaces/lib:${LD_LIBRARY_PATH} PYTHONPATH=/home/mechax/ws_y/rm_ws/install/auto_aim_interfaces/local/lib/python3.10/dist-packages:${PYTHONPATH} /usr/bin/cmake /home/mechax/ws_y/rm_ws/src/mechax_rm_cv/src/rm_auto_aim/armor_detector -DAMENT_CMAKE_SYMLINK_INSTALL=1 -DCMAKE_INSTALL_PREFIX=/home/mechax/ws_y/rm_ws/install/armor_detector
[5.854s] DEBUG:colcon.colcon_core.event_handler.log_command:Invoking command in '/home/mechax/ws_y/rm_ws/build/armor_tracker': AMENT_PREFIX_PATH=/home/mechax/ws_y/rm_ws/install/auto_aim_interfaces:${AMENT_PREFIX_PATH} CMAKE_PREFIX_PATH=/home/mechax/ws_y/rm_ws/install/auto_aim_interfaces:/opt/ros/humble LD_LIBRARY_PATH=/home/mechax/ws_y/rm_ws/install/auto_aim_interfaces/lib:${LD_LIBRARY_PATH} PYTHONPATH=/home/mechax/ws_y/rm_ws/install/auto_aim_interfaces/local/lib/python3.10/dist-packages:${PYTHONPATH} /usr/bin/cmake /home/mechax/ws_y/rm_ws/src/mechax_rm_cv/src/rm_auto_aim/armor_tracker -DAMENT_CMAKE_SYMLINK_INSTALL=1 -DCMAKE_INSTALL_PREFIX=/home/mechax/ws_y/rm_ws/install/armor_tracker
[5.857s] DEBUG:colcon.colcon_core.event_handler.log_command:Invoking command in '/home/mechax/ws_y/rm_ws/build/rm_serial_driver': AMENT_PREFIX_PATH=/home/mechax/ws_y/rm_ws/install/auto_aim_interfaces:${AMENT_PREFIX_PATH} CMAKE_PREFIX_PATH=/home/mechax/ws_y/rm_ws/install/auto_aim_interfaces:/opt/ros/humble LD_LIBRARY_PATH=/home/mechax/ws_y/rm_ws/install/auto_aim_interfaces/lib:${LD_LIBRARY_PATH} PYTHONPATH=/home/mechax/ws_y/rm_ws/install/auto_aim_interfaces/local/lib/python3.10/dist-packages:${PYTHONPATH} /usr/bin/cmake /home/mechax/ws_y/rm_ws/src/mechax_rm_cv/src/rm_serial_driver -DAMENT_CMAKE_SYMLINK_INSTALL=1 -DCMAKE_INSTALL_PREFIX=/home/mechax/ws_y/rm_ws/install/rm_serial_driver
[7.050s] DEBUG:colcon.colcon_core.event_handler.log_command:Invoked command in '/home/mechax/ws_y/rm_ws/build/armor_tracker' returned '0': AMENT_PREFIX_PATH=/home/mechax/ws_y/rm_ws/install/auto_aim_interfaces:${AMENT_PREFIX_PATH} CMAKE_PREFIX_PATH=/home/mechax/ws_y/rm_ws/install/auto_aim_interfaces:/opt/ros/humble LD_LIBRARY_PATH=/home/mechax/ws_y/rm_ws/install/auto_aim_interfaces/lib:${LD_LIBRARY_PATH} PYTHONPATH=/home/mechax/ws_y/rm_ws/install/auto_aim_interfaces/local/lib/python3.10/dist-packages:${PYTHONPATH} /usr/bin/cmake /home/mechax/ws_y/rm_ws/src/mechax_rm_cv/src/rm_auto_aim/armor_tracker -DAMENT_CMAKE_SYMLINK_INSTALL=1 -DCMAKE_INSTALL_PREFIX=/home/mechax/ws_y/rm_ws/install/armor_tracker
[7.051s] DEBUG:colcon.colcon_core.event_handler.log_command:Invoking command in '/home/mechax/ws_y/rm_ws/build/armor_tracker': AMENT_PREFIX_PATH=/home/mechax/ws_y/rm_ws/install/auto_aim_interfaces:${AMENT_PREFIX_PATH} CMAKE_PREFIX_PATH=/home/mechax/ws_y/rm_ws/install/auto_aim_interfaces:/opt/ros/humble LD_LIBRARY_PATH=/home/mechax/ws_y/rm_ws/install/auto_aim_interfaces/lib:${LD_LIBRARY_PATH} PYTHONPATH=/home/mechax/ws_y/rm_ws/install/auto_aim_interfaces/local/lib/python3.10/dist-packages:${PYTHONPATH} /usr/bin/cmake --build /home/mechax/ws_y/rm_ws/build/armor_tracker -- -j16 -l16
[7.101s] DEBUG:colcon.colcon_core.event_handler.log_command:Invoked command in '/home/mechax/ws_y/rm_ws/build/armor_detector' returned '0': AMENT_PREFIX_PATH=/home/mechax/ws_y/rm_ws/install/auto_aim_interfaces:${AMENT_PREFIX_PATH} CMAKE_PREFIX_PATH=/home/mechax/ws_y/rm_ws/install/auto_aim_interfaces:/opt/ros/humble LD_LIBRARY_PATH=/home/mechax/ws_y/rm_ws/install/auto_aim_interfaces/lib:${LD_LIBRARY_PATH} PYTHONPATH=/home/mechax/ws_y/rm_ws/install/auto_aim_interfaces/local/lib/python3.10/dist-packages:${PYTHONPATH} /usr/bin/cmake /home/mechax/ws_y/rm_ws/src/mechax_rm_cv/src/rm_auto_aim/armor_detector -DAMENT_CMAKE_SYMLINK_INSTALL=1 -DCMAKE_INSTALL_PREFIX=/home/mechax/ws_y/rm_ws/install/armor_detector
[7.102s] DEBUG:colcon.colcon_core.event_handler.log_command:Invoking command in '/home/mechax/ws_y/rm_ws/build/armor_detector': AMENT_PREFIX_PATH=/home/mechax/ws_y/rm_ws/install/auto_aim_interfaces:${AMENT_PREFIX_PATH} CMAKE_PREFIX_PATH=/home/mechax/ws_y/rm_ws/install/auto_aim_interfaces:/opt/ros/humble LD_LIBRARY_PATH=/home/mechax/ws_y/rm_ws/install/auto_aim_interfaces/lib:${LD_LIBRARY_PATH} PYTHONPATH=/home/mechax/ws_y/rm_ws/install/auto_aim_interfaces/local/lib/python3.10/dist-packages:${PYTHONPATH} /usr/bin/cmake --build /home/mechax/ws_y/rm_ws/build/armor_detector -- -j16 -l16
[7.176s] DEBUG:colcon.colcon_core.event_handler.log_command:Invoked command in '/home/mechax/ws_y/rm_ws/build/rm_serial_driver' returned '0': AMENT_PREFIX_PATH=/home/mechax/ws_y/rm_ws/install/auto_aim_interfaces:${AMENT_PREFIX_PATH} CMAKE_PREFIX_PATH=/home/mechax/ws_y/rm_ws/install/auto_aim_interfaces:/opt/ros/humble LD_LIBRARY_PATH=/home/mechax/ws_y/rm_ws/install/auto_aim_interfaces/lib:${LD_LIBRARY_PATH} PYTHONPATH=/home/mechax/ws_y/rm_ws/install/auto_aim_interfaces/local/lib/python3.10/dist-packages:${PYTHONPATH} /usr/bin/cmake /home/mechax/ws_y/rm_ws/src/mechax_rm_cv/src/rm_serial_driver -DAMENT_CMAKE_SYMLINK_INSTALL=1 -DCMAKE_INSTALL_PREFIX=/home/mechax/ws_y/rm_ws/install/rm_serial_driver
[7.178s] DEBUG:colcon.colcon_core.event_handler.log_command:Invoking command in '/home/mechax/ws_y/rm_ws/build/rm_serial_driver': AMENT_PREFIX_PATH=/home/mechax/ws_y/rm_ws/install/auto_aim_interfaces:${AMENT_PREFIX_PATH} CMAKE_PREFIX_PATH=/home/mechax/ws_y/rm_ws/install/auto_aim_interfaces:/opt/ros/humble LD_LIBRARY_PATH=/home/mechax/ws_y/rm_ws/install/auto_aim_interfaces/lib:${LD_LIBRARY_PATH} PYTHONPATH=/home/mechax/ws_y/rm_ws/install/auto_aim_interfaces/local/lib/python3.10/dist-packages:${PYTHONPATH} /usr/bin/cmake --build /home/mechax/ws_y/rm_ws/build/rm_serial_driver -- -j16 -l16
[13.516s] DEBUG:colcon.colcon_core.event_handler.log_command:Invoked command in '/home/mechax/ws_y/rm_ws/build/armor_tracker' returned '2': AMENT_PREFIX_PATH=/home/mechax/ws_y/rm_ws/install/auto_aim_interfaces:${AMENT_PREFIX_PATH} CMAKE_PREFIX_PATH=/home/mechax/ws_y/rm_ws/install/auto_aim_interfaces:/opt/ros/humble LD_LIBRARY_PATH=/home/mechax/ws_y/rm_ws/install/auto_aim_interfaces/lib:${LD_LIBRARY_PATH} PYTHONPATH=/home/mechax/ws_y/rm_ws/install/auto_aim_interfaces/local/lib/python3.10/dist-packages:${PYTHONPATH} /usr/bin/cmake --build /home/mechax/ws_y/rm_ws/build/armor_tracker -- -j16 -l16
[13.541s] Level 1:colcon.colcon_core.environment:create_environment_scripts_only(armor_tracker)
[13.547s] Level 1:colcon.colcon_core.environment:checking '/home/mechax/ws_y/rm_ws/install/armor_tracker' for CMake module files
[13.547s] Level 1:colcon.colcon_core.environment:checking '/home/mechax/ws_y/rm_ws/install/armor_tracker' for CMake config files
[13.547s] Level 1:colcon.colcon_core.environment:checking '/home/mechax/ws_y/rm_ws/install/armor_tracker/bin'
[13.547s] Level 1:colcon.colcon_core.environment:checking '/home/mechax/ws_y/rm_ws/install/armor_tracker/lib/pkgconfig/armor_tracker.pc'
[13.547s] Level 1:colcon.colcon_core.environment:checking '/home/mechax/ws_y/rm_ws/install/armor_tracker/lib/python3.10/site-packages'
[13.547s] Level 1:colcon.colcon_core.environment:checking '/home/mechax/ws_y/rm_ws/install/armor_tracker/bin'
[13.554s] INFO:colcon.colcon_core.shell:Creating package script '/home/mechax/ws_y/rm_ws/install/armor_tracker/share/armor_tracker/package.ps1'
[13.554s] INFO:colcon.colcon_core.shell:Creating package descriptor '/home/mechax/ws_y/rm_ws/install/armor_tracker/share/armor_tracker/package.dsv'
[13.555s] INFO:colcon.colcon_core.shell:Creating package script '/home/mechax/ws_y/rm_ws/install/armor_tracker/share/armor_tracker/package.sh'
[13.555s] INFO:colcon.colcon_core.shell:Creating package script '/home/mechax/ws_y/rm_ws/install/armor_tracker/share/armor_tracker/package.bash'
[13.555s] INFO:colcon.colcon_core.shell:Creating package script '/home/mechax/ws_y/rm_ws/install/armor_tracker/share/armor_tracker/package.zsh'
[13.555s] Level 1:colcon.colcon_core.environment:create_file_with_runtime_dependencies(/home/mechax/ws_y/rm_ws/install/armor_tracker/share/colcon-core/packages/armor_tracker)
[23.758s] DEBUG:colcon.colcon_parallel_executor.executor.parallel:closing loop
[23.758s] DEBUG:colcon.colcon_parallel_executor.executor.parallel:loop closed
[23.758s] DEBUG:colcon.colcon_parallel_executor.executor.parallel:run_until_complete finished with '2'
[23.758s] DEBUG:colcon.colcon_core.event_reactor:joining thread
[23.768s] INFO:colcon.colcon_core.plugin_system:Skipping extension 'colcon_notification.desktop_notification.terminal_notifier': Not used on non-Darwin systems
[23.768s] INFO:colcon.colcon_core.plugin_system:Skipping extension 'colcon_notification.desktop_notification.win32': Not used on non-Windows systems
[23.768s] INFO:colcon.colcon_notification.desktop_notification:Sending desktop notification using 'notify2'
[23.780s] DEBUG:colcon.colcon_core.event_reactor:joined thread
[23.787s] INFO:colcon.colcon_core.shell:Creating prefix script '/home/mechax/ws_y/rm_ws/install/local_setup.ps1'
[23.787s] INFO:colcon.colcon_core.shell:Creating prefix util module '/home/mechax/ws_y/rm_ws/install/_local_setup_util_ps1.py'
[23.788s] INFO:colcon.colcon_core.shell:Creating prefix chain script '/home/mechax/ws_y/rm_ws/install/setup.ps1'
[23.795s] INFO:colcon.colcon_core.shell:Creating prefix script '/home/mechax/ws_y/rm_ws/install/local_setup.sh'
[23.795s] INFO:colcon.colcon_core.shell:Creating prefix util module '/home/mechax/ws_y/rm_ws/install/_local_setup_util_sh.py'
[23.795s] INFO:colcon.colcon_core.shell:Creating prefix chain script '/home/mechax/ws_y/rm_ws/install/setup.sh'
[23.801s] INFO:colcon.colcon_core.shell:Creating prefix script '/home/mechax/ws_y/rm_ws/install/local_setup.bash'
[23.802s] INFO:colcon.colcon_core.shell:Creating prefix chain script '/home/mechax/ws_y/rm_ws/install/setup.bash'
[23.808s] INFO:colcon.colcon_core.shell:Creating prefix script '/home/mechax/ws_y/rm_ws/install/local_setup.zsh'
[23.808s] INFO:colcon.colcon_core.shell:Creating prefix chain script '/home/mechax/ws_y/rm_ws/install/setup.zsh'
