[0.077s] Invoking command in '/home/mechax/ws_y/rm_ws/build/mindvision_camera': CMAKE_PREFIX_PATH=/opt/ros/humble /usr/bin/cmake --build /home/mechax/ws_y/rm_ws/build/mindvision_camera -- -j16 -l16
[0.232s] [ 50%] Built target mindvision_camera_node
[0.233s] [100%] Built target mindvision_camera
[0.237s] Invoked command in '/home/mechax/ws_y/rm_ws/build/mindvision_camera' returned '0': CMAKE_PREFIX_PATH=/opt/ros/humble /usr/bin/cmake --build /home/mechax/ws_y/rm_ws/build/mindvision_camera -- -j16 -l16
[0.257s] Invoking command in '/home/mechax/ws_y/rm_ws/build/mindvision_camera': CMAKE_PREFIX_PATH=/opt/ros/humble /usr/bin/cmake --install /home/mechax/ws_y/rm_ws/build/mindvision_camera
[0.262s] -- Install configuration: ""
[0.262s] -- Execute custom install script
[0.262s] -- Up-to-date symlink: /home/mechax/ws_y/rm_ws/install/mindvision_camera/lib/mindvision_camera/mindvision_camera_node
[0.262s] -- Up-to-date symlink: /home/mechax/ws_y/rm_ws/install/mindvision_camera/share/mindvision_camera/environment/library_path.sh
[0.263s] -- Up-to-date symlink: /home/mechax/ws_y/rm_ws/install/mindvision_camera/share/mindvision_camera/environment/library_path.dsv
[0.263s] -- Up-to-date symlink: /home/mechax/ws_y/rm_ws/install/mindvision_camera/lib/libmindvision_camera.so
[0.263s] -- Up-to-date symlink: /home/mechax/ws_y/rm_ws/install/mindvision_camera/share/mindvision_camera/config/camera_info.yaml
[0.263s] -- Up-to-date symlink: /home/mechax/ws_y/rm_ws/install/mindvision_camera/share/mindvision_camera/config/camera_params.yaml
[0.263s] -- Up-to-date symlink: /home/mechax/ws_y/rm_ws/install/mindvision_camera/share/mindvision_camera/launch/mv_launch.py
[0.263s] -- Up-to-date symlink: /home/mechax/ws_y/rm_ws/install/mindvision_camera/share/ament_index/resource_index/package_run_dependencies/mindvision_camera
[0.263s] -- Up-to-date symlink: /home/mechax/ws_y/rm_ws/install/mindvision_camera/share/ament_index/resource_index/parent_prefix_path/mindvision_camera
[0.263s] -- Up-to-date symlink: /home/mechax/ws_y/rm_ws/install/mindvision_camera/share/mindvision_camera/environment/ament_prefix_path.sh
[0.263s] -- Up-to-date symlink: /home/mechax/ws_y/rm_ws/install/mindvision_camera/share/mindvision_camera/environment/ament_prefix_path.dsv
[0.264s] -- Up-to-date symlink: /home/mechax/ws_y/rm_ws/install/mindvision_camera/share/mindvision_camera/environment/path.sh
[0.264s] -- Up-to-date symlink: /home/mechax/ws_y/rm_ws/install/mindvision_camera/share/mindvision_camera/environment/path.dsv
[0.264s] -- Up-to-date symlink: /home/mechax/ws_y/rm_ws/install/mindvision_camera/share/mindvision_camera/local_setup.bash
[0.264s] -- Up-to-date symlink: /home/mechax/ws_y/rm_ws/install/mindvision_camera/share/mindvision_camera/local_setup.sh
[0.265s] -- Up-to-date symlink: /home/mechax/ws_y/rm_ws/install/mindvision_camera/share/mindvision_camera/local_setup.zsh
[0.265s] -- Up-to-date symlink: /home/mechax/ws_y/rm_ws/install/mindvision_camera/share/mindvision_camera/local_setup.dsv
[0.266s] -- Symlinking: /home/mechax/ws_y/rm_ws/install/mindvision_camera/share/mindvision_camera/package.dsv
[0.269s] -- Up-to-date symlink: /home/mechax/ws_y/rm_ws/install/mindvision_camera/share/ament_index/resource_index/packages/mindvision_camera
[0.269s] -- Up-to-date symlink: /home/mechax/ws_y/rm_ws/install/mindvision_camera/share/ament_index/resource_index/rclcpp_components/mindvision_camera
[0.269s] -- Up-to-date symlink: /home/mechax/ws_y/rm_ws/install/mindvision_camera/share/mindvision_camera/cmake/ament_cmake_export_dependencies-extras.cmake
[0.269s] -- Up-to-date symlink: /home/mechax/ws_y/rm_ws/install/mindvision_camera/share/mindvision_camera/cmake/ament_cmake_export_libraries-extras.cmake
[0.269s] -- Up-to-date symlink: /home/mechax/ws_y/rm_ws/install/mindvision_camera/share/mindvision_camera/cmake/mindvision_cameraConfig.cmake
[0.270s] -- Up-to-date symlink: /home/mechax/ws_y/rm_ws/install/mindvision_camera/share/mindvision_camera/cmake/mindvision_cameraConfig-version.cmake
[0.270s] -- Up-to-date symlink: /home/mechax/ws_y/rm_ws/install/mindvision_camera/share/mindvision_camera/package.xml
[0.271s] Invoked command in '/home/mechax/ws_y/rm_ws/build/mindvision_camera' returned '0': CMAKE_PREFIX_PATH=/opt/ros/humble /usr/bin/cmake --install /home/mechax/ws_y/rm_ws/build/mindvision_camera
