[0.618s] Invoking command in '/home/mechax/ws_y/rm_ws/build/my_package': PYTHONPATH=/home/mechax/ws_y/rm_ws/build/my_package/prefix_override:/home/mechax/ws_y/rm_ws/install/my_package/lib/python3.10/site-packages:${PYTHONPATH} /usr/bin/python3 setup.py develop --editable --build-directory /home/mechax/ws_y/rm_ws/build/my_package/build --no-deps install_data
[0.762s] running develop
[0.763s] /usr/lib/python3/dist-packages/setuptools/command/easy_install.py:158: EasyInstallDeprecationWarning: easy_install command is deprecated. Use build and pip and other standards-based tools.
[0.763s]   warnings.warn(
[0.764s] /usr/lib/python3/dist-packages/setuptools/command/install.py:34: SetuptoolsDeprecationWarning: setup.py install is deprecated. Use build and pip and other standards-based tools.
[0.764s]   warnings.warn(
[0.842s] running egg_info
[0.842s] writing my_package.egg-info/PKG-INFO
[0.843s] writing dependency_links to my_package.egg-info/dependency_links.txt
[0.843s] writing entry points to my_package.egg-info/entry_points.txt
[0.843s] writing requirements to my_package.egg-info/requires.txt
[0.843s] writing top-level names to my_package.egg-info/top_level.txt
[0.844s] reading manifest file 'my_package.egg-info/SOURCES.txt'
[0.844s] writing manifest file 'my_package.egg-info/SOURCES.txt'
[0.864s] running build_ext
[0.864s] Creating /home/mechax/ws_y/rm_ws/install/my_package/lib/python3.10/site-packages/my-package.egg-link (link to .)
[0.864s] Installing my_robot_driver script to /home/mechax/ws_y/rm_ws/install/my_package/lib/my_package
[0.864s] 
[0.864s] Installed /home/mechax/ws_y/rm_ws/build/my_package
[0.864s] running install_data
[0.906s] Invoked command in '/home/mechax/ws_y/rm_ws/build/my_package' returned '0': PYTHONPATH=/home/mechax/ws_y/rm_ws/build/my_package/prefix_override:/home/mechax/ws_y/rm_ws/install/my_package/lib/python3.10/site-packages:${PYTHONPATH} /usr/bin/python3 setup.py develop --editable --build-directory /home/mechax/ws_y/rm_ws/build/my_package/build --no-deps install_data
