running develop
/usr/lib/python3/dist-packages/setuptools/command/easy_install.py:158: EasyInstallDeprecationWarning: easy_install command is deprecated. Use build and pip and other standards-based tools.
  warnings.warn(
/usr/lib/python3/dist-packages/setuptools/command/install.py:34: SetuptoolsDeprecationWarning: setup.py install is deprecated. Use build and pip and other standards-based tools.
  warnings.warn(
running egg_info
creating my_package.egg-info
writing my_package.egg-info/PKG-INFO
writing dependency_links to my_package.egg-info/dependency_links.txt
writing entry points to my_package.egg-info/entry_points.txt
writing requirements to my_package.egg-info/requires.txt
writing top-level names to my_package.egg-info/top_level.txt
writing manifest file 'my_package.egg-info/SOURCES.txt'
reading manifest file 'my_package.egg-info/SOURCES.txt'
writing manifest file 'my_package.egg-info/SOURCES.txt'
running build_ext
Creating /home/mechax/ws_y/rm_ws/install/my_package/lib/python3.10/site-packages/my-package.egg-link (link to .)
Installing my_robot_driver script to /home/mechax/ws_y/rm_ws/install/my_package/lib/my_package

Installed /home/mechax/ws_y/rm_ws/build/my_package
running install_data
creating /home/mechax/ws_y/rm_ws/install/my_package/share/ament_index
creating /home/mechax/ws_y/rm_ws/install/my_package/share/ament_index/resource_index
creating /home/mechax/ws_y/rm_ws/install/my_package/share/ament_index/resource_index/packages
copying resource/my_package -> /home/mechax/ws_y/rm_ws/install/my_package/share/ament_index/resource_index/packages
creating /home/mechax/ws_y/rm_ws/install/my_package/share/my_package/launch
copying launch/robot_launch.py -> /home/mechax/ws_y/rm_ws/install/my_package/share/my_package/launch
creating /home/mechax/ws_y/rm_ws/install/my_package/share/my_package/worlds
copying worlds/test.wbt -> /home/mechax/ws_y/rm_ws/install/my_package/share/my_package/worlds
creating /home/mechax/ws_y/rm_ws/install/my_package/share/my_package/resource
copying resource/rm.urdf -> /home/mechax/ws_y/rm_ws/install/my_package/share/my_package/resource
copying resource/armor.urdf -> /home/mechax/ws_y/rm_ws/install/my_package/share/my_package/resource
copying package.xml -> /home/mechax/ws_y/rm_ws/install/my_package/share/my_package
