[0.435s] Invoking command in '/home/mechax/ws_y/rm_ws/build/my_package': PYTHONPATH=/home/mechax/ws_y/rm_ws/build/my_package/prefix_override:/home/mechax/ws_y/rm_ws/install/my_package/lib/python3.10/site-packages:${PYTHONPATH} /usr/bin/python3 setup.py develop --editable --build-directory /home/mechax/ws_y/rm_ws/build/my_package/build --no-deps install_data
[0.570s] running develop
[0.572s] /usr/lib/python3/dist-packages/setuptools/command/easy_install.py:158: EasyInstallDeprecationWarning: easy_install command is deprecated. Use build and pip and other standards-based tools.
[0.572s]   warnings.warn(
[0.573s] /usr/lib/python3/dist-packages/setuptools/command/install.py:34: SetuptoolsDeprecationWarning: setup.py install is deprecated. Use build and pip and other standards-based tools.
[0.573s]   warnings.warn(
[0.646s] running egg_info
[0.646s] creating my_package.egg-info
[0.646s] writing my_package.egg-info/PKG-INFO
[0.646s] writing dependency_links to my_package.egg-info/dependency_links.txt
[0.647s] writing entry points to my_package.egg-info/entry_points.txt
[0.647s] writing requirements to my_package.egg-info/requires.txt
[0.647s] writing top-level names to my_package.egg-info/top_level.txt
[0.647s] writing manifest file 'my_package.egg-info/SOURCES.txt'
[0.648s] reading manifest file 'my_package.egg-info/SOURCES.txt'
[0.648s] writing manifest file 'my_package.egg-info/SOURCES.txt'
[0.667s] running build_ext
[0.667s] Creating /home/mechax/ws_y/rm_ws/install/my_package/lib/python3.10/site-packages/my-package.egg-link (link to .)
[0.667s] Installing my_robot_driver script to /home/mechax/ws_y/rm_ws/install/my_package/lib/my_package
[0.667s] 
[0.667s] Installed /home/mechax/ws_y/rm_ws/build/my_package
[0.667s] running install_data
[0.668s] creating /home/mechax/ws_y/rm_ws/install/my_package/share/ament_index
[0.668s] creating /home/mechax/ws_y/rm_ws/install/my_package/share/ament_index/resource_index
[0.668s] creating /home/mechax/ws_y/rm_ws/install/my_package/share/ament_index/resource_index/packages
[0.668s] copying resource/my_package -> /home/mechax/ws_y/rm_ws/install/my_package/share/ament_index/resource_index/packages
[0.668s] creating /home/mechax/ws_y/rm_ws/install/my_package/share/my_package/launch
[0.668s] copying launch/robot_launch.py -> /home/mechax/ws_y/rm_ws/install/my_package/share/my_package/launch
[0.668s] creating /home/mechax/ws_y/rm_ws/install/my_package/share/my_package/worlds
[0.668s] copying worlds/test.wbt -> /home/mechax/ws_y/rm_ws/install/my_package/share/my_package/worlds
[0.668s] creating /home/mechax/ws_y/rm_ws/install/my_package/share/my_package/resource
[0.668s] copying resource/rm.urdf -> /home/mechax/ws_y/rm_ws/install/my_package/share/my_package/resource
[0.668s] copying resource/armor.urdf -> /home/mechax/ws_y/rm_ws/install/my_package/share/my_package/resource
[0.668s] copying package.xml -> /home/mechax/ws_y/rm_ws/install/my_package/share/my_package
[0.696s] Invoked command in '/home/mechax/ws_y/rm_ws/build/my_package' returned '0': PYTHONPATH=/home/mechax/ws_y/rm_ws/build/my_package/prefix_override:/home/mechax/ws_y/rm_ws/install/my_package/lib/python3.10/site-packages:${PYTHONPATH} /usr/bin/python3 setup.py develop --editable --build-directory /home/mechax/ws_y/rm_ws/build/my_package/build --no-deps install_data
