[0.077s] Invoking command in '/home/mechax/ws_y/rm_ws/build/mindvision_camera': CMAKE_PREFIX_PATH=/opt/ros/humble /usr/bin/cmake /home/mechax/ws_y/rm_ws/src/mechax_rm_cv/src/ros2-mindvision-camera -DAMENT_CMAKE_SYMLINK_INSTALL=1 -DCMAKE_INSTALL_PREFIX=/home/mechax/ws_y/rm_ws/install/mindvision_camera
[0.236s] -- The C compiler identification is GNU 11.4.0
[0.236s] -- The CXX compiler identification is GNU 11.4.0
[0.236s] -- Detecting C compiler ABI info
[0.236s] -- Detecting C compiler ABI info - done
[0.236s] -- Check for working C compiler: /usr/bin/cc - skipped
[0.236s] -- Detecting C compile features
[0.236s] -- Detecting C compile features - done
[0.236s] -- Detecting CXX compiler ABI info
[0.236s] -- Detecting CXX compiler ABI info - done
[0.240s] -- Check for working CXX compiler: /usr/bin/c++ - skipped
[0.240s] -- Detecting CXX compile features
[0.241s] -- Detecting CXX compile features - done
[0.241s] -- Found ament_cmake_auto: 1.3.5 (/opt/ros/humble/share/ament_cmake_auto/cmake)
[0.344s] -- Found Python3: /usr/bin/python3.10 (found version "3.10.12") found components: Interpreter 
[0.384s] -- Override CMake install command with custom implementation using symlinks instead of copying resources
[0.461s] -- Found rosidl_generator_c: 3.1.5 (/opt/ros/humble/share/rosidl_generator_c/cmake)
[0.463s] -- Found rosidl_adapter: 3.1.5 (/opt/ros/humble/share/rosidl_adapter/cmake)
[0.468s] -- Found rosidl_generator_cpp: 3.1.5 (/opt/ros/humble/share/rosidl_generator_cpp/cmake)
[0.476s] -- Using all available rosidl_typesupport_c: rosidl_typesupport_fastrtps_c;rosidl_typesupport_introspection_c
[0.487s] -- Using all available rosidl_typesupport_cpp: rosidl_typesupport_fastrtps_cpp;rosidl_typesupport_introspection_cpp
[0.526s] -- Found rmw_implementation_cmake: 6.1.1 (/opt/ros/humble/share/rmw_implementation_cmake/cmake)
[0.527s] -- Found rmw_fastrtps_cpp: 6.2.4 (/opt/ros/humble/share/rmw_fastrtps_cpp/cmake)
[0.587s] -- Found OpenSSL: /usr/lib/x86_64-linux-gnu/libcrypto.so (found version "3.0.2")  
[0.605s] -- Found FastRTPS: /opt/ros/humble/include  
[0.633s] -- Using RMW implementation 'rmw_fastrtps_cpp' as default
[0.639s] -- Looking for pthread.h
[0.681s] -- Looking for pthread.h - found
[0.681s] -- Performing Test CMAKE_HAVE_LIBC_PTHREAD
[0.727s] -- Performing Test CMAKE_HAVE_LIBC_PTHREAD - Success
[0.729s] -- Found Threads: TRUE  
[0.992s] -- Found ament_lint_auto: 0.12.8 (/opt/ros/humble/share/ament_lint_auto/cmake)
[1.003s] -- Added test 'cppcheck' to perform static code analysis on C / C++ code
[1.003s] -- Configured cppcheck include dirs: /home/mechax/ws_y/rm_ws/src/mechax_rm_cv/src/ros2-mindvision-camera/mvsdk/include
[1.003s] -- Configured cppcheck exclude dirs and/or files: 
[1.004s] -- Added test 'flake8' to check Python code syntax and style conventions
[1.004s] -- Added test 'lint_cmake' to check CMake code style
[1.004s] -- Added test 'pep257' to check Python code against some of the docstring style conventions in PEP 257
[1.004s] -- Added test 'xmllint' to check XML markup files
[1.006s] -- Configuring done
[1.013s] -- Generating done
[1.014s] -- Build files have been written to: /home/mechax/ws_y/rm_ws/build/mindvision_camera
[1.021s] Invoked command in '/home/mechax/ws_y/rm_ws/build/mindvision_camera' returned '0': CMAKE_PREFIX_PATH=/opt/ros/humble /usr/bin/cmake /home/mechax/ws_y/rm_ws/src/mechax_rm_cv/src/ros2-mindvision-camera -DAMENT_CMAKE_SYMLINK_INSTALL=1 -DCMAKE_INSTALL_PREFIX=/home/mechax/ws_y/rm_ws/install/mindvision_camera
[1.022s] Invoking command in '/home/mechax/ws_y/rm_ws/build/mindvision_camera': CMAKE_PREFIX_PATH=/opt/ros/humble /usr/bin/cmake --build /home/mechax/ws_y/rm_ws/build/mindvision_camera -- -j16 -l16
[1.051s] [ 50%] [32mBuilding CXX object CMakeFiles/mindvision_camera_node.dir/rclcpp_components/node_main_mindvision_camera_node.cpp.o[0m
[1.051s] [ 50%] [32mBuilding CXX object CMakeFiles/mindvision_camera.dir/src/mv_camera_node.cpp.o[0m
[3.786s] [ 75%] [32m[1mLinking CXX executable mindvision_camera_node[0m
[3.913s] [ 75%] Built target mindvision_camera_node
[3.935s] [100%] [32m[1mLinking CXX shared library libmindvision_camera.so[0m
[4.025s] [100%] Built target mindvision_camera
[4.032s] Invoked command in '/home/mechax/ws_y/rm_ws/build/mindvision_camera' returned '0': CMAKE_PREFIX_PATH=/opt/ros/humble /usr/bin/cmake --build /home/mechax/ws_y/rm_ws/build/mindvision_camera -- -j16 -l16
[4.050s] Invoking command in '/home/mechax/ws_y/rm_ws/build/mindvision_camera': CMAKE_PREFIX_PATH=/opt/ros/humble /usr/bin/cmake --install /home/mechax/ws_y/rm_ws/build/mindvision_camera
[4.054s] -- Install configuration: ""
[4.054s] -- Execute custom install script
[4.054s] -- Symlinking: /home/mechax/ws_y/rm_ws/install/mindvision_camera/lib/mindvision_camera/mindvision_camera_node
[4.060s] -- Symlinking: /home/mechax/ws_y/rm_ws/install/mindvision_camera/share/mindvision_camera/environment/library_path.sh
[4.065s] -- Symlinking: /home/mechax/ws_y/rm_ws/install/mindvision_camera/share/mindvision_camera/environment/library_path.dsv
[4.070s] -- Symlinking: /home/mechax/ws_y/rm_ws/install/mindvision_camera/lib/libmindvision_camera.so
[4.075s] -- Symlinking: /home/mechax/ws_y/rm_ws/install/mindvision_camera/share/mindvision_camera/config/camera_info.yaml
[4.080s] -- Symlinking: /home/mechax/ws_y/rm_ws/install/mindvision_camera/share/mindvision_camera/config/camera_params.yaml
[4.085s] -- Symlinking: /home/mechax/ws_y/rm_ws/install/mindvision_camera/share/mindvision_camera/launch/mv_launch.py
[4.090s] -- Symlinking: /home/mechax/ws_y/rm_ws/install/mindvision_camera/share/ament_index/resource_index/package_run_dependencies/mindvision_camera
[4.094s] -- Symlinking: /home/mechax/ws_y/rm_ws/install/mindvision_camera/share/ament_index/resource_index/parent_prefix_path/mindvision_camera
[4.099s] -- Symlinking: /home/mechax/ws_y/rm_ws/install/mindvision_camera/share/mindvision_camera/environment/ament_prefix_path.sh
[4.103s] -- Symlinking: /home/mechax/ws_y/rm_ws/install/mindvision_camera/share/mindvision_camera/environment/ament_prefix_path.dsv
[4.108s] -- Symlinking: /home/mechax/ws_y/rm_ws/install/mindvision_camera/share/mindvision_camera/environment/path.sh
[4.113s] -- Symlinking: /home/mechax/ws_y/rm_ws/install/mindvision_camera/share/mindvision_camera/environment/path.dsv
[4.118s] -- Symlinking: /home/mechax/ws_y/rm_ws/install/mindvision_camera/share/mindvision_camera/local_setup.bash
[4.123s] -- Symlinking: /home/mechax/ws_y/rm_ws/install/mindvision_camera/share/mindvision_camera/local_setup.sh
[4.128s] -- Symlinking: /home/mechax/ws_y/rm_ws/install/mindvision_camera/share/mindvision_camera/local_setup.zsh
[4.132s] -- Symlinking: /home/mechax/ws_y/rm_ws/install/mindvision_camera/share/mindvision_camera/local_setup.dsv
[4.137s] -- Symlinking: /home/mechax/ws_y/rm_ws/install/mindvision_camera/share/mindvision_camera/package.dsv
[4.141s] -- Symlinking: /home/mechax/ws_y/rm_ws/install/mindvision_camera/share/ament_index/resource_index/packages/mindvision_camera
[4.146s] -- Symlinking: /home/mechax/ws_y/rm_ws/install/mindvision_camera/share/ament_index/resource_index/rclcpp_components/mindvision_camera
[4.150s] -- Symlinking: /home/mechax/ws_y/rm_ws/install/mindvision_camera/share/mindvision_camera/cmake/ament_cmake_export_dependencies-extras.cmake
[4.155s] -- Symlinking: /home/mechax/ws_y/rm_ws/install/mindvision_camera/share/mindvision_camera/cmake/ament_cmake_export_libraries-extras.cmake
[4.161s] -- Symlinking: /home/mechax/ws_y/rm_ws/install/mindvision_camera/share/mindvision_camera/cmake/mindvision_cameraConfig.cmake
[4.167s] -- Symlinking: /home/mechax/ws_y/rm_ws/install/mindvision_camera/share/mindvision_camera/cmake/mindvision_cameraConfig-version.cmake
[4.172s] -- Symlinking: /home/mechax/ws_y/rm_ws/install/mindvision_camera/share/mindvision_camera/package.xml
[4.178s] Invoked command in '/home/mechax/ws_y/rm_ws/build/mindvision_camera' returned '0': CMAKE_PREFIX_PATH=/opt/ros/humble /usr/bin/cmake --install /home/mechax/ws_y/rm_ws/build/mindvision_camera
