[0.251s] Invoking command in '/home/mechax/ws_y/rm_ws/build/rm_serial_driver': AMENT_PREFIX_PATH=/home/mechax/ws_y/rm_ws/install/auto_aim_interfaces:${AMENT_PREFIX_PATH} CMAKE_PREFIX_PATH=/home/mechax/ws_y/rm_ws/install/auto_aim_interfaces:/opt/ros/humble LD_LIBRARY_PATH=/home/mechax/ws_y/rm_ws/install/auto_aim_interfaces/lib:${LD_LIBRARY_PATH} PYTHONPATH=/home/mechax/ws_y/rm_ws/install/auto_aim_interfaces/local/lib/python3.10/dist-packages:${PYTHONPATH} /usr/bin/cmake /home/mechax/ws_y/rm_ws/src/rm_serial_driver -DCMAKE_INSTALL_PREFIX=/home/mechax/ws_y/rm_ws/install/rm_serial_driver
[0.578s] -- The C compiler identification is GNU 11.4.0
[0.765s] -- The CXX compiler identification is GNU 11.4.0
[0.777s] -- Detecting C compiler ABI info
[1.164s] -- Detecting C compiler ABI info - done
[1.183s] -- Check for working C compiler: /usr/bin/cc - skipped
[1.186s] -- Detecting C compile features
[1.187s] -- Detecting C compile features - done
[1.205s] -- Detecting CXX compiler ABI info
[1.616s] -- Detecting CXX compiler ABI info - done
[1.625s] -- Check for working CXX compiler: /usr/bin/c++ - skipped
[1.625s] -- Detecting CXX compile features
[1.626s] -- Detecting CXX compile features - done
[1.637s] -- Found ament_cmake_auto: 1.3.5 (/opt/ros/humble/share/ament_cmake_auto/cmake)
[2.335s] -- Found Python3: /usr/bin/python3.10 (found version "3.10.12") found components: Interpreter 
[3.285s] -- Found rosidl_generator_c: 3.1.5 (/opt/ros/humble/share/rosidl_generator_c/cmake)
[3.307s] -- Found rosidl_adapter: 3.1.5 (/opt/ros/humble/share/rosidl_adapter/cmake)
[3.333s] -- Found rosidl_generator_cpp: 3.1.5 (/opt/ros/humble/share/rosidl_generator_cpp/cmake)
[3.397s] -- Using all available rosidl_typesupport_c: rosidl_typesupport_fastrtps_c;rosidl_typesupport_introspection_c
[3.470s] -- Using all available rosidl_typesupport_cpp: rosidl_typesupport_fastrtps_cpp;rosidl_typesupport_introspection_cpp
[3.685s] -- Found rmw_implementation_cmake: 6.1.1 (/opt/ros/humble/share/rmw_implementation_cmake/cmake)
[3.696s] -- Found rmw_fastrtps_cpp: 6.2.4 (/opt/ros/humble/share/rmw_fastrtps_cpp/cmake)
[4.256s] -- Found OpenSSL: /usr/lib/x86_64-linux-gnu/libcrypto.so (found version "3.0.2")  
[4.366s] -- Found FastRTPS: /opt/ros/humble/include  
[4.529s] -- Using RMW implementation 'rmw_fastrtps_cpp' as default
[4.564s] -- Looking for pthread.h
[5.026s] -- Looking for pthread.h - found
[5.027s] -- Performing Test CMAKE_HAVE_LIBC_PTHREAD
[5.409s] -- Performing Test CMAKE_HAVE_LIBC_PTHREAD - Success
[5.411s] -- Found Threads: TRUE  
[7.445s] -- Found eigen3_cmake_module: 0.1.1 (/opt/ros/humble/share/eigen3_cmake_module/cmake)
[7.447s] -- Found Eigen3: TRUE (found version "3.4.0") 
[7.448s] -- Ensuring Eigen3 include directory is part of orocos-kdl CMake target
[8.236s] -- Found ament_lint_auto: 0.12.8 (/opt/ros/humble/share/ament_lint_auto/cmake)
[8.305s] -- Added test 'cppcheck' to perform static code analysis on C / C++ code
[8.307s] -- Configured cppcheck include dirs: /home/mechax/ws_y/rm_ws/src/rm_serial_driver/include
[8.308s] -- Configured cppcheck exclude dirs and/or files: 
[8.314s] -- Added test 'cpplint' to check C / C++ code against the Google style
[8.314s] -- Configured cpplint exclude dirs and/or files: 
[8.315s] -- Added test 'flake8' to check Python code syntax and style conventions
[8.330s] -- Added test 'lint_cmake' to check CMake code style
[8.333s] -- Added test 'pep257' to check Python code against some of the docstring style conventions in PEP 257
[8.335s] -- Added test 'xmllint' to check XML markup files
[8.358s] -- Added test 'clang_format' to check C / C++ code style
[8.370s] -- Configuring done
[8.453s] -- Generating done
[8.456s] -- Build files have been written to: /home/mechax/ws_y/rm_ws/build/rm_serial_driver
[8.543s] Invoked command in '/home/mechax/ws_y/rm_ws/build/rm_serial_driver' returned '0': AMENT_PREFIX_PATH=/home/mechax/ws_y/rm_ws/install/auto_aim_interfaces:${AMENT_PREFIX_PATH} CMAKE_PREFIX_PATH=/home/mechax/ws_y/rm_ws/install/auto_aim_interfaces:/opt/ros/humble LD_LIBRARY_PATH=/home/mechax/ws_y/rm_ws/install/auto_aim_interfaces/lib:${LD_LIBRARY_PATH} PYTHONPATH=/home/mechax/ws_y/rm_ws/install/auto_aim_interfaces/local/lib/python3.10/dist-packages:${PYTHONPATH} /usr/bin/cmake /home/mechax/ws_y/rm_ws/src/rm_serial_driver -DCMAKE_INSTALL_PREFIX=/home/mechax/ws_y/rm_ws/install/rm_serial_driver
[8.544s] Invoking command in '/home/mechax/ws_y/rm_ws/build/rm_serial_driver': AMENT_PREFIX_PATH=/home/mechax/ws_y/rm_ws/install/auto_aim_interfaces:${AMENT_PREFIX_PATH} CMAKE_PREFIX_PATH=/home/mechax/ws_y/rm_ws/install/auto_aim_interfaces:/opt/ros/humble LD_LIBRARY_PATH=/home/mechax/ws_y/rm_ws/install/auto_aim_interfaces/lib:${LD_LIBRARY_PATH} PYTHONPATH=/home/mechax/ws_y/rm_ws/install/auto_aim_interfaces/local/lib/python3.10/dist-packages:${PYTHONPATH} /usr/bin/cmake --build /home/mechax/ws_y/rm_ws/build/rm_serial_driver -- -j16 -l16
[8.840s] [ 20%] [32mBuilding CXX object CMakeFiles/rm_serial_driver.dir/src/rm_serial_driver.cpp.o[0m
[8.860s] [ 40%] [32mBuilding CXX object CMakeFiles/rm_serial_driver.dir/src/crc.cpp.o[0m
[8.905s] [ 60%] [32mBuilding CXX object CMakeFiles/rm_serial_driver_node.dir/rclcpp_components/node_main_rm_serial_driver_node.cpp.o[0m
[18.625s] [ 80%] [32m[1mLinking CXX executable rm_serial_driver_node[0m
[18.927s] [ 80%] Built target rm_serial_driver_node
[33.470s] [100%] [32m[1mLinking CXX shared library librm_serial_driver.so[0m
[34.507s] [100%] Built target rm_serial_driver
[34.537s] Invoked command in '/home/mechax/ws_y/rm_ws/build/rm_serial_driver' returned '0': AMENT_PREFIX_PATH=/home/mechax/ws_y/rm_ws/install/auto_aim_interfaces:${AMENT_PREFIX_PATH} CMAKE_PREFIX_PATH=/home/mechax/ws_y/rm_ws/install/auto_aim_interfaces:/opt/ros/humble LD_LIBRARY_PATH=/home/mechax/ws_y/rm_ws/install/auto_aim_interfaces/lib:${LD_LIBRARY_PATH} PYTHONPATH=/home/mechax/ws_y/rm_ws/install/auto_aim_interfaces/local/lib/python3.10/dist-packages:${PYTHONPATH} /usr/bin/cmake --build /home/mechax/ws_y/rm_ws/build/rm_serial_driver -- -j16 -l16
[34.581s] Invoking command in '/home/mechax/ws_y/rm_ws/build/rm_serial_driver': AMENT_PREFIX_PATH=/home/mechax/ws_y/rm_ws/install/auto_aim_interfaces:${AMENT_PREFIX_PATH} CMAKE_PREFIX_PATH=/home/mechax/ws_y/rm_ws/install/auto_aim_interfaces:/opt/ros/humble LD_LIBRARY_PATH=/home/mechax/ws_y/rm_ws/install/auto_aim_interfaces/lib:${LD_LIBRARY_PATH} PYTHONPATH=/home/mechax/ws_y/rm_ws/install/auto_aim_interfaces/local/lib/python3.10/dist-packages:${PYTHONPATH} /usr/bin/cmake --install /home/mechax/ws_y/rm_ws/build/rm_serial_driver
[34.593s] -- Install configuration: ""
[34.594s] -- Installing: /home/mechax/ws_y/rm_ws/install/rm_serial_driver/lib/rm_serial_driver/rm_serial_driver_node
[34.594s] -- Set runtime path of "/home/mechax/ws_y/rm_ws/install/rm_serial_driver/lib/rm_serial_driver/rm_serial_driver_node" to ""
[34.594s] -- Up-to-date: /home/mechax/ws_y/rm_ws/install/rm_serial_driver/include
[34.595s] -- Up-to-date: /home/mechax/ws_y/rm_ws/install/rm_serial_driver/include/rm_serial_driver
[34.595s] -- Up-to-date: /home/mechax/ws_y/rm_ws/install/rm_serial_driver/include/rm_serial_driver/crc.hpp
[34.596s] -- Up-to-date: /home/mechax/ws_y/rm_ws/install/rm_serial_driver/include/rm_serial_driver/rm_serial_driver.hpp
[34.596s] -- Up-to-date: /home/mechax/ws_y/rm_ws/install/rm_serial_driver/include/rm_serial_driver/packet.hpp
[34.596s] -- Up-to-date: /home/mechax/ws_y/rm_ws/install/rm_serial_driver/share/rm_serial_driver/environment/library_path.sh
[34.596s] -- Installing: /home/mechax/ws_y/rm_ws/install/rm_serial_driver/share/rm_serial_driver/environment/library_path.dsv
[34.597s] -- Installing: /home/mechax/ws_y/rm_ws/install/rm_serial_driver/lib/librm_serial_driver.so
[34.608s] -- Set runtime path of "/home/mechax/ws_y/rm_ws/install/rm_serial_driver/lib/librm_serial_driver.so" to ""
[34.608s] -- Up-to-date: /home/mechax/ws_y/rm_ws/install/rm_serial_driver/share/rm_serial_driver/config
[34.609s] -- Up-to-date: /home/mechax/ws_y/rm_ws/install/rm_serial_driver/share/rm_serial_driver/config/serial_driver.yaml
[34.609s] -- Up-to-date: /home/mechax/ws_y/rm_ws/install/rm_serial_driver/share/rm_serial_driver/launch
[34.609s] -- Up-to-date: /home/mechax/ws_y/rm_ws/install/rm_serial_driver/share/rm_serial_driver/launch/serial_driver.launch.py
[34.609s] -- Installing: /home/mechax/ws_y/rm_ws/install/rm_serial_driver/share/ament_index/resource_index/package_run_dependencies/rm_serial_driver
[34.609s] -- Installing: /home/mechax/ws_y/rm_ws/install/rm_serial_driver/share/ament_index/resource_index/parent_prefix_path/rm_serial_driver
[34.609s] -- Up-to-date: /home/mechax/ws_y/rm_ws/install/rm_serial_driver/share/rm_serial_driver/environment/ament_prefix_path.sh
[34.609s] -- Installing: /home/mechax/ws_y/rm_ws/install/rm_serial_driver/share/rm_serial_driver/environment/ament_prefix_path.dsv
[34.609s] -- Up-to-date: /home/mechax/ws_y/rm_ws/install/rm_serial_driver/share/rm_serial_driver/environment/path.sh
[34.609s] -- Installing: /home/mechax/ws_y/rm_ws/install/rm_serial_driver/share/rm_serial_driver/environment/path.dsv
[34.610s] -- Installing: /home/mechax/ws_y/rm_ws/install/rm_serial_driver/share/rm_serial_driver/local_setup.bash
[34.610s] -- Installing: /home/mechax/ws_y/rm_ws/install/rm_serial_driver/share/rm_serial_driver/local_setup.sh
[34.611s] -- Installing: /home/mechax/ws_y/rm_ws/install/rm_serial_driver/share/rm_serial_driver/local_setup.zsh
[34.611s] -- Installing: /home/mechax/ws_y/rm_ws/install/rm_serial_driver/share/rm_serial_driver/local_setup.dsv
[34.611s] -- Installing: /home/mechax/ws_y/rm_ws/install/rm_serial_driver/share/rm_serial_driver/package.dsv
[34.612s] -- Installing: /home/mechax/ws_y/rm_ws/install/rm_serial_driver/share/ament_index/resource_index/packages/rm_serial_driver
[34.612s] -- Installing: /home/mechax/ws_y/rm_ws/install/rm_serial_driver/share/ament_index/resource_index/rclcpp_components/rm_serial_driver
[34.612s] -- Installing: /home/mechax/ws_y/rm_ws/install/rm_serial_driver/share/rm_serial_driver/cmake/ament_cmake_export_dependencies-extras.cmake
[34.613s] -- Installing: /home/mechax/ws_y/rm_ws/install/rm_serial_driver/share/rm_serial_driver/cmake/ament_cmake_export_include_directories-extras.cmake
[34.613s] -- Installing: /home/mechax/ws_y/rm_ws/install/rm_serial_driver/share/rm_serial_driver/cmake/ament_cmake_export_libraries-extras.cmake
[34.613s] -- Installing: /home/mechax/ws_y/rm_ws/install/rm_serial_driver/share/rm_serial_driver/cmake/rm_serial_driverConfig.cmake
[34.614s] -- Installing: /home/mechax/ws_y/rm_ws/install/rm_serial_driver/share/rm_serial_driver/cmake/rm_serial_driverConfig-version.cmake
[34.614s] -- Up-to-date: /home/mechax/ws_y/rm_ws/install/rm_serial_driver/share/rm_serial_driver/package.xml
[34.617s] Invoked command in '/home/mechax/ws_y/rm_ws/build/rm_serial_driver' returned '0': AMENT_PREFIX_PATH=/home/mechax/ws_y/rm_ws/install/auto_aim_interfaces:${AMENT_PREFIX_PATH} CMAKE_PREFIX_PATH=/home/mechax/ws_y/rm_ws/install/auto_aim_interfaces:/opt/ros/humble LD_LIBRARY_PATH=/home/mechax/ws_y/rm_ws/install/auto_aim_interfaces/lib:${LD_LIBRARY_PATH} PYTHONPATH=/home/mechax/ws_y/rm_ws/install/auto_aim_interfaces/local/lib/python3.10/dist-packages:${PYTHONPATH} /usr/bin/cmake --install /home/mechax/ws_y/rm_ws/build/rm_serial_driver
