[0.425s] Invoking command in '/home/mechax/ws_y/rm_ws/build/armor_tracker': AMENT_PREFIX_PATH=/home/mechax/ws_y/rm_ws/install/auto_aim_interfaces:${AMENT_PREFIX_PATH} CMAKE_PREFIX_PATH=/home/mechax/ws_y/rm_ws/install/auto_aim_interfaces:/opt/ros/humble LD_LIBRARY_PATH=/home/mechax/ws_y/rm_ws/install/auto_aim_interfaces/lib:${LD_LIBRARY_PATH} PYTHONPATH=/home/mechax/ws_y/rm_ws/install/auto_aim_interfaces/local/lib/python3.10/dist-packages:${PYTHONPATH} /usr/bin/cmake /home/mechax/ws_y/rm_ws/src/rm_auto_aim/armor_tracker -DCMAKE_INSTALL_PREFIX=/home/mechax/ws_y/rm_ws/install/armor_tracker
[0.695s] -- The C compiler identification is GNU 11.4.0
[0.902s] -- The CXX compiler identification is GNU 11.4.0
[0.925s] -- Detecting C compiler ABI info
[1.241s] -- Detecting C compiler ABI info - done
[1.253s] -- Check for working C compiler: /usr/bin/cc - skipped
[1.253s] -- Detecting C compile features
[1.264s] -- Detecting C compile features - done
[1.270s] -- Detecting CXX compiler ABI info
[1.726s] -- Detecting CXX compiler ABI info - done
[1.737s] -- Check for working CXX compiler: /usr/bin/c++ - skipped
[1.737s] -- Detecting CXX compile features
[1.737s] -- Detecting CXX compile features - done
[1.740s] -- Found ament_cmake_auto: 1.3.5 (/opt/ros/humble/share/ament_cmake_auto/cmake)
[2.141s] -- Found Python3: /usr/bin/python3.10 (found version "3.10.12") found components: Interpreter 
[2.760s] -- Found rosidl_generator_c: 3.1.5 (/opt/ros/humble/share/rosidl_generator_c/cmake)
[2.773s] -- Found rosidl_adapter: 3.1.5 (/opt/ros/humble/share/rosidl_adapter/cmake)
[2.803s] -- Found rosidl_generator_cpp: 3.1.5 (/opt/ros/humble/share/rosidl_generator_cpp/cmake)
[2.846s] -- Using all available rosidl_typesupport_c: rosidl_typesupport_fastrtps_c;rosidl_typesupport_introspection_c
[2.909s] -- Using all available rosidl_typesupport_cpp: rosidl_typesupport_fastrtps_cpp;rosidl_typesupport_introspection_cpp
[3.106s] -- Found rmw_implementation_cmake: 6.1.1 (/opt/ros/humble/share/rmw_implementation_cmake/cmake)
[3.112s] -- Found rmw_fastrtps_cpp: 6.2.4 (/opt/ros/humble/share/rmw_fastrtps_cpp/cmake)
[3.565s] -- Found OpenSSL: /usr/lib/x86_64-linux-gnu/libcrypto.so (found version "3.0.2")  
[3.660s] -- Found FastRTPS: /opt/ros/humble/include  
[3.816s] -- Using RMW implementation 'rmw_fastrtps_cpp' as default
[3.864s] -- Looking for pthread.h
[4.361s] -- Looking for pthread.h - found
[4.362s] -- Performing Test CMAKE_HAVE_LIBC_PTHREAD
[4.833s] -- Performing Test CMAKE_HAVE_LIBC_PTHREAD - Success
[4.834s] -- Found Threads: TRUE  
[6.568s] -- Found eigen3_cmake_module: 0.1.1 (/opt/ros/humble/share/eigen3_cmake_module/cmake)
[6.571s] -- Found Eigen3: TRUE (found version "3.4.0") 
[6.571s] -- Ensuring Eigen3 include directory is part of orocos-kdl CMake target
[7.551s] -- Found ament_lint_auto: 0.12.8 (/opt/ros/humble/share/ament_lint_auto/cmake)
[7.604s] -- Added test 'cppcheck' to perform static code analysis on C / C++ code
[7.605s] -- Configured cppcheck include dirs: /home/mechax/ws_y/rm_ws/src/rm_auto_aim/armor_tracker/include
[7.605s] -- Configured cppcheck exclude dirs and/or files: 
[7.607s] -- Added test 'lint_cmake' to check CMake code style
[7.609s] -- Added test 'xmllint' to check XML markup files
[7.610s] -- Added test 'clang_format' to check C / C++ code style
[7.633s] -- Configuring done
[7.705s] -- Generating done
[7.713s] -- Build files have been written to: /home/mechax/ws_y/rm_ws/build/armor_tracker
[7.757s] Invoked command in '/home/mechax/ws_y/rm_ws/build/armor_tracker' returned '0': AMENT_PREFIX_PATH=/home/mechax/ws_y/rm_ws/install/auto_aim_interfaces:${AMENT_PREFIX_PATH} CMAKE_PREFIX_PATH=/home/mechax/ws_y/rm_ws/install/auto_aim_interfaces:/opt/ros/humble LD_LIBRARY_PATH=/home/mechax/ws_y/rm_ws/install/auto_aim_interfaces/lib:${LD_LIBRARY_PATH} PYTHONPATH=/home/mechax/ws_y/rm_ws/install/auto_aim_interfaces/local/lib/python3.10/dist-packages:${PYTHONPATH} /usr/bin/cmake /home/mechax/ws_y/rm_ws/src/rm_auto_aim/armor_tracker -DCMAKE_INSTALL_PREFIX=/home/mechax/ws_y/rm_ws/install/armor_tracker
[7.758s] Invoking command in '/home/mechax/ws_y/rm_ws/build/armor_tracker': AMENT_PREFIX_PATH=/home/mechax/ws_y/rm_ws/install/auto_aim_interfaces:${AMENT_PREFIX_PATH} CMAKE_PREFIX_PATH=/home/mechax/ws_y/rm_ws/install/auto_aim_interfaces:/opt/ros/humble LD_LIBRARY_PATH=/home/mechax/ws_y/rm_ws/install/auto_aim_interfaces/lib:${LD_LIBRARY_PATH} PYTHONPATH=/home/mechax/ws_y/rm_ws/install/auto_aim_interfaces/local/lib/python3.10/dist-packages:${PYTHONPATH} /usr/bin/cmake --build /home/mechax/ws_y/rm_ws/build/armor_tracker -- -j16 -l16
[7.988s] [ 33%] [32mBuilding CXX object CMakeFiles/armor_tracker_node.dir/rclcpp_components/node_main_armor_tracker_node.cpp.o[0m
[7.992s] [ 33%] [32mBuilding CXX object CMakeFiles/armor_tracker.dir/src/extended_kalman_filter.cpp.o[0m
[8.010s] [ 66%] [32mBuilding CXX object CMakeFiles/armor_tracker.dir/src/tracker_node.cpp.o[0m
[8.010s] [ 66%] [32mBuilding CXX object CMakeFiles/armor_tracker.dir/src/tracker.cpp.o[0m
[17.468s] [ 83%] [32m[1mLinking CXX executable armor_tracker_node[0m
[18.054s] [ 83%] Built target armor_tracker_node
[35.414s] [100%] [32m[1mLinking CXX shared library libarmor_tracker.so[0m
[37.281s] [100%] Built target armor_tracker
[37.305s] Invoked command in '/home/mechax/ws_y/rm_ws/build/armor_tracker' returned '0': AMENT_PREFIX_PATH=/home/mechax/ws_y/rm_ws/install/auto_aim_interfaces:${AMENT_PREFIX_PATH} CMAKE_PREFIX_PATH=/home/mechax/ws_y/rm_ws/install/auto_aim_interfaces:/opt/ros/humble LD_LIBRARY_PATH=/home/mechax/ws_y/rm_ws/install/auto_aim_interfaces/lib:${LD_LIBRARY_PATH} PYTHONPATH=/home/mechax/ws_y/rm_ws/install/auto_aim_interfaces/local/lib/python3.10/dist-packages:${PYTHONPATH} /usr/bin/cmake --build /home/mechax/ws_y/rm_ws/build/armor_tracker -- -j16 -l16
[37.354s] Invoking command in '/home/mechax/ws_y/rm_ws/build/armor_tracker': AMENT_PREFIX_PATH=/home/mechax/ws_y/rm_ws/install/auto_aim_interfaces:${AMENT_PREFIX_PATH} CMAKE_PREFIX_PATH=/home/mechax/ws_y/rm_ws/install/auto_aim_interfaces:/opt/ros/humble LD_LIBRARY_PATH=/home/mechax/ws_y/rm_ws/install/auto_aim_interfaces/lib:${LD_LIBRARY_PATH} PYTHONPATH=/home/mechax/ws_y/rm_ws/install/auto_aim_interfaces/local/lib/python3.10/dist-packages:${PYTHONPATH} /usr/bin/cmake --install /home/mechax/ws_y/rm_ws/build/armor_tracker
[37.367s] -- Install configuration: ""
[37.368s] -- Installing: /home/mechax/ws_y/rm_ws/install/armor_tracker/lib/armor_tracker/armor_tracker_node
[37.369s] -- Set runtime path of "/home/mechax/ws_y/rm_ws/install/armor_tracker/lib/armor_tracker/armor_tracker_node" to ""
[37.369s] -- Up-to-date: /home/mechax/ws_y/rm_ws/install/armor_tracker/include
[37.369s] -- Up-to-date: /home/mechax/ws_y/rm_ws/install/armor_tracker/include/armor_tracker
[37.369s] -- Up-to-date: /home/mechax/ws_y/rm_ws/install/armor_tracker/include/armor_tracker/tracker.hpp
[37.369s] -- Up-to-date: /home/mechax/ws_y/rm_ws/install/armor_tracker/include/armor_tracker/tracker_node.hpp
[37.369s] -- Up-to-date: /home/mechax/ws_y/rm_ws/install/armor_tracker/include/armor_tracker/extended_kalman_filter.hpp
[37.369s] -- Up-to-date: /home/mechax/ws_y/rm_ws/install/armor_tracker/share/armor_tracker/environment/library_path.sh
[37.369s] -- Installing: /home/mechax/ws_y/rm_ws/install/armor_tracker/share/armor_tracker/environment/library_path.dsv
[37.369s] -- Installing: /home/mechax/ws_y/rm_ws/install/armor_tracker/lib/libarmor_tracker.so
[37.394s] -- Set runtime path of "/home/mechax/ws_y/rm_ws/install/armor_tracker/lib/libarmor_tracker.so" to ""
[37.395s] -- Installing: /home/mechax/ws_y/rm_ws/install/armor_tracker/share/ament_index/resource_index/package_run_dependencies/armor_tracker
[37.395s] -- Installing: /home/mechax/ws_y/rm_ws/install/armor_tracker/share/ament_index/resource_index/parent_prefix_path/armor_tracker
[37.395s] -- Up-to-date: /home/mechax/ws_y/rm_ws/install/armor_tracker/share/armor_tracker/environment/ament_prefix_path.sh
[37.395s] -- Installing: /home/mechax/ws_y/rm_ws/install/armor_tracker/share/armor_tracker/environment/ament_prefix_path.dsv
[37.395s] -- Up-to-date: /home/mechax/ws_y/rm_ws/install/armor_tracker/share/armor_tracker/environment/path.sh
[37.395s] -- Installing: /home/mechax/ws_y/rm_ws/install/armor_tracker/share/armor_tracker/environment/path.dsv
[37.395s] -- Installing: /home/mechax/ws_y/rm_ws/install/armor_tracker/share/armor_tracker/local_setup.bash
[37.395s] -- Installing: /home/mechax/ws_y/rm_ws/install/armor_tracker/share/armor_tracker/local_setup.sh
[37.395s] -- Installing: /home/mechax/ws_y/rm_ws/install/armor_tracker/share/armor_tracker/local_setup.zsh
[37.395s] -- Installing: /home/mechax/ws_y/rm_ws/install/armor_tracker/share/armor_tracker/local_setup.dsv
[37.395s] -- Installing: /home/mechax/ws_y/rm_ws/install/armor_tracker/share/armor_tracker/package.dsv
[37.396s] -- Installing: /home/mechax/ws_y/rm_ws/install/armor_tracker/share/ament_index/resource_index/packages/armor_tracker
[37.396s] -- Installing: /home/mechax/ws_y/rm_ws/install/armor_tracker/share/ament_index/resource_index/rclcpp_components/armor_tracker
[37.396s] -- Installing: /home/mechax/ws_y/rm_ws/install/armor_tracker/share/armor_tracker/cmake/ament_cmake_export_dependencies-extras.cmake
[37.397s] -- Installing: /home/mechax/ws_y/rm_ws/install/armor_tracker/share/armor_tracker/cmake/ament_cmake_export_include_directories-extras.cmake
[37.397s] -- Installing: /home/mechax/ws_y/rm_ws/install/armor_tracker/share/armor_tracker/cmake/ament_cmake_export_libraries-extras.cmake
[37.397s] -- Installing: /home/mechax/ws_y/rm_ws/install/armor_tracker/share/armor_tracker/cmake/armor_trackerConfig.cmake
[37.397s] -- Installing: /home/mechax/ws_y/rm_ws/install/armor_tracker/share/armor_tracker/cmake/armor_trackerConfig-version.cmake
[37.397s] -- Up-to-date: /home/mechax/ws_y/rm_ws/install/armor_tracker/share/armor_tracker/package.xml
[37.402s] Invoked command in '/home/mechax/ws_y/rm_ws/build/armor_tracker' returned '0': AMENT_PREFIX_PATH=/home/mechax/ws_y/rm_ws/install/auto_aim_interfaces:${AMENT_PREFIX_PATH} CMAKE_PREFIX_PATH=/home/mechax/ws_y/rm_ws/install/auto_aim_interfaces:/opt/ros/humble LD_LIBRARY_PATH=/home/mechax/ws_y/rm_ws/install/auto_aim_interfaces/lib:${LD_LIBRARY_PATH} PYTHONPATH=/home/mechax/ws_y/rm_ws/install/auto_aim_interfaces/local/lib/python3.10/dist-packages:${PYTHONPATH} /usr/bin/cmake --install /home/mechax/ws_y/rm_ws/build/armor_tracker
