[0.587s] Invoking command in '/home/mechax/ws_y/rm_ws/build/armor_detector': AMENT_PREFIX_PATH=/home/mechax/ws_y/rm_ws/install/auto_aim_interfaces:${AMENT_PREFIX_PATH} CMAKE_PREFIX_PATH=/home/mechax/ws_y/rm_ws/install/auto_aim_interfaces:/opt/ros/humble LD_LIBRARY_PATH=/home/mechax/ws_y/rm_ws/install/auto_aim_interfaces/lib:${LD_LIBRARY_PATH} PYTHONPATH=/home/mechax/ws_y/rm_ws/install/auto_aim_interfaces/local/lib/python3.10/dist-packages:${PYTHONPATH} /usr/bin/cmake /home/mechax/ws_y/rm_ws/src/rm_auto_aim/armor_detector -DCMAKE_INSTALL_PREFIX=/home/mechax/ws_y/rm_ws/install/armor_detector
[0.917s] -- The C compiler identification is GNU 11.4.0
[1.194s] -- The CXX compiler identification is GNU 11.4.0
[1.214s] -- Detecting C compiler ABI info
[1.585s] -- Detecting C compiler ABI info - done
[1.593s] -- Check for working C compiler: /usr/bin/cc - skipped
[1.593s] -- Detecting C compile features
[1.594s] -- Detecting C compile features - done
[1.614s] -- Detecting CXX compiler ABI info
[1.957s] -- Detecting CXX compiler ABI info - done
[1.976s] -- Check for working CXX compiler: /usr/bin/c++ - skipped
[1.978s] -- Detecting CXX compile features
[1.979s] -- Detecting CXX compile features - done
[1.984s] -- Found ament_cmake_auto: 1.3.5 (/opt/ros/humble/share/ament_cmake_auto/cmake)
[2.619s] -- Found Python3: /usr/bin/python3.10 (found version "3.10.12") found components: Interpreter 
[2.856s] -- Found OpenCV: /usr (found version "4.5.4") 
[3.362s] -- Found rosidl_generator_c: 3.1.5 (/opt/ros/humble/share/rosidl_generator_c/cmake)
[3.382s] -- Found rosidl_adapter: 3.1.5 (/opt/ros/humble/share/rosidl_adapter/cmake)
[3.393s] -- Found rosidl_generator_cpp: 3.1.5 (/opt/ros/humble/share/rosidl_generator_cpp/cmake)
[3.451s] -- Using all available rosidl_typesupport_c: rosidl_typesupport_fastrtps_c;rosidl_typesupport_introspection_c
[3.503s] -- Using all available rosidl_typesupport_cpp: rosidl_typesupport_fastrtps_cpp;rosidl_typesupport_introspection_cpp
[3.744s] -- Found rmw_implementation_cmake: 6.1.1 (/opt/ros/humble/share/rmw_implementation_cmake/cmake)
[3.748s] -- Found rmw_fastrtps_cpp: 6.2.4 (/opt/ros/humble/share/rmw_fastrtps_cpp/cmake)
[4.425s] -- Found OpenSSL: /usr/lib/x86_64-linux-gnu/libcrypto.so (found version "3.0.2")  
[4.558s] -- Found FastRTPS: /opt/ros/humble/include  
[4.706s] -- Using RMW implementation 'rmw_fastrtps_cpp' as default
[4.761s] -- Looking for pthread.h
[5.324s] -- Looking for pthread.h - found
[5.330s] -- Performing Test CMAKE_HAVE_LIBC_PTHREAD
[5.714s] -- Performing Test CMAKE_HAVE_LIBC_PTHREAD - Success
[5.715s] -- Found Threads: TRUE  
[7.314s] -- Found eigen3_cmake_module: 0.1.1 (/opt/ros/humble/share/eigen3_cmake_module/cmake)
[7.332s] -- Found Eigen3: TRUE (found version "3.4.0") 
[7.332s] -- Ensuring Eigen3 include directory is part of orocos-kdl CMake target
[7.955s] -- Found ament_lint_auto: 0.12.8 (/opt/ros/humble/share/ament_lint_auto/cmake)
[7.991s] -- Found ament_cmake_gtest: 1.3.5 (/opt/ros/humble/share/ament_cmake_gtest/cmake)
[7.993s] -- Found gtest sources under '/opt/ros/humble/src/gtest_vendor': C++ tests using 'Google Test' will be built
[8.030s] -- Added test 'cppcheck' to perform static code analysis on C / C++ code
[8.031s] -- Configured cppcheck include dirs: /home/mechax/ws_y/rm_ws/src/rm_auto_aim/armor_detector/include
[8.031s] -- Configured cppcheck exclude dirs and/or files: 
[8.047s] -- Added test 'lint_cmake' to check CMake code style
[8.049s] -- Added test 'xmllint' to check XML markup files
[8.051s] -- Added test 'clang_format' to check C / C++ code style
[8.057s] -- Configuring done
[8.238s] -- Generating done
[8.263s] -- Build files have been written to: /home/mechax/ws_y/rm_ws/build/armor_detector
[8.347s] Invoked command in '/home/mechax/ws_y/rm_ws/build/armor_detector' returned '0': AMENT_PREFIX_PATH=/home/mechax/ws_y/rm_ws/install/auto_aim_interfaces:${AMENT_PREFIX_PATH} CMAKE_PREFIX_PATH=/home/mechax/ws_y/rm_ws/install/auto_aim_interfaces:/opt/ros/humble LD_LIBRARY_PATH=/home/mechax/ws_y/rm_ws/install/auto_aim_interfaces/lib:${LD_LIBRARY_PATH} PYTHONPATH=/home/mechax/ws_y/rm_ws/install/auto_aim_interfaces/local/lib/python3.10/dist-packages:${PYTHONPATH} /usr/bin/cmake /home/mechax/ws_y/rm_ws/src/rm_auto_aim/armor_detector -DCMAKE_INSTALL_PREFIX=/home/mechax/ws_y/rm_ws/install/armor_detector
[8.348s] Invoking command in '/home/mechax/ws_y/rm_ws/build/armor_detector': AMENT_PREFIX_PATH=/home/mechax/ws_y/rm_ws/install/auto_aim_interfaces:${AMENT_PREFIX_PATH} CMAKE_PREFIX_PATH=/home/mechax/ws_y/rm_ws/install/auto_aim_interfaces:/opt/ros/humble LD_LIBRARY_PATH=/home/mechax/ws_y/rm_ws/install/auto_aim_interfaces/lib:${LD_LIBRARY_PATH} PYTHONPATH=/home/mechax/ws_y/rm_ws/install/auto_aim_interfaces/local/lib/python3.10/dist-packages:${PYTHONPATH} /usr/bin/cmake --build /home/mechax/ws_y/rm_ws/build/armor_detector -- -j16 -l16
[8.667s] [ 20%] [32mBuilding CXX object CMakeFiles/armor_detector.dir/src/detector.cpp.o[0m
[8.669s] [ 20%] [32mBuilding CXX object CMakeFiles/armor_detector.dir/src/detector_node.cpp.o[0m
[8.669s] [ 20%] [32mBuilding CXX object CMakeFiles/armor_detector_node.dir/rclcpp_components/node_main_armor_detector_node.cpp.o[0m
[8.675s] [ 33%] [32mBuilding CXX object CMakeFiles/armor_detector.dir/src/number_classifier.cpp.o[0m
[8.676s] [ 33%] [32mBuilding CXX object gtest/CMakeFiles/gtest_main.dir/src/gtest_main.cc.o[0m
[8.698s] [ 40%] [32mBuilding CXX object gtest/CMakeFiles/gtest.dir/src/gtest-all.cc.o[0m
[8.698s] [ 46%] [32mBuilding CXX object CMakeFiles/armor_detector.dir/src/pnp_solver.cpp.o[0m
[10.647s] [ 53%] [32m[1mLinking CXX static library libgtest_main.a[0m
[10.892s] [ 53%] Built target gtest_main
[16.197s] [ 60%] [32m[1mLinking CXX static library libgtest.a[0m
[16.349s] [ 60%] Built target gtest
[18.479s] [ 66%] [32m[1mLinking CXX executable armor_detector_node[0m
[18.791s] [ 66%] Built target armor_detector_node
[36.884s] [ 73%] [32m[1mLinking CXX shared library libarmor_detector.so[0m
[38.934s] [ 73%] Built target armor_detector
[38.964s] [ 86%] [32mBuilding CXX object CMakeFiles/test_number_cls.dir/test/test_number_cls.cpp.o[0m
[38.965s] [ 86%] [32mBuilding CXX object CMakeFiles/test_node_startup.dir/test/test_node_startup.cpp.o[0m
[41.151s] [ 93%] [32m[1mLinking CXX executable test_number_cls[0m
[42.117s] [ 93%] Built target test_number_cls
[44.365s] [100%] [32m[1mLinking CXX executable test_node_startup[0m
[45.197s] [100%] Built target test_node_startup
[45.208s] Invoked command in '/home/mechax/ws_y/rm_ws/build/armor_detector' returned '0': AMENT_PREFIX_PATH=/home/mechax/ws_y/rm_ws/install/auto_aim_interfaces:${AMENT_PREFIX_PATH} CMAKE_PREFIX_PATH=/home/mechax/ws_y/rm_ws/install/auto_aim_interfaces:/opt/ros/humble LD_LIBRARY_PATH=/home/mechax/ws_y/rm_ws/install/auto_aim_interfaces/lib:${LD_LIBRARY_PATH} PYTHONPATH=/home/mechax/ws_y/rm_ws/install/auto_aim_interfaces/local/lib/python3.10/dist-packages:${PYTHONPATH} /usr/bin/cmake --build /home/mechax/ws_y/rm_ws/build/armor_detector -- -j16 -l16
[45.234s] Invoking command in '/home/mechax/ws_y/rm_ws/build/armor_detector': AMENT_PREFIX_PATH=/home/mechax/ws_y/rm_ws/install/auto_aim_interfaces:${AMENT_PREFIX_PATH} CMAKE_PREFIX_PATH=/home/mechax/ws_y/rm_ws/install/auto_aim_interfaces:/opt/ros/humble LD_LIBRARY_PATH=/home/mechax/ws_y/rm_ws/install/auto_aim_interfaces/lib:${LD_LIBRARY_PATH} PYTHONPATH=/home/mechax/ws_y/rm_ws/install/auto_aim_interfaces/local/lib/python3.10/dist-packages:${PYTHONPATH} /usr/bin/cmake --install /home/mechax/ws_y/rm_ws/build/armor_detector
[45.240s] -- Install configuration: ""
[45.241s] -- Installing: /home/mechax/ws_y/rm_ws/install/armor_detector/lib/armor_detector/armor_detector_node
[45.241s] -- Set runtime path of "/home/mechax/ws_y/rm_ws/install/armor_detector/lib/armor_detector/armor_detector_node" to ""
[45.241s] -- Up-to-date: /home/mechax/ws_y/rm_ws/install/armor_detector/include
[45.241s] -- Up-to-date: /home/mechax/ws_y/rm_ws/install/armor_detector/include/armor_detector
[45.241s] -- Up-to-date: /home/mechax/ws_y/rm_ws/install/armor_detector/include/armor_detector/armor.hpp
[45.241s] -- Up-to-date: /home/mechax/ws_y/rm_ws/install/armor_detector/include/armor_detector/number_classifier.hpp
[45.241s] -- Up-to-date: /home/mechax/ws_y/rm_ws/install/armor_detector/include/armor_detector/detector.hpp
[45.241s] -- Up-to-date: /home/mechax/ws_y/rm_ws/install/armor_detector/include/armor_detector/pnp_solver.hpp
[45.241s] -- Up-to-date: /home/mechax/ws_y/rm_ws/install/armor_detector/include/armor_detector/detector_node.hpp
[45.242s] -- Up-to-date: /home/mechax/ws_y/rm_ws/install/armor_detector/share/armor_detector/environment/library_path.sh
[45.242s] -- Installing: /home/mechax/ws_y/rm_ws/install/armor_detector/share/armor_detector/environment/library_path.dsv
[45.242s] -- Installing: /home/mechax/ws_y/rm_ws/install/armor_detector/lib/libarmor_detector.so
[45.256s] -- Set runtime path of "/home/mechax/ws_y/rm_ws/install/armor_detector/lib/libarmor_detector.so" to ""
[45.256s] -- Up-to-date: /home/mechax/ws_y/rm_ws/install/armor_detector/share/armor_detector/model
[45.256s] -- Up-to-date: /home/mechax/ws_y/rm_ws/install/armor_detector/share/armor_detector/model/mlp.onnx
[45.256s] -- Up-to-date: /home/mechax/ws_y/rm_ws/install/armor_detector/share/armor_detector/model/label.txt
[45.256s] -- Installing: /home/mechax/ws_y/rm_ws/install/armor_detector/share/ament_index/resource_index/package_run_dependencies/armor_detector
[45.256s] -- Installing: /home/mechax/ws_y/rm_ws/install/armor_detector/share/ament_index/resource_index/parent_prefix_path/armor_detector
[45.256s] -- Up-to-date: /home/mechax/ws_y/rm_ws/install/armor_detector/share/armor_detector/environment/ament_prefix_path.sh
[45.257s] -- Installing: /home/mechax/ws_y/rm_ws/install/armor_detector/share/armor_detector/environment/ament_prefix_path.dsv
[45.257s] -- Up-to-date: /home/mechax/ws_y/rm_ws/install/armor_detector/share/armor_detector/environment/path.sh
[45.257s] -- Installing: /home/mechax/ws_y/rm_ws/install/armor_detector/share/armor_detector/environment/path.dsv
[45.257s] -- Installing: /home/mechax/ws_y/rm_ws/install/armor_detector/share/armor_detector/local_setup.bash
[45.257s] -- Installing: /home/mechax/ws_y/rm_ws/install/armor_detector/share/armor_detector/local_setup.sh
[45.257s] -- Installing: /home/mechax/ws_y/rm_ws/install/armor_detector/share/armor_detector/local_setup.zsh
[45.257s] -- Installing: /home/mechax/ws_y/rm_ws/install/armor_detector/share/armor_detector/local_setup.dsv
[45.257s] -- Installing: /home/mechax/ws_y/rm_ws/install/armor_detector/share/armor_detector/package.dsv
[45.257s] -- Installing: /home/mechax/ws_y/rm_ws/install/armor_detector/share/ament_index/resource_index/packages/armor_detector
[45.257s] -- Installing: /home/mechax/ws_y/rm_ws/install/armor_detector/share/ament_index/resource_index/rclcpp_components/armor_detector
[45.257s] -- Installing: /home/mechax/ws_y/rm_ws/install/armor_detector/share/armor_detector/cmake/ament_cmake_export_dependencies-extras.cmake
[45.257s] -- Installing: /home/mechax/ws_y/rm_ws/install/armor_detector/share/armor_detector/cmake/ament_cmake_export_include_directories-extras.cmake
[45.257s] -- Installing: /home/mechax/ws_y/rm_ws/install/armor_detector/share/armor_detector/cmake/ament_cmake_export_libraries-extras.cmake
[45.257s] -- Installing: /home/mechax/ws_y/rm_ws/install/armor_detector/share/armor_detector/cmake/armor_detectorConfig.cmake
[45.257s] -- Installing: /home/mechax/ws_y/rm_ws/install/armor_detector/share/armor_detector/cmake/armor_detectorConfig-version.cmake
[45.258s] -- Up-to-date: /home/mechax/ws_y/rm_ws/install/armor_detector/share/armor_detector/package.xml
[45.259s] Invoked command in '/home/mechax/ws_y/rm_ws/build/armor_detector' returned '0': AMENT_PREFIX_PATH=/home/mechax/ws_y/rm_ws/install/auto_aim_interfaces:${AMENT_PREFIX_PATH} CMAKE_PREFIX_PATH=/home/mechax/ws_y/rm_ws/install/auto_aim_interfaces:/opt/ros/humble LD_LIBRARY_PATH=/home/mechax/ws_y/rm_ws/install/auto_aim_interfaces/lib:${LD_LIBRARY_PATH} PYTHONPATH=/home/mechax/ws_y/rm_ws/install/auto_aim_interfaces/local/lib/python3.10/dist-packages:${PYTHONPATH} /usr/bin/cmake --install /home/mechax/ws_y/rm_ws/build/armor_detector
