[0.283s] Invoking command in '/home/mechax/ws_y/rm_ws/build/rm_navigation': CMAKE_PREFIX_PATH=/opt/ros/humble /usr/bin/cmake /home/mechax/ws_y/rm_ws/src/rm_navigation -DCMAKE_INSTALL_PREFIX=/home/mechax/ws_y/rm_ws/install/rm_navigation
[0.336s] -- The C compiler identification is GNU 11.4.0
[0.397s] -- The CXX compiler identification is GNU 11.4.0
[0.404s] -- Detecting C compiler ABI info
[0.498s] -- Detecting C compiler ABI info - done
[0.504s] -- Check for working C compiler: /usr/bin/cc - skipped
[0.505s] -- Detecting C compile features
[0.505s] -- Detecting C compile features - done
[0.508s] -- Detecting CXX compiler ABI info
[0.610s] -- Detecting CXX compiler ABI info - done
[0.619s] -- Check for working CXX compiler: /usr/bin/c++ - skipped
[0.620s] -- Detecting CXX compile features
[0.620s] -- Detecting CXX compile features - done
[0.622s] -- Found ament_cmake_auto: 1.3.5 (/opt/ros/humble/share/ament_cmake_auto/cmake)
[0.785s] -- Found Python3: /usr/bin/python3.10 (found version "3.10.12") found components: Interpreter 
[0.859s] -- Found ament_lint_auto: 0.12.8 (/opt/ros/humble/share/ament_lint_auto/cmake)
[0.939s] -- Added test 'flake8' to check Python code syntax and style conventions
[0.940s] -- Added test 'lint_cmake' to check CMake code style
[0.941s] -- Added test 'pep257' to check Python code against some of the docstring style conventions in PEP 257
[0.942s] -- Added test 'xmllint' to check XML markup files
[0.945s] -- Configuring done
[0.949s] -- Generating done
[0.950s] -- Build files have been written to: /home/mechax/ws_y/rm_ws/build/rm_navigation
[0.964s] Invoked command in '/home/mechax/ws_y/rm_ws/build/rm_navigation' returned '0': CMAKE_PREFIX_PATH=/opt/ros/humble /usr/bin/cmake /home/mechax/ws_y/rm_ws/src/rm_navigation -DCMAKE_INSTALL_PREFIX=/home/mechax/ws_y/rm_ws/install/rm_navigation
[0.966s] Invoking command in '/home/mechax/ws_y/rm_ws/build/rm_navigation': CMAKE_PREFIX_PATH=/opt/ros/humble /usr/bin/cmake --build /home/mechax/ws_y/rm_ws/build/rm_navigation -- -j16 -l16
[1.011s] Invoked command in '/home/mechax/ws_y/rm_ws/build/rm_navigation' returned '0': CMAKE_PREFIX_PATH=/opt/ros/humble /usr/bin/cmake --build /home/mechax/ws_y/rm_ws/build/rm_navigation -- -j16 -l16
[1.046s] Invoking command in '/home/mechax/ws_y/rm_ws/build/rm_navigation': CMAKE_PREFIX_PATH=/opt/ros/humble /usr/bin/cmake --install /home/mechax/ws_y/rm_ws/build/rm_navigation
[1.051s] -- Install configuration: ""
[1.051s] -- Up-to-date: /home/mechax/ws_y/rm_ws/install/rm_navigation/share/rm_navigation/params
[1.051s] -- Up-to-date: /home/mechax/ws_y/rm_ws/install/rm_navigation/share/rm_navigation/launch
[1.051s] -- Up-to-date: /home/mechax/ws_y/rm_ws/install/rm_navigation/share/rm_navigation/map
[1.051s] -- Installing: /home/mechax/ws_y/rm_ws/install/rm_navigation/share/rm_navigation/package.dsv
[1.054s] Invoked command in '/home/mechax/ws_y/rm_ws/build/rm_navigation' returned '0': CMAKE_PREFIX_PATH=/opt/ros/humble /usr/bin/cmake --install /home/mechax/ws_y/rm_ws/build/rm_navigation
