[0.100s] Invoking command in '/home/mechax/ws_y/rm_ws/build/auto_aim_interfaces': CMAKE_PREFIX_PATH=/opt/ros/humble /usr/bin/cmake /home/mechax/ws_y/rm_ws/src/mechax_rm_cv/src/rm_auto_aim/auto_aim_interfaces -DCMAKE_INSTALL_PREFIX=/home/mechax/ws_y/rm_ws/install/auto_aim_interfaces
[0.254s] -- Found ament_cmake: 1.3.5 (/opt/ros/humble/share/ament_cmake/cmake)
[0.254s] -- Override CMake install command with custom implementation using symlinks instead of copying resources
[0.254s] -- Found rosidl_default_generators: 1.2.0 (/opt/ros/humble/share/rosidl_default_generators/cmake)
[0.254s] -- Using all available rosidl_typesupport_c: rosidl_typesupport_fastrtps_c;rosidl_typesupport_introspection_c
[0.255s] -- Found rosidl_adapter: 3.1.5 (/opt/ros/humble/share/rosidl_adapter/cmake)
[0.255s] -- Using all available rosidl_typesupport_cpp: rosidl_typesupport_fastrtps_cpp;rosidl_typesupport_introspection_cpp
[0.255s] -- Found geometry_msgs: 4.2.3 (/opt/ros/humble/share/geometry_msgs/cmake)
[0.485s] -- Found ament_cmake_ros: 0.10.0 (/opt/ros/humble/share/ament_cmake_ros/cmake)
[0.626s] -- Using all available rosidl_typesupport_c: rosidl_typesupport_fastrtps_c;rosidl_typesupport_introspection_c
[0.813s] -- Using all available rosidl_typesupport_cpp: rosidl_typesupport_fastrtps_cpp;rosidl_typesupport_introspection_cpp
[0.828s] -- Found python_cmake_module: 0.10.0 (/opt/ros/humble/share/python_cmake_module/cmake)
[0.843s] -- Using PYTHON_EXECUTABLE: /usr/bin/python3
[0.843s] -- Using PYTHON_INCLUDE_DIRS: /usr/include/python3.10
[0.843s] -- Using PYTHON_LIBRARIES: /usr/lib/x86_64-linux-gnu/libpython3.10.so
[0.868s] -- Configuring done
[0.891s] -- Generating done
[0.892s] -- Build files have been written to: /home/mechax/ws_y/rm_ws/build/auto_aim_interfaces
[0.896s] Invoked command in '/home/mechax/ws_y/rm_ws/build/auto_aim_interfaces' returned '0': CMAKE_PREFIX_PATH=/opt/ros/humble /usr/bin/cmake /home/mechax/ws_y/rm_ws/src/mechax_rm_cv/src/rm_auto_aim/auto_aim_interfaces -DCMAKE_INSTALL_PREFIX=/home/mechax/ws_y/rm_ws/install/auto_aim_interfaces
[0.898s] Invoking command in '/home/mechax/ws_y/rm_ws/build/auto_aim_interfaces': CMAKE_PREFIX_PATH=/opt/ros/humble /usr/bin/cmake --build /home/mechax/ws_y/rm_ws/build/auto_aim_interfaces -- -j16 -l16
[0.921s] [35m[1mConsolidate compiler generated dependencies of target auto_aim_interfaces__rosidl_generator_c[0m
[0.927s] [  1%] Built target auto_aim_interfaces__cpp
[0.930s] [ 12%] Built target auto_aim_interfaces__rosidl_generator_c
[0.931s] [ 12%] Built target ament_cmake_python_symlink_auto_aim_interfaces
[0.933s] [35m[1mConsolidate compiler generated dependencies of target auto_aim_interfaces__rosidl_typesupport_cpp[0m
[0.933s] [35m[1mConsolidate compiler generated dependencies of target auto_aim_interfaces__rosidl_typesupport_fastrtps_cpp[0m
[0.938s] [35m[1mConsolidate compiler generated dependencies of target auto_aim_interfaces__rosidl_typesupport_fastrtps_c[0m
[0.938s] [35m[1mConsolidate compiler generated dependencies of target auto_aim_interfaces__rosidl_typesupport_introspection_cpp[0m
[0.941s] [35m[1mConsolidate compiler generated dependencies of target auto_aim_interfaces__rosidl_typesupport_c[0m
[0.941s] [35m[1mConsolidate compiler generated dependencies of target auto_aim_interfaces__rosidl_typesupport_introspection_c[0m
[0.943s] [ 24%] Built target auto_aim_interfaces__rosidl_typesupport_cpp
[0.943s] [ 35%] Built target auto_aim_interfaces__rosidl_typesupport_fastrtps_cpp
[0.949s] [ 47%] Built target auto_aim_interfaces__rosidl_typesupport_fastrtps_c
[0.949s] [ 58%] Built target auto_aim_interfaces__rosidl_typesupport_introspection_c
[0.950s] [ 70%] Built target auto_aim_interfaces__rosidl_typesupport_introspection_cpp
[0.951s] [ 81%] Built target auto_aim_interfaces__rosidl_typesupport_c
[0.963s] [ 81%] Built target auto_aim_interfaces
[0.975s] [ 82%] Built target auto_aim_interfaces__py
[0.982s] [35m[1mConsolidate compiler generated dependencies of target auto_aim_interfaces__rosidl_generator_py[0m
[0.992s] [ 93%] Built target auto_aim_interfaces__rosidl_generator_py
[0.998s] [35m[1mConsolidate compiler generated dependencies of target auto_aim_interfaces__rosidl_typesupport_fastrtps_c__pyext[0m
[0.998s] [35m[1mConsolidate compiler generated dependencies of target auto_aim_interfaces__rosidl_typesupport_introspection_c__pyext[0m
[0.998s] [35m[1mConsolidate compiler generated dependencies of target auto_aim_interfaces__rosidl_typesupport_c__pyext[0m
[1.006s] [100%] Built target auto_aim_interfaces__rosidl_typesupport_introspection_c__pyext
[1.006s] [100%] Built target auto_aim_interfaces__rosidl_typesupport_c__pyext
[1.006s] [100%] Built target auto_aim_interfaces__rosidl_typesupport_fastrtps_c__pyext
[1.051s] running egg_info
[1.052s] writing auto_aim_interfaces.egg-info/PKG-INFO
[1.052s] writing dependency_links to auto_aim_interfaces.egg-info/dependency_links.txt
[1.052s] writing top-level names to auto_aim_interfaces.egg-info/top_level.txt
[1.053s] reading manifest file 'auto_aim_interfaces.egg-info/SOURCES.txt'
[1.053s] writing manifest file 'auto_aim_interfaces.egg-info/SOURCES.txt'
[1.069s] [100%] Built target ament_cmake_python_build_auto_aim_interfaces_egg
[1.076s] Invoked command in '/home/mechax/ws_y/rm_ws/build/auto_aim_interfaces' returned '0': CMAKE_PREFIX_PATH=/opt/ros/humble /usr/bin/cmake --build /home/mechax/ws_y/rm_ws/build/auto_aim_interfaces -- -j16 -l16
[1.151s] Invoking command in '/home/mechax/ws_y/rm_ws/build/auto_aim_interfaces': CMAKE_PREFIX_PATH=/opt/ros/humble /usr/bin/cmake --install /home/mechax/ws_y/rm_ws/build/auto_aim_interfaces
[1.156s] -- Install configuration: ""
[1.156s] -- Execute custom install script
[1.156s] -- Up-to-date symlink: /home/mechax/ws_y/rm_ws/install/auto_aim_interfaces/share/ament_index/resource_index/rosidl_interfaces/auto_aim_interfaces
[1.157s] -- Up-to-date symlink: /home/mechax/ws_y/rm_ws/install/auto_aim_interfaces/include/auto_aim_interfaces/auto_aim_interfaces/msg/armor.h
[1.157s] -- Up-to-date symlink: /home/mechax/ws_y/rm_ws/install/auto_aim_interfaces/include/auto_aim_interfaces/auto_aim_interfaces/msg/armors.h
[1.157s] -- Up-to-date symlink: /home/mechax/ws_y/rm_ws/install/auto_aim_interfaces/include/auto_aim_interfaces/auto_aim_interfaces/msg/debug_armor.h
[1.157s] -- Up-to-date symlink: /home/mechax/ws_y/rm_ws/install/auto_aim_interfaces/include/auto_aim_interfaces/auto_aim_interfaces/msg/debug_armors.h
[1.157s] -- Up-to-date symlink: /home/mechax/ws_y/rm_ws/install/auto_aim_interfaces/include/auto_aim_interfaces/auto_aim_interfaces/msg/debug_light.h
[1.157s] -- Up-to-date symlink: /home/mechax/ws_y/rm_ws/install/auto_aim_interfaces/include/auto_aim_interfaces/auto_aim_interfaces/msg/debug_lights.h
[1.157s] -- Up-to-date symlink: /home/mechax/ws_y/rm_ws/install/auto_aim_interfaces/include/auto_aim_interfaces/auto_aim_interfaces/msg/detail/armor__functions.h
[1.157s] -- Up-to-date symlink: /home/mechax/ws_y/rm_ws/install/auto_aim_interfaces/include/auto_aim_interfaces/auto_aim_interfaces/msg/detail/armor__struct.h
[1.157s] -- Up-to-date symlink: /home/mechax/ws_y/rm_ws/install/auto_aim_interfaces/include/auto_aim_interfaces/auto_aim_interfaces/msg/detail/armor__type_support.h
[1.157s] -- Up-to-date symlink: /home/mechax/ws_y/rm_ws/install/auto_aim_interfaces/include/auto_aim_interfaces/auto_aim_interfaces/msg/detail/armors__functions.h
[1.157s] -- Up-to-date symlink: /home/mechax/ws_y/rm_ws/install/auto_aim_interfaces/include/auto_aim_interfaces/auto_aim_interfaces/msg/detail/armors__struct.h
[1.157s] -- Up-to-date symlink: /home/mechax/ws_y/rm_ws/install/auto_aim_interfaces/include/auto_aim_interfaces/auto_aim_interfaces/msg/detail/armors__type_support.h
[1.157s] -- Up-to-date symlink: /home/mechax/ws_y/rm_ws/install/auto_aim_interfaces/include/auto_aim_interfaces/auto_aim_interfaces/msg/detail/debug_armor__functions.h
[1.157s] -- Up-to-date symlink: /home/mechax/ws_y/rm_ws/install/auto_aim_interfaces/include/auto_aim_interfaces/auto_aim_interfaces/msg/detail/debug_armor__struct.h
[1.157s] -- Up-to-date symlink: /home/mechax/ws_y/rm_ws/install/auto_aim_interfaces/include/auto_aim_interfaces/auto_aim_interfaces/msg/detail/debug_armor__type_support.h
[1.157s] -- Up-to-date symlink: /home/mechax/ws_y/rm_ws/install/auto_aim_interfaces/include/auto_aim_interfaces/auto_aim_interfaces/msg/detail/debug_armors__functions.h
[1.157s] -- Up-to-date symlink: /home/mechax/ws_y/rm_ws/install/auto_aim_interfaces/include/auto_aim_interfaces/auto_aim_interfaces/msg/detail/debug_armors__struct.h
[1.157s] -- Up-to-date symlink: /home/mechax/ws_y/rm_ws/install/auto_aim_interfaces/include/auto_aim_interfaces/auto_aim_interfaces/msg/detail/debug_armors__type_support.h
[1.157s] -- Up-to-date symlink: /home/mechax/ws_y/rm_ws/install/auto_aim_interfaces/include/auto_aim_interfaces/auto_aim_interfaces/msg/detail/debug_light__functions.h
[1.157s] -- Up-to-date symlink: /home/mechax/ws_y/rm_ws/install/auto_aim_interfaces/include/auto_aim_interfaces/auto_aim_interfaces/msg/detail/debug_light__struct.h
[1.157s] -- Up-to-date symlink: /home/mechax/ws_y/rm_ws/install/auto_aim_interfaces/include/auto_aim_interfaces/auto_aim_interfaces/msg/detail/debug_light__type_support.h
[1.157s] -- Up-to-date symlink: /home/mechax/ws_y/rm_ws/install/auto_aim_interfaces/include/auto_aim_interfaces/auto_aim_interfaces/msg/detail/debug_lights__functions.h
[1.157s] -- Up-to-date symlink: /home/mechax/ws_y/rm_ws/install/auto_aim_interfaces/include/auto_aim_interfaces/auto_aim_interfaces/msg/detail/debug_lights__struct.h
[1.157s] -- Up-to-date symlink: /home/mechax/ws_y/rm_ws/install/auto_aim_interfaces/include/auto_aim_interfaces/auto_aim_interfaces/msg/detail/debug_lights__type_support.h
[1.157s] -- Up-to-date symlink: /home/mechax/ws_y/rm_ws/install/auto_aim_interfaces/include/auto_aim_interfaces/auto_aim_interfaces/msg/detail/target__functions.h
[1.158s] -- Up-to-date symlink: /home/mechax/ws_y/rm_ws/install/auto_aim_interfaces/include/auto_aim_interfaces/auto_aim_interfaces/msg/detail/target__struct.h
[1.158s] -- Up-to-date symlink: /home/mechax/ws_y/rm_ws/install/auto_aim_interfaces/include/auto_aim_interfaces/auto_aim_interfaces/msg/detail/target__type_support.h
[1.158s] -- Up-to-date symlink: /home/mechax/ws_y/rm_ws/install/auto_aim_interfaces/include/auto_aim_interfaces/auto_aim_interfaces/msg/detail/tracker_info__functions.h
[1.158s] -- Up-to-date symlink: /home/mechax/ws_y/rm_ws/install/auto_aim_interfaces/include/auto_aim_interfaces/auto_aim_interfaces/msg/detail/tracker_info__struct.h
[1.158s] -- Up-to-date symlink: /home/mechax/ws_y/rm_ws/install/auto_aim_interfaces/include/auto_aim_interfaces/auto_aim_interfaces/msg/detail/tracker_info__type_support.h
[1.158s] -- Up-to-date symlink: /home/mechax/ws_y/rm_ws/install/auto_aim_interfaces/include/auto_aim_interfaces/auto_aim_interfaces/msg/rosidl_generator_c__visibility_control.h
[1.158s] -- Up-to-date symlink: /home/mechax/ws_y/rm_ws/install/auto_aim_interfaces/include/auto_aim_interfaces/auto_aim_interfaces/msg/target.h
[1.158s] -- Up-to-date symlink: /home/mechax/ws_y/rm_ws/install/auto_aim_interfaces/include/auto_aim_interfaces/auto_aim_interfaces/msg/tracker_info.h
[1.158s] -- Up-to-date symlink: /home/mechax/ws_y/rm_ws/install/auto_aim_interfaces/share/auto_aim_interfaces/environment/library_path.sh
[1.158s] -- Up-to-date symlink: /home/mechax/ws_y/rm_ws/install/auto_aim_interfaces/share/auto_aim_interfaces/environment/library_path.dsv
[1.158s] -- Up-to-date symlink: /home/mechax/ws_y/rm_ws/install/auto_aim_interfaces/include/auto_aim_interfaces/auto_aim_interfaces/msg/detail/armor__rosidl_typesupport_fastrtps_c.h
[1.158s] -- Up-to-date symlink: /home/mechax/ws_y/rm_ws/install/auto_aim_interfaces/include/auto_aim_interfaces/auto_aim_interfaces/msg/detail/armors__rosidl_typesupport_fastrtps_c.h
[1.158s] -- Up-to-date symlink: /home/mechax/ws_y/rm_ws/install/auto_aim_interfaces/include/auto_aim_interfaces/auto_aim_interfaces/msg/detail/debug_armor__rosidl_typesupport_fastrtps_c.h
[1.158s] -- Up-to-date symlink: /home/mechax/ws_y/rm_ws/install/auto_aim_interfaces/include/auto_aim_interfaces/auto_aim_interfaces/msg/detail/debug_armors__rosidl_typesupport_fastrtps_c.h
[1.158s] -- Up-to-date symlink: /home/mechax/ws_y/rm_ws/install/auto_aim_interfaces/include/auto_aim_interfaces/auto_aim_interfaces/msg/detail/debug_light__rosidl_typesupport_fastrtps_c.h
[1.159s] -- Up-to-date symlink: /home/mechax/ws_y/rm_ws/install/auto_aim_interfaces/include/auto_aim_interfaces/auto_aim_interfaces/msg/detail/debug_lights__rosidl_typesupport_fastrtps_c.h
[1.159s] -- Up-to-date symlink: /home/mechax/ws_y/rm_ws/install/auto_aim_interfaces/include/auto_aim_interfaces/auto_aim_interfaces/msg/detail/target__rosidl_typesupport_fastrtps_c.h
[1.159s] -- Up-to-date symlink: /home/mechax/ws_y/rm_ws/install/auto_aim_interfaces/include/auto_aim_interfaces/auto_aim_interfaces/msg/detail/tracker_info__rosidl_typesupport_fastrtps_c.h
[1.159s] -- Up-to-date symlink: /home/mechax/ws_y/rm_ws/install/auto_aim_interfaces/include/auto_aim_interfaces/auto_aim_interfaces/msg/rosidl_typesupport_fastrtps_c__visibility_control.h
[1.159s] -- Up-to-date symlink: /home/mechax/ws_y/rm_ws/install/auto_aim_interfaces/include/auto_aim_interfaces/auto_aim_interfaces/msg/detail/armor__rosidl_typesupport_introspection_c.h
[1.159s] -- Up-to-date symlink: /home/mechax/ws_y/rm_ws/install/auto_aim_interfaces/include/auto_aim_interfaces/auto_aim_interfaces/msg/detail/armors__rosidl_typesupport_introspection_c.h
[1.159s] -- Up-to-date symlink: /home/mechax/ws_y/rm_ws/install/auto_aim_interfaces/include/auto_aim_interfaces/auto_aim_interfaces/msg/detail/debug_armor__rosidl_typesupport_introspection_c.h
[1.159s] -- Up-to-date symlink: /home/mechax/ws_y/rm_ws/install/auto_aim_interfaces/include/auto_aim_interfaces/auto_aim_interfaces/msg/detail/debug_armors__rosidl_typesupport_introspection_c.h
[1.159s] -- Up-to-date symlink: /home/mechax/ws_y/rm_ws/install/auto_aim_interfaces/include/auto_aim_interfaces/auto_aim_interfaces/msg/detail/debug_light__rosidl_typesupport_introspection_c.h
[1.159s] -- Up-to-date symlink: /home/mechax/ws_y/rm_ws/install/auto_aim_interfaces/include/auto_aim_interfaces/auto_aim_interfaces/msg/detail/debug_lights__rosidl_typesupport_introspection_c.h
[1.159s] -- Up-to-date symlink: /home/mechax/ws_y/rm_ws/install/auto_aim_interfaces/include/auto_aim_interfaces/auto_aim_interfaces/msg/detail/target__rosidl_typesupport_introspection_c.h
[1.159s] -- Up-to-date symlink: /home/mechax/ws_y/rm_ws/install/auto_aim_interfaces/include/auto_aim_interfaces/auto_aim_interfaces/msg/detail/tracker_info__rosidl_typesupport_introspection_c.h
[1.160s] -- Up-to-date symlink: /home/mechax/ws_y/rm_ws/install/auto_aim_interfaces/include/auto_aim_interfaces/auto_aim_interfaces/msg/rosidl_typesupport_introspection_c__visibility_control.h
[1.160s] -- Up-to-date symlink: /home/mechax/ws_y/rm_ws/install/auto_aim_interfaces/include/auto_aim_interfaces/auto_aim_interfaces/msg/armor.hpp
[1.160s] -- Up-to-date symlink: /home/mechax/ws_y/rm_ws/install/auto_aim_interfaces/include/auto_aim_interfaces/auto_aim_interfaces/msg/armors.hpp
[1.160s] -- Up-to-date symlink: /home/mechax/ws_y/rm_ws/install/auto_aim_interfaces/include/auto_aim_interfaces/auto_aim_interfaces/msg/debug_armor.hpp
[1.160s] -- Up-to-date symlink: /home/mechax/ws_y/rm_ws/install/auto_aim_interfaces/include/auto_aim_interfaces/auto_aim_interfaces/msg/debug_armors.hpp
[1.160s] -- Up-to-date symlink: /home/mechax/ws_y/rm_ws/install/auto_aim_interfaces/include/auto_aim_interfaces/auto_aim_interfaces/msg/debug_light.hpp
[1.160s] -- Up-to-date symlink: /home/mechax/ws_y/rm_ws/install/auto_aim_interfaces/include/auto_aim_interfaces/auto_aim_interfaces/msg/debug_lights.hpp
[1.160s] -- Up-to-date symlink: /home/mechax/ws_y/rm_ws/install/auto_aim_interfaces/include/auto_aim_interfaces/auto_aim_interfaces/msg/detail/armor__builder.hpp
[1.160s] -- Up-to-date symlink: /home/mechax/ws_y/rm_ws/install/auto_aim_interfaces/include/auto_aim_interfaces/auto_aim_interfaces/msg/detail/armor__struct.hpp
[1.160s] -- Up-to-date symlink: /home/mechax/ws_y/rm_ws/install/auto_aim_interfaces/include/auto_aim_interfaces/auto_aim_interfaces/msg/detail/armor__traits.hpp
[1.161s] -- Up-to-date symlink: /home/mechax/ws_y/rm_ws/install/auto_aim_interfaces/include/auto_aim_interfaces/auto_aim_interfaces/msg/detail/armors__builder.hpp
[1.161s] -- Up-to-date symlink: /home/mechax/ws_y/rm_ws/install/auto_aim_interfaces/include/auto_aim_interfaces/auto_aim_interfaces/msg/detail/armors__struct.hpp
[1.161s] -- Up-to-date symlink: /home/mechax/ws_y/rm_ws/install/auto_aim_interfaces/include/auto_aim_interfaces/auto_aim_interfaces/msg/detail/armors__traits.hpp
[1.161s] -- Up-to-date symlink: /home/mechax/ws_y/rm_ws/install/auto_aim_interfaces/include/auto_aim_interfaces/auto_aim_interfaces/msg/detail/debug_armor__builder.hpp
[1.161s] -- Up-to-date symlink: /home/mechax/ws_y/rm_ws/install/auto_aim_interfaces/include/auto_aim_interfaces/auto_aim_interfaces/msg/detail/debug_armor__struct.hpp
[1.161s] -- Up-to-date symlink: /home/mechax/ws_y/rm_ws/install/auto_aim_interfaces/include/auto_aim_interfaces/auto_aim_interfaces/msg/detail/debug_armor__traits.hpp
[1.161s] -- Up-to-date symlink: /home/mechax/ws_y/rm_ws/install/auto_aim_interfaces/include/auto_aim_interfaces/auto_aim_interfaces/msg/detail/debug_armors__builder.hpp
[1.161s] -- Up-to-date symlink: /home/mechax/ws_y/rm_ws/install/auto_aim_interfaces/include/auto_aim_interfaces/auto_aim_interfaces/msg/detail/debug_armors__struct.hpp
[1.161s] -- Up-to-date symlink: /home/mechax/ws_y/rm_ws/install/auto_aim_interfaces/include/auto_aim_interfaces/auto_aim_interfaces/msg/detail/debug_armors__traits.hpp
[1.161s] -- Up-to-date symlink: /home/mechax/ws_y/rm_ws/install/auto_aim_interfaces/include/auto_aim_interfaces/auto_aim_interfaces/msg/detail/debug_light__builder.hpp
[1.161s] -- Up-to-date symlink: /home/mechax/ws_y/rm_ws/install/auto_aim_interfaces/include/auto_aim_interfaces/auto_aim_interfaces/msg/detail/debug_light__struct.hpp
[1.161s] -- Up-to-date symlink: /home/mechax/ws_y/rm_ws/install/auto_aim_interfaces/include/auto_aim_interfaces/auto_aim_interfaces/msg/detail/debug_light__traits.hpp
[1.161s] -- Up-to-date symlink: /home/mechax/ws_y/rm_ws/install/auto_aim_interfaces/include/auto_aim_interfaces/auto_aim_interfaces/msg/detail/debug_lights__builder.hpp
[1.161s] -- Up-to-date symlink: /home/mechax/ws_y/rm_ws/install/auto_aim_interfaces/include/auto_aim_interfaces/auto_aim_interfaces/msg/detail/debug_lights__struct.hpp
[1.162s] -- Up-to-date symlink: /home/mechax/ws_y/rm_ws/install/auto_aim_interfaces/include/auto_aim_interfaces/auto_aim_interfaces/msg/detail/debug_lights__traits.hpp
[1.162s] -- Up-to-date symlink: /home/mechax/ws_y/rm_ws/install/auto_aim_interfaces/include/auto_aim_interfaces/auto_aim_interfaces/msg/detail/target__builder.hpp
[1.162s] -- Up-to-date symlink: /home/mechax/ws_y/rm_ws/install/auto_aim_interfaces/include/auto_aim_interfaces/auto_aim_interfaces/msg/detail/target__struct.hpp
[1.162s] -- Up-to-date symlink: /home/mechax/ws_y/rm_ws/install/auto_aim_interfaces/include/auto_aim_interfaces/auto_aim_interfaces/msg/detail/target__traits.hpp
[1.162s] -- Up-to-date symlink: /home/mechax/ws_y/rm_ws/install/auto_aim_interfaces/include/auto_aim_interfaces/auto_aim_interfaces/msg/detail/tracker_info__builder.hpp
[1.162s] -- Up-to-date symlink: /home/mechax/ws_y/rm_ws/install/auto_aim_interfaces/include/auto_aim_interfaces/auto_aim_interfaces/msg/detail/tracker_info__struct.hpp
[1.162s] -- Up-to-date symlink: /home/mechax/ws_y/rm_ws/install/auto_aim_interfaces/include/auto_aim_interfaces/auto_aim_interfaces/msg/detail/tracker_info__traits.hpp
[1.162s] -- Up-to-date symlink: /home/mechax/ws_y/rm_ws/install/auto_aim_interfaces/include/auto_aim_interfaces/auto_aim_interfaces/msg/target.hpp
[1.162s] -- Up-to-date symlink: /home/mechax/ws_y/rm_ws/install/auto_aim_interfaces/include/auto_aim_interfaces/auto_aim_interfaces/msg/tracker_info.hpp
[1.162s] -- Up-to-date symlink: /home/mechax/ws_y/rm_ws/install/auto_aim_interfaces/include/auto_aim_interfaces/auto_aim_interfaces/msg/detail/armor__rosidl_typesupport_fastrtps_cpp.hpp
[1.162s] -- Up-to-date symlink: /home/mechax/ws_y/rm_ws/install/auto_aim_interfaces/include/auto_aim_interfaces/auto_aim_interfaces/msg/detail/armors__rosidl_typesupport_fastrtps_cpp.hpp
[1.162s] -- Up-to-date symlink: /home/mechax/ws_y/rm_ws/install/auto_aim_interfaces/include/auto_aim_interfaces/auto_aim_interfaces/msg/detail/debug_armor__rosidl_typesupport_fastrtps_cpp.hpp
[1.162s] -- Up-to-date symlink: /home/mechax/ws_y/rm_ws/install/auto_aim_interfaces/include/auto_aim_interfaces/auto_aim_interfaces/msg/detail/debug_armors__rosidl_typesupport_fastrtps_cpp.hpp
[1.162s] -- Up-to-date symlink: /home/mechax/ws_y/rm_ws/install/auto_aim_interfaces/include/auto_aim_interfaces/auto_aim_interfaces/msg/detail/debug_light__rosidl_typesupport_fastrtps_cpp.hpp
[1.162s] -- Up-to-date symlink: /home/mechax/ws_y/rm_ws/install/auto_aim_interfaces/include/auto_aim_interfaces/auto_aim_interfaces/msg/detail/debug_lights__rosidl_typesupport_fastrtps_cpp.hpp
[1.162s] -- Up-to-date symlink: /home/mechax/ws_y/rm_ws/install/auto_aim_interfaces/include/auto_aim_interfaces/auto_aim_interfaces/msg/detail/target__rosidl_typesupport_fastrtps_cpp.hpp
[1.162s] -- Up-to-date symlink: /home/mechax/ws_y/rm_ws/install/auto_aim_interfaces/include/auto_aim_interfaces/auto_aim_interfaces/msg/detail/tracker_info__rosidl_typesupport_fastrtps_cpp.hpp
[1.162s] -- Up-to-date symlink: /home/mechax/ws_y/rm_ws/install/auto_aim_interfaces/include/auto_aim_interfaces/auto_aim_interfaces/msg/rosidl_typesupport_fastrtps_cpp__visibility_control.h
[1.162s] -- Up-to-date symlink: /home/mechax/ws_y/rm_ws/install/auto_aim_interfaces/include/auto_aim_interfaces/auto_aim_interfaces/msg/detail/armor__rosidl_typesupport_introspection_cpp.hpp
[1.162s] -- Up-to-date symlink: /home/mechax/ws_y/rm_ws/install/auto_aim_interfaces/include/auto_aim_interfaces/auto_aim_interfaces/msg/detail/armors__rosidl_typesupport_introspection_cpp.hpp
[1.162s] -- Up-to-date symlink: /home/mechax/ws_y/rm_ws/install/auto_aim_interfaces/include/auto_aim_interfaces/auto_aim_interfaces/msg/detail/debug_armor__rosidl_typesupport_introspection_cpp.hpp
[1.162s] -- Up-to-date symlink: /home/mechax/ws_y/rm_ws/install/auto_aim_interfaces/include/auto_aim_interfaces/auto_aim_interfaces/msg/detail/debug_armors__rosidl_typesupport_introspection_cpp.hpp
[1.162s] -- Up-to-date symlink: /home/mechax/ws_y/rm_ws/install/auto_aim_interfaces/include/auto_aim_interfaces/auto_aim_interfaces/msg/detail/debug_light__rosidl_typesupport_introspection_cpp.hpp
[1.162s] -- Up-to-date symlink: /home/mechax/ws_y/rm_ws/install/auto_aim_interfaces/include/auto_aim_interfaces/auto_aim_interfaces/msg/detail/debug_lights__rosidl_typesupport_introspection_cpp.hpp
[1.162s] -- Up-to-date symlink: /home/mechax/ws_y/rm_ws/install/auto_aim_interfaces/include/auto_aim_interfaces/auto_aim_interfaces/msg/detail/target__rosidl_typesupport_introspection_cpp.hpp
[1.162s] -- Up-to-date symlink: /home/mechax/ws_y/rm_ws/install/auto_aim_interfaces/include/auto_aim_interfaces/auto_aim_interfaces/msg/detail/tracker_info__rosidl_typesupport_introspection_cpp.hpp
[1.162s] -- Up-to-date symlink: /home/mechax/ws_y/rm_ws/install/auto_aim_interfaces/share/auto_aim_interfaces/environment/pythonpath.sh
[1.162s] -- Up-to-date symlink: /home/mechax/ws_y/rm_ws/install/auto_aim_interfaces/share/auto_aim_interfaces/environment/pythonpath.dsv
[1.162s] -- Up-to-date symlink: /home/mechax/ws_y/rm_ws/install/auto_aim_interfaces/local/lib/python3.10/dist-packages/auto_aim_interfaces-0.0.0-py3.10.egg-info/PKG-INFO
[1.163s] -- Up-to-date symlink: /home/mechax/ws_y/rm_ws/install/auto_aim_interfaces/local/lib/python3.10/dist-packages/auto_aim_interfaces-0.0.0-py3.10.egg-info/SOURCES.txt
[1.163s] -- Up-to-date symlink: /home/mechax/ws_y/rm_ws/install/auto_aim_interfaces/local/lib/python3.10/dist-packages/auto_aim_interfaces-0.0.0-py3.10.egg-info/dependency_links.txt
[1.163s] -- Up-to-date symlink: /home/mechax/ws_y/rm_ws/install/auto_aim_interfaces/local/lib/python3.10/dist-packages/auto_aim_interfaces-0.0.0-py3.10.egg-info/top_level.txt
[1.163s] -- Up-to-date symlink: /home/mechax/ws_y/rm_ws/install/auto_aim_interfaces/local/lib/python3.10/dist-packages/auto_aim_interfaces/__init__.py
[1.163s] -- Up-to-date symlink: /home/mechax/ws_y/rm_ws/install/auto_aim_interfaces/local/lib/python3.10/dist-packages/auto_aim_interfaces/_auto_aim_interfaces_s.ep.rosidl_typesupport_c.c
[1.163s] -- Up-to-date symlink: /home/mechax/ws_y/rm_ws/install/auto_aim_interfaces/local/lib/python3.10/dist-packages/auto_aim_interfaces/_auto_aim_interfaces_s.ep.rosidl_typesupport_fastrtps_c.c
[1.163s] -- Up-to-date symlink: /home/mechax/ws_y/rm_ws/install/auto_aim_interfaces/local/lib/python3.10/dist-packages/auto_aim_interfaces/_auto_aim_interfaces_s.ep.rosidl_typesupport_introspection_c.c
[1.163s] -- Up-to-date symlink: /home/mechax/ws_y/rm_ws/install/auto_aim_interfaces/local/lib/python3.10/dist-packages/auto_aim_interfaces/auto_aim_interfaces_s__rosidl_typesupport_c.cpython-310-x86_64-linux-gnu.so
[1.163s] -- Up-to-date symlink: /home/mechax/ws_y/rm_ws/install/auto_aim_interfaces/local/lib/python3.10/dist-packages/auto_aim_interfaces/auto_aim_interfaces_s__rosidl_typesupport_fastrtps_c.cpython-310-x86_64-linux-gnu.so
[1.163s] -- Up-to-date symlink: /home/mechax/ws_y/rm_ws/install/auto_aim_interfaces/local/lib/python3.10/dist-packages/auto_aim_interfaces/auto_aim_interfaces_s__rosidl_typesupport_introspection_c.cpython-310-x86_64-linux-gnu.so
[1.163s] -- Up-to-date symlink: /home/mechax/ws_y/rm_ws/install/auto_aim_interfaces/local/lib/python3.10/dist-packages/auto_aim_interfaces/libauto_aim_interfaces__rosidl_generator_py.so
[1.163s] -- Up-to-date symlink: /home/mechax/ws_y/rm_ws/install/auto_aim_interfaces/local/lib/python3.10/dist-packages/auto_aim_interfaces/msg/__init__.py
[1.163s] -- Up-to-date symlink: /home/mechax/ws_y/rm_ws/install/auto_aim_interfaces/local/lib/python3.10/dist-packages/auto_aim_interfaces/msg/_armor.py
[1.163s] -- Up-to-date symlink: /home/mechax/ws_y/rm_ws/install/auto_aim_interfaces/local/lib/python3.10/dist-packages/auto_aim_interfaces/msg/_armor_s.c
[1.163s] -- Up-to-date symlink: /home/mechax/ws_y/rm_ws/install/auto_aim_interfaces/local/lib/python3.10/dist-packages/auto_aim_interfaces/msg/_armors.py
[1.163s] -- Up-to-date symlink: /home/mechax/ws_y/rm_ws/install/auto_aim_interfaces/local/lib/python3.10/dist-packages/auto_aim_interfaces/msg/_armors_s.c
[1.163s] -- Up-to-date symlink: /home/mechax/ws_y/rm_ws/install/auto_aim_interfaces/local/lib/python3.10/dist-packages/auto_aim_interfaces/msg/_debug_armor.py
[1.163s] -- Up-to-date symlink: /home/mechax/ws_y/rm_ws/install/auto_aim_interfaces/local/lib/python3.10/dist-packages/auto_aim_interfaces/msg/_debug_armor_s.c
[1.163s] -- Up-to-date symlink: /home/mechax/ws_y/rm_ws/install/auto_aim_interfaces/local/lib/python3.10/dist-packages/auto_aim_interfaces/msg/_debug_armors.py
[1.163s] -- Up-to-date symlink: /home/mechax/ws_y/rm_ws/install/auto_aim_interfaces/local/lib/python3.10/dist-packages/auto_aim_interfaces/msg/_debug_armors_s.c
[1.163s] -- Up-to-date symlink: /home/mechax/ws_y/rm_ws/install/auto_aim_interfaces/local/lib/python3.10/dist-packages/auto_aim_interfaces/msg/_debug_light.py
[1.163s] -- Up-to-date symlink: /home/mechax/ws_y/rm_ws/install/auto_aim_interfaces/local/lib/python3.10/dist-packages/auto_aim_interfaces/msg/_debug_light_s.c
[1.163s] -- Up-to-date symlink: /home/mechax/ws_y/rm_ws/install/auto_aim_interfaces/local/lib/python3.10/dist-packages/auto_aim_interfaces/msg/_debug_lights.py
[1.163s] -- Up-to-date symlink: /home/mechax/ws_y/rm_ws/install/auto_aim_interfaces/local/lib/python3.10/dist-packages/auto_aim_interfaces/msg/_debug_lights_s.c
[1.163s] -- Up-to-date symlink: /home/mechax/ws_y/rm_ws/install/auto_aim_interfaces/local/lib/python3.10/dist-packages/auto_aim_interfaces/msg/_target.py
[1.163s] -- Up-to-date symlink: /home/mechax/ws_y/rm_ws/install/auto_aim_interfaces/local/lib/python3.10/dist-packages/auto_aim_interfaces/msg/_target_s.c
[1.163s] -- Up-to-date symlink: /home/mechax/ws_y/rm_ws/install/auto_aim_interfaces/local/lib/python3.10/dist-packages/auto_aim_interfaces/msg/_tracker_info.py
[1.163s] -- Up-to-date symlink: /home/mechax/ws_y/rm_ws/install/auto_aim_interfaces/local/lib/python3.10/dist-packages/auto_aim_interfaces/msg/_tracker_info_s.c
[1.164s] -- Up-to-date symlink: /home/mechax/ws_y/rm_ws/install/auto_aim_interfaces/local/lib/python3.10/dist-packages/auto_aim_interfaces/auto_aim_interfaces_s__rosidl_typesupport_fastrtps_c.cpython-310-x86_64-linux-gnu.so
[1.164s] -- Up-to-date symlink: /home/mechax/ws_y/rm_ws/install/auto_aim_interfaces/local/lib/python3.10/dist-packages/auto_aim_interfaces/auto_aim_interfaces_s__rosidl_typesupport_introspection_c.cpython-310-x86_64-linux-gnu.so
[1.164s] -- Up-to-date symlink: /home/mechax/ws_y/rm_ws/install/auto_aim_interfaces/local/lib/python3.10/dist-packages/auto_aim_interfaces/auto_aim_interfaces_s__rosidl_typesupport_c.cpython-310-x86_64-linux-gnu.so
[1.164s] -- Up-to-date symlink: /home/mechax/ws_y/rm_ws/install/auto_aim_interfaces/share/auto_aim_interfaces/msg/Armor.idl
[1.164s] -- Up-to-date symlink: /home/mechax/ws_y/rm_ws/install/auto_aim_interfaces/share/auto_aim_interfaces/msg/Armors.idl
[1.164s] -- Up-to-date symlink: /home/mechax/ws_y/rm_ws/install/auto_aim_interfaces/share/auto_aim_interfaces/msg/Target.idl
[1.164s] -- Up-to-date symlink: /home/mechax/ws_y/rm_ws/install/auto_aim_interfaces/share/auto_aim_interfaces/msg/DebugLight.idl
[1.164s] -- Up-to-date symlink: /home/mechax/ws_y/rm_ws/install/auto_aim_interfaces/share/auto_aim_interfaces/msg/DebugLights.idl
[1.164s] -- Up-to-date symlink: /home/mechax/ws_y/rm_ws/install/auto_aim_interfaces/share/auto_aim_interfaces/msg/DebugArmor.idl
[1.164s] -- Up-to-date symlink: /home/mechax/ws_y/rm_ws/install/auto_aim_interfaces/share/auto_aim_interfaces/msg/DebugArmors.idl
[1.164s] -- Up-to-date symlink: /home/mechax/ws_y/rm_ws/install/auto_aim_interfaces/share/auto_aim_interfaces/msg/TrackerInfo.idl
[1.164s] -- Up-to-date symlink: /home/mechax/ws_y/rm_ws/install/auto_aim_interfaces/share/auto_aim_interfaces/msg/Armor.msg
[1.164s] -- Up-to-date symlink: /home/mechax/ws_y/rm_ws/install/auto_aim_interfaces/share/auto_aim_interfaces/msg/Armors.msg
[1.164s] -- Up-to-date symlink: /home/mechax/ws_y/rm_ws/install/auto_aim_interfaces/share/auto_aim_interfaces/msg/Target.msg
[1.164s] -- Up-to-date symlink: /home/mechax/ws_y/rm_ws/install/auto_aim_interfaces/share/auto_aim_interfaces/msg/DebugLight.msg
[1.164s] -- Up-to-date symlink: /home/mechax/ws_y/rm_ws/install/auto_aim_interfaces/share/auto_aim_interfaces/msg/DebugLights.msg
[1.165s] -- Up-to-date symlink: /home/mechax/ws_y/rm_ws/install/auto_aim_interfaces/share/auto_aim_interfaces/msg/DebugArmor.msg
[1.165s] -- Up-to-date symlink: /home/mechax/ws_y/rm_ws/install/auto_aim_interfaces/share/auto_aim_interfaces/msg/DebugArmors.msg
[1.165s] -- Up-to-date symlink: /home/mechax/ws_y/rm_ws/install/auto_aim_interfaces/share/auto_aim_interfaces/msg/TrackerInfo.msg
[1.165s] -- Up-to-date symlink: /home/mechax/ws_y/rm_ws/install/auto_aim_interfaces/share/ament_index/resource_index/package_run_dependencies/auto_aim_interfaces
[1.165s] -- Up-to-date symlink: /home/mechax/ws_y/rm_ws/install/auto_aim_interfaces/share/ament_index/resource_index/parent_prefix_path/auto_aim_interfaces
[1.165s] -- Up-to-date symlink: /home/mechax/ws_y/rm_ws/install/auto_aim_interfaces/share/auto_aim_interfaces/environment/ament_prefix_path.sh
[1.165s] -- Up-to-date symlink: /home/mechax/ws_y/rm_ws/install/auto_aim_interfaces/share/auto_aim_interfaces/environment/ament_prefix_path.dsv
[1.165s] -- Up-to-date symlink: /home/mechax/ws_y/rm_ws/install/auto_aim_interfaces/share/auto_aim_interfaces/environment/path.sh
[1.165s] -- Up-to-date symlink: /home/mechax/ws_y/rm_ws/install/auto_aim_interfaces/share/auto_aim_interfaces/environment/path.dsv
[1.165s] -- Up-to-date symlink: /home/mechax/ws_y/rm_ws/install/auto_aim_interfaces/share/auto_aim_interfaces/local_setup.bash
[1.165s] -- Up-to-date symlink: /home/mechax/ws_y/rm_ws/install/auto_aim_interfaces/share/auto_aim_interfaces/local_setup.sh
[1.165s] -- Up-to-date symlink: /home/mechax/ws_y/rm_ws/install/auto_aim_interfaces/share/auto_aim_interfaces/local_setup.zsh
[1.165s] -- Up-to-date symlink: /home/mechax/ws_y/rm_ws/install/auto_aim_interfaces/share/auto_aim_interfaces/local_setup.dsv
[1.165s] -- Symlinking: /home/mechax/ws_y/rm_ws/install/auto_aim_interfaces/share/auto_aim_interfaces/package.dsv
[1.171s] -- Up-to-date symlink: /home/mechax/ws_y/rm_ws/install/auto_aim_interfaces/share/ament_index/resource_index/packages/auto_aim_interfaces
[1.171s] -- Up-to-date symlink: /home/mechax/ws_y/rm_ws/install/auto_aim_interfaces/share/auto_aim_interfaces/cmake/rosidl_cmake-extras.cmake
[1.171s] -- Up-to-date symlink: /home/mechax/ws_y/rm_ws/install/auto_aim_interfaces/share/auto_aim_interfaces/cmake/ament_cmake_export_dependencies-extras.cmake
[1.171s] -- Up-to-date symlink: /home/mechax/ws_y/rm_ws/install/auto_aim_interfaces/share/auto_aim_interfaces/cmake/ament_cmake_export_include_directories-extras.cmake
[1.171s] -- Up-to-date symlink: /home/mechax/ws_y/rm_ws/install/auto_aim_interfaces/share/auto_aim_interfaces/cmake/ament_cmake_export_libraries-extras.cmake
[1.171s] -- Up-to-date symlink: /home/mechax/ws_y/rm_ws/install/auto_aim_interfaces/share/auto_aim_interfaces/cmake/ament_cmake_export_targets-extras.cmake
[1.171s] -- Up-to-date symlink: /home/mechax/ws_y/rm_ws/install/auto_aim_interfaces/share/auto_aim_interfaces/cmake/rosidl_cmake_export_typesupport_targets-extras.cmake
[1.171s] -- Up-to-date symlink: /home/mechax/ws_y/rm_ws/install/auto_aim_interfaces/share/auto_aim_interfaces/cmake/rosidl_cmake_export_typesupport_libraries-extras.cmake
[1.171s] -- Up-to-date symlink: /home/mechax/ws_y/rm_ws/install/auto_aim_interfaces/share/auto_aim_interfaces/cmake/auto_aim_interfacesConfig.cmake
[1.171s] -- Up-to-date symlink: /home/mechax/ws_y/rm_ws/install/auto_aim_interfaces/share/auto_aim_interfaces/cmake/auto_aim_interfacesConfig-version.cmake
[1.171s] -- Up-to-date symlink: /home/mechax/ws_y/rm_ws/install/auto_aim_interfaces/share/auto_aim_interfaces/package.xml
[1.171s] -- Up-to-date: /home/mechax/ws_y/rm_ws/install/auto_aim_interfaces/lib/libauto_aim_interfaces__rosidl_generator_c.so
[1.172s] -- Up-to-date: /home/mechax/ws_y/rm_ws/install/auto_aim_interfaces/lib/libauto_aim_interfaces__rosidl_typesupport_fastrtps_c.so
[1.172s] -- Up-to-date: /home/mechax/ws_y/rm_ws/install/auto_aim_interfaces/lib/libauto_aim_interfaces__rosidl_typesupport_introspection_c.so
[1.172s] -- Up-to-date: /home/mechax/ws_y/rm_ws/install/auto_aim_interfaces/lib/libauto_aim_interfaces__rosidl_typesupport_c.so
[1.172s] -- Up-to-date: /home/mechax/ws_y/rm_ws/install/auto_aim_interfaces/lib/libauto_aim_interfaces__rosidl_typesupport_fastrtps_cpp.so
[1.172s] -- Up-to-date: /home/mechax/ws_y/rm_ws/install/auto_aim_interfaces/lib/libauto_aim_interfaces__rosidl_typesupport_introspection_cpp.so
[1.172s] -- Up-to-date: /home/mechax/ws_y/rm_ws/install/auto_aim_interfaces/lib/libauto_aim_interfaces__rosidl_typesupport_cpp.so
[1.190s] Listing '/home/mechax/ws_y/rm_ws/install/auto_aim_interfaces/local/lib/python3.10/dist-packages/auto_aim_interfaces'...
[1.190s] Compiling '/home/mechax/ws_y/rm_ws/install/auto_aim_interfaces/local/lib/python3.10/dist-packages/auto_aim_interfaces/__init__.py'...
[1.190s] Listing '/home/mechax/ws_y/rm_ws/install/auto_aim_interfaces/local/lib/python3.10/dist-packages/auto_aim_interfaces/msg'...
[1.193s] -- Up-to-date: /home/mechax/ws_y/rm_ws/install/auto_aim_interfaces/lib/libauto_aim_interfaces__rosidl_generator_py.so
[1.193s] -- Up-to-date: /home/mechax/ws_y/rm_ws/install/auto_aim_interfaces/share/auto_aim_interfaces/cmake/export_auto_aim_interfaces__rosidl_generator_cExport.cmake
[1.193s] -- Up-to-date: /home/mechax/ws_y/rm_ws/install/auto_aim_interfaces/share/auto_aim_interfaces/cmake/export_auto_aim_interfaces__rosidl_generator_cExport-noconfig.cmake
[1.193s] -- Up-to-date: /home/mechax/ws_y/rm_ws/install/auto_aim_interfaces/share/auto_aim_interfaces/cmake/export_auto_aim_interfaces__rosidl_typesupport_fastrtps_cExport.cmake
[1.193s] -- Up-to-date: /home/mechax/ws_y/rm_ws/install/auto_aim_interfaces/share/auto_aim_interfaces/cmake/export_auto_aim_interfaces__rosidl_typesupport_fastrtps_cExport-noconfig.cmake
[1.193s] -- Up-to-date: /home/mechax/ws_y/rm_ws/install/auto_aim_interfaces/share/auto_aim_interfaces/cmake/auto_aim_interfaces__rosidl_typesupport_introspection_cExport.cmake
[1.193s] -- Up-to-date: /home/mechax/ws_y/rm_ws/install/auto_aim_interfaces/share/auto_aim_interfaces/cmake/auto_aim_interfaces__rosidl_typesupport_introspection_cExport-noconfig.cmake
[1.193s] -- Up-to-date: /home/mechax/ws_y/rm_ws/install/auto_aim_interfaces/share/auto_aim_interfaces/cmake/auto_aim_interfaces__rosidl_typesupport_cExport.cmake
[1.193s] -- Up-to-date: /home/mechax/ws_y/rm_ws/install/auto_aim_interfaces/share/auto_aim_interfaces/cmake/auto_aim_interfaces__rosidl_typesupport_cExport-noconfig.cmake
[1.193s] -- Up-to-date: /home/mechax/ws_y/rm_ws/install/auto_aim_interfaces/share/auto_aim_interfaces/cmake/export_auto_aim_interfaces__rosidl_generator_cppExport.cmake
[1.193s] -- Up-to-date: /home/mechax/ws_y/rm_ws/install/auto_aim_interfaces/share/auto_aim_interfaces/cmake/export_auto_aim_interfaces__rosidl_typesupport_fastrtps_cppExport.cmake
[1.193s] -- Up-to-date: /home/mechax/ws_y/rm_ws/install/auto_aim_interfaces/share/auto_aim_interfaces/cmake/export_auto_aim_interfaces__rosidl_typesupport_fastrtps_cppExport-noconfig.cmake
[1.194s] -- Up-to-date: /home/mechax/ws_y/rm_ws/install/auto_aim_interfaces/share/auto_aim_interfaces/cmake/auto_aim_interfaces__rosidl_typesupport_introspection_cppExport.cmake
[1.194s] -- Up-to-date: /home/mechax/ws_y/rm_ws/install/auto_aim_interfaces/share/auto_aim_interfaces/cmake/auto_aim_interfaces__rosidl_typesupport_introspection_cppExport-noconfig.cmake
[1.194s] -- Up-to-date: /home/mechax/ws_y/rm_ws/install/auto_aim_interfaces/share/auto_aim_interfaces/cmake/auto_aim_interfaces__rosidl_typesupport_cppExport.cmake
[1.194s] -- Up-to-date: /home/mechax/ws_y/rm_ws/install/auto_aim_interfaces/share/auto_aim_interfaces/cmake/auto_aim_interfaces__rosidl_typesupport_cppExport-noconfig.cmake
[1.194s] -- Up-to-date: /home/mechax/ws_y/rm_ws/install/auto_aim_interfaces/share/auto_aim_interfaces/cmake/export_auto_aim_interfaces__rosidl_generator_pyExport.cmake
[1.194s] -- Up-to-date: /home/mechax/ws_y/rm_ws/install/auto_aim_interfaces/share/auto_aim_interfaces/cmake/export_auto_aim_interfaces__rosidl_generator_pyExport-noconfig.cmake
[1.195s] Invoked command in '/home/mechax/ws_y/rm_ws/build/auto_aim_interfaces' returned '0': CMAKE_PREFIX_PATH=/opt/ros/humble /usr/bin/cmake --install /home/mechax/ws_y/rm_ws/build/auto_aim_interfaces
