[0.033s] Invoking command in '/home/mechax/ws_y/rm_ws/build/rm_vision_bringup': AMENT_PREFIX_PATH=/home/mechax/ws_y/rm_ws/install/rm_auto_aim:/home/mechax/ws_y/rm_ws/install/rm_serial_driver:/home/mechax/ws_y/rm_ws/install/armor_tracker:/home/mechax/ws_y/rm_ws/install/armor_detector:/home/mechax/ws_y/rm_ws/install/auto_aim_interfaces:${AMENT_PREFIX_PATH} CMAKE_PREFIX_PATH=/home/mechax/ws_y/rm_ws/install/rm_auto_aim:/home/mechax/ws_y/rm_ws/install/rm_serial_driver:/home/mechax/ws_y/rm_ws/install/armor_tracker:/home/mechax/ws_y/rm_ws/install/armor_detector:/home/mechax/ws_y/rm_ws/install/auto_aim_interfaces:/opt/ros/humble LD_LIBRARY_PATH=/home/mechax/ws_y/rm_ws/install/rm_serial_driver/lib:/home/mechax/ws_y/rm_ws/install/armor_tracker/lib:/home/mechax/ws_y/rm_ws/install/armor_detector/lib:/home/mechax/ws_y/rm_ws/install/auto_aim_interfaces/lib:${LD_LIBRARY_PATH} PYTHONPATH=/home/mechax/ws_y/rm_ws/install/auto_aim_interfaces/local/lib/python3.10/dist-packages:${PYTHONPATH} /usr/bin/cmake --build /home/mechax/ws_y/rm_ws/build/rm_vision_bringup -- -j16 -l16
[0.062s] Invoked command in '/home/mechax/ws_y/rm_ws/build/rm_vision_bringup' returned '0': AMENT_PREFIX_PATH=/home/mechax/ws_y/rm_ws/install/rm_auto_aim:/home/mechax/ws_y/rm_ws/install/rm_serial_driver:/home/mechax/ws_y/rm_ws/install/armor_tracker:/home/mechax/ws_y/rm_ws/install/armor_detector:/home/mechax/ws_y/rm_ws/install/auto_aim_interfaces:${AMENT_PREFIX_PATH} CMAKE_PREFIX_PATH=/home/mechax/ws_y/rm_ws/install/rm_auto_aim:/home/mechax/ws_y/rm_ws/install/rm_serial_driver:/home/mechax/ws_y/rm_ws/install/armor_tracker:/home/mechax/ws_y/rm_ws/install/armor_detector:/home/mechax/ws_y/rm_ws/install/auto_aim_interfaces:/opt/ros/humble LD_LIBRARY_PATH=/home/mechax/ws_y/rm_ws/install/rm_serial_driver/lib:/home/mechax/ws_y/rm_ws/install/armor_tracker/lib:/home/mechax/ws_y/rm_ws/install/armor_detector/lib:/home/mechax/ws_y/rm_ws/install/auto_aim_interfaces/lib:${LD_LIBRARY_PATH} PYTHONPATH=/home/mechax/ws_y/rm_ws/install/auto_aim_interfaces/local/lib/python3.10/dist-packages:${PYTHONPATH} /usr/bin/cmake --build /home/mechax/ws_y/rm_ws/build/rm_vision_bringup -- -j16 -l16
[0.083s] Invoking command in '/home/mechax/ws_y/rm_ws/build/rm_vision_bringup': AMENT_PREFIX_PATH=/home/mechax/ws_y/rm_ws/install/rm_auto_aim:/home/mechax/ws_y/rm_ws/install/rm_serial_driver:/home/mechax/ws_y/rm_ws/install/armor_tracker:/home/mechax/ws_y/rm_ws/install/armor_detector:/home/mechax/ws_y/rm_ws/install/auto_aim_interfaces:${AMENT_PREFIX_PATH} CMAKE_PREFIX_PATH=/home/mechax/ws_y/rm_ws/install/rm_auto_aim:/home/mechax/ws_y/rm_ws/install/rm_serial_driver:/home/mechax/ws_y/rm_ws/install/armor_tracker:/home/mechax/ws_y/rm_ws/install/armor_detector:/home/mechax/ws_y/rm_ws/install/auto_aim_interfaces:/opt/ros/humble LD_LIBRARY_PATH=/home/mechax/ws_y/rm_ws/install/rm_serial_driver/lib:/home/mechax/ws_y/rm_ws/install/armor_tracker/lib:/home/mechax/ws_y/rm_ws/install/armor_detector/lib:/home/mechax/ws_y/rm_ws/install/auto_aim_interfaces/lib:${LD_LIBRARY_PATH} PYTHONPATH=/home/mechax/ws_y/rm_ws/install/auto_aim_interfaces/local/lib/python3.10/dist-packages:${PYTHONPATH} /usr/bin/cmake --install /home/mechax/ws_y/rm_ws/build/rm_vision_bringup
[0.091s] -- Install configuration: ""
[0.092s] -- Up-to-date: /home/mechax/ws_y/rm_ws/install/rm_vision_bringup/share/rm_vision_bringup/launch
[0.092s] -- Up-to-date: /home/mechax/ws_y/rm_ws/install/rm_vision_bringup/share/rm_vision_bringup/launch/no_hardware.launch.py
[0.092s] -- Up-to-date: /home/mechax/ws_y/rm_ws/install/rm_vision_bringup/share/rm_vision_bringup/launch/addVisualCamera.py
[0.092s] -- Up-to-date: /home/mechax/ws_y/rm_ws/install/rm_vision_bringup/share/rm_vision_bringup/launch/vision_bringup.launch.py
[0.092s] -- Up-to-date: /home/mechax/ws_y/rm_ws/install/rm_vision_bringup/share/rm_vision_bringup/launch/addMVlaunch.py
[0.092s] -- Up-to-date: /home/mechax/ws_y/rm_ws/install/rm_vision_bringup/share/rm_vision_bringup/launch/common.py
[0.092s] -- Up-to-date: /home/mechax/ws_y/rm_ws/install/rm_vision_bringup/share/rm_vision_bringup/config
[0.092s] -- Up-to-date: /home/mechax/ws_y/rm_ws/install/rm_vision_bringup/share/rm_vision_bringup/config/node_params.yaml
[0.092s] -- Up-to-date: /home/mechax/ws_y/rm_ws/install/rm_vision_bringup/share/rm_vision_bringup/config/camera_info.yaml
[0.092s] -- Up-to-date: /home/mechax/ws_y/rm_ws/install/rm_vision_bringup/share/rm_vision_bringup/config/launch_params.yaml
[0.092s] -- Up-to-date: /home/mechax/ws_y/rm_ws/install/rm_vision_bringup/share/ament_index/resource_index/package_run_dependencies/rm_vision_bringup
[0.092s] -- Up-to-date: /home/mechax/ws_y/rm_ws/install/rm_vision_bringup/share/ament_index/resource_index/parent_prefix_path/rm_vision_bringup
[0.092s] -- Up-to-date: /home/mechax/ws_y/rm_ws/install/rm_vision_bringup/share/rm_vision_bringup/environment/ament_prefix_path.sh
[0.093s] -- Up-to-date: /home/mechax/ws_y/rm_ws/install/rm_vision_bringup/share/rm_vision_bringup/environment/ament_prefix_path.dsv
[0.093s] -- Up-to-date: /home/mechax/ws_y/rm_ws/install/rm_vision_bringup/share/rm_vision_bringup/environment/path.sh
[0.093s] -- Up-to-date: /home/mechax/ws_y/rm_ws/install/rm_vision_bringup/share/rm_vision_bringup/environment/path.dsv
[0.093s] -- Up-to-date: /home/mechax/ws_y/rm_ws/install/rm_vision_bringup/share/rm_vision_bringup/local_setup.bash
[0.093s] -- Up-to-date: /home/mechax/ws_y/rm_ws/install/rm_vision_bringup/share/rm_vision_bringup/local_setup.sh
[0.093s] -- Up-to-date: /home/mechax/ws_y/rm_ws/install/rm_vision_bringup/share/rm_vision_bringup/local_setup.zsh
[0.093s] -- Up-to-date: /home/mechax/ws_y/rm_ws/install/rm_vision_bringup/share/rm_vision_bringup/local_setup.dsv
[0.093s] -- Up-to-date: /home/mechax/ws_y/rm_ws/install/rm_vision_bringup/share/rm_vision_bringup/package.dsv
[0.093s] -- Up-to-date: /home/mechax/ws_y/rm_ws/install/rm_vision_bringup/share/ament_index/resource_index/packages/rm_vision_bringup
[0.093s] -- Up-to-date: /home/mechax/ws_y/rm_ws/install/rm_vision_bringup/share/rm_vision_bringup/cmake/rm_vision_bringupConfig.cmake
[0.093s] -- Up-to-date: /home/mechax/ws_y/rm_ws/install/rm_vision_bringup/share/rm_vision_bringup/cmake/rm_vision_bringupConfig-version.cmake
[0.093s] -- Up-to-date: /home/mechax/ws_y/rm_ws/install/rm_vision_bringup/share/rm_vision_bringup/package.xml
[0.094s] Invoked command in '/home/mechax/ws_y/rm_ws/build/rm_vision_bringup' returned '0': AMENT_PREFIX_PATH=/home/mechax/ws_y/rm_ws/install/rm_auto_aim:/home/mechax/ws_y/rm_ws/install/rm_serial_driver:/home/mechax/ws_y/rm_ws/install/armor_tracker:/home/mechax/ws_y/rm_ws/install/armor_detector:/home/mechax/ws_y/rm_ws/install/auto_aim_interfaces:${AMENT_PREFIX_PATH} CMAKE_PREFIX_PATH=/home/mechax/ws_y/rm_ws/install/rm_auto_aim:/home/mechax/ws_y/rm_ws/install/rm_serial_driver:/home/mechax/ws_y/rm_ws/install/armor_tracker:/home/mechax/ws_y/rm_ws/install/armor_detector:/home/mechax/ws_y/rm_ws/install/auto_aim_interfaces:/opt/ros/humble LD_LIBRARY_PATH=/home/mechax/ws_y/rm_ws/install/rm_serial_driver/lib:/home/mechax/ws_y/rm_ws/install/armor_tracker/lib:/home/mechax/ws_y/rm_ws/install/armor_detector/lib:/home/mechax/ws_y/rm_ws/install/auto_aim_interfaces/lib:${LD_LIBRARY_PATH} PYTHONPATH=/home/mechax/ws_y/rm_ws/install/auto_aim_interfaces/local/lib/python3.10/dist-packages:${PYTHONPATH} /usr/bin/cmake --install /home/mechax/ws_y/rm_ws/build/rm_vision_bringup
