[0.025s] Invoking command in '/home/mechax/ws_y/rm_ws/build/rm_serial_driver': AMENT_PREFIX_PATH=/home/mechax/ws_y/rm_ws/install/auto_aim_interfaces:${AMENT_PREFIX_PATH} CMAKE_PREFIX_PATH=/home/mechax/ws_y/rm_ws/install/auto_aim_interfaces:/opt/ros/humble LD_LIBRARY_PATH=/home/mechax/ws_y/rm_ws/install/auto_aim_interfaces/lib:${LD_LIBRARY_PATH} PYTHONPATH=/home/mechax/ws_y/rm_ws/install/auto_aim_interfaces/local/lib/python3.10/dist-packages:${PYTHONPATH} /usr/bin/cmake /home/mechax/ws_y/rm_ws/src/mechax_rm_cv/src/rm_serial_driver -DAMENT_CMAKE_SYMLINK_INSTALL=1 -DCMAKE_INSTALL_PREFIX=/home/mechax/ws_y/rm_ws/install/rm_serial_driver
[0.058s] -- The C compiler identification is GNU 11.4.0
[0.094s] -- The CXX compiler identification is GNU 11.4.0
[0.098s] -- Detecting C compiler ABI info
[0.141s] -- Detecting C compiler ABI info - done
[0.145s] -- Check for working C compiler: /usr/bin/cc - skipped
[0.145s] -- Detecting C compile features
[0.145s] -- Detecting C compile features - done
[0.147s] -- Detecting CXX compiler ABI info
[0.196s] -- Detecting CXX compiler ABI info - done
[0.202s] -- Check for working CXX compiler: /usr/bin/c++ - skipped
[0.202s] -- Detecting CXX compile features
[0.203s] -- Detecting CXX compile features - done
[0.204s] -- Found ament_cmake_auto: 1.3.5 (/opt/ros/humble/share/ament_cmake_auto/cmake)
[0.309s] -- Found Python3: /usr/bin/python3.10 (found version "3.10.12") found components: Interpreter 
[0.347s] -- Override CMake install command with custom implementation using symlinks instead of copying resources
[0.422s] -- Found rosidl_generator_c: 3.1.5 (/opt/ros/humble/share/rosidl_generator_c/cmake)
[0.424s] -- Found rosidl_adapter: 3.1.5 (/opt/ros/humble/share/rosidl_adapter/cmake)
[0.429s] -- Found rosidl_generator_cpp: 3.1.5 (/opt/ros/humble/share/rosidl_generator_cpp/cmake)
[0.436s] -- Using all available rosidl_typesupport_c: rosidl_typesupport_fastrtps_c;rosidl_typesupport_introspection_c
[0.447s] -- Using all available rosidl_typesupport_cpp: rosidl_typesupport_fastrtps_cpp;rosidl_typesupport_introspection_cpp
[0.486s] -- Found rmw_implementation_cmake: 6.1.1 (/opt/ros/humble/share/rmw_implementation_cmake/cmake)
[0.488s] -- Found rmw_fastrtps_cpp: 6.2.4 (/opt/ros/humble/share/rmw_fastrtps_cpp/cmake)
[0.542s] -- Found OpenSSL: /usr/lib/x86_64-linux-gnu/libcrypto.so (found version "3.0.2")  
[0.558s] -- Found FastRTPS: /opt/ros/humble/include  
[0.586s] -- Using RMW implementation 'rmw_fastrtps_cpp' as default
[0.592s] -- Looking for pthread.h
[0.633s] -- Looking for pthread.h - found
[0.633s] -- Performing Test CMAKE_HAVE_LIBC_PTHREAD
[0.674s] -- Performing Test CMAKE_HAVE_LIBC_PTHREAD - Success
[0.675s] -- Found Threads: TRUE  
[1.075s] -- Found eigen3_cmake_module: 0.1.1 (/opt/ros/humble/share/eigen3_cmake_module/cmake)
[1.075s] -- Found Eigen3: TRUE (found version "3.4.0") 
[1.075s] -- Ensuring Eigen3 include directory is part of orocos-kdl CMake target
[1.292s] -- Found ament_lint_auto: 0.12.8 (/opt/ros/humble/share/ament_lint_auto/cmake)
[1.308s] -- Added test 'cppcheck' to perform static code analysis on C / C++ code
[1.308s] -- Configured cppcheck include dirs: /home/mechax/ws_y/rm_ws/src/mechax_rm_cv/src/rm_serial_driver/include
[1.308s] -- Configured cppcheck exclude dirs and/or files: 
[1.310s] -- Added test 'cpplint' to check C / C++ code against the Google style
[1.311s] -- Configured cpplint exclude dirs and/or files: 
[1.311s] -- Added test 'flake8' to check Python code syntax and style conventions
[1.312s] -- Added test 'lint_cmake' to check CMake code style
[1.312s] -- Added test 'pep257' to check Python code against some of the docstring style conventions in PEP 257
[1.313s] -- Added test 'xmllint' to check XML markup files
[1.316s] -- Added test 'clang_format' to check C / C++ code style
[1.318s] -- Configuring done
[1.333s] -- Generating done
[1.335s] -- Build files have been written to: /home/mechax/ws_y/rm_ws/build/rm_serial_driver
[1.344s] Invoked command in '/home/mechax/ws_y/rm_ws/build/rm_serial_driver' returned '0': AMENT_PREFIX_PATH=/home/mechax/ws_y/rm_ws/install/auto_aim_interfaces:${AMENT_PREFIX_PATH} CMAKE_PREFIX_PATH=/home/mechax/ws_y/rm_ws/install/auto_aim_interfaces:/opt/ros/humble LD_LIBRARY_PATH=/home/mechax/ws_y/rm_ws/install/auto_aim_interfaces/lib:${LD_LIBRARY_PATH} PYTHONPATH=/home/mechax/ws_y/rm_ws/install/auto_aim_interfaces/local/lib/python3.10/dist-packages:${PYTHONPATH} /usr/bin/cmake /home/mechax/ws_y/rm_ws/src/mechax_rm_cv/src/rm_serial_driver -DAMENT_CMAKE_SYMLINK_INSTALL=1 -DCMAKE_INSTALL_PREFIX=/home/mechax/ws_y/rm_ws/install/rm_serial_driver
[1.346s] Invoking command in '/home/mechax/ws_y/rm_ws/build/rm_serial_driver': AMENT_PREFIX_PATH=/home/mechax/ws_y/rm_ws/install/auto_aim_interfaces:${AMENT_PREFIX_PATH} CMAKE_PREFIX_PATH=/home/mechax/ws_y/rm_ws/install/auto_aim_interfaces:/opt/ros/humble LD_LIBRARY_PATH=/home/mechax/ws_y/rm_ws/install/auto_aim_interfaces/lib:${LD_LIBRARY_PATH} PYTHONPATH=/home/mechax/ws_y/rm_ws/install/auto_aim_interfaces/local/lib/python3.10/dist-packages:${PYTHONPATH} /usr/bin/cmake --build /home/mechax/ws_y/rm_ws/build/rm_serial_driver -- -j16 -l16
[1.405s] [ 60%] [32mBuilding CXX object CMakeFiles/rm_serial_driver.dir/src/rm_serial_driver.cpp.o[0m
[1.405s] [ 60%] [32mBuilding CXX object CMakeFiles/rm_serial_driver.dir/src/crc.cpp.o[0m
[1.405s] [ 60%] [32mBuilding CXX object CMakeFiles/rm_serial_driver_node.dir/rclcpp_components/node_main_rm_serial_driver_node.cpp.o[0m
[5.411s] [ 80%] [32m[1mLinking CXX executable rm_serial_driver_node[0m
[5.508s] [ 80%] Built target rm_serial_driver_node
[9.670s] [100%] [32m[1mLinking CXX shared library librm_serial_driver.so[0m
[10.082s] [100%] Built target rm_serial_driver
