[0.590s] Invoking command in '/home/mechax/ws_y/rm_ws/src/my_package': PYTHONPATH=/home/mechax/ws_y/rm_ws/build/my_package/prefix_override:/home/mechax/ws_y/rm_ws/install/my_package/lib/python3.10/site-packages:${PYTHONPATH} /usr/bin/python3 setup.py egg_info --egg-base ../../build/my_package build --build-base /home/mechax/ws_y/rm_ws/build/my_package/build install --record /home/mechax/ws_y/rm_ws/build/my_package/install.log --single-version-externally-managed
[0.732s] running egg_info
[0.733s] creating ../../build/my_package/my_package.egg-info
[0.733s] writing ../../build/my_package/my_package.egg-info/PKG-INFO
[0.733s] writing dependency_links to ../../build/my_package/my_package.egg-info/dependency_links.txt
[0.733s] writing entry points to ../../build/my_package/my_package.egg-info/entry_points.txt
[0.733s] writing requirements to ../../build/my_package/my_package.egg-info/requires.txt
[0.733s] writing top-level names to ../../build/my_package/my_package.egg-info/top_level.txt
[0.733s] writing manifest file '../../build/my_package/my_package.egg-info/SOURCES.txt'
[0.735s] reading manifest file '../../build/my_package/my_package.egg-info/SOURCES.txt'
[0.736s] adding license file 'LICENSE'
[0.736s] writing manifest file '../../build/my_package/my_package.egg-info/SOURCES.txt'
[0.736s] running build
[0.736s] running build_py
[0.736s] creating /home/mechax/ws_y/rm_ws/build/my_package/build
[0.736s] creating /home/mechax/ws_y/rm_ws/build/my_package/build/lib
[0.736s] creating /home/mechax/ws_y/rm_ws/build/my_package/build/lib/my_package
[0.736s] copying my_package/my_robot_driver.py -> /home/mechax/ws_y/rm_ws/build/my_package/build/lib/my_package
[0.737s] copying my_package/armor_robot_driver.py -> /home/mechax/ws_y/rm_ws/build/my_package/build/lib/my_package
[0.737s] copying my_package/__init__.py -> /home/mechax/ws_y/rm_ws/build/my_package/build/lib/my_package
[0.737s] running install
[0.737s] /usr/lib/python3/dist-packages/setuptools/command/install.py:34: SetuptoolsDeprecationWarning: setup.py install is deprecated. Use build and pip and other standards-based tools.
[0.737s]   warnings.warn(
[0.737s] running install_lib
[0.738s] creating /home/mechax/ws_y/rm_ws/install/my_package/lib/python3.10/site-packages/my_package
[0.738s] copying /home/mechax/ws_y/rm_ws/build/my_package/build/lib/my_package/my_robot_driver.py -> /home/mechax/ws_y/rm_ws/install/my_package/lib/python3.10/site-packages/my_package
[0.738s] copying /home/mechax/ws_y/rm_ws/build/my_package/build/lib/my_package/armor_robot_driver.py -> /home/mechax/ws_y/rm_ws/install/my_package/lib/python3.10/site-packages/my_package
[0.738s] copying /home/mechax/ws_y/rm_ws/build/my_package/build/lib/my_package/__init__.py -> /home/mechax/ws_y/rm_ws/install/my_package/lib/python3.10/site-packages/my_package
[0.739s] byte-compiling /home/mechax/ws_y/rm_ws/install/my_package/lib/python3.10/site-packages/my_package/my_robot_driver.py to my_robot_driver.cpython-310.pyc
[0.740s] byte-compiling /home/mechax/ws_y/rm_ws/install/my_package/lib/python3.10/site-packages/my_package/armor_robot_driver.py to armor_robot_driver.cpython-310.pyc
[0.740s] byte-compiling /home/mechax/ws_y/rm_ws/install/my_package/lib/python3.10/site-packages/my_package/__init__.py to __init__.cpython-310.pyc
[0.740s] running install_data
[0.741s] creating /home/mechax/ws_y/rm_ws/install/my_package/share/ament_index
[0.741s] creating /home/mechax/ws_y/rm_ws/install/my_package/share/ament_index/resource_index
[0.741s] creating /home/mechax/ws_y/rm_ws/install/my_package/share/ament_index/resource_index/packages
[0.741s] copying resource/my_package -> /home/mechax/ws_y/rm_ws/install/my_package/share/ament_index/resource_index/packages
[0.741s] creating /home/mechax/ws_y/rm_ws/install/my_package/share/my_package/launch
[0.741s] copying launch/robot_launch.py -> /home/mechax/ws_y/rm_ws/install/my_package/share/my_package/launch
[0.741s] creating /home/mechax/ws_y/rm_ws/install/my_package/share/my_package/worlds
[0.741s] copying worlds/test.wbt -> /home/mechax/ws_y/rm_ws/install/my_package/share/my_package/worlds
[0.741s] creating /home/mechax/ws_y/rm_ws/install/my_package/share/my_package/resource
[0.741s] copying resource/rm.urdf -> /home/mechax/ws_y/rm_ws/install/my_package/share/my_package/resource
[0.741s] copying resource/armor.urdf -> /home/mechax/ws_y/rm_ws/install/my_package/share/my_package/resource
[0.741s] copying package.xml -> /home/mechax/ws_y/rm_ws/install/my_package/share/my_package
[0.742s] running install_egg_info
[0.743s] Copying ../../build/my_package/my_package.egg-info to /home/mechax/ws_y/rm_ws/install/my_package/lib/python3.10/site-packages/my_package-0.0.0-py3.10.egg-info
[0.744s] running install_scripts
[0.759s] Installing my_robot_driver script to /home/mechax/ws_y/rm_ws/install/my_package/lib/my_package
[0.759s] writing list of installed files to '/home/mechax/ws_y/rm_ws/build/my_package/install.log'
[0.795s] Invoked command in '/home/mechax/ws_y/rm_ws/src/my_package' returned '0': PYTHONPATH=/home/mechax/ws_y/rm_ws/build/my_package/prefix_override:/home/mechax/ws_y/rm_ws/install/my_package/lib/python3.10/site-packages:${PYTHONPATH} /usr/bin/python3 setup.py egg_info --egg-base ../../build/my_package build --build-base /home/mechax/ws_y/rm_ws/build/my_package/build install --record /home/mechax/ws_y/rm_ws/build/my_package/install.log --single-version-externally-managed
