[0.254s] Invoking command in '/home/mechax/ws_y/rm_ws/build/rm_gimbal_description': CMAKE_PREFIX_PATH=/opt/ros/humble /usr/bin/cmake /home/mechax/ws_y/rm_ws/src/rm_gimbal_description -DAMENT_CMAKE_SYMLINK_INSTALL=1 -DCMAKE_INSTALL_PREFIX=/home/mechax/ws_y/rm_ws/install/rm_gimbal_description
[0.262s] -- Found ament_cmake: 1.3.5 (/opt/ros/humble/share/ament_cmake/cmake)
[0.361s] -- Override CMake install command with custom implementation using symlinks instead of copying resources
[0.368s] -- Found ament_lint_auto: 0.12.8 (/opt/ros/humble/share/ament_lint_auto/cmake)
[0.449s] -- Added test 'lint_cmake' to check CMake code style
[0.449s] -- Added test 'xmllint' to check XML markup files
[0.450s] -- Configuring done
[0.453s] -- Generating done
[0.454s] -- Build files have been written to: /home/mechax/ws_y/rm_ws/build/rm_gimbal_description
[0.458s] Invoked command in '/home/mechax/ws_y/rm_ws/build/rm_gimbal_description' returned '0': CMAKE_PREFIX_PATH=/opt/ros/humble /usr/bin/cmake /home/mechax/ws_y/rm_ws/src/rm_gimbal_description -DAMENT_CMAKE_SYMLINK_INSTALL=1 -DCMAKE_INSTALL_PREFIX=/home/mechax/ws_y/rm_ws/install/rm_gimbal_description
[0.460s] Invoking command in '/home/mechax/ws_y/rm_ws/build/rm_gimbal_description': CMAKE_PREFIX_PATH=/opt/ros/humble /usr/bin/cmake --build /home/mechax/ws_y/rm_ws/build/rm_gimbal_description -- -j16 -l16
[0.482s] Invoked command in '/home/mechax/ws_y/rm_ws/build/rm_gimbal_description' returned '0': CMAKE_PREFIX_PATH=/opt/ros/humble /usr/bin/cmake --build /home/mechax/ws_y/rm_ws/build/rm_gimbal_description -- -j16 -l16
[0.500s] Invoking command in '/home/mechax/ws_y/rm_ws/build/rm_gimbal_description': CMAKE_PREFIX_PATH=/opt/ros/humble /usr/bin/cmake --install /home/mechax/ws_y/rm_ws/build/rm_gimbal_description
[0.504s] -- Install configuration: ""
[0.504s] -- Execute custom install script
[0.504s] -- Symlinking: /home/mechax/ws_y/rm_ws/install/rm_gimbal_description/share/rm_gimbal_description/urdf/rm_gimbal.urdf.xacro
[0.510s] -- Symlinking: /home/mechax/ws_y/rm_ws/install/rm_gimbal_description/share/ament_index/resource_index/package_run_dependencies/rm_gimbal_description
[0.515s] -- Symlinking: /home/mechax/ws_y/rm_ws/install/rm_gimbal_description/share/ament_index/resource_index/parent_prefix_path/rm_gimbal_description
[0.524s] -- Symlinking: /home/mechax/ws_y/rm_ws/install/rm_gimbal_description/share/rm_gimbal_description/environment/ament_prefix_path.sh
[0.533s] -- Symlinking: /home/mechax/ws_y/rm_ws/install/rm_gimbal_description/share/rm_gimbal_description/environment/ament_prefix_path.dsv
[0.541s] -- Symlinking: /home/mechax/ws_y/rm_ws/install/rm_gimbal_description/share/rm_gimbal_description/environment/path.sh
[0.550s] -- Symlinking: /home/mechax/ws_y/rm_ws/install/rm_gimbal_description/share/rm_gimbal_description/environment/path.dsv
[0.559s] -- Symlinking: /home/mechax/ws_y/rm_ws/install/rm_gimbal_description/share/rm_gimbal_description/local_setup.bash
[0.564s] -- Symlinking: /home/mechax/ws_y/rm_ws/install/rm_gimbal_description/share/rm_gimbal_description/local_setup.sh
[0.570s] -- Symlinking: /home/mechax/ws_y/rm_ws/install/rm_gimbal_description/share/rm_gimbal_description/local_setup.zsh
[0.576s] -- Symlinking: /home/mechax/ws_y/rm_ws/install/rm_gimbal_description/share/rm_gimbal_description/local_setup.dsv
[0.584s] -- Symlinking: /home/mechax/ws_y/rm_ws/install/rm_gimbal_description/share/rm_gimbal_description/package.dsv
[0.593s] -- Symlinking: /home/mechax/ws_y/rm_ws/install/rm_gimbal_description/share/ament_index/resource_index/packages/rm_gimbal_description
[0.601s] -- Symlinking: /home/mechax/ws_y/rm_ws/install/rm_gimbal_description/share/rm_gimbal_description/cmake/rm_gimbal_descriptionConfig.cmake
[0.608s] -- Symlinking: /home/mechax/ws_y/rm_ws/install/rm_gimbal_description/share/rm_gimbal_description/cmake/rm_gimbal_descriptionConfig-version.cmake
[0.613s] -- Symlinking: /home/mechax/ws_y/rm_ws/install/rm_gimbal_description/share/rm_gimbal_description/package.xml
[0.623s] Invoked command in '/home/mechax/ws_y/rm_ws/build/rm_gimbal_description' returned '0': CMAKE_PREFIX_PATH=/opt/ros/humble /usr/bin/cmake --install /home/mechax/ws_y/rm_ws/build/rm_gimbal_description
