[0.069s] Invoking command in '/home/mechax/ws_y/rm_ws/build/fast_lio': AMENT_PREFIX_PATH=/home/mechax/ws_y/rm_ws/install/livox_ros_driver2:${AMENT_PREFIX_PATH} CMAKE_PREFIX_PATH=/home/mechax/ws_y/rm_ws/install/livox_ros_driver2:/opt/ros/humble LD_LIBRARY_PATH=/home/mechax/ws_y/rm_ws/install/livox_ros_driver2/lib:${LD_LIBRARY_PATH} PYTHONPATH=/home/mechax/ws_y/rm_ws/install/livox_ros_driver2/local/lib/python3.10/dist-packages:${PYTHONPATH} /usr/bin/cmake /home/mechax/ws_y/rm_ws/src/rm_localization/fast_lio -DCMAKE_INSTALL_PREFIX=/home/mechax/ws_y/rm_ws/install/fast_lio
[0.152s] -- The C compiler identification is GNU 11.4.0
[0.246s] -- The CXX compiler identification is GNU 11.4.0
[0.257s] -- Detecting C compiler ABI info
[0.346s] -- Detecting C compiler ABI info - done
[0.356s] -- Check for working C compiler: /usr/bin/cc - skipped
[0.356s] -- Detecting C compile features
[0.356s] -- Detecting C compile features - done
[0.360s] -- Detecting CXX compiler ABI info
[0.483s] -- Detecting CXX compiler ABI info - done
[0.494s] -- Check for working CXX compiler: /usr/bin/c++ - skipped
[0.494s] -- Detecting CXX compile features
[0.494s] -- Detecting CXX compile features - done
[0.495s] [0mCurrent CPU archtecture: x86_64[0m
[0.501s] [0mProcesser number:  16[0m
[0.501s] [0mcore for MP: 3[0m
[0.949s] -- Found PythonLibs: /usr/lib/x86_64-linux-gnu/libpython3.10.so (found version "3.10.12") 
[0.952s] -- Found ament_cmake: 1.3.5 (/opt/ros/humble/share/ament_cmake/cmake)
[1.228s] -- Found Python3: /usr/bin/python3.10 (found version "3.10.12") found components: Interpreter 
[1.330s] -- Found rclcpp: 16.0.6 (/opt/ros/humble/share/rclcpp/cmake)
[1.361s] -- Found rosidl_generator_c: 3.1.5 (/opt/ros/humble/share/rosidl_generator_c/cmake)
[1.364s] -- Found rosidl_adapter: 3.1.5 (/opt/ros/humble/share/rosidl_adapter/cmake)
[1.371s] -- Found rosidl_generator_cpp: 3.1.5 (/opt/ros/humble/share/rosidl_generator_cpp/cmake)
[1.382s] -- Using all available rosidl_typesupport_c: rosidl_typesupport_fastrtps_c;rosidl_typesupport_introspection_c
[1.398s] -- Using all available rosidl_typesupport_cpp: rosidl_typesupport_fastrtps_cpp;rosidl_typesupport_introspection_cpp
[1.452s] -- Found rmw_implementation_cmake: 6.1.1 (/opt/ros/humble/share/rmw_implementation_cmake/cmake)
[1.454s] -- Found rmw_fastrtps_cpp: 6.2.4 (/opt/ros/humble/share/rmw_fastrtps_cpp/cmake)
[1.564s] -- Found OpenSSL: /usr/lib/x86_64-linux-gnu/libcrypto.so (found version "3.0.2")  
[1.603s] -- Found FastRTPS: /opt/ros/humble/include  
[1.666s] -- Using RMW implementation 'rmw_fastrtps_cpp' as default
[1.679s] -- Looking for pthread.h
[1.782s] -- Looking for pthread.h - found
[1.782s] -- Performing Test CMAKE_HAVE_LIBC_PTHREAD
[1.893s] -- Performing Test CMAKE_HAVE_LIBC_PTHREAD - Success
[1.895s] -- Found Threads: TRUE  
[2.110s] -- Found rclcpp_components: 16.0.6 (/opt/ros/humble/share/rclcpp_components/cmake)
[2.201s] -- Found geometry_msgs: 4.2.3 (/opt/ros/humble/share/geometry_msgs/cmake)
[2.261s] -- Found nav_msgs: 4.2.3 (/opt/ros/humble/share/nav_msgs/cmake)
[2.376s] -- Found sensor_msgs: 4.2.3 (/opt/ros/humble/share/sensor_msgs/cmake)
[2.493s] -- Found std_srvs: 4.2.3 (/opt/ros/humble/share/std_srvs/cmake)
[2.516s] -- Found visualization_msgs: 4.2.3 (/opt/ros/humble/share/visualization_msgs/cmake)
[2.686s] -- Found pcl_ros: 2.4.0 (/opt/ros/humble/share/pcl_ros/cmake)
[3.070s] -- Found eigen3_cmake_module: 0.1.1 (/opt/ros/humble/share/eigen3_cmake_module/cmake)
[3.072s] -- Found Eigen3: TRUE (found version "3.4.0") 
[3.072s] -- Ensuring Eigen3 include directory is part of orocos-kdl CMake target
[3.498s] -- Checking for module 'eigen3'
[3.520s] --   Found eigen3, version 3.4.0
[3.573s] -- Found Eigen: /usr/include/eigen3 (Required is at least version "3.1") 
[3.573s] -- Eigen found (include: /usr/include/eigen3, version: 3.4.0)
[3.618s] -- Checking for module 'flann'
[3.638s] --   Found flann, version 1.9.1
[3.700s] -- Found FLANN: /usr/lib/x86_64-linux-gnu/libflann_cpp.so  
[3.700s] -- FLANN found (include: /usr/include, lib: /usr/lib/x86_64-linux-gnu/libflann_cpp.so)
[5.421s] -- Checking for module 'libusb-1.0'
[5.461s] --   Found libusb-1.0, version 1.0.25
[5.556s] -- Found libusb: /usr/lib/x86_64-linux-gnu/libusb-1.0.so  
[5.557s] -- OpenNI found (version: 1.5.4.0, include: /usr/include/ni, lib: /usr/lib/libOpenNI.so;libusb::libusb)
[5.694s] -- OpenNI2 found (version: 2.2.0.33, include: /usr/include/openni2, lib: /usr/lib/x86_64-linux-gnu/libOpenNI2.so;libusb::libusb)
[5.974s] -- Eigen found (include: /usr/include/eigen3, version: 3.4.0)
[5.986s] -- OpenNI found (version: 1.5.4.0, include: /usr/include/ni, lib: /usr/lib/libOpenNI.so;libusb::libusb)
[5.997s] -- OpenNI2 found (version: 2.2.0.33, include: /usr/include/openni2, lib: /usr/lib/x86_64-linux-gnu/libOpenNI2.so;libusb::libusb)
[6.243s] -- Found Qhull version 8.0.2
[6.500s] -- OpenNI found (version: 1.5.4.0, include: /usr/include/ni, lib: /usr/lib/libOpenNI.so;libusb::libusb)
[6.723s] -- Found PCL_COMMON: /usr/lib/x86_64-linux-gnu/libpcl_common.so  
[6.725s] -- Found PCL_KDTREE: /usr/lib/x86_64-linux-gnu/libpcl_kdtree.so  
[6.727s] -- Found PCL_OCTREE: /usr/lib/x86_64-linux-gnu/libpcl_octree.so  
[6.729s] -- Found PCL_SEARCH: /usr/lib/x86_64-linux-gnu/libpcl_search.so  
[6.730s] -- Found PCL_SAMPLE_CONSENSUS: /usr/lib/x86_64-linux-gnu/libpcl_sample_consensus.so  
[6.731s] -- Found PCL_FILTERS: /usr/lib/x86_64-linux-gnu/libpcl_filters.so  
[6.732s] -- Found PCL_2D: /usr/include/pcl-1.12  
[6.732s] -- Found PCL_GEOMETRY: /usr/include/pcl-1.12  
[6.734s] -- Found PCL_IO: /usr/lib/x86_64-linux-gnu/libpcl_io.so  
[6.736s] -- Found PCL_FEATURES: /usr/lib/x86_64-linux-gnu/libpcl_features.so  
[6.737s] -- Found PCL_ML: /usr/lib/x86_64-linux-gnu/libpcl_ml.so  
[6.740s] -- Found PCL_SEGMENTATION: /usr/lib/x86_64-linux-gnu/libpcl_segmentation.so  
[6.742s] -- Found PCL_VISUALIZATION: /usr/lib/x86_64-linux-gnu/libpcl_visualization.so  
[6.744s] -- Found PCL_SURFACE: /usr/lib/x86_64-linux-gnu/libpcl_surface.so  
[6.745s] -- Found PCL_REGISTRATION: /usr/lib/x86_64-linux-gnu/libpcl_registration.so  
[6.746s] -- Found PCL_KEYPOINTS: /usr/lib/x86_64-linux-gnu/libpcl_keypoints.so  
[6.747s] -- Found PCL_TRACKING: /usr/lib/x86_64-linux-gnu/libpcl_tracking.so  
[6.749s] -- Found PCL_RECOGNITION: /usr/lib/x86_64-linux-gnu/libpcl_recognition.so  
[6.750s] -- Found PCL_STEREO: /usr/lib/x86_64-linux-gnu/libpcl_stereo.so  
[6.753s] -- Found PCL_APPS: /usr/lib/x86_64-linux-gnu/libpcl_apps.so  
[6.754s] -- Found PCL_IN_HAND_SCANNER: /usr/include/pcl-1.12  
[6.758s] -- Found PCL_MODELER: /usr/include/pcl-1.12  
[6.759s] -- Found PCL_POINT_CLOUD_EDITOR: /usr/include/pcl-1.12  
[6.761s] -- Found PCL_OUTOFCORE: /usr/lib/x86_64-linux-gnu/libpcl_outofcore.so  
[6.763s] -- Found PCL_PEOPLE: /usr/lib/x86_64-linux-gnu/libpcl_people.so  
[6.783s] -- Found livox_ros_driver2: 1.0.0 (/home/mechax/ws_y/rm_ws/install/livox_ros_driver2/share/livox_ros_driver2/cmake)
[7.038s] -- Found rosidl_default_generators: 1.2.0 (/opt/ros/humble/share/rosidl_default_generators/cmake)
[7.051s] [33mCMake Warning (dev) at CMakeLists.txt:80 (find_package):
[7.051s]   Policy CMP0074 is not set: find_package uses <PackageName>_ROOT variables.
[7.051s]   Run "cmake --help-policy CMP0074" for policy details.  Use the cmake_policy
[7.051s]   command to set the policy and suppress this warning.
[7.051s] 
[7.051s]   CMake variable PCL_ROOT is set to:
[7.051s] 
[7.051s]     /usr
[7.051s] 
[7.051s]   For compatibility, CMake is ignoring the variable.
[7.051s] This warning is for project developers.  Use -Wno-dev to suppress it.
[7.051s] [0m
[7.062s] -- PCL: /usr/include/pcl-1.12
[7.062s] [0mEigen:/usr/include/eigen3[0m
[7.468s] -- Found ament_cmake_ros: 0.10.0 (/opt/ros/humble/share/ament_cmake_ros/cmake)
[7.962s] -- Using all available rosidl_typesupport_c: rosidl_typesupport_fastrtps_c;rosidl_typesupport_introspection_c
[8.137s] -- Using all available rosidl_typesupport_cpp: rosidl_typesupport_fastrtps_cpp;rosidl_typesupport_introspection_cpp
[8.177s] -- Found PythonInterp: /usr/bin/python3 (found suitable version "3.10.12", minimum required is "3.6") 
[8.180s] -- Found python_cmake_module: 0.10.0 (/opt/ros/humble/share/python_cmake_module/cmake)
[8.215s] -- Found PythonLibs: /usr/lib/x86_64-linux-gnu/libpython3.10.so (found suitable version "3.10.12", minimum required is "3.5") 
[8.215s] -- Using PYTHON_EXECUTABLE: /usr/bin/python3
[8.215s] -- Using PYTHON_INCLUDE_DIRS: /usr/include/python3.10
[8.215s] -- Using PYTHON_LIBRARIES: /usr/lib/x86_64-linux-gnu/libpython3.10.so
[8.245s] -- Found PythonExtra: .so  
[8.344s] -- Configuring done
[8.394s] -- Generating done
[8.397s] -- Build files have been written to: /home/mechax/ws_y/rm_ws/build/fast_lio
[8.424s] Invoked command in '/home/mechax/ws_y/rm_ws/build/fast_lio' returned '0': AMENT_PREFIX_PATH=/home/mechax/ws_y/rm_ws/install/livox_ros_driver2:${AMENT_PREFIX_PATH} CMAKE_PREFIX_PATH=/home/mechax/ws_y/rm_ws/install/livox_ros_driver2:/opt/ros/humble LD_LIBRARY_PATH=/home/mechax/ws_y/rm_ws/install/livox_ros_driver2/lib:${LD_LIBRARY_PATH} PYTHONPATH=/home/mechax/ws_y/rm_ws/install/livox_ros_driver2/local/lib/python3.10/dist-packages:${PYTHONPATH} /usr/bin/cmake /home/mechax/ws_y/rm_ws/src/rm_localization/fast_lio -DCMAKE_INSTALL_PREFIX=/home/mechax/ws_y/rm_ws/install/fast_lio
[8.426s] Invoking command in '/home/mechax/ws_y/rm_ws/build/fast_lio': AMENT_PREFIX_PATH=/home/mechax/ws_y/rm_ws/install/livox_ros_driver2:${AMENT_PREFIX_PATH} CMAKE_PREFIX_PATH=/home/mechax/ws_y/rm_ws/install/livox_ros_driver2:/opt/ros/humble LD_LIBRARY_PATH=/home/mechax/ws_y/rm_ws/install/livox_ros_driver2/lib:${LD_LIBRARY_PATH} PYTHONPATH=/home/mechax/ws_y/rm_ws/install/livox_ros_driver2/local/lib/python3.10/dist-packages:${PYTHONPATH} /usr/bin/cmake --build /home/mechax/ws_y/rm_ws/build/fast_lio -- -j16 -l16
[8.472s] [  2%] [34m[1mGenerating C code for ROS interfaces[0m
[8.477s] [  5%] [34m[1mGenerating C++ code for ROS interfaces[0m
[8.500s] [  5%] Built target ament_cmake_python_copy_fast_lio
[8.746s] [  5%] Built target fast_lio__cpp
[8.757s] [  8%] [34m[1mGenerating C++ introspection for ROS interfaces[0m
[8.760s] [ 14%] [34m[1mGenerating C++ type support for eProsima Fast-RTPS[0m
[8.760s] [ 14%] [34m[1mGenerating C++ type support dispatch for ROS interfaces[0m
[8.837s] running egg_info
[8.838s] creating fast_lio.egg-info
[8.838s] writing fast_lio.egg-info/PKG-INFO
[8.839s] writing dependency_links to fast_lio.egg-info/dependency_links.txt
[8.839s] writing top-level names to fast_lio.egg-info/top_level.txt
[8.839s] writing manifest file 'fast_lio.egg-info/SOURCES.txt'
[8.843s] reading manifest file 'fast_lio.egg-info/SOURCES.txt'
[8.844s] writing manifest file 'fast_lio.egg-info/SOURCES.txt'
[8.913s] [ 14%] Built target ament_cmake_python_build_fast_lio_egg
[8.937s] [ 17%] [32mBuilding C object CMakeFiles/fast_lio__rosidl_generator_c.dir/rosidl_generator_c/fast_lio/msg/detail/pose6_d__functions.c.o[0m
[9.021s] [ 20%] [32mBuilding CXX object CMakeFiles/fast_lio__rosidl_typesupport_introspection_cpp.dir/rosidl_typesupport_introspection_cpp/fast_lio/msg/detail/pose6_d__type_support.cpp.o[0m
[9.072s] [ 22%] [32m[1mLinking C shared library libfast_lio__rosidl_generator_c.so[0m
[9.128s] [ 22%] Built target fast_lio__rosidl_generator_c
[9.142s] [ 31%] [34m[1mGenerating C type support for eProsima Fast-RTPS[0m
[9.142s] [ 31%] [34m[1mGenerating C introspection for ROS interfaces[0m
[9.142s] [ 31%] [34m[1mGenerating C type support dispatch for ROS interfaces[0m
[9.179s] [ 34%] [32mBuilding CXX object CMakeFiles/fast_lio__rosidl_typesupport_cpp.dir/rosidl_typesupport_cpp/fast_lio/msg/pose6_d__type_support.cpp.o[0m
[9.272s] [ 37%] [32mBuilding CXX object CMakeFiles/fast_lio__rosidl_typesupport_fastrtps_cpp.dir/rosidl_typesupport_fastrtps_cpp/fast_lio/msg/detail/dds_fastrtps/pose6_d__type_support.cpp.o[0m
[9.494s] [ 40%] [32mBuilding CXX object CMakeFiles/fast_lio__rosidl_typesupport_fastrtps_c.dir/rosidl_typesupport_fastrtps_c/fast_lio/msg/detail/pose6_d__type_support_c.cpp.o[0m
[9.542s] [ 42%] [32mBuilding CXX object CMakeFiles/fast_lio__rosidl_typesupport_c.dir/rosidl_typesupport_c/fast_lio/msg/pose6_d__type_support.cpp.o[0m
[9.558s] [ 45%] [32m[1mLinking CXX shared library libfast_lio__rosidl_typesupport_introspection_cpp.so[0m
[9.579s] [ 48%] [32m[1mLinking CXX shared library libfast_lio__rosidl_typesupport_c.so[0m
[9.584s] [ 51%] [32m[1mLinking CXX shared library libfast_lio__rosidl_typesupport_cpp.so[0m
[9.617s] [ 51%] Built target fast_lio__rosidl_typesupport_introspection_cpp
[9.638s] [ 51%] Built target fast_lio__rosidl_typesupport_c
[9.643s] [ 54%] [32mBuilding C object CMakeFiles/fast_lio__rosidl_typesupport_introspection_c.dir/rosidl_typesupport_introspection_c/fast_lio/msg/detail/pose6_d__type_support.c.o[0m
[9.643s] [ 54%] Built target fast_lio__rosidl_typesupport_cpp
[9.674s] [ 62%] [32mBuilding CXX object CMakeFiles/fastlio_mapping.dir/src/preprocess.cpp.o[0m
[9.674s] [ 62%] [32mBuilding CXX object CMakeFiles/fastlio_mapping.dir/src/laserMapping.cpp.o[0m
[9.674s] [ 62%] [32mBuilding CXX object CMakeFiles/fastlio_mapping.dir/include/ikd-Tree/ikd_Tree.cpp.o[0m
[9.727s] [ 65%] [32m[1mLinking C shared library libfast_lio__rosidl_typesupport_introspection_c.so[0m
[9.770s] [ 65%] Built target fast_lio__rosidl_typesupport_introspection_c
[9.811s] [ 68%] [32m[1mLinking CXX shared library libfast_lio__rosidl_typesupport_fastrtps_c.so[0m
[9.874s] [ 71%] [32m[1mLinking CXX shared library libfast_lio__rosidl_typesupport_fastrtps_cpp.so[0m
[9.967s] [ 71%] Built target fast_lio__rosidl_typesupport_fastrtps_c
[10.028s] [ 71%] Built target fast_lio__rosidl_typesupport_fastrtps_cpp
[10.055s] [ 71%] Built target fast_lio
[10.083s] [ 74%] [34m[1mGenerating Python code for ROS interfaces[0m
[10.692s] [ 74%] Built target fast_lio__py
[10.721s] [ 77%] [32mBuilding C object CMakeFiles/fast_lio__rosidl_generator_py.dir/rosidl_generator_py/fast_lio/msg/_pose6_d_s.c.o[0m
[10.915s] [ 80%] [32m[1mLinking C shared library rosidl_generator_py/fast_lio/libfast_lio__rosidl_generator_py.so[0m
[10.970s] [ 80%] Built target fast_lio__rosidl_generator_py
[11.002s] [ 88%] [32mBuilding C object CMakeFiles/fast_lio__rosidl_typesupport_c__pyext.dir/rosidl_generator_py/fast_lio/_fast_lio_s.ep.rosidl_typesupport_c.c.o[0m
[11.002s] [ 88%] [32mBuilding C object CMakeFiles/fast_lio__rosidl_typesupport_fastrtps_c__pyext.dir/rosidl_generator_py/fast_lio/_fast_lio_s.ep.rosidl_typesupport_fastrtps_c.c.o[0m
[11.002s] [ 88%] [32mBuilding C object CMakeFiles/fast_lio__rosidl_typesupport_introspection_c__pyext.dir/rosidl_generator_py/fast_lio/_fast_lio_s.ep.rosidl_typesupport_introspection_c.c.o[0m
[11.159s] [ 94%] [32m[1mLinking C shared library rosidl_generator_py/fast_lio/fast_lio_s__rosidl_typesupport_introspection_c.cpython-310-x86_64-linux-gnu.so[0m
[11.160s] [ 94%] [32m[1mLinking C shared library rosidl_generator_py/fast_lio/fast_lio_s__rosidl_typesupport_c.cpython-310-x86_64-linux-gnu.so[0m
[11.163s] [ 97%] [32m[1mLinking C shared library rosidl_generator_py/fast_lio/fast_lio_s__rosidl_typesupport_fastrtps_c.cpython-310-x86_64-linux-gnu.so[0m
[11.213s] [ 97%] Built target fast_lio__rosidl_typesupport_c__pyext
[11.213s] [ 97%] Built target fast_lio__rosidl_typesupport_introspection_c__pyext
[11.217s] [ 97%] Built target fast_lio__rosidl_typesupport_fastrtps_c__pyext
[17.005s] In file included from [01m[K/usr/include/boost/smart_ptr/detail/sp_thread_sleep.hpp:22[m[K,
[17.005s]                  from [01m[K/usr/include/boost/smart_ptr/detail/yield_k.hpp:23[m[K,
[17.005s]                  from [01m[K/usr/include/boost/smart_ptr/detail/spinlock_gcc_atomic.hpp:14[m[K,
[17.005s]                  from [01m[K/usr/include/boost/smart_ptr/detail/spinlock.hpp:42[m[K,
[17.005s]                  from [01m[K/usr/include/boost/smart_ptr/detail/spinlock_pool.hpp:25[m[K,
[17.005s]                  from [01m[K/usr/include/boost/smart_ptr/shared_ptr.hpp:29[m[K,
[17.005s]                  from [01m[K/usr/include/boost/shared_ptr.hpp:17[m[K,
[17.005s]                  from [01m[K/usr/include/boost/date_time/microsec_time_clock.hpp:18[m[K,
[17.006s]                  from [01m[K/usr/include/boost/interprocess/detail/posix_time_types_wrk.hpp:31[m[K,
[17.006s]                  from [01m[K/usr/include/boost/interprocess/detail/os_thread_functions.hpp:36[m[K,
[17.006s]                  from [01m[K/usr/include/boost/interprocess/sync/file_lock.hpp:26[m[K,
[17.006s]                  from [01m[K/usr/include/pcl-1.12/pcl/io/pcd_io.h:46[m[K,
[17.006s]                  from [01m[K/opt/ros/humble/include/pcl_conversions/pcl_conversions.h:72[m[K,
[17.006s]                  from [01m[K/home/mechax/ws_y/rm_ws/src/rm_localization/fast_lio/src/IMU_Processing.hpp:18[m[K,
[17.006s]                  from [01m[K/home/mechax/ws_y/rm_ws/src/rm_localization/fast_lio/src/laserMapping.cpp:47[m[K:
[17.006s] [01m[K/usr/include/boost/bind.hpp:36:1:[m[K [01;36m[Knote: [m[K‘[01m[K#pragma message: The practice of declaring the Bind placeholders (_1, _2, ...) in the global namespace is deprecated. Please use <boost/bind/bind.hpp> + using namespace boost::placeholders, or define BOOST_BIND_GLOBAL_PLACEHOLDERS to retain the current behavior.[m[K’
[17.006s]    36 | [01;36m[KBOOST_PRAGMA_MESSAGE[m[K(
[17.006s]       | [01;36m[K^~~~~~~~~~~~~~~~~~~~[m[K
[59.478s] [100%] [32m[1mLinking CXX executable fastlio_mapping[0m
[60.201s] [100%] Built target fastlio_mapping
[60.209s] Invoked command in '/home/mechax/ws_y/rm_ws/build/fast_lio' returned '0': AMENT_PREFIX_PATH=/home/mechax/ws_y/rm_ws/install/livox_ros_driver2:${AMENT_PREFIX_PATH} CMAKE_PREFIX_PATH=/home/mechax/ws_y/rm_ws/install/livox_ros_driver2:/opt/ros/humble LD_LIBRARY_PATH=/home/mechax/ws_y/rm_ws/install/livox_ros_driver2/lib:${LD_LIBRARY_PATH} PYTHONPATH=/home/mechax/ws_y/rm_ws/install/livox_ros_driver2/local/lib/python3.10/dist-packages:${PYTHONPATH} /usr/bin/cmake --build /home/mechax/ws_y/rm_ws/build/fast_lio -- -j16 -l16
[60.238s] Invoking command in '/home/mechax/ws_y/rm_ws/build/fast_lio': AMENT_PREFIX_PATH=/home/mechax/ws_y/rm_ws/install/livox_ros_driver2:${AMENT_PREFIX_PATH} CMAKE_PREFIX_PATH=/home/mechax/ws_y/rm_ws/install/livox_ros_driver2:/opt/ros/humble LD_LIBRARY_PATH=/home/mechax/ws_y/rm_ws/install/livox_ros_driver2/lib:${LD_LIBRARY_PATH} PYTHONPATH=/home/mechax/ws_y/rm_ws/install/livox_ros_driver2/local/lib/python3.10/dist-packages:${PYTHONPATH} /usr/bin/cmake --install /home/mechax/ws_y/rm_ws/build/fast_lio
[60.242s] -- Install configuration: "Release"
[60.242s] -- Installing: /home/mechax/ws_y/rm_ws/install/fast_lio/share/ament_index/resource_index/rosidl_interfaces/fast_lio
[60.242s] -- Up-to-date: /home/mechax/ws_y/rm_ws/install/fast_lio/include/fast_lio/fast_lio
[60.242s] -- Up-to-date: /home/mechax/ws_y/rm_ws/install/fast_lio/include/fast_lio/fast_lio/msg
[60.242s] -- Up-to-date: /home/mechax/ws_y/rm_ws/install/fast_lio/include/fast_lio/fast_lio/msg/detail
[60.242s] -- Installing: /home/mechax/ws_y/rm_ws/install/fast_lio/include/fast_lio/fast_lio/msg/detail/pose6_d__functions.c
[60.242s] -- Installing: /home/mechax/ws_y/rm_ws/install/fast_lio/include/fast_lio/fast_lio/msg/detail/pose6_d__struct.h
[60.242s] -- Installing: /home/mechax/ws_y/rm_ws/install/fast_lio/include/fast_lio/fast_lio/msg/detail/pose6_d__functions.h
[60.242s] -- Installing: /home/mechax/ws_y/rm_ws/install/fast_lio/include/fast_lio/fast_lio/msg/detail/pose6_d__type_support.h
[60.242s] -- Installing: /home/mechax/ws_y/rm_ws/install/fast_lio/include/fast_lio/fast_lio/msg/rosidl_generator_c__visibility_control.h
[60.243s] -- Installing: /home/mechax/ws_y/rm_ws/install/fast_lio/include/fast_lio/fast_lio/msg/pose6_d.h
[60.243s] -- Up-to-date: /home/mechax/ws_y/rm_ws/install/fast_lio/share/fast_lio/environment/library_path.sh
[60.243s] -- Installing: /home/mechax/ws_y/rm_ws/install/fast_lio/share/fast_lio/environment/library_path.dsv
[60.243s] -- Installing: /home/mechax/ws_y/rm_ws/install/fast_lio/lib/libfast_lio__rosidl_generator_c.so
[60.243s] -- Set runtime path of "/home/mechax/ws_y/rm_ws/install/fast_lio/lib/libfast_lio__rosidl_generator_c.so" to ""
[60.243s] -- Up-to-date: /home/mechax/ws_y/rm_ws/install/fast_lio/include/fast_lio/fast_lio
[60.243s] -- Up-to-date: /home/mechax/ws_y/rm_ws/install/fast_lio/include/fast_lio/fast_lio/msg
[60.243s] -- Up-to-date: /home/mechax/ws_y/rm_ws/install/fast_lio/include/fast_lio/fast_lio/msg/detail
[60.243s] -- Installing: /home/mechax/ws_y/rm_ws/install/fast_lio/include/fast_lio/fast_lio/msg/detail/pose6_d__rosidl_typesupport_fastrtps_c.h
[60.243s] -- Installing: /home/mechax/ws_y/rm_ws/install/fast_lio/include/fast_lio/fast_lio/msg/rosidl_typesupport_fastrtps_c__visibility_control.h
[60.243s] -- Installing: /home/mechax/ws_y/rm_ws/install/fast_lio/lib/libfast_lio__rosidl_typesupport_fastrtps_c.so
[60.243s] -- Set runtime path of "/home/mechax/ws_y/rm_ws/install/fast_lio/lib/libfast_lio__rosidl_typesupport_fastrtps_c.so" to ""
[60.243s] -- Up-to-date: /home/mechax/ws_y/rm_ws/install/fast_lio/include/fast_lio/fast_lio
[60.243s] -- Up-to-date: /home/mechax/ws_y/rm_ws/install/fast_lio/include/fast_lio/fast_lio/msg
[60.243s] -- Installing: /home/mechax/ws_y/rm_ws/install/fast_lio/include/fast_lio/fast_lio/msg/pose6_d.hpp
[60.243s] -- Up-to-date: /home/mechax/ws_y/rm_ws/install/fast_lio/include/fast_lio/fast_lio/msg/detail
[60.243s] -- Installing: /home/mechax/ws_y/rm_ws/install/fast_lio/include/fast_lio/fast_lio/msg/detail/pose6_d__builder.hpp
[60.243s] -- Installing: /home/mechax/ws_y/rm_ws/install/fast_lio/include/fast_lio/fast_lio/msg/detail/pose6_d__traits.hpp
[60.244s] -- Installing: /home/mechax/ws_y/rm_ws/install/fast_lio/include/fast_lio/fast_lio/msg/detail/pose6_d__struct.hpp
[60.244s] -- Up-to-date: /home/mechax/ws_y/rm_ws/install/fast_lio/include/fast_lio/fast_lio
[60.244s] -- Up-to-date: /home/mechax/ws_y/rm_ws/install/fast_lio/include/fast_lio/fast_lio/msg
[60.244s] -- Up-to-date: /home/mechax/ws_y/rm_ws/install/fast_lio/include/fast_lio/fast_lio/msg/detail
[60.244s] -- Up-to-date: /home/mechax/ws_y/rm_ws/install/fast_lio/include/fast_lio/fast_lio/msg/detail/dds_fastrtps
[60.244s] -- Installing: /home/mechax/ws_y/rm_ws/install/fast_lio/include/fast_lio/fast_lio/msg/detail/pose6_d__rosidl_typesupport_fastrtps_cpp.hpp
[60.244s] -- Installing: /home/mechax/ws_y/rm_ws/install/fast_lio/include/fast_lio/fast_lio/msg/rosidl_typesupport_fastrtps_cpp__visibility_control.h
[60.244s] -- Installing: /home/mechax/ws_y/rm_ws/install/fast_lio/lib/libfast_lio__rosidl_typesupport_fastrtps_cpp.so
[60.244s] -- Set runtime path of "/home/mechax/ws_y/rm_ws/install/fast_lio/lib/libfast_lio__rosidl_typesupport_fastrtps_cpp.so" to ""
[60.244s] -- Up-to-date: /home/mechax/ws_y/rm_ws/install/fast_lio/include/fast_lio/fast_lio
[60.244s] -- Up-to-date: /home/mechax/ws_y/rm_ws/install/fast_lio/include/fast_lio/fast_lio/msg
[60.244s] -- Installing: /home/mechax/ws_y/rm_ws/install/fast_lio/include/fast_lio/fast_lio/msg/rosidl_typesupport_introspection_c__visibility_control.h
[60.244s] -- Up-to-date: /home/mechax/ws_y/rm_ws/install/fast_lio/include/fast_lio/fast_lio/msg/detail
[60.244s] -- Installing: /home/mechax/ws_y/rm_ws/install/fast_lio/include/fast_lio/fast_lio/msg/detail/pose6_d__rosidl_typesupport_introspection_c.h
[60.244s] -- Installing: /home/mechax/ws_y/rm_ws/install/fast_lio/include/fast_lio/fast_lio/msg/detail/pose6_d__type_support.c
[60.244s] -- Installing: /home/mechax/ws_y/rm_ws/install/fast_lio/lib/libfast_lio__rosidl_typesupport_introspection_c.so
[60.244s] -- Set runtime path of "/home/mechax/ws_y/rm_ws/install/fast_lio/lib/libfast_lio__rosidl_typesupport_introspection_c.so" to ""
[60.244s] -- Installing: /home/mechax/ws_y/rm_ws/install/fast_lio/lib/libfast_lio__rosidl_typesupport_c.so
[60.244s] -- Set runtime path of "/home/mechax/ws_y/rm_ws/install/fast_lio/lib/libfast_lio__rosidl_typesupport_c.so" to ""
[60.244s] -- Up-to-date: /home/mechax/ws_y/rm_ws/install/fast_lio/include/fast_lio/fast_lio
[60.244s] -- Up-to-date: /home/mechax/ws_y/rm_ws/install/fast_lio/include/fast_lio/fast_lio/msg
[60.244s] -- Up-to-date: /home/mechax/ws_y/rm_ws/install/fast_lio/include/fast_lio/fast_lio/msg/detail
[60.244s] -- Installing: /home/mechax/ws_y/rm_ws/install/fast_lio/include/fast_lio/fast_lio/msg/detail/pose6_d__type_support.cpp
[60.244s] -- Installing: /home/mechax/ws_y/rm_ws/install/fast_lio/include/fast_lio/fast_lio/msg/detail/pose6_d__rosidl_typesupport_introspection_cpp.hpp
[60.244s] -- Installing: /home/mechax/ws_y/rm_ws/install/fast_lio/lib/libfast_lio__rosidl_typesupport_introspection_cpp.so
[60.244s] -- Set runtime path of "/home/mechax/ws_y/rm_ws/install/fast_lio/lib/libfast_lio__rosidl_typesupport_introspection_cpp.so" to ""
[60.244s] -- Installing: /home/mechax/ws_y/rm_ws/install/fast_lio/lib/libfast_lio__rosidl_typesupport_cpp.so
[60.244s] -- Set runtime path of "/home/mechax/ws_y/rm_ws/install/fast_lio/lib/libfast_lio__rosidl_typesupport_cpp.so" to ""
[60.244s] -- Installing: /home/mechax/ws_y/rm_ws/install/fast_lio/share/fast_lio/environment/pythonpath.sh
[60.244s] -- Installing: /home/mechax/ws_y/rm_ws/install/fast_lio/share/fast_lio/environment/pythonpath.dsv
[60.244s] -- Up-to-date: /home/mechax/ws_y/rm_ws/install/fast_lio/local/lib/python3.10/dist-packages/fast_lio-0.0.0-py3.10.egg-info
[60.245s] -- Installing: /home/mechax/ws_y/rm_ws/install/fast_lio/local/lib/python3.10/dist-packages/fast_lio-0.0.0-py3.10.egg-info/SOURCES.txt
[60.245s] -- Installing: /home/mechax/ws_y/rm_ws/install/fast_lio/local/lib/python3.10/dist-packages/fast_lio-0.0.0-py3.10.egg-info/top_level.txt
[60.245s] -- Installing: /home/mechax/ws_y/rm_ws/install/fast_lio/local/lib/python3.10/dist-packages/fast_lio-0.0.0-py3.10.egg-info/PKG-INFO
[60.245s] -- Installing: /home/mechax/ws_y/rm_ws/install/fast_lio/local/lib/python3.10/dist-packages/fast_lio-0.0.0-py3.10.egg-info/dependency_links.txt
[60.245s] -- Up-to-date: /home/mechax/ws_y/rm_ws/install/fast_lio/local/lib/python3.10/dist-packages/fast_lio
[60.245s] -- Installing: /home/mechax/ws_y/rm_ws/install/fast_lio/local/lib/python3.10/dist-packages/fast_lio/libfast_lio__rosidl_generator_py.so
[60.245s] -- Installing: /home/mechax/ws_y/rm_ws/install/fast_lio/local/lib/python3.10/dist-packages/fast_lio/fast_lio_s__rosidl_typesupport_c.cpython-310-x86_64-linux-gnu.so
[60.245s] -- Installing: /home/mechax/ws_y/rm_ws/install/fast_lio/local/lib/python3.10/dist-packages/fast_lio/fast_lio_s__rosidl_typesupport_fastrtps_c.cpython-310-x86_64-linux-gnu.so
[60.245s] -- Up-to-date: /home/mechax/ws_y/rm_ws/install/fast_lio/local/lib/python3.10/dist-packages/fast_lio/msg
[60.245s] -- Installing: /home/mechax/ws_y/rm_ws/install/fast_lio/local/lib/python3.10/dist-packages/fast_lio/msg/_pose6_d.py
[60.245s] -- Installing: /home/mechax/ws_y/rm_ws/install/fast_lio/local/lib/python3.10/dist-packages/fast_lio/msg/_pose6_d_s.c
[60.245s] -- Installing: /home/mechax/ws_y/rm_ws/install/fast_lio/local/lib/python3.10/dist-packages/fast_lio/msg/__init__.py
[60.245s] -- Installing: /home/mechax/ws_y/rm_ws/install/fast_lio/local/lib/python3.10/dist-packages/fast_lio/_fast_lio_s.ep.rosidl_typesupport_introspection_c.c
[60.245s] -- Installing: /home/mechax/ws_y/rm_ws/install/fast_lio/local/lib/python3.10/dist-packages/fast_lio/_fast_lio_s.ep.rosidl_typesupport_fastrtps_c.c
[60.245s] -- Installing: /home/mechax/ws_y/rm_ws/install/fast_lio/local/lib/python3.10/dist-packages/fast_lio/_fast_lio_s.ep.rosidl_typesupport_c.c
[60.245s] -- Installing: /home/mechax/ws_y/rm_ws/install/fast_lio/local/lib/python3.10/dist-packages/fast_lio/fast_lio_s__rosidl_typesupport_introspection_c.cpython-310-x86_64-linux-gnu.so
[60.245s] -- Installing: /home/mechax/ws_y/rm_ws/install/fast_lio/local/lib/python3.10/dist-packages/fast_lio/__init__.py
[60.264s] Listing '/home/mechax/ws_y/rm_ws/install/fast_lio/local/lib/python3.10/dist-packages/fast_lio'...
[60.264s] Compiling '/home/mechax/ws_y/rm_ws/install/fast_lio/local/lib/python3.10/dist-packages/fast_lio/__init__.py'...
[60.264s] Listing '/home/mechax/ws_y/rm_ws/install/fast_lio/local/lib/python3.10/dist-packages/fast_lio/msg'...
[60.264s] Compiling '/home/mechax/ws_y/rm_ws/install/fast_lio/local/lib/python3.10/dist-packages/fast_lio/msg/__init__.py'...
[60.264s] Compiling '/home/mechax/ws_y/rm_ws/install/fast_lio/local/lib/python3.10/dist-packages/fast_lio/msg/_pose6_d.py'...
[60.267s] -- Installing: /home/mechax/ws_y/rm_ws/install/fast_lio/local/lib/python3.10/dist-packages/fast_lio/fast_lio_s__rosidl_typesupport_fastrtps_c.cpython-310-x86_64-linux-gnu.so
[60.267s] -- Set runtime path of "/home/mechax/ws_y/rm_ws/install/fast_lio/local/lib/python3.10/dist-packages/fast_lio/fast_lio_s__rosidl_typesupport_fastrtps_c.cpython-310-x86_64-linux-gnu.so" to ""
[60.267s] -- Installing: /home/mechax/ws_y/rm_ws/install/fast_lio/local/lib/python3.10/dist-packages/fast_lio/fast_lio_s__rosidl_typesupport_introspection_c.cpython-310-x86_64-linux-gnu.so
[60.267s] -- Set runtime path of "/home/mechax/ws_y/rm_ws/install/fast_lio/local/lib/python3.10/dist-packages/fast_lio/fast_lio_s__rosidl_typesupport_introspection_c.cpython-310-x86_64-linux-gnu.so" to ""
[60.267s] -- Installing: /home/mechax/ws_y/rm_ws/install/fast_lio/local/lib/python3.10/dist-packages/fast_lio/fast_lio_s__rosidl_typesupport_c.cpython-310-x86_64-linux-gnu.so
[60.268s] -- Set runtime path of "/home/mechax/ws_y/rm_ws/install/fast_lio/local/lib/python3.10/dist-packages/fast_lio/fast_lio_s__rosidl_typesupport_c.cpython-310-x86_64-linux-gnu.so" to ""
[60.268s] -- Installing: /home/mechax/ws_y/rm_ws/install/fast_lio/lib/libfast_lio__rosidl_generator_py.so
[60.268s] -- Set runtime path of "/home/mechax/ws_y/rm_ws/install/fast_lio/lib/libfast_lio__rosidl_generator_py.so" to ""
[60.268s] -- Installing: /home/mechax/ws_y/rm_ws/install/fast_lio/share/fast_lio/msg/Pose6D.idl
[60.268s] -- Up-to-date: /home/mechax/ws_y/rm_ws/install/fast_lio/share/fast_lio/msg/Pose6D.msg
[60.268s] -- Installing: /home/mechax/ws_y/rm_ws/install/fast_lio/lib/fast_lio/fastlio_mapping
[60.270s] -- Set runtime path of "/home/mechax/ws_y/rm_ws/install/fast_lio/lib/fast_lio/fastlio_mapping" to ""
[60.270s] -- Up-to-date: /home/mechax/ws_y/rm_ws/install/fast_lio/share/fast_lio/config
[60.270s] -- Up-to-date: /home/mechax/ws_y/rm_ws/install/fast_lio/share/fast_lio/config/velodyne.yaml
[60.270s] -- Up-to-date: /home/mechax/ws_y/rm_ws/install/fast_lio/share/fast_lio/config/avia.yaml
[60.270s] -- Up-to-date: /home/mechax/ws_y/rm_ws/install/fast_lio/share/fast_lio/config/horizon.yaml
[60.270s] -- Up-to-date: /home/mechax/ws_y/rm_ws/install/fast_lio/share/fast_lio/config/ouster64.yaml
[60.270s] -- Up-to-date: /home/mechax/ws_y/rm_ws/install/fast_lio/share/fast_lio/config/mid360.yaml
[60.270s] -- Up-to-date: /home/mechax/ws_y/rm_ws/install/fast_lio/share/fast_lio/launch
[60.270s] -- Up-to-date: /home/mechax/ws_y/rm_ws/install/fast_lio/share/fast_lio/launch/gdb_debug_example.launch
[60.270s] -- Up-to-date: /home/mechax/ws_y/rm_ws/install/fast_lio/share/fast_lio/launch/mapping_ouster64.launch
[60.270s] -- Up-to-date: /home/mechax/ws_y/rm_ws/install/fast_lio/share/fast_lio/launch/mapping_horizon.launch
[60.270s] -- Up-to-date: /home/mechax/ws_y/rm_ws/install/fast_lio/share/fast_lio/launch/mapping.launch.py
[60.270s] -- Up-to-date: /home/mechax/ws_y/rm_ws/install/fast_lio/share/fast_lio/launch/mapping_avia.launch
[60.270s] -- Up-to-date: /home/mechax/ws_y/rm_ws/install/fast_lio/share/fast_lio/launch/mapping_velodyne.launch
[60.270s] -- Up-to-date: /home/mechax/ws_y/rm_ws/install/fast_lio/share/fast_lio/rviz
[60.270s] -- Up-to-date: /home/mechax/ws_y/rm_ws/install/fast_lio/share/fast_lio/rviz/fastlio.rviz
[60.270s] -- Installing: /home/mechax/ws_y/rm_ws/install/fast_lio/share/ament_index/resource_index/package_run_dependencies/fast_lio
[60.270s] -- Installing: /home/mechax/ws_y/rm_ws/install/fast_lio/share/ament_index/resource_index/parent_prefix_path/fast_lio
[60.270s] -- Up-to-date: /home/mechax/ws_y/rm_ws/install/fast_lio/share/fast_lio/environment/ament_prefix_path.sh
[60.270s] -- Installing: /home/mechax/ws_y/rm_ws/install/fast_lio/share/fast_lio/environment/ament_prefix_path.dsv
[60.270s] -- Up-to-date: /home/mechax/ws_y/rm_ws/install/fast_lio/share/fast_lio/environment/path.sh
[60.270s] -- Installing: /home/mechax/ws_y/rm_ws/install/fast_lio/share/fast_lio/environment/path.dsv
[60.270s] -- Installing: /home/mechax/ws_y/rm_ws/install/fast_lio/share/fast_lio/local_setup.bash
[60.270s] -- Installing: /home/mechax/ws_y/rm_ws/install/fast_lio/share/fast_lio/local_setup.sh
[60.270s] -- Installing: /home/mechax/ws_y/rm_ws/install/fast_lio/share/fast_lio/local_setup.zsh
[60.270s] -- Installing: /home/mechax/ws_y/rm_ws/install/fast_lio/share/fast_lio/local_setup.dsv
[60.270s] -- Installing: /home/mechax/ws_y/rm_ws/install/fast_lio/share/fast_lio/package.dsv
[60.270s] -- Installing: /home/mechax/ws_y/rm_ws/install/fast_lio/share/ament_index/resource_index/packages/fast_lio
[60.270s] -- Installing: /home/mechax/ws_y/rm_ws/install/fast_lio/share/fast_lio/cmake/export_fast_lio__rosidl_generator_cExport.cmake
[60.270s] -- Installing: /home/mechax/ws_y/rm_ws/install/fast_lio/share/fast_lio/cmake/export_fast_lio__rosidl_generator_cExport-release.cmake
[60.270s] -- Installing: /home/mechax/ws_y/rm_ws/install/fast_lio/share/fast_lio/cmake/export_fast_lio__rosidl_typesupport_fastrtps_cExport.cmake
[60.270s] -- Installing: /home/mechax/ws_y/rm_ws/install/fast_lio/share/fast_lio/cmake/export_fast_lio__rosidl_typesupport_fastrtps_cExport-release.cmake
[60.270s] -- Installing: /home/mechax/ws_y/rm_ws/install/fast_lio/share/fast_lio/cmake/export_fast_lio__rosidl_generator_cppExport.cmake
[60.271s] -- Installing: /home/mechax/ws_y/rm_ws/install/fast_lio/share/fast_lio/cmake/export_fast_lio__rosidl_typesupport_fastrtps_cppExport.cmake
[60.271s] -- Installing: /home/mechax/ws_y/rm_ws/install/fast_lio/share/fast_lio/cmake/export_fast_lio__rosidl_typesupport_fastrtps_cppExport-release.cmake
[60.271s] -- Installing: /home/mechax/ws_y/rm_ws/install/fast_lio/share/fast_lio/cmake/fast_lio__rosidl_typesupport_introspection_cExport.cmake
[60.271s] -- Installing: /home/mechax/ws_y/rm_ws/install/fast_lio/share/fast_lio/cmake/fast_lio__rosidl_typesupport_introspection_cExport-release.cmake
[60.271s] -- Installing: /home/mechax/ws_y/rm_ws/install/fast_lio/share/fast_lio/cmake/fast_lio__rosidl_typesupport_cExport.cmake
[60.271s] -- Installing: /home/mechax/ws_y/rm_ws/install/fast_lio/share/fast_lio/cmake/fast_lio__rosidl_typesupport_cExport-release.cmake
[60.271s] -- Installing: /home/mechax/ws_y/rm_ws/install/fast_lio/share/fast_lio/cmake/fast_lio__rosidl_typesupport_introspection_cppExport.cmake
[60.271s] -- Installing: /home/mechax/ws_y/rm_ws/install/fast_lio/share/fast_lio/cmake/fast_lio__rosidl_typesupport_introspection_cppExport-release.cmake
[60.271s] -- Installing: /home/mechax/ws_y/rm_ws/install/fast_lio/share/fast_lio/cmake/fast_lio__rosidl_typesupport_cppExport.cmake
[60.271s] -- Installing: /home/mechax/ws_y/rm_ws/install/fast_lio/share/fast_lio/cmake/fast_lio__rosidl_typesupport_cppExport-release.cmake
[60.271s] -- Installing: /home/mechax/ws_y/rm_ws/install/fast_lio/share/fast_lio/cmake/export_fast_lio__rosidl_generator_pyExport.cmake
[60.271s] -- Installing: /home/mechax/ws_y/rm_ws/install/fast_lio/share/fast_lio/cmake/export_fast_lio__rosidl_generator_pyExport-release.cmake
[60.271s] -- Installing: /home/mechax/ws_y/rm_ws/install/fast_lio/share/fast_lio/cmake/rosidl_cmake-extras.cmake
[60.271s] -- Installing: /home/mechax/ws_y/rm_ws/install/fast_lio/share/fast_lio/cmake/ament_cmake_export_include_directories-extras.cmake
[60.271s] -- Installing: /home/mechax/ws_y/rm_ws/install/fast_lio/share/fast_lio/cmake/ament_cmake_export_libraries-extras.cmake
[60.271s] -- Installing: /home/mechax/ws_y/rm_ws/install/fast_lio/share/fast_lio/cmake/ament_cmake_export_targets-extras.cmake
[60.271s] -- Installing: /home/mechax/ws_y/rm_ws/install/fast_lio/share/fast_lio/cmake/rosidl_cmake_export_typesupport_targets-extras.cmake
[60.271s] -- Installing: /home/mechax/ws_y/rm_ws/install/fast_lio/share/fast_lio/cmake/ament_cmake_export_dependencies-extras.cmake
[60.271s] -- Installing: /home/mechax/ws_y/rm_ws/install/fast_lio/share/fast_lio/cmake/rosidl_cmake_export_typesupport_libraries-extras.cmake
[60.271s] -- Installing: /home/mechax/ws_y/rm_ws/install/fast_lio/share/fast_lio/cmake/fast_lioConfig.cmake
[60.271s] -- Installing: /home/mechax/ws_y/rm_ws/install/fast_lio/share/fast_lio/cmake/fast_lioConfig-version.cmake
[60.271s] -- Up-to-date: /home/mechax/ws_y/rm_ws/install/fast_lio/share/fast_lio/package.xml
[60.273s] Invoked command in '/home/mechax/ws_y/rm_ws/build/fast_lio' returned '0': AMENT_PREFIX_PATH=/home/mechax/ws_y/rm_ws/install/livox_ros_driver2:${AMENT_PREFIX_PATH} CMAKE_PREFIX_PATH=/home/mechax/ws_y/rm_ws/install/livox_ros_driver2:/opt/ros/humble LD_LIBRARY_PATH=/home/mechax/ws_y/rm_ws/install/livox_ros_driver2/lib:${LD_LIBRARY_PATH} PYTHONPATH=/home/mechax/ws_y/rm_ws/install/livox_ros_driver2/local/lib/python3.10/dist-packages:${PYTHONPATH} /usr/bin/cmake --install /home/mechax/ws_y/rm_ws/build/fast_lio
