[0.279s] Invoking command in '/home/mechax/ws_y/rm_ws/build/pointcloud_to_laserscan': CMAKE_PREFIX_PATH=/opt/ros/humble /usr/bin/cmake /home/mechax/ws_y/rm_ws/src/rm_perception/pointcloud_to_laserscan -DCMAKE_INSTALL_PREFIX=/home/mechax/ws_y/rm_ws/install/pointcloud_to_laserscan
[0.323s] -- The C compiler identification is GNU 11.4.0
[0.366s] -- The CXX compiler identification is GNU 11.4.0
[0.375s] -- Detecting C compiler ABI info
[0.460s] -- Detecting C compiler ABI info - done
[0.469s] -- Check for working C compiler: /usr/bin/cc - skipped
[0.469s] -- Detecting C compile features
[0.470s] -- Detecting C compile features - done
[0.473s] -- Detecting CXX compiler ABI info
[0.536s] -- Detecting CXX compiler ABI info - done
[0.545s] -- Check for working CXX compiler: /usr/bin/c++ - skipped
[0.545s] -- Detecting CXX compile features
[0.546s] -- Detecting CXX compile features - done
[0.548s] -- Found ament_cmake_auto: 1.3.5 (/opt/ros/humble/share/ament_cmake_auto/cmake)
[0.694s] -- Found Python3: /usr/bin/python3.10 (found version "3.10.12") found components: Interpreter 
[0.840s] -- Found rosidl_generator_c: 3.1.5 (/opt/ros/humble/share/rosidl_generator_c/cmake)
[0.843s] -- Found rosidl_adapter: 3.1.5 (/opt/ros/humble/share/rosidl_adapter/cmake)
[0.850s] -- Found rosidl_generator_cpp: 3.1.5 (/opt/ros/humble/share/rosidl_generator_cpp/cmake)
[0.856s] -- Using all available rosidl_typesupport_c: rosidl_typesupport_fastrtps_c;rosidl_typesupport_introspection_c
[0.868s] -- Using all available rosidl_typesupport_cpp: rosidl_typesupport_fastrtps_cpp;rosidl_typesupport_introspection_cpp
[0.909s] -- Found rmw_implementation_cmake: 6.1.1 (/opt/ros/humble/share/rmw_implementation_cmake/cmake)
[0.911s] -- Found rmw_fastrtps_cpp: 6.2.4 (/opt/ros/humble/share/rmw_fastrtps_cpp/cmake)
[0.972s] -- Found OpenSSL: /usr/lib/x86_64-linux-gnu/libcrypto.so (found version "3.0.2")  
[0.988s] -- Found FastRTPS: /opt/ros/humble/include  
[1.029s] -- Using RMW implementation 'rmw_fastrtps_cpp' as default
[1.037s] -- Looking for pthread.h
[1.089s] -- Looking for pthread.h - found
[1.090s] -- Performing Test CMAKE_HAVE_LIBC_PTHREAD
[1.144s] -- Performing Test CMAKE_HAVE_LIBC_PTHREAD - Success
[1.145s] -- Found Threads: TRUE  
[1.710s] -- Found ament_lint_auto: 0.12.8 (/opt/ros/humble/share/ament_lint_auto/cmake)
[1.735s] -- Added test 'cppcheck' to perform static code analysis on C / C++ code
[1.736s] -- Configured cppcheck include dirs: /home/mechax/ws_y/rm_ws/src/rm_perception/pointcloud_to_laserscan/include
[1.736s] -- Configured cppcheck exclude dirs and/or files: 
[1.737s] -- Added test 'cpplint' to check C / C++ code against the Google style
[1.737s] -- Configured cpplint exclude dirs and/or files: 
[1.738s] -- Added test 'flake8' to check Python code syntax and style conventions
[1.738s] -- Added test 'lint_cmake' to check CMake code style
[1.739s] -- Added test 'pep257' to check Python code against some of the docstring style conventions in PEP 257
[1.740s] -- Added test 'uncrustify' to check C / C++ code style
[1.740s] -- Configured uncrustify additional arguments: 
[1.740s] -- Added test 'xmllint' to check XML markup files
[1.744s] -- Configuring done
[1.779s] -- Generating done
[1.780s] -- Build files have been written to: /home/mechax/ws_y/rm_ws/build/pointcloud_to_laserscan
[1.794s] Invoked command in '/home/mechax/ws_y/rm_ws/build/pointcloud_to_laserscan' returned '0': CMAKE_PREFIX_PATH=/opt/ros/humble /usr/bin/cmake /home/mechax/ws_y/rm_ws/src/rm_perception/pointcloud_to_laserscan -DCMAKE_INSTALL_PREFIX=/home/mechax/ws_y/rm_ws/install/pointcloud_to_laserscan
[1.796s] Invoking command in '/home/mechax/ws_y/rm_ws/build/pointcloud_to_laserscan': CMAKE_PREFIX_PATH=/opt/ros/humble /usr/bin/cmake --build /home/mechax/ws_y/rm_ws/build/pointcloud_to_laserscan -- -j16 -l16
[1.835s] [ 10%] [32mBuilding CXX object CMakeFiles/pointcloud_to_laserscan_node.dir/rclcpp_components/node_main_pointcloud_to_laserscan_node.cpp.o[0m
[1.843s] [ 30%] [32mBuilding CXX object CMakeFiles/laserscan_to_pointcloud.dir/src/laserscan_to_pointcloud_node.cpp.o[0m
[1.843s] [ 30%] [32mBuilding CXX object CMakeFiles/laserscan_to_pointcloud_node.dir/rclcpp_components/node_main_laserscan_to_pointcloud_node.cpp.o[0m
[6.615s] [ 40%] [32m[1mLinking CXX executable pointcloud_to_laserscan_node[0m
[6.892s] [ 40%] Built target pointcloud_to_laserscan_node
[9.399s] [ 50%] [32m[1mLinking CXX executable laserscan_to_pointcloud_node[0m
[9.692s] [ 50%] Built target laserscan_to_pointcloud_node
[37.986s] [ 60%] [32m[1mLinking CXX shared library liblaserscan_to_pointcloud.so[0m
[38.202s] [ 60%] Built target laserscan_to_pointcloud
[38.234s] [ 70%] [32mBuilding CXX object CMakeFiles/pointcloud_to_laserscan.dir/src/pointcloud_to_laserscan_node.cpp.o[0m
[54.066s] [ 80%] [32m[1mLinking CXX shared library libpointcloud_to_laserscan.so[0m
[54.280s] [ 80%] Built target pointcloud_to_laserscan
[54.304s] [ 90%] [32mBuilding CXX object CMakeFiles/dummy_pointcloud_publisher.dir/src/dummy_pointcloud_publisher.cpp.o[0m
[58.550s] [100%] [32m[1mLinking CXX executable dummy_pointcloud_publisher[0m
[58.653s] [100%] Built target dummy_pointcloud_publisher
[58.664s] Invoked command in '/home/mechax/ws_y/rm_ws/build/pointcloud_to_laserscan' returned '0': CMAKE_PREFIX_PATH=/opt/ros/humble /usr/bin/cmake --build /home/mechax/ws_y/rm_ws/build/pointcloud_to_laserscan -- -j16 -l16
[58.684s] Invoking command in '/home/mechax/ws_y/rm_ws/build/pointcloud_to_laserscan': CMAKE_PREFIX_PATH=/opt/ros/humble /usr/bin/cmake --install /home/mechax/ws_y/rm_ws/build/pointcloud_to_laserscan
[58.690s] -- Install configuration: ""
[58.691s] -- Installing: /home/mechax/ws_y/rm_ws/install/pointcloud_to_laserscan/lib/pointcloud_to_laserscan/laserscan_to_pointcloud_node
[58.691s] -- Set runtime path of "/home/mechax/ws_y/rm_ws/install/pointcloud_to_laserscan/lib/pointcloud_to_laserscan/laserscan_to_pointcloud_node" to ""
[58.691s] -- Installing: /home/mechax/ws_y/rm_ws/install/pointcloud_to_laserscan/lib/pointcloud_to_laserscan/pointcloud_to_laserscan_node
[58.691s] -- Set runtime path of "/home/mechax/ws_y/rm_ws/install/pointcloud_to_laserscan/lib/pointcloud_to_laserscan/pointcloud_to_laserscan_node" to ""
[58.691s] -- Installing: /home/mechax/ws_y/rm_ws/install/pointcloud_to_laserscan/include
[58.692s] -- Installing: /home/mechax/ws_y/rm_ws/install/pointcloud_to_laserscan/include/pointcloud_to_laserscan
[58.692s] -- Installing: /home/mechax/ws_y/rm_ws/install/pointcloud_to_laserscan/include/pointcloud_to_laserscan/pointcloud_to_laserscan_node.hpp
[58.692s] -- Installing: /home/mechax/ws_y/rm_ws/install/pointcloud_to_laserscan/include/pointcloud_to_laserscan/laserscan_to_pointcloud_node.hpp
[58.692s] -- Installing: /home/mechax/ws_y/rm_ws/install/pointcloud_to_laserscan/include/pointcloud_to_laserscan/visibility_control.h
[58.692s] -- Installing: /home/mechax/ws_y/rm_ws/install/pointcloud_to_laserscan/share/pointcloud_to_laserscan/environment/library_path.sh
[58.692s] -- Installing: /home/mechax/ws_y/rm_ws/install/pointcloud_to_laserscan/share/pointcloud_to_laserscan/environment/library_path.dsv
[58.692s] -- Installing: /home/mechax/ws_y/rm_ws/install/pointcloud_to_laserscan/lib/liblaserscan_to_pointcloud.so
[58.693s] -- Set runtime path of "/home/mechax/ws_y/rm_ws/install/pointcloud_to_laserscan/lib/liblaserscan_to_pointcloud.so" to ""
[58.693s] -- Installing: /home/mechax/ws_y/rm_ws/install/pointcloud_to_laserscan/lib/libpointcloud_to_laserscan.so
[58.694s] -- Set runtime path of "/home/mechax/ws_y/rm_ws/install/pointcloud_to_laserscan/lib/libpointcloud_to_laserscan.so" to ""
[58.694s] -- Installing: /home/mechax/ws_y/rm_ws/install/pointcloud_to_laserscan/lib/pointcloud_to_laserscan/dummy_pointcloud_publisher
[58.694s] -- Set runtime path of "/home/mechax/ws_y/rm_ws/install/pointcloud_to_laserscan/lib/pointcloud_to_laserscan/dummy_pointcloud_publisher" to ""
[58.694s] -- Installing: /home/mechax/ws_y/rm_ws/install/pointcloud_to_laserscan/share/pointcloud_to_laserscan/launch
[58.694s] -- Installing: /home/mechax/ws_y/rm_ws/install/pointcloud_to_laserscan/share/pointcloud_to_laserscan/launch/sample_pointcloud_to_laserscan_launch.py
[58.694s] -- Installing: /home/mechax/ws_y/rm_ws/install/pointcloud_to_laserscan/share/pointcloud_to_laserscan/launch/sample_laserscan_to_pointcloud_launch.py
[58.694s] -- Installing: /home/mechax/ws_y/rm_ws/install/pointcloud_to_laserscan/share/pointcloud_to_laserscan/launch/pointcloud_to_laserscan_launch.py
[58.694s] -- Installing: /home/mechax/ws_y/rm_ws/install/pointcloud_to_laserscan/share/ament_index/resource_index/package_run_dependencies/pointcloud_to_laserscan
[58.694s] -- Installing: /home/mechax/ws_y/rm_ws/install/pointcloud_to_laserscan/share/ament_index/resource_index/parent_prefix_path/pointcloud_to_laserscan
[58.694s] -- Installing: /home/mechax/ws_y/rm_ws/install/pointcloud_to_laserscan/share/pointcloud_to_laserscan/environment/ament_prefix_path.sh
[58.695s] -- Installing: /home/mechax/ws_y/rm_ws/install/pointcloud_to_laserscan/share/pointcloud_to_laserscan/environment/ament_prefix_path.dsv
[58.695s] -- Installing: /home/mechax/ws_y/rm_ws/install/pointcloud_to_laserscan/share/pointcloud_to_laserscan/environment/path.sh
[58.695s] -- Installing: /home/mechax/ws_y/rm_ws/install/pointcloud_to_laserscan/share/pointcloud_to_laserscan/environment/path.dsv
[58.695s] -- Installing: /home/mechax/ws_y/rm_ws/install/pointcloud_to_laserscan/share/pointcloud_to_laserscan/local_setup.bash
[58.695s] -- Installing: /home/mechax/ws_y/rm_ws/install/pointcloud_to_laserscan/share/pointcloud_to_laserscan/local_setup.sh
[58.695s] -- Installing: /home/mechax/ws_y/rm_ws/install/pointcloud_to_laserscan/share/pointcloud_to_laserscan/local_setup.zsh
[58.695s] -- Installing: /home/mechax/ws_y/rm_ws/install/pointcloud_to_laserscan/share/pointcloud_to_laserscan/local_setup.dsv
[58.695s] -- Installing: /home/mechax/ws_y/rm_ws/install/pointcloud_to_laserscan/share/pointcloud_to_laserscan/package.dsv
[58.695s] -- Installing: /home/mechax/ws_y/rm_ws/install/pointcloud_to_laserscan/share/ament_index/resource_index/packages/pointcloud_to_laserscan
[58.695s] -- Installing: /home/mechax/ws_y/rm_ws/install/pointcloud_to_laserscan/share/ament_index/resource_index/rclcpp_components/pointcloud_to_laserscan
[58.695s] -- Installing: /home/mechax/ws_y/rm_ws/install/pointcloud_to_laserscan/share/pointcloud_to_laserscan/cmake/ament_cmake_export_dependencies-extras.cmake
[58.695s] -- Installing: /home/mechax/ws_y/rm_ws/install/pointcloud_to_laserscan/share/pointcloud_to_laserscan/cmake/ament_cmake_export_include_directories-extras.cmake
[58.695s] -- Installing: /home/mechax/ws_y/rm_ws/install/pointcloud_to_laserscan/share/pointcloud_to_laserscan/cmake/ament_cmake_export_libraries-extras.cmake
[58.695s] -- Installing: /home/mechax/ws_y/rm_ws/install/pointcloud_to_laserscan/share/pointcloud_to_laserscan/cmake/pointcloud_to_laserscanConfig.cmake
[58.696s] -- Installing: /home/mechax/ws_y/rm_ws/install/pointcloud_to_laserscan/share/pointcloud_to_laserscan/cmake/pointcloud_to_laserscanConfig-version.cmake
[58.696s] -- Installing: /home/mechax/ws_y/rm_ws/install/pointcloud_to_laserscan/share/pointcloud_to_laserscan/package.xml
[58.697s] Invoked command in '/home/mechax/ws_y/rm_ws/build/pointcloud_to_laserscan' returned '0': CMAKE_PREFIX_PATH=/opt/ros/humble /usr/bin/cmake --install /home/mechax/ws_y/rm_ws/build/pointcloud_to_laserscan
