[0.618s] Invoking command in '/home/mechax/ws_y/rm_ws/build/my_package': PYTHONPATH=/home/mechax/ws_y/rm_ws/build/my_package/prefix_override:/home/mechax/ws_y/rm_ws/install/my_package/lib/python3.10/site-packages:${PYTHONPATH} /usr/bin/python3 setup.py develop --uninstall --editable --build-directory /home/mechax/ws_y/rm_ws/build/my_package/build
[0.757s] running develop
[0.757s] /usr/lib/python3/dist-packages/setuptools/command/easy_install.py:158: EasyInstallDeprecationWarning: easy_install command is deprecated. Use build and pip and other standards-based tools.
[0.757s]   warnings.warn(
[0.757s] /usr/lib/python3/dist-packages/setuptools/command/install.py:34: SetuptoolsDeprecationWarning: setup.py install is deprecated. Use build and pip and other standards-based tools.
[0.757s]   warnings.warn(
[0.831s] Removing /home/mechax/ws_y/rm_ws/install/my_package/lib/python3.10/site-packages/my-package.egg-link (link to .)
[0.864s] Invoked command in '/home/mechax/ws_y/rm_ws/build/my_package' returned '0': PYTHONPATH=/home/mechax/ws_y/rm_ws/build/my_package/prefix_override:/home/mechax/ws_y/rm_ws/install/my_package/lib/python3.10/site-packages:${PYTHONPATH} /usr/bin/python3 setup.py develop --uninstall --editable --build-directory /home/mechax/ws_y/rm_ws/build/my_package/build
[0.865s] Invoking command in '/home/mechax/ws_y/rm_ws/src/my_package': PYTHONPATH=/home/mechax/ws_y/rm_ws/build/my_package/prefix_override:/home/mechax/ws_y/rm_ws/install/my_package/lib/python3.10/site-packages:${PYTHONPATH} /usr/bin/python3 setup.py egg_info --egg-base ../../build/my_package build --build-base /home/mechax/ws_y/rm_ws/build/my_package/build install --record /home/mechax/ws_y/rm_ws/build/my_package/install.log --single-version-externally-managed
[0.988s] running egg_info
[0.988s] writing ../../build/my_package/my_package.egg-info/PKG-INFO
[0.988s] writing dependency_links to ../../build/my_package/my_package.egg-info/dependency_links.txt
[0.988s] writing entry points to ../../build/my_package/my_package.egg-info/entry_points.txt
[0.988s] writing requirements to ../../build/my_package/my_package.egg-info/requires.txt
[0.988s] writing top-level names to ../../build/my_package/my_package.egg-info/top_level.txt
[0.989s] reading manifest file '../../build/my_package/my_package.egg-info/SOURCES.txt'
[0.989s] adding license file 'LICENSE'
[0.990s] writing manifest file '../../build/my_package/my_package.egg-info/SOURCES.txt'
[0.990s] running build
[0.990s] running build_py
[0.990s] running install
[0.990s] /usr/lib/python3/dist-packages/setuptools/command/install.py:34: SetuptoolsDeprecationWarning: setup.py install is deprecated. Use build and pip and other standards-based tools.
[0.990s]   warnings.warn(
[0.990s] running install_lib
[0.991s] creating /home/mechax/ws_y/rm_ws/install/my_package/lib/python3.10/site-packages/my_package
[0.991s] copying /home/mechax/ws_y/rm_ws/build/my_package/build/lib/my_package/my_robot_driver.py -> /home/mechax/ws_y/rm_ws/install/my_package/lib/python3.10/site-packages/my_package
[0.991s] copying /home/mechax/ws_y/rm_ws/build/my_package/build/lib/my_package/armor_robot_driver.py -> /home/mechax/ws_y/rm_ws/install/my_package/lib/python3.10/site-packages/my_package
[0.991s] copying /home/mechax/ws_y/rm_ws/build/my_package/build/lib/my_package/__init__.py -> /home/mechax/ws_y/rm_ws/install/my_package/lib/python3.10/site-packages/my_package
[0.991s] byte-compiling /home/mechax/ws_y/rm_ws/install/my_package/lib/python3.10/site-packages/my_package/my_robot_driver.py to my_robot_driver.cpython-310.pyc
[0.991s] byte-compiling /home/mechax/ws_y/rm_ws/install/my_package/lib/python3.10/site-packages/my_package/armor_robot_driver.py to armor_robot_driver.cpython-310.pyc
[0.992s] byte-compiling /home/mechax/ws_y/rm_ws/install/my_package/lib/python3.10/site-packages/my_package/__init__.py to __init__.cpython-310.pyc
[0.992s] running install_data
[0.992s] running install_egg_info
[0.993s] Copying ../../build/my_package/my_package.egg-info to /home/mechax/ws_y/rm_ws/install/my_package/lib/python3.10/site-packages/my_package-0.0.0-py3.10.egg-info
[0.993s] running install_scripts
[1.006s] Installing my_robot_driver script to /home/mechax/ws_y/rm_ws/install/my_package/lib/my_package
[1.006s] writing list of installed files to '/home/mechax/ws_y/rm_ws/build/my_package/install.log'
[1.023s] Invoked command in '/home/mechax/ws_y/rm_ws/src/my_package' returned '0': PYTHONPATH=/home/mechax/ws_y/rm_ws/build/my_package/prefix_override:/home/mechax/ws_y/rm_ws/install/my_package/lib/python3.10/site-packages:${PYTHONPATH} /usr/bin/python3 setup.py egg_info --egg-base ../../build/my_package build --build-base /home/mechax/ws_y/rm_ws/build/my_package/build install --record /home/mechax/ws_y/rm_ws/build/my_package/install.log --single-version-externally-managed
