[0.466s] Invoking command in '/home/mechax/ws_y/rm_ws/build/armor_detector': AMENT_PREFIX_PATH=/home/mechax/ws_y/rm_ws/install/auto_aim_interfaces:${AMENT_PREFIX_PATH} CMAKE_PREFIX_PATH=/home/mechax/ws_y/rm_ws/install/auto_aim_interfaces:/opt/ros/humble LD_LIBRARY_PATH=/home/mechax/ws_y/rm_ws/install/auto_aim_interfaces/lib:${LD_LIBRARY_PATH} PYTHONPATH=/home/mechax/ws_y/rm_ws/install/auto_aim_interfaces/local/lib/python3.10/dist-packages:${PYTHONPATH} /usr/bin/cmake /home/mechax/ws_y/rm_ws/src/rm_auto_aim/armor_detector -DCMAKE_INSTALL_PREFIX=/home/mechax/ws_y/rm_ws/install/armor_detector
[0.787s] -- The C compiler identification is GNU 11.4.0
[1.039s] -- The CXX compiler identification is GNU 11.4.0
[1.063s] -- Detecting C compiler ABI info
[1.286s] -- Detecting C compiler ABI info - done
[1.294s] -- Check for working C compiler: /usr/bin/cc - skipped
[1.294s] -- Detecting C compile features
[1.294s] -- Detecting C compile features - done
[1.298s] -- Detecting CXX compiler ABI info
[1.860s] -- Detecting CXX compiler ABI info - done
[1.872s] -- Check for working CXX compiler: /usr/bin/c++ - skipped
[1.873s] -- Detecting CXX compile features
[1.875s] -- Detecting CXX compile features - done
[1.882s] -- Found ament_cmake_auto: 1.3.5 (/opt/ros/humble/share/ament_cmake_auto/cmake)
[2.680s] -- Found Python3: /usr/bin/python3.10 (found version "3.10.12") found components: Interpreter 
[3.044s] -- Found OpenCV: /usr (found version "4.5.4") 
[3.400s] -- Found rosidl_generator_c: 3.1.5 (/opt/ros/humble/share/rosidl_generator_c/cmake)
[3.419s] -- Found rosidl_adapter: 3.1.5 (/opt/ros/humble/share/rosidl_adapter/cmake)
[3.448s] -- Found rosidl_generator_cpp: 3.1.5 (/opt/ros/humble/share/rosidl_generator_cpp/cmake)
[3.484s] -- Using all available rosidl_typesupport_c: rosidl_typesupport_fastrtps_c;rosidl_typesupport_introspection_c
[3.536s] -- Using all available rosidl_typesupport_cpp: rosidl_typesupport_fastrtps_cpp;rosidl_typesupport_introspection_cpp
[3.735s] -- Found rmw_implementation_cmake: 6.1.1 (/opt/ros/humble/share/rmw_implementation_cmake/cmake)
[3.739s] -- Found rmw_fastrtps_cpp: 6.2.4 (/opt/ros/humble/share/rmw_fastrtps_cpp/cmake)
[4.241s] -- Found OpenSSL: /usr/lib/x86_64-linux-gnu/libcrypto.so (found version "3.0.2")  
[4.324s] -- Found FastRTPS: /opt/ros/humble/include  
[4.462s] -- Using RMW implementation 'rmw_fastrtps_cpp' as default
[4.493s] -- Looking for pthread.h
[4.908s] -- Looking for pthread.h - found
[4.912s] -- Performing Test CMAKE_HAVE_LIBC_PTHREAD
[5.246s] -- Performing Test CMAKE_HAVE_LIBC_PTHREAD - Success
[5.248s] -- Found Threads: TRUE  
[6.373s] -- Found eigen3_cmake_module: 0.1.1 (/opt/ros/humble/share/eigen3_cmake_module/cmake)
[6.376s] -- Found Eigen3: TRUE (found version "3.4.0") 
[6.376s] -- Ensuring Eigen3 include directory is part of orocos-kdl CMake target
[6.950s] -- Found ament_lint_auto: 0.12.8 (/opt/ros/humble/share/ament_lint_auto/cmake)
[7.018s] -- Found ament_cmake_gtest: 1.3.5 (/opt/ros/humble/share/ament_cmake_gtest/cmake)
[7.026s] -- Found gtest sources under '/opt/ros/humble/src/gtest_vendor': C++ tests using 'Google Test' will be built
[7.090s] -- Added test 'cppcheck' to perform static code analysis on C / C++ code
[7.092s] -- Configured cppcheck include dirs: /home/mechax/ws_y/rm_ws/src/rm_auto_aim/armor_detector/include
[7.093s] -- Configured cppcheck exclude dirs and/or files: 
[7.096s] -- Added test 'lint_cmake' to check CMake code style
[7.100s] -- Added test 'xmllint' to check XML markup files
[7.104s] -- Added test 'clang_format' to check C / C++ code style
[7.115s] -- Configuring done
[7.305s] -- Generating done
[7.316s] -- Build files have been written to: /home/mechax/ws_y/rm_ws/build/armor_detector
[7.421s] Invoked command in '/home/mechax/ws_y/rm_ws/build/armor_detector' returned '0': AMENT_PREFIX_PATH=/home/mechax/ws_y/rm_ws/install/auto_aim_interfaces:${AMENT_PREFIX_PATH} CMAKE_PREFIX_PATH=/home/mechax/ws_y/rm_ws/install/auto_aim_interfaces:/opt/ros/humble LD_LIBRARY_PATH=/home/mechax/ws_y/rm_ws/install/auto_aim_interfaces/lib:${LD_LIBRARY_PATH} PYTHONPATH=/home/mechax/ws_y/rm_ws/install/auto_aim_interfaces/local/lib/python3.10/dist-packages:${PYTHONPATH} /usr/bin/cmake /home/mechax/ws_y/rm_ws/src/rm_auto_aim/armor_detector -DCMAKE_INSTALL_PREFIX=/home/mechax/ws_y/rm_ws/install/armor_detector
[7.422s] Invoking command in '/home/mechax/ws_y/rm_ws/build/armor_detector': AMENT_PREFIX_PATH=/home/mechax/ws_y/rm_ws/install/auto_aim_interfaces:${AMENT_PREFIX_PATH} CMAKE_PREFIX_PATH=/home/mechax/ws_y/rm_ws/install/auto_aim_interfaces:/opt/ros/humble LD_LIBRARY_PATH=/home/mechax/ws_y/rm_ws/install/auto_aim_interfaces/lib:${LD_LIBRARY_PATH} PYTHONPATH=/home/mechax/ws_y/rm_ws/install/auto_aim_interfaces/local/lib/python3.10/dist-packages:${PYTHONPATH} /usr/bin/cmake --build /home/mechax/ws_y/rm_ws/build/armor_detector -- -j16 -l16
[7.620s] [  6%] [32mBuilding CXX object CMakeFiles/armor_detector.dir/src/detector.cpp.o[0m
[7.640s] [ 13%] [32mBuilding CXX object CMakeFiles/armor_detector.dir/src/detector_node.cpp.o[0m
[7.668s] [ 20%] [32mBuilding CXX object CMakeFiles/armor_detector.dir/src/number_classifier.cpp.o[0m
[7.671s] [ 26%] [32mBuilding CXX object CMakeFiles/armor_detector.dir/src/pnp_solver.cpp.o[0m
[7.703s] [ 33%] [32mBuilding CXX object CMakeFiles/armor_detector_node.dir/rclcpp_components/node_main_armor_detector_node.cpp.o[0m
[7.741s] [ 40%] [32mBuilding CXX object gtest/CMakeFiles/gtest_main.dir/src/gtest_main.cc.o[0m
[7.761s] [ 46%] [32mBuilding CXX object gtest/CMakeFiles/gtest.dir/src/gtest-all.cc.o[0m
[9.923s] [ 53%] [32m[1mLinking CXX static library libgtest_main.a[0m
[10.059s] [ 53%] Built target gtest_main
[17.466s] [ 60%] [32m[1mLinking CXX static library libgtest.a[0m
[17.822s] [ 60%] Built target gtest
[17.969s] [ 66%] [32m[1mLinking CXX executable armor_detector_node[0m
[18.293s] [ 66%] Built target armor_detector_node
[41.767s] [ 73%] [32m[1mLinking CXX shared library libarmor_detector.so[0m
[43.722s] [ 73%] Built target armor_detector
[43.749s] [ 86%] [32mBuilding CXX object CMakeFiles/test_node_startup.dir/test/test_node_startup.cpp.o[0m
[43.750s] [ 86%] [32mBuilding CXX object CMakeFiles/test_number_cls.dir/test/test_number_cls.cpp.o[0m
[45.573s] [ 93%] [32m[1mLinking CXX executable test_number_cls[0m
[46.508s] [ 93%] Built target test_number_cls
[47.614s] [100%] [32m[1mLinking CXX executable test_node_startup[0m
[48.190s] [100%] Built target test_node_startup
[48.197s] Invoked command in '/home/mechax/ws_y/rm_ws/build/armor_detector' returned '0': AMENT_PREFIX_PATH=/home/mechax/ws_y/rm_ws/install/auto_aim_interfaces:${AMENT_PREFIX_PATH} CMAKE_PREFIX_PATH=/home/mechax/ws_y/rm_ws/install/auto_aim_interfaces:/opt/ros/humble LD_LIBRARY_PATH=/home/mechax/ws_y/rm_ws/install/auto_aim_interfaces/lib:${LD_LIBRARY_PATH} PYTHONPATH=/home/mechax/ws_y/rm_ws/install/auto_aim_interfaces/local/lib/python3.10/dist-packages:${PYTHONPATH} /usr/bin/cmake --build /home/mechax/ws_y/rm_ws/build/armor_detector -- -j16 -l16
[48.218s] Invoking command in '/home/mechax/ws_y/rm_ws/build/armor_detector': AMENT_PREFIX_PATH=/home/mechax/ws_y/rm_ws/install/auto_aim_interfaces:${AMENT_PREFIX_PATH} CMAKE_PREFIX_PATH=/home/mechax/ws_y/rm_ws/install/auto_aim_interfaces:/opt/ros/humble LD_LIBRARY_PATH=/home/mechax/ws_y/rm_ws/install/auto_aim_interfaces/lib:${LD_LIBRARY_PATH} PYTHONPATH=/home/mechax/ws_y/rm_ws/install/auto_aim_interfaces/local/lib/python3.10/dist-packages:${PYTHONPATH} /usr/bin/cmake --install /home/mechax/ws_y/rm_ws/build/armor_detector
[48.223s] -- Install configuration: ""
[48.223s] -- Installing: /home/mechax/ws_y/rm_ws/install/armor_detector/lib/armor_detector/armor_detector_node
[48.223s] -- Set runtime path of "/home/mechax/ws_y/rm_ws/install/armor_detector/lib/armor_detector/armor_detector_node" to ""
[48.223s] -- Installing: /home/mechax/ws_y/rm_ws/install/armor_detector/include
[48.223s] -- Installing: /home/mechax/ws_y/rm_ws/install/armor_detector/include/armor_detector
[48.223s] -- Installing: /home/mechax/ws_y/rm_ws/install/armor_detector/include/armor_detector/armor.hpp
[48.223s] -- Installing: /home/mechax/ws_y/rm_ws/install/armor_detector/include/armor_detector/number_classifier.hpp
[48.223s] -- Installing: /home/mechax/ws_y/rm_ws/install/armor_detector/include/armor_detector/detector.hpp
[48.223s] -- Installing: /home/mechax/ws_y/rm_ws/install/armor_detector/include/armor_detector/pnp_solver.hpp
[48.223s] -- Installing: /home/mechax/ws_y/rm_ws/install/armor_detector/include/armor_detector/detector_node.hpp
[48.223s] -- Installing: /home/mechax/ws_y/rm_ws/install/armor_detector/share/armor_detector/environment/library_path.sh
[48.223s] -- Installing: /home/mechax/ws_y/rm_ws/install/armor_detector/share/armor_detector/environment/library_path.dsv
[48.224s] -- Installing: /home/mechax/ws_y/rm_ws/install/armor_detector/lib/libarmor_detector.so
[48.231s] -- Set runtime path of "/home/mechax/ws_y/rm_ws/install/armor_detector/lib/libarmor_detector.so" to ""
[48.231s] -- Installing: /home/mechax/ws_y/rm_ws/install/armor_detector/share/armor_detector/model
[48.231s] -- Installing: /home/mechax/ws_y/rm_ws/install/armor_detector/share/armor_detector/model/mlp.onnx
[48.232s] -- Installing: /home/mechax/ws_y/rm_ws/install/armor_detector/share/armor_detector/model/label.txt
[48.232s] -- Installing: /home/mechax/ws_y/rm_ws/install/armor_detector/share/ament_index/resource_index/package_run_dependencies/armor_detector
[48.232s] -- Installing: /home/mechax/ws_y/rm_ws/install/armor_detector/share/ament_index/resource_index/parent_prefix_path/armor_detector
[48.232s] -- Installing: /home/mechax/ws_y/rm_ws/install/armor_detector/share/armor_detector/environment/ament_prefix_path.sh
[48.232s] -- Installing: /home/mechax/ws_y/rm_ws/install/armor_detector/share/armor_detector/environment/ament_prefix_path.dsv
[48.232s] -- Installing: /home/mechax/ws_y/rm_ws/install/armor_detector/share/armor_detector/environment/path.sh
[48.232s] -- Installing: /home/mechax/ws_y/rm_ws/install/armor_detector/share/armor_detector/environment/path.dsv
[48.232s] -- Installing: /home/mechax/ws_y/rm_ws/install/armor_detector/share/armor_detector/local_setup.bash
[48.232s] -- Installing: /home/mechax/ws_y/rm_ws/install/armor_detector/share/armor_detector/local_setup.sh
[48.232s] -- Installing: /home/mechax/ws_y/rm_ws/install/armor_detector/share/armor_detector/local_setup.zsh
[48.232s] -- Installing: /home/mechax/ws_y/rm_ws/install/armor_detector/share/armor_detector/local_setup.dsv
[48.233s] -- Installing: /home/mechax/ws_y/rm_ws/install/armor_detector/share/armor_detector/package.dsv
[48.233s] -- Installing: /home/mechax/ws_y/rm_ws/install/armor_detector/share/ament_index/resource_index/packages/armor_detector
[48.233s] -- Installing: /home/mechax/ws_y/rm_ws/install/armor_detector/share/ament_index/resource_index/rclcpp_components/armor_detector
[48.233s] -- Installing: /home/mechax/ws_y/rm_ws/install/armor_detector/share/armor_detector/cmake/ament_cmake_export_dependencies-extras.cmake
[48.233s] -- Installing: /home/mechax/ws_y/rm_ws/install/armor_detector/share/armor_detector/cmake/ament_cmake_export_include_directories-extras.cmake
[48.233s] -- Installing: /home/mechax/ws_y/rm_ws/install/armor_detector/share/armor_detector/cmake/ament_cmake_export_libraries-extras.cmake
[48.233s] -- Installing: /home/mechax/ws_y/rm_ws/install/armor_detector/share/armor_detector/cmake/armor_detectorConfig.cmake
[48.233s] -- Installing: /home/mechax/ws_y/rm_ws/install/armor_detector/share/armor_detector/cmake/armor_detectorConfig-version.cmake
[48.233s] -- Installing: /home/mechax/ws_y/rm_ws/install/armor_detector/share/armor_detector/package.xml
[48.234s] Invoked command in '/home/mechax/ws_y/rm_ws/build/armor_detector' returned '0': AMENT_PREFIX_PATH=/home/mechax/ws_y/rm_ws/install/auto_aim_interfaces:${AMENT_PREFIX_PATH} CMAKE_PREFIX_PATH=/home/mechax/ws_y/rm_ws/install/auto_aim_interfaces:/opt/ros/humble LD_LIBRARY_PATH=/home/mechax/ws_y/rm_ws/install/auto_aim_interfaces/lib:${LD_LIBRARY_PATH} PYTHONPATH=/home/mechax/ws_y/rm_ws/install/auto_aim_interfaces/local/lib/python3.10/dist-packages:${PYTHONPATH} /usr/bin/cmake --install /home/mechax/ws_y/rm_ws/build/armor_detector
