[0.183s] Invoking command in '/home/mechax/ws_y/rm_ws/build/rm_gimbal_description': CMAKE_PREFIX_PATH=/opt/ros/humble /usr/bin/cmake --build /home/mechax/ws_y/rm_ws/build/rm_gimbal_description -- -j16 -l16
[0.206s] Invoked command in '/home/mechax/ws_y/rm_ws/build/rm_gimbal_description' returned '0': CMAKE_PREFIX_PATH=/opt/ros/humble /usr/bin/cmake --build /home/mechax/ws_y/rm_ws/build/rm_gimbal_description -- -j16 -l16
[0.250s] Invoking command in '/home/mechax/ws_y/rm_ws/build/rm_gimbal_description': CMAKE_PREFIX_PATH=/opt/ros/humble /usr/bin/cmake --install /home/mechax/ws_y/rm_ws/build/rm_gimbal_description
[0.254s] -- Install configuration: ""
[0.254s] -- Execute custom install script
[0.255s] -- Up-to-date symlink: /home/mechax/ws_y/rm_ws/install/rm_gimbal_description/share/rm_gimbal_description/urdf/rm_gimbal.urdf.xacro
[0.255s] -- Up-to-date symlink: /home/mechax/ws_y/rm_ws/install/rm_gimbal_description/share/ament_index/resource_index/package_run_dependencies/rm_gimbal_description
[0.255s] -- Up-to-date symlink: /home/mechax/ws_y/rm_ws/install/rm_gimbal_description/share/ament_index/resource_index/parent_prefix_path/rm_gimbal_description
[0.255s] -- Up-to-date symlink: /home/mechax/ws_y/rm_ws/install/rm_gimbal_description/share/rm_gimbal_description/environment/ament_prefix_path.sh
[0.255s] -- Up-to-date symlink: /home/mechax/ws_y/rm_ws/install/rm_gimbal_description/share/rm_gimbal_description/environment/ament_prefix_path.dsv
[0.255s] -- Up-to-date symlink: /home/mechax/ws_y/rm_ws/install/rm_gimbal_description/share/rm_gimbal_description/environment/path.sh
[0.255s] -- Up-to-date symlink: /home/mechax/ws_y/rm_ws/install/rm_gimbal_description/share/rm_gimbal_description/environment/path.dsv
[0.255s] -- Up-to-date symlink: /home/mechax/ws_y/rm_ws/install/rm_gimbal_description/share/rm_gimbal_description/local_setup.bash
[0.255s] -- Up-to-date symlink: /home/mechax/ws_y/rm_ws/install/rm_gimbal_description/share/rm_gimbal_description/local_setup.sh
[0.256s] -- Up-to-date symlink: /home/mechax/ws_y/rm_ws/install/rm_gimbal_description/share/rm_gimbal_description/local_setup.zsh
[0.256s] -- Up-to-date symlink: /home/mechax/ws_y/rm_ws/install/rm_gimbal_description/share/rm_gimbal_description/local_setup.dsv
[0.256s] -- Symlinking: /home/mechax/ws_y/rm_ws/install/rm_gimbal_description/share/rm_gimbal_description/package.dsv
[0.260s] -- Up-to-date symlink: /home/mechax/ws_y/rm_ws/install/rm_gimbal_description/share/ament_index/resource_index/packages/rm_gimbal_description
[0.261s] -- Up-to-date symlink: /home/mechax/ws_y/rm_ws/install/rm_gimbal_description/share/rm_gimbal_description/cmake/rm_gimbal_descriptionConfig.cmake
[0.261s] -- Up-to-date symlink: /home/mechax/ws_y/rm_ws/install/rm_gimbal_description/share/rm_gimbal_description/cmake/rm_gimbal_descriptionConfig-version.cmake
[0.261s] -- Up-to-date symlink: /home/mechax/ws_y/rm_ws/install/rm_gimbal_description/share/rm_gimbal_description/package.xml
[0.263s] Invoked command in '/home/mechax/ws_y/rm_ws/build/rm_gimbal_description' returned '0': CMAKE_PREFIX_PATH=/opt/ros/humble /usr/bin/cmake --install /home/mechax/ws_y/rm_ws/build/rm_gimbal_description
