[0.115s] Invoking command in '/home/mechax/ws_y/rm_ws/build/mindvision_camera': CMAKE_PREFIX_PATH=/opt/ros/humble /usr/bin/cmake /home/mechax/ws_y/rm_ws/src/ros2-mindvision-camera -DAMENT_CMAKE_SYMLINK_INSTALL=1 -DCMAKE_INSTALL_PREFIX=/home/mechax/ws_y/rm_ws/install/mindvision_camera
[0.325s] -- Found ament_cmake_auto: 1.3.5 (/opt/ros/humble/share/ament_cmake_auto/cmake)
[0.325s] -- Override CMake install command with custom implementation using symlinks instead of copying resources
[0.348s] -- Found rosidl_generator_c: 3.1.5 (/opt/ros/humble/share/rosidl_generator_c/cmake)
[0.350s] -- Found rosidl_adapter: 3.1.5 (/opt/ros/humble/share/rosidl_adapter/cmake)
[0.355s] -- Found rosidl_generator_cpp: 3.1.5 (/opt/ros/humble/share/rosidl_generator_cpp/cmake)
[0.361s] -- Using all available rosidl_typesupport_c: rosidl_typesupport_fastrtps_c;rosidl_typesupport_introspection_c
[0.372s] -- Using all available rosidl_typesupport_cpp: rosidl_typesupport_fastrtps_cpp;rosidl_typesupport_introspection_cpp
[0.410s] -- Found rmw_implementation_cmake: 6.1.1 (/opt/ros/humble/share/rmw_implementation_cmake/cmake)
[0.411s] -- Found rmw_fastrtps_cpp: 6.2.4 (/opt/ros/humble/share/rmw_fastrtps_cpp/cmake)
[0.499s] -- Using RMW implementation 'rmw_fastrtps_cpp' as default
[0.976s] -- Found ament_lint_auto: 0.12.8 (/opt/ros/humble/share/ament_lint_auto/cmake)
[0.989s] -- Added test 'cppcheck' to perform static code analysis on C / C++ code
[0.989s] -- Configured cppcheck include dirs: /home/mechax/ws_y/rm_ws/src/ros2-mindvision-camera/mvsdk/include
[0.989s] -- Configured cppcheck exclude dirs and/or files: 
[0.989s] -- Added test 'flake8' to check Python code syntax and style conventions
[0.989s] -- Added test 'lint_cmake' to check CMake code style
[0.990s] -- Added test 'pep257' to check Python code against some of the docstring style conventions in PEP 257
[0.990s] -- Added test 'xmllint' to check XML markup files
[0.992s] -- Configuring done
[1.007s] -- Generating done
[1.008s] -- Build files have been written to: /home/mechax/ws_y/rm_ws/build/mindvision_camera
[1.017s] Invoked command in '/home/mechax/ws_y/rm_ws/build/mindvision_camera' returned '0': CMAKE_PREFIX_PATH=/opt/ros/humble /usr/bin/cmake /home/mechax/ws_y/rm_ws/src/ros2-mindvision-camera -DAMENT_CMAKE_SYMLINK_INSTALL=1 -DCMAKE_INSTALL_PREFIX=/home/mechax/ws_y/rm_ws/install/mindvision_camera
[1.019s] Invoking command in '/home/mechax/ws_y/rm_ws/build/mindvision_camera': CMAKE_PREFIX_PATH=/opt/ros/humble /usr/bin/cmake --build /home/mechax/ws_y/rm_ws/build/mindvision_camera -- -j16 -l16
[1.044s] [35m[1mConsolidate compiler generated dependencies of target mindvision_camera[0m
[1.047s] [35m[1mConsolidate compiler generated dependencies of target mindvision_camera_node[0m
[1.055s] [ 25%] [32m[1mLinking CXX shared library libmindvision_camera.so[0m
[1.062s] [ 50%] [32m[1mLinking CXX executable mindvision_camera_node[0m
[1.165s] [ 75%] Built target mindvision_camera
[1.167s] [100%] Built target mindvision_camera_node
[1.174s] Invoked command in '/home/mechax/ws_y/rm_ws/build/mindvision_camera' returned '0': CMAKE_PREFIX_PATH=/opt/ros/humble /usr/bin/cmake --build /home/mechax/ws_y/rm_ws/build/mindvision_camera -- -j16 -l16
[1.191s] Invoking command in '/home/mechax/ws_y/rm_ws/build/mindvision_camera': CMAKE_PREFIX_PATH=/opt/ros/humble /usr/bin/cmake --install /home/mechax/ws_y/rm_ws/build/mindvision_camera
[1.195s] -- Install configuration: ""
[1.196s] -- Execute custom install script
[1.196s] -- Symlinking: /home/mechax/ws_y/rm_ws/install/mindvision_camera/lib/mindvision_camera/mindvision_camera_node
[1.203s] -- Symlinking: /home/mechax/ws_y/rm_ws/install/mindvision_camera/share/mindvision_camera/environment/library_path.sh
[1.209s] -- Symlinking: /home/mechax/ws_y/rm_ws/install/mindvision_camera/share/mindvision_camera/environment/library_path.dsv
[1.215s] -- Symlinking: /home/mechax/ws_y/rm_ws/install/mindvision_camera/lib/libmindvision_camera.so
[1.221s] -- Symlinking: /home/mechax/ws_y/rm_ws/install/mindvision_camera/share/mindvision_camera/config/camera_info.yaml
[1.226s] -- Symlinking: /home/mechax/ws_y/rm_ws/install/mindvision_camera/share/mindvision_camera/config/camera_params.yaml
[1.232s] -- Symlinking: /home/mechax/ws_y/rm_ws/install/mindvision_camera/share/mindvision_camera/launch/mv_launch.py
[1.238s] -- Symlinking: /home/mechax/ws_y/rm_ws/install/mindvision_camera/share/ament_index/resource_index/package_run_dependencies/mindvision_camera
[1.243s] -- Symlinking: /home/mechax/ws_y/rm_ws/install/mindvision_camera/share/ament_index/resource_index/parent_prefix_path/mindvision_camera
[1.249s] -- Symlinking: /home/mechax/ws_y/rm_ws/install/mindvision_camera/share/mindvision_camera/environment/ament_prefix_path.sh
[1.255s] -- Symlinking: /home/mechax/ws_y/rm_ws/install/mindvision_camera/share/mindvision_camera/environment/ament_prefix_path.dsv
[1.261s] -- Symlinking: /home/mechax/ws_y/rm_ws/install/mindvision_camera/share/mindvision_camera/environment/path.sh
[1.267s] -- Symlinking: /home/mechax/ws_y/rm_ws/install/mindvision_camera/share/mindvision_camera/environment/path.dsv
[1.277s] -- Symlinking: /home/mechax/ws_y/rm_ws/install/mindvision_camera/share/mindvision_camera/local_setup.bash
[1.284s] -- Symlinking: /home/mechax/ws_y/rm_ws/install/mindvision_camera/share/mindvision_camera/local_setup.sh
[1.288s] -- Symlinking: /home/mechax/ws_y/rm_ws/install/mindvision_camera/share/mindvision_camera/local_setup.zsh
[1.294s] -- Symlinking: /home/mechax/ws_y/rm_ws/install/mindvision_camera/share/mindvision_camera/local_setup.dsv
[1.299s] -- Symlinking: /home/mechax/ws_y/rm_ws/install/mindvision_camera/share/mindvision_camera/package.dsv
[1.305s] -- Symlinking: /home/mechax/ws_y/rm_ws/install/mindvision_camera/share/ament_index/resource_index/packages/mindvision_camera
[1.310s] -- Symlinking: /home/mechax/ws_y/rm_ws/install/mindvision_camera/share/ament_index/resource_index/rclcpp_components/mindvision_camera
[1.316s] -- Symlinking: /home/mechax/ws_y/rm_ws/install/mindvision_camera/share/mindvision_camera/cmake/ament_cmake_export_dependencies-extras.cmake
[1.322s] -- Symlinking: /home/mechax/ws_y/rm_ws/install/mindvision_camera/share/mindvision_camera/cmake/ament_cmake_export_libraries-extras.cmake
[1.329s] -- Symlinking: /home/mechax/ws_y/rm_ws/install/mindvision_camera/share/mindvision_camera/cmake/mindvision_cameraConfig.cmake
[1.334s] -- Symlinking: /home/mechax/ws_y/rm_ws/install/mindvision_camera/share/mindvision_camera/cmake/mindvision_cameraConfig-version.cmake
[1.340s] -- Symlinking: /home/mechax/ws_y/rm_ws/install/mindvision_camera/share/mindvision_camera/package.xml
[1.349s] Invoked command in '/home/mechax/ws_y/rm_ws/build/mindvision_camera' returned '0': CMAKE_PREFIX_PATH=/opt/ros/humble /usr/bin/cmake --install /home/mechax/ws_y/rm_ws/build/mindvision_camera
