[0.165s] Invoking command in '/home/mechax/ws_y/rm_ws/build/livox_ros_driver2': CMAKE_PREFIX_PATH=/opt/ros/humble /usr/bin/cmake /home/mechax/ws_y/rm_ws/src/src/rm_sensors/livox_ros_driver2 -DAMENT_CMAKE_SYMLINK_INSTALL=1 -DCMAKE_INSTALL_PREFIX=/home/mechax/ws_y/rm_ws/install/livox_ros_driver2
[0.467s] -- livox_ros_driver2 version: 1.0.0
[0.467s] -- Found ament_cmake_auto: 1.3.5 (/opt/ros/humble/share/ament_cmake_auto/cmake)
[0.467s] -- Override CMake install command with custom implementation using symlinks instead of copying resources
[0.467s] -- Using all available rosidl_typesupport_c: rosidl_typesupport_fastrtps_c;rosidl_typesupport_introspection_c
[0.467s] -- Found rosidl_adapter: 3.1.5 (/opt/ros/humble/share/rosidl_adapter/cmake)
[0.467s] -- Using all available rosidl_typesupport_cpp: rosidl_typesupport_fastrtps_cpp;rosidl_typesupport_introspection_cpp
[0.467s] -- Found rmw_implementation_cmake: 6.1.1 (/opt/ros/humble/share/rmw_implementation_cmake/cmake)
[0.468s] -- Found rmw_fastrtps_cpp: 6.2.4 (/opt/ros/humble/share/rmw_fastrtps_cpp/cmake)
[0.595s] -- Using RMW implementation 'rmw_fastrtps_cpp' as default
[1.178s] -- Eigen found (include: /usr/include/eigen3, version: 3.4.0)
[1.218s] -- FLANN found (include: /usr/include, lib: /usr/lib/x86_64-linux-gnu/libflann_cpp.so)
[1.534s] -- OpenNI found (version: 1.5.4.0, include: /usr/include/ni, lib: /usr/lib/libOpenNI.so;libusb::libusb)
[1.540s] -- OpenNI2 found (version: 2.2.0.33, include: /usr/include/openni2, lib: /usr/lib/x86_64-linux-gnu/libOpenNI2.so;libusb::libusb)
[1.540s] [0m** WARNING ** io features related to pcap will be disabled[0m
[1.696s] -- Eigen found (include: /usr/include/eigen3, version: 3.4.0)
[1.703s] -- OpenNI found (version: 1.5.4.0, include: /usr/include/ni, lib: /usr/lib/libOpenNI.so;libusb::libusb)
[1.708s] -- OpenNI2 found (version: 2.2.0.33, include: /usr/include/openni2, lib: /usr/lib/x86_64-linux-gnu/libOpenNI2.so;libusb::libusb)
[1.830s] -- Found Qhull version 8.0.2
[1.944s] -- OpenNI found (version: 1.5.4.0, include: /usr/include/ni, lib: /usr/lib/libOpenNI.so;libusb::libusb)
[2.025s] -- looking for PCL_COMMON
[2.025s] -- looking for PCL_KDTREE
[2.025s] -- looking for PCL_OCTREE
[2.025s] -- looking for PCL_SEARCH
[2.025s] -- looking for PCL_SAMPLE_CONSENSUS
[2.025s] -- looking for PCL_FILTERS
[2.025s] -- looking for PCL_2D
[2.026s] -- looking for PCL_GEOMETRY
[2.026s] -- looking for PCL_IO
[2.026s] -- looking for PCL_FEATURES
[2.026s] -- looking for PCL_ML
[2.026s] -- looking for PCL_SEGMENTATION
[2.027s] -- looking for PCL_VISUALIZATION
[2.027s] -- looking for PCL_SURFACE
[2.027s] -- looking for PCL_REGISTRATION
[2.027s] -- looking for PCL_KEYPOINTS
[2.028s] -- looking for PCL_TRACKING
[2.028s] -- looking for PCL_RECOGNITION
[2.028s] -- looking for PCL_STEREO
[2.028s] -- looking for PCL_APPS
[2.029s] -- looking for PCL_IN_HAND_SCANNER
[2.029s] -- looking for PCL_MODELER
[2.029s] -- looking for PCL_POINT_CLOUD_EDITOR
[2.029s] -- looking for PCL_OUTOFCORE
[2.029s] -- looking for PCL_PEOPLE
[2.034s] -- Checking for module 'apr-1'
[2.036s] --   No package 'apr-1' found
[2.158s] -- Found ament_cmake_ros: 0.10.0 (/opt/ros/humble/share/ament_cmake_ros/cmake)
[2.281s] -- Using all available rosidl_typesupport_c: rosidl_typesupport_fastrtps_c;rosidl_typesupport_introspection_c
[2.442s] -- Using all available rosidl_typesupport_cpp: rosidl_typesupport_fastrtps_cpp;rosidl_typesupport_introspection_cpp
[2.455s] -- Found python_cmake_module: 0.10.0 (/opt/ros/humble/share/python_cmake_module/cmake)
[2.468s] -- Using PYTHON_EXECUTABLE: /usr/bin/python3
[2.468s] -- Using PYTHON_INCLUDE_DIRS: /usr/include/python3.10
[2.468s] -- Using PYTHON_LIBRARIES: /usr/lib/x86_64-linux-gnu/libpython3.10.so
[2.484s] [0m/usr/local/lib/liblivox_lidar_sdk_shared.so[0m
[2.533s] -- Found ament_lint_auto: 0.12.8 (/opt/ros/humble/share/ament_lint_auto/cmake)
[2.538s] -- Added test 'copyright' to check source files copyright and LICENSE
[2.540s] -- Added test 'cppcheck' to perform static code analysis on C / C++ code
[2.540s] -- Configured cppcheck include dirs: /home/mechax/ws_y/rm_ws/src/src/rm_sensors/livox_ros_driver2/3rdparty;/home/mechax/ws_y/rm_ws/src/src/rm_sensors/livox_ros_driver2/src
[2.541s] -- Configured cppcheck exclude dirs and/or files: 
[2.542s] -- Added test 'cpplint' to check C / C++ code against the Google style
[2.542s] -- Configured cpplint exclude dirs and/or files: 
[2.542s] -- Added test 'flake8' to check Python code syntax and style conventions
[2.543s] -- Added test 'lint_cmake' to check CMake code style
[2.543s] -- Added test 'pep257' to check Python code against some of the docstring style conventions in PEP 257
[2.544s] -- Added test 'uncrustify' to check C / C++ code style
[2.544s] -- Configured uncrustify additional arguments: 
[2.545s] -- Added test 'xmllint' to check XML markup files
[2.546s] -- Configuring done
[2.581s] -- Generating done
[2.583s] -- Build files have been written to: /home/mechax/ws_y/rm_ws/build/livox_ros_driver2
