[100%] Built target icp_localization
-- Install configuration: ""
-- Execute custom install script
-- Symlinking: /home/mechax/ws_y/rm_ws/install/icp_localization_ros2/include/icp_localization_ros2/ICPlocalization.hpp
-- Symlinking: /home/mechax/ws_y/rm_ws/install/icp_localization_ros2/include/icp_localization_ros2/Parameters.hpp
-- Symlinking: /home/mechax/ws_y/rm_ws/install/icp_localization_ros2/include/icp_localization_ros2/RangeDataAccumulator.hpp
-- Symlinking: /home/mechax/ws_y/rm_ws/install/icp_localization_ros2/include/icp_localization_ros2/common/assert.hpp
-- Symlinking: /home/mechax/ws_y/rm_ws/install/icp_localization_ros2/include/icp_localization_ros2/common/math.hpp
-- Symlinking: /home/mechax/ws_y/rm_ws/install/icp_localization_ros2/include/icp_localization_ros2/common/output.hpp
-- Symlinking: /home/mechax/ws_y/rm_ws/install/icp_localization_ros2/include/icp_localization_ros2/common/time.hpp
-- Symlinking: /home/mechax/ws_y/rm_ws/install/icp_localization_ros2/include/icp_localization_ros2/common/typedefs.hpp
-- Symlinking: /home/mechax/ws_y/rm_ws/install/icp_localization_ros2/include/icp_localization_ros2/helpers.hpp
-- Symlinking: /home/mechax/ws_y/rm_ws/install/icp_localization_ros2/include/icp_localization_ros2/transform/FrameTracker.hpp
-- Symlinking: /home/mechax/ws_y/rm_ws/install/icp_localization_ros2/include/icp_localization_ros2/transform/ImuInterpolationBuffer.hpp
-- Symlinking: /home/mechax/ws_y/rm_ws/install/icp_localization_ros2/include/icp_localization_ros2/transform/ImuReading.hpp
-- Symlinking: /home/mechax/ws_y/rm_ws/install/icp_localization_ros2/include/icp_localization_ros2/transform/ImuTracker.hpp
-- Symlinking: /home/mechax/ws_y/rm_ws/install/icp_localization_ros2/include/icp_localization_ros2/transform/RigidTransform.hpp
-- Symlinking: /home/mechax/ws_y/rm_ws/install/icp_localization_ros2/include/icp_localization_ros2/transform/TfPublisher.hpp
-- Symlinking: /home/mechax/ws_y/rm_ws/install/icp_localization_ros2/include/icp_localization_ros2/transform/TransformInterpolationBuffer.hpp
-- Symlinking: /home/mechax/ws_y/rm_ws/install/icp_localization_ros2/include/icp_localization_ros2/transform/Twist.hpp
-- Symlinking: /home/mechax/ws_y/rm_ws/install/icp_localization_ros2/include/icp_localization_ros2/transform/TwistIntegrationBuffer.hpp
-- Symlinking: /home/mechax/ws_y/rm_ws/install/icp_localization_ros2/include/icp_localization_ros2/transform/TwistIntegrationBufferRos.hpp
-- Symlinking: /home/mechax/ws_y/rm_ws/install/icp_localization_ros2/include/icp_localization_ros2/transform/math.hpp
-- Symlinking: /home/mechax/ws_y/rm_ws/install/icp_localization_ros2/lib/icp_localization_ros2/icp_localization
-- Symlinking: /home/mechax/ws_y/rm_ws/install/icp_localization_ros2/share/icp_localization_ros2/launch/bringup.launch.py
-- Symlinking: /home/mechax/ws_y/rm_ws/install/icp_localization_ros2/share/icp_localization_ros2/config/icp.yaml
-- Symlinking: /home/mechax/ws_y/rm_ws/install/icp_localization_ros2/share/icp_localization_ros2/config/input_filters_ouster_os1.yaml
-- Symlinking: /home/mechax/ws_y/rm_ws/install/icp_localization_ros2/share/icp_localization_ros2/config/input_filters_velodyne_puck.yaml
-- Symlinking: /home/mechax/ws_y/rm_ws/install/icp_localization_ros2/share/icp_localization_ros2/config/node_params.yaml
-- Symlinking: /home/mechax/ws_y/rm_ws/install/icp_localization_ros2/share/icp_localization_ros2/config/plane_noisy.pcd
-- Symlinking: /home/mechax/ws_y/rm_ws/install/icp_localization_ros2/share/ament_index/resource_index/package_run_dependencies/icp_localization_ros2
-- Symlinking: /home/mechax/ws_y/rm_ws/install/icp_localization_ros2/share/ament_index/resource_index/parent_prefix_path/icp_localization_ros2
-- Symlinking: /home/mechax/ws_y/rm_ws/install/icp_localization_ros2/share/icp_localization_ros2/environment/ament_prefix_path.sh
-- Symlinking: /home/mechax/ws_y/rm_ws/install/icp_localization_ros2/share/icp_localization_ros2/environment/ament_prefix_path.dsv
-- Symlinking: /home/mechax/ws_y/rm_ws/install/icp_localization_ros2/share/icp_localization_ros2/environment/path.sh
-- Symlinking: /home/mechax/ws_y/rm_ws/install/icp_localization_ros2/share/icp_localization_ros2/environment/path.dsv
-- Symlinking: /home/mechax/ws_y/rm_ws/install/icp_localization_ros2/share/icp_localization_ros2/local_setup.bash
-- Symlinking: /home/mechax/ws_y/rm_ws/install/icp_localization_ros2/share/icp_localization_ros2/local_setup.sh
-- Symlinking: /home/mechax/ws_y/rm_ws/install/icp_localization_ros2/share/icp_localization_ros2/local_setup.zsh
-- Symlinking: /home/mechax/ws_y/rm_ws/install/icp_localization_ros2/share/icp_localization_ros2/local_setup.dsv
-- Symlinking: /home/mechax/ws_y/rm_ws/install/icp_localization_ros2/share/icp_localization_ros2/package.dsv
-- Symlinking: /home/mechax/ws_y/rm_ws/install/icp_localization_ros2/share/ament_index/resource_index/packages/icp_localization_ros2
-- Symlinking: /home/mechax/ws_y/rm_ws/install/icp_localization_ros2/share/icp_localization_ros2/cmake/ament_cmake_export_dependencies-extras.cmake
-- Symlinking: /home/mechax/ws_y/rm_ws/install/icp_localization_ros2/share/icp_localization_ros2/cmake/ament_cmake_export_include_directories-extras.cmake
-- Symlinking: /home/mechax/ws_y/rm_ws/install/icp_localization_ros2/share/icp_localization_ros2/cmake/icp_localization_ros2Config.cmake
-- Symlinking: /home/mechax/ws_y/rm_ws/install/icp_localization_ros2/share/icp_localization_ros2/cmake/icp_localization_ros2Config-version.cmake
-- Symlinking: /home/mechax/ws_y/rm_ws/install/icp_localization_ros2/share/icp_localization_ros2/package.xml
