[0.157s] Invoking command in '/home/mechax/ws_y/rm_ws/build/icp_localization_ros2': CMAKE_PREFIX_PATH=/opt/ros/humble /usr/bin/cmake --build /home/mechax/ws_y/rm_ws/build/icp_localization_ros2 -- -j16 -l16
[0.366s] [100%] Built target icp_localization
[0.375s] Invoked command in '/home/mechax/ws_y/rm_ws/build/icp_localization_ros2' returned '0': CMAKE_PREFIX_PATH=/opt/ros/humble /usr/bin/cmake --build /home/mechax/ws_y/rm_ws/build/icp_localization_ros2 -- -j16 -l16
[0.419s] Invoking command in '/home/mechax/ws_y/rm_ws/build/icp_localization_ros2': CMAKE_PREFIX_PATH=/opt/ros/humble /usr/bin/cmake --install /home/mechax/ws_y/rm_ws/build/icp_localization_ros2
[0.423s] -- Install configuration: ""
[0.424s] -- Execute custom install script
[0.424s] -- Symlinking: /home/mechax/ws_y/rm_ws/install/icp_localization_ros2/include/icp_localization_ros2/ICPlocalization.hpp
[0.424s] -- Symlinking: /home/mechax/ws_y/rm_ws/install/icp_localization_ros2/include/icp_localization_ros2/Parameters.hpp
[0.428s] -- Symlinking: /home/mechax/ws_y/rm_ws/install/icp_localization_ros2/include/icp_localization_ros2/RangeDataAccumulator.hpp
[0.432s] -- Symlinking: /home/mechax/ws_y/rm_ws/install/icp_localization_ros2/include/icp_localization_ros2/common/assert.hpp
[0.437s] -- Symlinking: /home/mechax/ws_y/rm_ws/install/icp_localization_ros2/include/icp_localization_ros2/common/math.hpp
[0.443s] -- Symlinking: /home/mechax/ws_y/rm_ws/install/icp_localization_ros2/include/icp_localization_ros2/common/output.hpp
[0.448s] -- Symlinking: /home/mechax/ws_y/rm_ws/install/icp_localization_ros2/include/icp_localization_ros2/common/time.hpp
[0.454s] -- Symlinking: /home/mechax/ws_y/rm_ws/install/icp_localization_ros2/include/icp_localization_ros2/common/typedefs.hpp
[0.459s] -- Symlinking: /home/mechax/ws_y/rm_ws/install/icp_localization_ros2/include/icp_localization_ros2/helpers.hpp
[0.464s] -- Symlinking: /home/mechax/ws_y/rm_ws/install/icp_localization_ros2/include/icp_localization_ros2/transform/FrameTracker.hpp
[0.469s] -- Symlinking: /home/mechax/ws_y/rm_ws/install/icp_localization_ros2/include/icp_localization_ros2/transform/ImuInterpolationBuffer.hpp
[0.474s] -- Symlinking: /home/mechax/ws_y/rm_ws/install/icp_localization_ros2/include/icp_localization_ros2/transform/ImuReading.hpp
[0.479s] -- Symlinking: /home/mechax/ws_y/rm_ws/install/icp_localization_ros2/include/icp_localization_ros2/transform/ImuTracker.hpp
[0.485s] -- Symlinking: /home/mechax/ws_y/rm_ws/install/icp_localization_ros2/include/icp_localization_ros2/transform/RigidTransform.hpp
[0.490s] -- Symlinking: /home/mechax/ws_y/rm_ws/install/icp_localization_ros2/include/icp_localization_ros2/transform/TfPublisher.hpp
[0.496s] -- Symlinking: /home/mechax/ws_y/rm_ws/install/icp_localization_ros2/include/icp_localization_ros2/transform/TransformInterpolationBuffer.hpp
[0.501s] -- Symlinking: /home/mechax/ws_y/rm_ws/install/icp_localization_ros2/include/icp_localization_ros2/transform/Twist.hpp
[0.506s] -- Symlinking: /home/mechax/ws_y/rm_ws/install/icp_localization_ros2/include/icp_localization_ros2/transform/TwistIntegrationBuffer.hpp
[0.511s] -- Symlinking: /home/mechax/ws_y/rm_ws/install/icp_localization_ros2/include/icp_localization_ros2/transform/TwistIntegrationBufferRos.hpp
[0.517s] -- Symlinking: /home/mechax/ws_y/rm_ws/install/icp_localization_ros2/include/icp_localization_ros2/transform/math.hpp
[0.522s] -- Symlinking: /home/mechax/ws_y/rm_ws/install/icp_localization_ros2/lib/icp_localization_ros2/icp_localization
[0.529s] -- Symlinking: /home/mechax/ws_y/rm_ws/install/icp_localization_ros2/share/icp_localization_ros2/launch/bringup.launch.py
[0.534s] -- Symlinking: /home/mechax/ws_y/rm_ws/install/icp_localization_ros2/share/icp_localization_ros2/config/icp.yaml
[0.539s] -- Symlinking: /home/mechax/ws_y/rm_ws/install/icp_localization_ros2/share/icp_localization_ros2/config/input_filters_ouster_os1.yaml
[0.544s] -- Symlinking: /home/mechax/ws_y/rm_ws/install/icp_localization_ros2/share/icp_localization_ros2/config/input_filters_velodyne_puck.yaml
[0.550s] -- Symlinking: /home/mechax/ws_y/rm_ws/install/icp_localization_ros2/share/icp_localization_ros2/config/node_params.yaml
[0.555s] -- Symlinking: /home/mechax/ws_y/rm_ws/install/icp_localization_ros2/share/icp_localization_ros2/config/plane_noisy.pcd
[0.561s] -- Symlinking: /home/mechax/ws_y/rm_ws/install/icp_localization_ros2/share/ament_index/resource_index/package_run_dependencies/icp_localization_ros2
[0.566s] -- Symlinking: /home/mechax/ws_y/rm_ws/install/icp_localization_ros2/share/ament_index/resource_index/parent_prefix_path/icp_localization_ros2
[0.572s] -- Symlinking: /home/mechax/ws_y/rm_ws/install/icp_localization_ros2/share/icp_localization_ros2/environment/ament_prefix_path.sh
[0.577s] -- Symlinking: /home/mechax/ws_y/rm_ws/install/icp_localization_ros2/share/icp_localization_ros2/environment/ament_prefix_path.dsv
[0.582s] -- Symlinking: /home/mechax/ws_y/rm_ws/install/icp_localization_ros2/share/icp_localization_ros2/environment/path.sh
[0.588s] -- Symlinking: /home/mechax/ws_y/rm_ws/install/icp_localization_ros2/share/icp_localization_ros2/environment/path.dsv
[0.595s] -- Symlinking: /home/mechax/ws_y/rm_ws/install/icp_localization_ros2/share/icp_localization_ros2/local_setup.bash
[0.601s] -- Symlinking: /home/mechax/ws_y/rm_ws/install/icp_localization_ros2/share/icp_localization_ros2/local_setup.sh
[0.607s] -- Symlinking: /home/mechax/ws_y/rm_ws/install/icp_localization_ros2/share/icp_localization_ros2/local_setup.zsh
[0.613s] -- Symlinking: /home/mechax/ws_y/rm_ws/install/icp_localization_ros2/share/icp_localization_ros2/local_setup.dsv
[0.617s] -- Symlinking: /home/mechax/ws_y/rm_ws/install/icp_localization_ros2/share/icp_localization_ros2/package.dsv
[0.623s] -- Symlinking: /home/mechax/ws_y/rm_ws/install/icp_localization_ros2/share/ament_index/resource_index/packages/icp_localization_ros2
[0.626s] -- Symlinking: /home/mechax/ws_y/rm_ws/install/icp_localization_ros2/share/icp_localization_ros2/cmake/ament_cmake_export_dependencies-extras.cmake
[0.631s] -- Symlinking: /home/mechax/ws_y/rm_ws/install/icp_localization_ros2/share/icp_localization_ros2/cmake/ament_cmake_export_include_directories-extras.cmake
[0.636s] -- Symlinking: /home/mechax/ws_y/rm_ws/install/icp_localization_ros2/share/icp_localization_ros2/cmake/icp_localization_ros2Config.cmake
[0.641s] -- Symlinking: /home/mechax/ws_y/rm_ws/install/icp_localization_ros2/share/icp_localization_ros2/cmake/icp_localization_ros2Config-version.cmake
[0.645s] -- Symlinking: /home/mechax/ws_y/rm_ws/install/icp_localization_ros2/share/icp_localization_ros2/package.xml
