[0.345s] Invoking command in '/home/mechax/ws_y/rm_ws/build/armor_tracker': AMENT_PREFIX_PATH=/home/mechax/ws_y/rm_ws/install/auto_aim_interfaces:${AMENT_PREFIX_PATH} CMAKE_PREFIX_PATH=/home/mechax/ws_y/rm_ws/install/auto_aim_interfaces:/opt/ros/humble LD_LIBRARY_PATH=/home/mechax/ws_y/rm_ws/install/auto_aim_interfaces/lib:${LD_LIBRARY_PATH} PYTHONPATH=/home/mechax/ws_y/rm_ws/install/auto_aim_interfaces/local/lib/python3.10/dist-packages:${PYTHONPATH} /usr/bin/cmake /home/mechax/ws_y/rm_ws/src/rm_auto_aim/armor_tracker -DCMAKE_INSTALL_PREFIX=/home/mechax/ws_y/rm_ws/install/armor_tracker
[0.627s] -- The C compiler identification is GNU 11.4.0
[0.850s] -- The CXX compiler identification is GNU 11.4.0
[0.870s] -- Detecting C compiler ABI info
[1.130s] -- Detecting C compiler ABI info - done
[1.142s] -- Check for working C compiler: /usr/bin/cc - skipped
[1.142s] -- Detecting C compile features
[1.142s] -- Detecting C compile features - done
[1.146s] -- Detecting CXX compiler ABI info
[1.493s] -- Detecting CXX compiler ABI info - done
[1.510s] -- Check for working CXX compiler: /usr/bin/c++ - skipped
[1.510s] -- Detecting CXX compile features
[1.512s] -- Detecting CXX compile features - done
[1.514s] -- Found ament_cmake_auto: 1.3.5 (/opt/ros/humble/share/ament_cmake_auto/cmake)
[2.241s] -- Found Python3: /usr/bin/python3.10 (found version "3.10.12") found components: Interpreter 
[2.982s] -- Found rosidl_generator_c: 3.1.5 (/opt/ros/humble/share/rosidl_generator_c/cmake)
[2.988s] -- Found rosidl_adapter: 3.1.5 (/opt/ros/humble/share/rosidl_adapter/cmake)
[3.016s] -- Found rosidl_generator_cpp: 3.1.5 (/opt/ros/humble/share/rosidl_generator_cpp/cmake)
[3.043s] -- Using all available rosidl_typesupport_c: rosidl_typesupport_fastrtps_c;rosidl_typesupport_introspection_c
[3.120s] -- Using all available rosidl_typesupport_cpp: rosidl_typesupport_fastrtps_cpp;rosidl_typesupport_introspection_cpp
[3.237s] -- Found rmw_implementation_cmake: 6.1.1 (/opt/ros/humble/share/rmw_implementation_cmake/cmake)
[3.240s] -- Found rmw_fastrtps_cpp: 6.2.4 (/opt/ros/humble/share/rmw_fastrtps_cpp/cmake)
[3.398s] -- Found OpenSSL: /usr/lib/x86_64-linux-gnu/libcrypto.so (found version "3.0.2")  
[3.465s] -- Found FastRTPS: /opt/ros/humble/include  
[3.651s] -- Using RMW implementation 'rmw_fastrtps_cpp' as default
[3.680s] -- Looking for pthread.h
[4.049s] -- Looking for pthread.h - found
[4.049s] -- Performing Test CMAKE_HAVE_LIBC_PTHREAD
[4.423s] -- Performing Test CMAKE_HAVE_LIBC_PTHREAD - Success
[4.424s] -- Found Threads: TRUE  
[5.198s] -- Found eigen3_cmake_module: 0.1.1 (/opt/ros/humble/share/eigen3_cmake_module/cmake)
[5.201s] -- Found Eigen3: TRUE (found version "3.4.0") 
[5.201s] -- Ensuring Eigen3 include directory is part of orocos-kdl CMake target
[5.674s] -- Found ament_lint_auto: 0.12.8 (/opt/ros/humble/share/ament_lint_auto/cmake)
[5.707s] -- Added test 'cppcheck' to perform static code analysis on C / C++ code
[5.708s] -- Configured cppcheck include dirs: /home/mechax/ws_y/rm_ws/src/rm_auto_aim/armor_tracker/include
[5.708s] -- Configured cppcheck exclude dirs and/or files: 
[5.709s] -- Added test 'lint_cmake' to check CMake code style
[5.711s] -- Added test 'xmllint' to check XML markup files
[5.712s] -- Added test 'clang_format' to check C / C++ code style
[5.717s] -- Configuring done
[5.773s] -- Generating done
[5.783s] -- Build files have been written to: /home/mechax/ws_y/rm_ws/build/armor_tracker
[5.859s] Invoked command in '/home/mechax/ws_y/rm_ws/build/armor_tracker' returned '0': AMENT_PREFIX_PATH=/home/mechax/ws_y/rm_ws/install/auto_aim_interfaces:${AMENT_PREFIX_PATH} CMAKE_PREFIX_PATH=/home/mechax/ws_y/rm_ws/install/auto_aim_interfaces:/opt/ros/humble LD_LIBRARY_PATH=/home/mechax/ws_y/rm_ws/install/auto_aim_interfaces/lib:${LD_LIBRARY_PATH} PYTHONPATH=/home/mechax/ws_y/rm_ws/install/auto_aim_interfaces/local/lib/python3.10/dist-packages:${PYTHONPATH} /usr/bin/cmake /home/mechax/ws_y/rm_ws/src/rm_auto_aim/armor_tracker -DCMAKE_INSTALL_PREFIX=/home/mechax/ws_y/rm_ws/install/armor_tracker
[5.860s] Invoking command in '/home/mechax/ws_y/rm_ws/build/armor_tracker': AMENT_PREFIX_PATH=/home/mechax/ws_y/rm_ws/install/auto_aim_interfaces:${AMENT_PREFIX_PATH} CMAKE_PREFIX_PATH=/home/mechax/ws_y/rm_ws/install/auto_aim_interfaces:/opt/ros/humble LD_LIBRARY_PATH=/home/mechax/ws_y/rm_ws/install/auto_aim_interfaces/lib:${LD_LIBRARY_PATH} PYTHONPATH=/home/mechax/ws_y/rm_ws/install/auto_aim_interfaces/local/lib/python3.10/dist-packages:${PYTHONPATH} /usr/bin/cmake --build /home/mechax/ws_y/rm_ws/build/armor_tracker -- -j16 -l16
[6.047s] [ 16%] [32mBuilding CXX object CMakeFiles/armor_tracker.dir/src/extended_kalman_filter.cpp.o[0m
[6.054s] [ 33%] [32mBuilding CXX object CMakeFiles/armor_tracker.dir/src/tracker.cpp.o[0m
[6.083s] [ 50%] [32mBuilding CXX object CMakeFiles/armor_tracker_node.dir/rclcpp_components/node_main_armor_tracker_node.cpp.o[0m
[6.087s] [ 66%] [32mBuilding CXX object CMakeFiles/armor_tracker.dir/src/tracker_node.cpp.o[0m
[15.544s] [ 83%] [32m[1mLinking CXX executable armor_tracker_node[0m
[15.938s] [ 83%] Built target armor_tracker_node
[28.884s] [100%] [32m[1mLinking CXX shared library libarmor_tracker.so[0m
[30.490s] [100%] Built target armor_tracker
[30.505s] Invoked command in '/home/mechax/ws_y/rm_ws/build/armor_tracker' returned '0': AMENT_PREFIX_PATH=/home/mechax/ws_y/rm_ws/install/auto_aim_interfaces:${AMENT_PREFIX_PATH} CMAKE_PREFIX_PATH=/home/mechax/ws_y/rm_ws/install/auto_aim_interfaces:/opt/ros/humble LD_LIBRARY_PATH=/home/mechax/ws_y/rm_ws/install/auto_aim_interfaces/lib:${LD_LIBRARY_PATH} PYTHONPATH=/home/mechax/ws_y/rm_ws/install/auto_aim_interfaces/local/lib/python3.10/dist-packages:${PYTHONPATH} /usr/bin/cmake --build /home/mechax/ws_y/rm_ws/build/armor_tracker -- -j16 -l16
[30.533s] Invoking command in '/home/mechax/ws_y/rm_ws/build/armor_tracker': AMENT_PREFIX_PATH=/home/mechax/ws_y/rm_ws/install/auto_aim_interfaces:${AMENT_PREFIX_PATH} CMAKE_PREFIX_PATH=/home/mechax/ws_y/rm_ws/install/auto_aim_interfaces:/opt/ros/humble LD_LIBRARY_PATH=/home/mechax/ws_y/rm_ws/install/auto_aim_interfaces/lib:${LD_LIBRARY_PATH} PYTHONPATH=/home/mechax/ws_y/rm_ws/install/auto_aim_interfaces/local/lib/python3.10/dist-packages:${PYTHONPATH} /usr/bin/cmake --install /home/mechax/ws_y/rm_ws/build/armor_tracker
[30.546s] -- Install configuration: ""
[30.546s] -- Installing: /home/mechax/ws_y/rm_ws/install/armor_tracker/lib/armor_tracker/armor_tracker_node
[30.547s] -- Set runtime path of "/home/mechax/ws_y/rm_ws/install/armor_tracker/lib/armor_tracker/armor_tracker_node" to ""
[30.547s] -- Up-to-date: /home/mechax/ws_y/rm_ws/install/armor_tracker/include
[30.547s] -- Up-to-date: /home/mechax/ws_y/rm_ws/install/armor_tracker/include/armor_tracker
[30.548s] -- Up-to-date: /home/mechax/ws_y/rm_ws/install/armor_tracker/include/armor_tracker/tracker.hpp
[30.548s] -- Up-to-date: /home/mechax/ws_y/rm_ws/install/armor_tracker/include/armor_tracker/tracker_node.hpp
[30.548s] -- Up-to-date: /home/mechax/ws_y/rm_ws/install/armor_tracker/include/armor_tracker/extended_kalman_filter.hpp
[30.548s] -- Up-to-date: /home/mechax/ws_y/rm_ws/install/armor_tracker/share/armor_tracker/environment/library_path.sh
[30.548s] -- Installing: /home/mechax/ws_y/rm_ws/install/armor_tracker/share/armor_tracker/environment/library_path.dsv
[30.548s] -- Installing: /home/mechax/ws_y/rm_ws/install/armor_tracker/lib/libarmor_tracker.so
[30.569s] -- Set runtime path of "/home/mechax/ws_y/rm_ws/install/armor_tracker/lib/libarmor_tracker.so" to ""
[30.570s] -- Installing: /home/mechax/ws_y/rm_ws/install/armor_tracker/share/ament_index/resource_index/package_run_dependencies/armor_tracker
[30.570s] -- Installing: /home/mechax/ws_y/rm_ws/install/armor_tracker/share/ament_index/resource_index/parent_prefix_path/armor_tracker
[30.570s] -- Up-to-date: /home/mechax/ws_y/rm_ws/install/armor_tracker/share/armor_tracker/environment/ament_prefix_path.sh
[30.570s] -- Installing: /home/mechax/ws_y/rm_ws/install/armor_tracker/share/armor_tracker/environment/ament_prefix_path.dsv
[30.570s] -- Up-to-date: /home/mechax/ws_y/rm_ws/install/armor_tracker/share/armor_tracker/environment/path.sh
[30.570s] -- Installing: /home/mechax/ws_y/rm_ws/install/armor_tracker/share/armor_tracker/environment/path.dsv
[30.570s] -- Installing: /home/mechax/ws_y/rm_ws/install/armor_tracker/share/armor_tracker/local_setup.bash
[30.570s] -- Installing: /home/mechax/ws_y/rm_ws/install/armor_tracker/share/armor_tracker/local_setup.sh
[30.570s] -- Installing: /home/mechax/ws_y/rm_ws/install/armor_tracker/share/armor_tracker/local_setup.zsh
[30.570s] -- Installing: /home/mechax/ws_y/rm_ws/install/armor_tracker/share/armor_tracker/local_setup.dsv
[30.571s] -- Installing: /home/mechax/ws_y/rm_ws/install/armor_tracker/share/armor_tracker/package.dsv
[30.571s] -- Installing: /home/mechax/ws_y/rm_ws/install/armor_tracker/share/ament_index/resource_index/packages/armor_tracker
[30.571s] -- Installing: /home/mechax/ws_y/rm_ws/install/armor_tracker/share/ament_index/resource_index/rclcpp_components/armor_tracker
[30.571s] -- Installing: /home/mechax/ws_y/rm_ws/install/armor_tracker/share/armor_tracker/cmake/ament_cmake_export_dependencies-extras.cmake
[30.571s] -- Installing: /home/mechax/ws_y/rm_ws/install/armor_tracker/share/armor_tracker/cmake/ament_cmake_export_include_directories-extras.cmake
[30.571s] -- Installing: /home/mechax/ws_y/rm_ws/install/armor_tracker/share/armor_tracker/cmake/ament_cmake_export_libraries-extras.cmake
[30.571s] -- Installing: /home/mechax/ws_y/rm_ws/install/armor_tracker/share/armor_tracker/cmake/armor_trackerConfig.cmake
[30.571s] -- Installing: /home/mechax/ws_y/rm_ws/install/armor_tracker/share/armor_tracker/cmake/armor_trackerConfig-version.cmake
[30.571s] -- Up-to-date: /home/mechax/ws_y/rm_ws/install/armor_tracker/share/armor_tracker/package.xml
[30.572s] Invoked command in '/home/mechax/ws_y/rm_ws/build/armor_tracker' returned '0': AMENT_PREFIX_PATH=/home/mechax/ws_y/rm_ws/install/auto_aim_interfaces:${AMENT_PREFIX_PATH} CMAKE_PREFIX_PATH=/home/mechax/ws_y/rm_ws/install/auto_aim_interfaces:/opt/ros/humble LD_LIBRARY_PATH=/home/mechax/ws_y/rm_ws/install/auto_aim_interfaces/lib:${LD_LIBRARY_PATH} PYTHONPATH=/home/mechax/ws_y/rm_ws/install/auto_aim_interfaces/local/lib/python3.10/dist-packages:${PYTHONPATH} /usr/bin/cmake --install /home/mechax/ws_y/rm_ws/build/armor_tracker
