[0.884s] Invoking command in '/home/mechax/ws_y/rm_ws/src/my_package': PYTHONPATH=/home/mechax/ws_y/rm_ws/build/my_package/prefix_override:/home/mechax/ws_y/rm_ws/install/my_package/lib/python3.10/site-packages:${PYTHONPATH} /usr/bin/python3 setup.py egg_info --egg-base ../../build/my_package build --build-base /home/mechax/ws_y/rm_ws/build/my_package/build install --record /home/mechax/ws_y/rm_ws/build/my_package/install.log --single-version-externally-managed
[1.176s] running egg_info
[1.178s] creating ../../build/my_package/my_package.egg-info
[1.178s] writing ../../build/my_package/my_package.egg-info/PKG-INFO
[1.178s] writing dependency_links to ../../build/my_package/my_package.egg-info/dependency_links.txt
[1.178s] writing entry points to ../../build/my_package/my_package.egg-info/entry_points.txt
[1.178s] writing requirements to ../../build/my_package/my_package.egg-info/requires.txt
[1.179s] writing top-level names to ../../build/my_package/my_package.egg-info/top_level.txt
[1.179s] writing manifest file '../../build/my_package/my_package.egg-info/SOURCES.txt'
[1.181s] reading manifest file '../../build/my_package/my_package.egg-info/SOURCES.txt'
[1.181s] adding license file 'LICENSE'
[1.182s] writing manifest file '../../build/my_package/my_package.egg-info/SOURCES.txt'
[1.182s] running build
[1.182s] running build_py
[1.183s] creating /home/mechax/ws_y/rm_ws/build/my_package/build
[1.183s] creating /home/mechax/ws_y/rm_ws/build/my_package/build/lib
[1.183s] creating /home/mechax/ws_y/rm_ws/build/my_package/build/lib/my_package
[1.183s] copying my_package/my_robot_driver.py -> /home/mechax/ws_y/rm_ws/build/my_package/build/lib/my_package
[1.184s] copying my_package/armor_robot_driver.py -> /home/mechax/ws_y/rm_ws/build/my_package/build/lib/my_package
[1.184s] copying my_package/__init__.py -> /home/mechax/ws_y/rm_ws/build/my_package/build/lib/my_package
[1.184s] running install
[1.185s] /usr/lib/python3/dist-packages/setuptools/command/install.py:34: SetuptoolsDeprecationWarning: setup.py install is deprecated. Use build and pip and other standards-based tools.
[1.185s]   warnings.warn(
[1.185s] running install_lib
[1.185s] running install_data
[1.185s] running install_egg_info
[1.187s] removing '/home/mechax/ws_y/rm_ws/install/my_package/lib/python3.10/site-packages/my_package-0.0.0-py3.10.egg-info' (and everything under it)
[1.188s] Copying ../../build/my_package/my_package.egg-info to /home/mechax/ws_y/rm_ws/install/my_package/lib/python3.10/site-packages/my_package-0.0.0-py3.10.egg-info
[1.189s] running install_scripts
[1.219s] Installing my_robot_driver script to /home/mechax/ws_y/rm_ws/install/my_package/lib/my_package
[1.220s] writing list of installed files to '/home/mechax/ws_y/rm_ws/build/my_package/install.log'
[1.428s] Invoked command in '/home/mechax/ws_y/rm_ws/src/my_package' returned '0': PYTHONPATH=/home/mechax/ws_y/rm_ws/build/my_package/prefix_override:/home/mechax/ws_y/rm_ws/install/my_package/lib/python3.10/site-packages:${PYTHONPATH} /usr/bin/python3 setup.py egg_info --egg-base ../../build/my_package build --build-base /home/mechax/ws_y/rm_ws/build/my_package/build install --record /home/mechax/ws_y/rm_ws/build/my_package/install.log --single-version-externally-managed
