[0.300s] Invoking command in '/home/mechax/ws_y/rm_ws/build/pointcloud_to_laserscan': CMAKE_PREFIX_PATH=/opt/ros/humble /usr/bin/cmake /home/mechax/ws_y/rm_ws/src/src/rm_perception/pointcloud_to_laserscan -DCMAKE_INSTALL_PREFIX=/home/mechax/ws_y/rm_ws/install/pointcloud_to_laserscan
[0.336s] -- The C compiler identification is GNU 11.4.0
[0.399s] -- The CXX compiler identification is GNU 11.4.0
[0.407s] -- Detecting C compiler ABI info
[0.478s] -- Detecting C compiler ABI info - done
[0.487s] -- Check for working C compiler: /usr/bin/cc - skipped
[0.487s] -- Detecting C compile features
[0.487s] -- Detecting C compile features - done
[0.491s] -- Detecting CXX compiler ABI info
[0.583s] -- Detecting CXX compiler ABI info - done
[0.592s] -- Check for working CXX compiler: /usr/bin/c++ - skipped
[0.592s] -- Detecting CXX compile features
[0.593s] -- Detecting CXX compile features - done
[0.595s] -- Found ament_cmake_auto: 1.3.5 (/opt/ros/humble/share/ament_cmake_auto/cmake)
[0.793s] -- Found Python3: /usr/bin/python3.10 (found version "3.10.12") found components: Interpreter 
[1.003s] -- Found rosidl_generator_c: 3.1.5 (/opt/ros/humble/share/rosidl_generator_c/cmake)
[1.006s] -- Found rosidl_adapter: 3.1.5 (/opt/ros/humble/share/rosidl_adapter/cmake)
[1.010s] -- Found rosidl_generator_cpp: 3.1.5 (/opt/ros/humble/share/rosidl_generator_cpp/cmake)
[1.018s] -- Using all available rosidl_typesupport_c: rosidl_typesupport_fastrtps_c;rosidl_typesupport_introspection_c
[1.030s] -- Using all available rosidl_typesupport_cpp: rosidl_typesupport_fastrtps_cpp;rosidl_typesupport_introspection_cpp
[1.070s] -- Found rmw_implementation_cmake: 6.1.1 (/opt/ros/humble/share/rmw_implementation_cmake/cmake)
[1.071s] -- Found rmw_fastrtps_cpp: 6.2.4 (/opt/ros/humble/share/rmw_fastrtps_cpp/cmake)
[1.132s] -- Found OpenSSL: /usr/lib/x86_64-linux-gnu/libcrypto.so (found version "3.0.2")  
[1.160s] -- Found FastRTPS: /opt/ros/humble/include  
[1.209s] -- Using RMW implementation 'rmw_fastrtps_cpp' as default
[1.219s] -- Looking for pthread.h
[1.281s] -- Looking for pthread.h - found
[1.281s] -- Performing Test CMAKE_HAVE_LIBC_PTHREAD
[1.337s] -- Performing Test CMAKE_HAVE_LIBC_PTHREAD - Success
[1.338s] -- Found Threads: TRUE  
[1.978s] -- Found ament_lint_auto: 0.12.8 (/opt/ros/humble/share/ament_lint_auto/cmake)
[1.989s] -- Added test 'cppcheck' to perform static code analysis on C / C++ code
[1.989s] -- Configured cppcheck include dirs: /home/mechax/ws_y/rm_ws/src/src/rm_perception/pointcloud_to_laserscan/include
[1.989s] -- Configured cppcheck exclude dirs and/or files: 
[1.990s] -- Added test 'cpplint' to check C / C++ code against the Google style
[1.990s] -- Configured cpplint exclude dirs and/or files: 
[1.990s] -- Added test 'flake8' to check Python code syntax and style conventions
[1.990s] -- Added test 'lint_cmake' to check CMake code style
[1.991s] -- Added test 'pep257' to check Python code against some of the docstring style conventions in PEP 257
[1.991s] -- Added test 'uncrustify' to check C / C++ code style
[1.991s] -- Configured uncrustify additional arguments: 
[1.991s] -- Added test 'xmllint' to check XML markup files
[1.993s] -- Configuring done
[2.021s] -- Generating done
[2.023s] -- Build files have been written to: /home/mechax/ws_y/rm_ws/build/pointcloud_to_laserscan
[2.039s] Invoked command in '/home/mechax/ws_y/rm_ws/build/pointcloud_to_laserscan' returned '0': CMAKE_PREFIX_PATH=/opt/ros/humble /usr/bin/cmake /home/mechax/ws_y/rm_ws/src/src/rm_perception/pointcloud_to_laserscan -DCMAKE_INSTALL_PREFIX=/home/mechax/ws_y/rm_ws/install/pointcloud_to_laserscan
[2.040s] Invoking command in '/home/mechax/ws_y/rm_ws/build/pointcloud_to_laserscan': CMAKE_PREFIX_PATH=/opt/ros/humble /usr/bin/cmake --build /home/mechax/ws_y/rm_ws/build/pointcloud_to_laserscan -- -j16 -l16
[2.102s] [ 10%] [32mBuilding CXX object CMakeFiles/pointcloud_to_laserscan_node.dir/rclcpp_components/node_main_pointcloud_to_laserscan_node.cpp.o[0m
[2.104s] [ 20%] [32mBuilding CXX object CMakeFiles/laserscan_to_pointcloud_node.dir/rclcpp_components/node_main_laserscan_to_pointcloud_node.cpp.o[0m
[2.105s] [ 30%] [32mBuilding CXX object CMakeFiles/laserscan_to_pointcloud.dir/src/laserscan_to_pointcloud_node.cpp.o[0m
[8.646s] [ 40%] [32m[1mLinking CXX executable laserscan_to_pointcloud_node[0m
[9.162s] [ 40%] Built target laserscan_to_pointcloud_node
[11.813s] [ 50%] [32m[1mLinking CXX executable pointcloud_to_laserscan_node[0m
[12.312s] [ 50%] Built target pointcloud_to_laserscan_node
[34.042s] [ 60%] [32m[1mLinking CXX shared library liblaserscan_to_pointcloud.so[0m
[34.376s] [ 60%] Built target laserscan_to_pointcloud
[34.407s] [ 70%] [32mBuilding CXX object CMakeFiles/pointcloud_to_laserscan.dir/src/pointcloud_to_laserscan_node.cpp.o[0m
[50.055s] [ 80%] [32m[1mLinking CXX shared library libpointcloud_to_laserscan.so[0m
[50.197s] [ 80%] Built target pointcloud_to_laserscan
[50.212s] [ 90%] [32mBuilding CXX object CMakeFiles/dummy_pointcloud_publisher.dir/src/dummy_pointcloud_publisher.cpp.o[0m
[54.794s] [100%] [32m[1mLinking CXX executable dummy_pointcloud_publisher[0m
[54.917s] [100%] Built target dummy_pointcloud_publisher
[54.927s] Invoked command in '/home/mechax/ws_y/rm_ws/build/pointcloud_to_laserscan' returned '0': CMAKE_PREFIX_PATH=/opt/ros/humble /usr/bin/cmake --build /home/mechax/ws_y/rm_ws/build/pointcloud_to_laserscan -- -j16 -l16
[54.956s] Invoking command in '/home/mechax/ws_y/rm_ws/build/pointcloud_to_laserscan': CMAKE_PREFIX_PATH=/opt/ros/humble /usr/bin/cmake --install /home/mechax/ws_y/rm_ws/build/pointcloud_to_laserscan
[54.961s] -- Install configuration: ""
[54.961s] -- Installing: /home/mechax/ws_y/rm_ws/install/pointcloud_to_laserscan/lib/pointcloud_to_laserscan/laserscan_to_pointcloud_node
[54.961s] -- Set runtime path of "/home/mechax/ws_y/rm_ws/install/pointcloud_to_laserscan/lib/pointcloud_to_laserscan/laserscan_to_pointcloud_node" to ""
[54.961s] -- Installing: /home/mechax/ws_y/rm_ws/install/pointcloud_to_laserscan/lib/pointcloud_to_laserscan/pointcloud_to_laserscan_node
[54.962s] -- Set runtime path of "/home/mechax/ws_y/rm_ws/install/pointcloud_to_laserscan/lib/pointcloud_to_laserscan/pointcloud_to_laserscan_node" to ""
[54.962s] -- Installing: /home/mechax/ws_y/rm_ws/install/pointcloud_to_laserscan/include
[54.962s] -- Installing: /home/mechax/ws_y/rm_ws/install/pointcloud_to_laserscan/include/pointcloud_to_laserscan
[54.962s] -- Installing: /home/mechax/ws_y/rm_ws/install/pointcloud_to_laserscan/include/pointcloud_to_laserscan/pointcloud_to_laserscan_node.hpp
[54.962s] -- Installing: /home/mechax/ws_y/rm_ws/install/pointcloud_to_laserscan/include/pointcloud_to_laserscan/laserscan_to_pointcloud_node.hpp
[54.962s] -- Installing: /home/mechax/ws_y/rm_ws/install/pointcloud_to_laserscan/include/pointcloud_to_laserscan/visibility_control.h
[54.962s] -- Installing: /home/mechax/ws_y/rm_ws/install/pointcloud_to_laserscan/share/pointcloud_to_laserscan/environment/library_path.sh
[54.962s] -- Installing: /home/mechax/ws_y/rm_ws/install/pointcloud_to_laserscan/share/pointcloud_to_laserscan/environment/library_path.dsv
[54.962s] -- Installing: /home/mechax/ws_y/rm_ws/install/pointcloud_to_laserscan/lib/liblaserscan_to_pointcloud.so
[54.963s] -- Set runtime path of "/home/mechax/ws_y/rm_ws/install/pointcloud_to_laserscan/lib/liblaserscan_to_pointcloud.so" to ""
[54.963s] -- Installing: /home/mechax/ws_y/rm_ws/install/pointcloud_to_laserscan/lib/libpointcloud_to_laserscan.so
[54.964s] -- Set runtime path of "/home/mechax/ws_y/rm_ws/install/pointcloud_to_laserscan/lib/libpointcloud_to_laserscan.so" to ""
[54.964s] -- Installing: /home/mechax/ws_y/rm_ws/install/pointcloud_to_laserscan/lib/pointcloud_to_laserscan/dummy_pointcloud_publisher
[54.965s] -- Set runtime path of "/home/mechax/ws_y/rm_ws/install/pointcloud_to_laserscan/lib/pointcloud_to_laserscan/dummy_pointcloud_publisher" to ""
[54.965s] -- Installing: /home/mechax/ws_y/rm_ws/install/pointcloud_to_laserscan/share/pointcloud_to_laserscan/launch
[54.965s] -- Installing: /home/mechax/ws_y/rm_ws/install/pointcloud_to_laserscan/share/pointcloud_to_laserscan/launch/sample_pointcloud_to_laserscan_launch.py
[54.965s] -- Installing: /home/mechax/ws_y/rm_ws/install/pointcloud_to_laserscan/share/pointcloud_to_laserscan/launch/sample_laserscan_to_pointcloud_launch.py
[54.965s] -- Installing: /home/mechax/ws_y/rm_ws/install/pointcloud_to_laserscan/share/pointcloud_to_laserscan/launch/pointcloud_to_laserscan_launch.py
[54.965s] -- Installing: /home/mechax/ws_y/rm_ws/install/pointcloud_to_laserscan/share/ament_index/resource_index/package_run_dependencies/pointcloud_to_laserscan
[54.965s] -- Installing: /home/mechax/ws_y/rm_ws/install/pointcloud_to_laserscan/share/ament_index/resource_index/parent_prefix_path/pointcloud_to_laserscan
[54.965s] -- Installing: /home/mechax/ws_y/rm_ws/install/pointcloud_to_laserscan/share/pointcloud_to_laserscan/environment/ament_prefix_path.sh
[54.965s] -- Installing: /home/mechax/ws_y/rm_ws/install/pointcloud_to_laserscan/share/pointcloud_to_laserscan/environment/ament_prefix_path.dsv
[54.965s] -- Installing: /home/mechax/ws_y/rm_ws/install/pointcloud_to_laserscan/share/pointcloud_to_laserscan/environment/path.sh
[54.965s] -- Installing: /home/mechax/ws_y/rm_ws/install/pointcloud_to_laserscan/share/pointcloud_to_laserscan/environment/path.dsv
[54.966s] -- Installing: /home/mechax/ws_y/rm_ws/install/pointcloud_to_laserscan/share/pointcloud_to_laserscan/local_setup.bash
[54.966s] -- Installing: /home/mechax/ws_y/rm_ws/install/pointcloud_to_laserscan/share/pointcloud_to_laserscan/local_setup.sh
[54.966s] -- Installing: /home/mechax/ws_y/rm_ws/install/pointcloud_to_laserscan/share/pointcloud_to_laserscan/local_setup.zsh
[54.966s] -- Installing: /home/mechax/ws_y/rm_ws/install/pointcloud_to_laserscan/share/pointcloud_to_laserscan/local_setup.dsv
[54.966s] -- Installing: /home/mechax/ws_y/rm_ws/install/pointcloud_to_laserscan/share/pointcloud_to_laserscan/package.dsv
[54.966s] -- Installing: /home/mechax/ws_y/rm_ws/install/pointcloud_to_laserscan/share/ament_index/resource_index/packages/pointcloud_to_laserscan
[54.966s] -- Installing: /home/mechax/ws_y/rm_ws/install/pointcloud_to_laserscan/share/ament_index/resource_index/rclcpp_components/pointcloud_to_laserscan
[54.966s] -- Installing: /home/mechax/ws_y/rm_ws/install/pointcloud_to_laserscan/share/pointcloud_to_laserscan/cmake/ament_cmake_export_dependencies-extras.cmake
[54.966s] -- Installing: /home/mechax/ws_y/rm_ws/install/pointcloud_to_laserscan/share/pointcloud_to_laserscan/cmake/ament_cmake_export_include_directories-extras.cmake
[54.966s] -- Installing: /home/mechax/ws_y/rm_ws/install/pointcloud_to_laserscan/share/pointcloud_to_laserscan/cmake/ament_cmake_export_libraries-extras.cmake
[54.966s] -- Installing: /home/mechax/ws_y/rm_ws/install/pointcloud_to_laserscan/share/pointcloud_to_laserscan/cmake/pointcloud_to_laserscanConfig.cmake
[54.966s] -- Installing: /home/mechax/ws_y/rm_ws/install/pointcloud_to_laserscan/share/pointcloud_to_laserscan/cmake/pointcloud_to_laserscanConfig-version.cmake
[54.967s] -- Installing: /home/mechax/ws_y/rm_ws/install/pointcloud_to_laserscan/share/pointcloud_to_laserscan/package.xml
[54.968s] Invoked command in '/home/mechax/ws_y/rm_ws/build/pointcloud_to_laserscan' returned '0': CMAKE_PREFIX_PATH=/opt/ros/humble /usr/bin/cmake --install /home/mechax/ws_y/rm_ws/build/pointcloud_to_laserscan
