[0.181s] Invoking command in '/home/mechax/ws_y/rm_ws/build/rm_gimbal_description': CMAKE_PREFIX_PATH=/opt/ros/humble /usr/bin/cmake /home/mechax/ws_y/rm_ws/src/mechax_rm_cv/src/rm_gimbal_description -DCMAKE_INSTALL_PREFIX=/home/mechax/ws_y/rm_ws/install/rm_gimbal_description
[0.190s] -- Found ament_cmake: 1.3.5 (/opt/ros/humble/share/ament_cmake/cmake)
[0.275s] -- Override CMake install command with custom implementation using symlinks instead of copying resources
[0.280s] -- Found ament_lint_auto: 0.12.8 (/opt/ros/humble/share/ament_lint_auto/cmake)
[0.322s] -- Added test 'lint_cmake' to check CMake code style
[0.322s] -- Added test 'xmllint' to check XML markup files
[0.323s] -- Configuring done
[0.324s] -- Generating done
[0.324s] -- Build files have been written to: /home/mechax/ws_y/rm_ws/build/rm_gimbal_description
[0.326s] Invoked command in '/home/mechax/ws_y/rm_ws/build/rm_gimbal_description' returned '0': CMAKE_PREFIX_PATH=/opt/ros/humble /usr/bin/cmake /home/mechax/ws_y/rm_ws/src/mechax_rm_cv/src/rm_gimbal_description -DCMAKE_INSTALL_PREFIX=/home/mechax/ws_y/rm_ws/install/rm_gimbal_description
[0.328s] Invoking command in '/home/mechax/ws_y/rm_ws/build/rm_gimbal_description': CMAKE_PREFIX_PATH=/opt/ros/humble /usr/bin/cmake --build /home/mechax/ws_y/rm_ws/build/rm_gimbal_description -- -j16 -l16
[0.351s] Invoked command in '/home/mechax/ws_y/rm_ws/build/rm_gimbal_description' returned '0': CMAKE_PREFIX_PATH=/opt/ros/humble /usr/bin/cmake --build /home/mechax/ws_y/rm_ws/build/rm_gimbal_description -- -j16 -l16
[0.372s] Invoking command in '/home/mechax/ws_y/rm_ws/build/rm_gimbal_description': CMAKE_PREFIX_PATH=/opt/ros/humble /usr/bin/cmake --install /home/mechax/ws_y/rm_ws/build/rm_gimbal_description
[0.378s] -- Install configuration: ""
[0.378s] -- Execute custom install script
[0.379s] -- Up-to-date symlink: /home/mechax/ws_y/rm_ws/install/rm_gimbal_description/share/rm_gimbal_description/urdf/rm_gimbal.urdf.xacro
[0.379s] -- Up-to-date symlink: /home/mechax/ws_y/rm_ws/install/rm_gimbal_description/share/ament_index/resource_index/package_run_dependencies/rm_gimbal_description
[0.380s] -- Up-to-date symlink: /home/mechax/ws_y/rm_ws/install/rm_gimbal_description/share/ament_index/resource_index/parent_prefix_path/rm_gimbal_description
[0.380s] -- Up-to-date symlink: /home/mechax/ws_y/rm_ws/install/rm_gimbal_description/share/rm_gimbal_description/environment/ament_prefix_path.sh
[0.380s] -- Up-to-date symlink: /home/mechax/ws_y/rm_ws/install/rm_gimbal_description/share/rm_gimbal_description/environment/ament_prefix_path.dsv
[0.380s] -- Up-to-date symlink: /home/mechax/ws_y/rm_ws/install/rm_gimbal_description/share/rm_gimbal_description/environment/path.sh
[0.380s] -- Up-to-date symlink: /home/mechax/ws_y/rm_ws/install/rm_gimbal_description/share/rm_gimbal_description/environment/path.dsv
[0.380s] -- Up-to-date symlink: /home/mechax/ws_y/rm_ws/install/rm_gimbal_description/share/rm_gimbal_description/local_setup.bash
[0.380s] -- Up-to-date symlink: /home/mechax/ws_y/rm_ws/install/rm_gimbal_description/share/rm_gimbal_description/local_setup.sh
[0.380s] -- Up-to-date symlink: /home/mechax/ws_y/rm_ws/install/rm_gimbal_description/share/rm_gimbal_description/local_setup.zsh
[0.380s] -- Up-to-date symlink: /home/mechax/ws_y/rm_ws/install/rm_gimbal_description/share/rm_gimbal_description/local_setup.dsv
[0.380s] -- Symlinking: /home/mechax/ws_y/rm_ws/install/rm_gimbal_description/share/rm_gimbal_description/package.dsv
[0.384s] -- Up-to-date symlink: /home/mechax/ws_y/rm_ws/install/rm_gimbal_description/share/ament_index/resource_index/packages/rm_gimbal_description
[0.384s] -- Up-to-date symlink: /home/mechax/ws_y/rm_ws/install/rm_gimbal_description/share/rm_gimbal_description/cmake/rm_gimbal_descriptionConfig.cmake
[0.384s] -- Up-to-date symlink: /home/mechax/ws_y/rm_ws/install/rm_gimbal_description/share/rm_gimbal_description/cmake/rm_gimbal_descriptionConfig-version.cmake
[0.384s] -- Up-to-date symlink: /home/mechax/ws_y/rm_ws/install/rm_gimbal_description/share/rm_gimbal_description/package.xml
[0.386s] Invoked command in '/home/mechax/ws_y/rm_ws/build/rm_gimbal_description' returned '0': CMAKE_PREFIX_PATH=/opt/ros/humble /usr/bin/cmake --install /home/mechax/ws_y/rm_ws/build/rm_gimbal_description
