[0.173s] Invoking command in '/home/mechax/ws_y/rm_ws/build/livox_ros_driver2': CMAKE_PREFIX_PATH=/opt/ros/humble /usr/bin/cmake /home/mechax/ws_y/rm_ws/src/rm_sensors/livox_ros_driver2 -DCMAKE_INSTALL_PREFIX=/home/mechax/ws_y/rm_ws/install/livox_ros_driver2
[0.399s] -- The C compiler identification is GNU 11.4.0
[0.399s] -- The CXX compiler identification is GNU 11.4.0
[0.399s] -- Detecting C compiler ABI info
[0.399s] -- Detecting C compiler ABI info - done
[0.399s] -- Check for working C compiler: /usr/bin/cc - skipped
[0.399s] -- Detecting C compile features
[0.399s] -- Detecting C compile features - done
[0.399s] -- Detecting CXX compiler ABI info
[0.400s] -- Detecting CXX compiler ABI info - done
[0.400s] -- Check for working CXX compiler: /usr/bin/c++ - skipped
[0.400s] -- Detecting CXX compile features
[0.400s] -- Detecting CXX compile features - done
[0.400s] -- livox_ros_driver2 version: 1.0.0
[0.401s] -- Found ament_cmake_auto: 1.3.5 (/opt/ros/humble/share/ament_cmake_auto/cmake)
[0.551s] -- Found Python3: /usr/bin/python3.10 (found version "3.10.12") found components: Interpreter 
[0.707s] -- Using all available rosidl_typesupport_c: rosidl_typesupport_fastrtps_c;rosidl_typesupport_introspection_c
[0.714s] -- Found rosidl_adapter: 3.1.5 (/opt/ros/humble/share/rosidl_adapter/cmake)
[0.758s] -- Using all available rosidl_typesupport_cpp: rosidl_typesupport_fastrtps_cpp;rosidl_typesupport_introspection_cpp
[0.896s] -- Found rmw_implementation_cmake: 6.1.1 (/opt/ros/humble/share/rmw_implementation_cmake/cmake)
[0.899s] -- Found rmw_fastrtps_cpp: 6.2.4 (/opt/ros/humble/share/rmw_fastrtps_cpp/cmake)
[0.987s] -- Found OpenSSL: /usr/lib/x86_64-linux-gnu/libcrypto.so (found version "3.0.2")  
[1.018s] -- Found FastRTPS: /opt/ros/humble/include  
[1.061s] -- Using RMW implementation 'rmw_fastrtps_cpp' as default
[1.066s] -- Looking for pthread.h
[1.111s] -- Looking for pthread.h - found
[1.112s] -- Performing Test CMAKE_HAVE_LIBC_PTHREAD
[1.159s] -- Performing Test CMAKE_HAVE_LIBC_PTHREAD - Success
[1.161s] -- Found Threads: TRUE  
[1.732s] -- Checking for module 'eigen3'
[1.743s] --   Found eigen3, version 3.4.0
[1.769s] -- Found Eigen: /usr/include/eigen3 (Required is at least version "3.1") 
[1.770s] -- Eigen found (include: /usr/include/eigen3, version: 3.4.0)
[1.788s] -- Found Boost: /usr/lib/x86_64-linux-gnu/cmake/Boost-1.74.0/BoostConfig.cmake (found suitable version "1.74.0", minimum required is "1.65.0") found components: system filesystem date_time iostreams serialization 
[1.809s] -- Checking for module 'flann'
[1.831s] --   Found flann, version 1.9.1
[1.893s] -- Found FLANN: /usr/lib/x86_64-linux-gnu/libflann_cpp.so  
[1.893s] -- FLANN found (include: /usr/include, lib: /usr/lib/x86_64-linux-gnu/libflann_cpp.so)
[1.938s] -- Found GLEW: /usr/lib/x86_64-linux-gnu/libGLEW.so  
[1.946s] -- Found OpenGL: /usr/lib/x86_64-linux-gnu/libOpenGL.so  found components: OpenGL GLX 
[2.145s] -- Found MPI_C: /usr/lib/x86_64-linux-gnu/libmpi.so (found version "3.1") 
[2.145s] -- Found MPI: TRUE (found version "3.1") found components: C 
[2.152s] -- Found JsonCpp: /usr/lib/x86_64-linux-gnu/libjsoncpp.so (found suitable version "1.9.5", minimum required is "0.7.0") 
[2.170s] -- Found ZLIB: /usr/lib/x86_64-linux-gnu/libz.so (found version "1.2.11") 
[2.225s] -- Found PNG: /usr/lib/x86_64-linux-gnu/libpng.so (found version "1.6.37") 
[2.266s] -- Found Eigen3: /usr/include/eigen3 (found version "3.4.0") 
[2.494s] -- Found X11: /usr/include   
[2.494s] -- Looking for XOpenDisplay in /usr/lib/x86_64-linux-gnu/libX11.so;/usr/lib/x86_64-linux-gnu/libXext.so
[2.651s] -- Looking for XOpenDisplay in /usr/lib/x86_64-linux-gnu/libX11.so;/usr/lib/x86_64-linux-gnu/libXext.so - found
[2.651s] -- Looking for gethostbyname
[2.770s] -- Looking for gethostbyname - found
[2.771s] -- Looking for connect
[3.051s] -- Looking for connect - found
[3.051s] -- Looking for remove
[3.403s] -- Looking for remove - found
[3.404s] -- Looking for shmat
[3.757s] -- Looking for shmat - found
[3.757s] -- Looking for IceConnectionNumber in ICE
[4.134s] -- Looking for IceConnectionNumber in ICE - found
[4.442s] -- Found EXPAT: /usr/lib/x86_64-linux-gnu/libexpat.so (found version "2.4.7") 
[4.445s] -- Found double-conversion: /usr/lib/x86_64-linux-gnu/libdouble-conversion.so  
[4.448s] -- Found LZ4: /usr/lib/x86_64-linux-gnu/liblz4.so (found version "1.9.3") 
[4.451s] -- Found LZMA: /usr/lib/x86_64-linux-gnu/liblzma.so (found version "5.2.5") 
[4.469s] -- Found JPEG: /usr/lib/x86_64-linux-gnu/libjpeg.so (found version "80") 
[4.490s] -- Found TIFF: /usr/lib/x86_64-linux-gnu/libtiff.so (found version "4.3.0")  
[4.497s] -- Found Freetype: /usr/lib/x86_64-linux-gnu/libfreetype.so (found version "2.11.1") 
[4.507s] -- Found utf8cpp: /usr/include/utf8cpp  
[4.690s] -- Checking for module 'libusb-1.0'
[4.721s] --   Found libusb-1.0, version 1.0.25
[4.921s] -- Found libusb: /usr/lib/x86_64-linux-gnu/libusb-1.0.so  
[4.926s] -- Found OpenNI: /usr/lib/libOpenNI.so;libusb::libusb (found version "1.5.4.0") 
[4.926s] -- OpenNI found (version: 1.5.4.0, include: /usr/include/ni, lib: /usr/lib/libOpenNI.so;libusb::libusb)
[5.226s] -- Found OpenNI2: /usr/lib/x86_64-linux-gnu/libOpenNI2.so;libusb::libusb (found version "2.2.0.33") 
[5.227s] -- OpenNI2 found (version: 2.2.0.33, include: /usr/include/openni2, lib: /usr/lib/x86_64-linux-gnu/libOpenNI2.so;libusb::libusb)
[5.228s] [0m** WARNING ** io features related to pcap will be disabled[0m
[5.357s] -- Eigen found (include: /usr/include/eigen3, version: 3.4.0)
[5.364s] -- OpenNI found (version: 1.5.4.0, include: /usr/include/ni, lib: /usr/lib/libOpenNI.so;libusb::libusb)
[5.373s] -- OpenNI2 found (version: 2.2.0.33, include: /usr/include/openni2, lib: /usr/lib/x86_64-linux-gnu/libOpenNI2.so;libusb::libusb)
[5.534s] -- Found Qhull version 8.0.2
[5.751s] -- OpenNI found (version: 1.5.4.0, include: /usr/include/ni, lib: /usr/lib/libOpenNI.so;libusb::libusb)
[5.947s] -- looking for PCL_COMMON
[5.949s] -- Found PCL_COMMON: /usr/lib/x86_64-linux-gnu/libpcl_common.so  
[5.949s] -- looking for PCL_KDTREE
[5.950s] -- Found PCL_KDTREE: /usr/lib/x86_64-linux-gnu/libpcl_kdtree.so  
[5.951s] -- looking for PCL_OCTREE
[5.952s] -- Found PCL_OCTREE: /usr/lib/x86_64-linux-gnu/libpcl_octree.so  
[5.952s] -- looking for PCL_SEARCH
[5.953s] -- Found PCL_SEARCH: /usr/lib/x86_64-linux-gnu/libpcl_search.so  
[5.953s] -- looking for PCL_SAMPLE_CONSENSUS
[5.954s] -- Found PCL_SAMPLE_CONSENSUS: /usr/lib/x86_64-linux-gnu/libpcl_sample_consensus.so  
[5.954s] -- looking for PCL_FILTERS
[5.955s] -- Found PCL_FILTERS: /usr/lib/x86_64-linux-gnu/libpcl_filters.so  
[5.956s] -- looking for PCL_2D
[5.956s] -- Found PCL_2D: /usr/include/pcl-1.12  
[5.956s] -- looking for PCL_GEOMETRY
[5.956s] -- Found PCL_GEOMETRY: /usr/include/pcl-1.12  
[5.956s] -- looking for PCL_IO
[5.958s] -- Found PCL_IO: /usr/lib/x86_64-linux-gnu/libpcl_io.so  
[5.958s] -- looking for PCL_FEATURES
[5.960s] -- Found PCL_FEATURES: /usr/lib/x86_64-linux-gnu/libpcl_features.so  
[5.960s] -- looking for PCL_ML
[5.961s] -- Found PCL_ML: /usr/lib/x86_64-linux-gnu/libpcl_ml.so  
[5.961s] -- looking for PCL_SEGMENTATION
[5.962s] -- Found PCL_SEGMENTATION: /usr/lib/x86_64-linux-gnu/libpcl_segmentation.so  
[5.962s] -- looking for PCL_VISUALIZATION
[5.963s] -- Found PCL_VISUALIZATION: /usr/lib/x86_64-linux-gnu/libpcl_visualization.so  
[5.964s] -- looking for PCL_SURFACE
[5.965s] -- Found PCL_SURFACE: /usr/lib/x86_64-linux-gnu/libpcl_surface.so  
[5.965s] -- looking for PCL_REGISTRATION
[5.966s] -- Found PCL_REGISTRATION: /usr/lib/x86_64-linux-gnu/libpcl_registration.so  
[5.967s] -- looking for PCL_KEYPOINTS
[5.968s] -- Found PCL_KEYPOINTS: /usr/lib/x86_64-linux-gnu/libpcl_keypoints.so  
[5.968s] -- looking for PCL_TRACKING
[5.969s] -- Found PCL_TRACKING: /usr/lib/x86_64-linux-gnu/libpcl_tracking.so  
[5.969s] -- looking for PCL_RECOGNITION
[5.970s] -- Found PCL_RECOGNITION: /usr/lib/x86_64-linux-gnu/libpcl_recognition.so  
[5.971s] -- looking for PCL_STEREO
[5.972s] -- Found PCL_STEREO: /usr/lib/x86_64-linux-gnu/libpcl_stereo.so  
[5.972s] -- looking for PCL_APPS
[5.973s] -- Found PCL_APPS: /usr/lib/x86_64-linux-gnu/libpcl_apps.so  
[5.974s] -- looking for PCL_IN_HAND_SCANNER
[5.974s] -- Found PCL_IN_HAND_SCANNER: /usr/include/pcl-1.12  
[5.974s] -- looking for PCL_MODELER
[5.974s] -- Found PCL_MODELER: /usr/include/pcl-1.12  
[5.975s] -- looking for PCL_POINT_CLOUD_EDITOR
[5.975s] -- Found PCL_POINT_CLOUD_EDITOR: /usr/include/pcl-1.12  
[5.975s] -- looking for PCL_OUTOFCORE
[5.977s] -- Found PCL_OUTOFCORE: /usr/lib/x86_64-linux-gnu/libpcl_outofcore.so  
[5.977s] -- looking for PCL_PEOPLE
[5.978s] -- Found PCL_PEOPLE: /usr/lib/x86_64-linux-gnu/libpcl_people.so  
[5.979s] -- Found PCL: pcl_common;pcl_kdtree;pcl_octree;pcl_search;pcl_sample_consensus;pcl_filters;pcl_io;pcl_features;pcl_ml;pcl_segmentation;pcl_visualization;pcl_surface;pcl_registration;pcl_keypoints;pcl_tracking;pcl_recognition;pcl_stereo;pcl_apps;pcl_outofcore;pcl_people;Boost::system;Boost::filesystem;Boost::date_time;Boost::iostreams;Boost::serialization;/usr/lib/libOpenNI.so;libusb::libusb;/usr/lib/x86_64-linux-gnu/libOpenNI2.so;libusb::libusb;VTK::ChartsCore;VTK::CommonColor;VTK::CommonComputationalGeometry;VTK::CommonCore;VTK::CommonDataModel;VTK::CommonExecutionModel;VTK::CommonMath;VTK::CommonMisc;VTK::CommonTransforms;VTK::FiltersCore;VTK::FiltersExtraction;VTK::FiltersGeneral;VTK::FiltersGeometry;VTK::FiltersModeling;VTK::FiltersSources;VTK::ImagingCore;VTK::ImagingSources;VTK::InteractionImage;VTK::InteractionStyle;VTK::InteractionWidgets;VTK::IOCore;VTK::IOGeometry;VTK::IOImage;VTK::IOLegacy;VTK::IOPLY;VTK::RenderingAnnotation;VTK::RenderingCore;VTK::RenderingContext2D;VTK::RenderingLOD;VTK::RenderingFreeType;VTK::ViewsCore;VTK::ViewsContext2D;VTK::RenderingOpenGL2;VTK::GUISupportQt;FLANN::FLANN;QHULL::QHULL  
[5.986s] -- Found PkgConfig: /usr/bin/pkg-config (found version "0.29.2") 
[5.987s] -- Checking for module 'apr-1'
[5.991s] --   No package 'apr-1' found
[6.291s] -- Found ament_cmake_ros: 0.10.0 (/opt/ros/humble/share/ament_cmake_ros/cmake)
[6.602s] -- Using all available rosidl_typesupport_c: rosidl_typesupport_fastrtps_c;rosidl_typesupport_introspection_c
[7.111s] -- Using all available rosidl_typesupport_cpp: rosidl_typesupport_fastrtps_cpp;rosidl_typesupport_introspection_cpp
[7.153s] -- Found PythonInterp: /usr/bin/python3 (found suitable version "3.10.12", minimum required is "3.6") 
[7.155s] -- Found python_cmake_module: 0.10.0 (/opt/ros/humble/share/python_cmake_module/cmake)
[7.212s] -- Found PythonLibs: /usr/lib/x86_64-linux-gnu/libpython3.10.so (found suitable version "3.10.12", minimum required is "3.5") 
[7.212s] -- Using PYTHON_EXECUTABLE: /usr/bin/python3
[7.212s] -- Using PYTHON_INCLUDE_DIRS: /usr/include/python3.10
[7.213s] -- Using PYTHON_LIBRARIES: /usr/lib/x86_64-linux-gnu/libpython3.10.so
[7.306s] -- Found PythonExtra: .so  
[7.531s] [0m/usr/local/lib/liblivox_lidar_sdk_shared.so[0m
[7.666s] -- Found ament_lint_auto: 0.12.8 (/opt/ros/humble/share/ament_lint_auto/cmake)
[7.754s] -- Added test 'copyright' to check source files copyright and LICENSE
[7.759s] -- Added test 'cppcheck' to perform static code analysis on C / C++ code
[7.760s] -- Configured cppcheck include dirs: /home/mechax/ws_y/rm_ws/src/rm_sensors/livox_ros_driver2/3rdparty;/home/mechax/ws_y/rm_ws/src/rm_sensors/livox_ros_driver2/src
[7.760s] -- Configured cppcheck exclude dirs and/or files: 
[7.764s] -- Added test 'cpplint' to check C / C++ code against the Google style
[7.773s] -- Configured cpplint exclude dirs and/or files: 
[7.775s] -- Added test 'flake8' to check Python code syntax and style conventions
[7.790s] -- Added test 'lint_cmake' to check CMake code style
[7.791s] -- Added test 'pep257' to check Python code against some of the docstring style conventions in PEP 257
[7.796s] -- Added test 'uncrustify' to check C / C++ code style
[7.796s] -- Configured uncrustify additional arguments: 
[7.797s] -- Added test 'xmllint' to check XML markup files
[7.800s] -- Configuring done
[8.039s] -- Generating done
[8.059s] -- Build files have been written to: /home/mechax/ws_y/rm_ws/build/livox_ros_driver2
[8.200s] Invoked command in '/home/mechax/ws_y/rm_ws/build/livox_ros_driver2' returned '0': CMAKE_PREFIX_PATH=/opt/ros/humble /usr/bin/cmake /home/mechax/ws_y/rm_ws/src/rm_sensors/livox_ros_driver2 -DCMAKE_INSTALL_PREFIX=/home/mechax/ws_y/rm_ws/install/livox_ros_driver2
[8.201s] Invoking command in '/home/mechax/ws_y/rm_ws/build/livox_ros_driver2': CMAKE_PREFIX_PATH=/opt/ros/humble /usr/bin/cmake --build /home/mechax/ws_y/rm_ws/build/livox_ros_driver2 -- -j16 -l16
[8.493s] [  1%] [34m[1mGenerating C code for ROS interfaces[0m
[8.571s] [  3%] [34m[1mGenerating C++ code for ROS interfaces[0m
[8.609s] [  5%] [32mBuilding CXX object CMakeFiles/livox_ros_driver2_node.dir/rclcpp_components/node_main_livox_ros_driver2_node.cpp.o[0m
[8.645s] [  5%] Built target ament_cmake_python_copy_livox_ros_driver2
[9.389s] running egg_info
[9.390s] creating livox_ros_driver2.egg-info
[9.403s] writing livox_ros_driver2.egg-info/PKG-INFO
[9.403s] writing dependency_links to livox_ros_driver2.egg-info/dependency_links.txt
[9.404s] writing top-level names to livox_ros_driver2.egg-info/top_level.txt
[9.404s] writing manifest file 'livox_ros_driver2.egg-info/SOURCES.txt'
[9.408s] reading manifest file 'livox_ros_driver2.egg-info/SOURCES.txt'
[9.408s] writing manifest file 'livox_ros_driver2.egg-info/SOURCES.txt'
[9.549s] [  5%] Built target ament_cmake_python_build_livox_ros_driver2_egg
[9.855s] [  7%] [32mBuilding C object CMakeFiles/livox_interfaces2__rosidl_generator_c.dir/rosidl_generator_c/livox_ros_driver2/msg/detail/custom_point__functions.c.o[0m
[9.875s] [  8%] [32mBuilding C object CMakeFiles/livox_interfaces2__rosidl_generator_c.dir/rosidl_generator_c/livox_ros_driver2/msg/detail/custom_msg__functions.c.o[0m
[9.951s] [  8%] Built target livox_interfaces2__cpp
[9.983s] [ 10%] [34m[1mGenerating C++ type support for eProsima Fast-RTPS[0m
[9.987s] [ 12%] [34m[1mGenerating C++ type support dispatch for ROS interfaces[0m
[10.005s] [ 14%] [34m[1mGenerating C++ introspection for ROS interfaces[0m
[10.080s] [ 15%] [32m[1mLinking C shared library liblivox_ros_driver2__rosidl_generator_c.so[0m
[10.276s] [ 15%] Built target livox_interfaces2__rosidl_generator_c
[10.344s] [ 17%] [34m[1mGenerating C type support for eProsima Fast-RTPS[0m
[10.390s] [ 19%] [34m[1mGenerating C type support dispatch for ROS interfaces[0m
[10.390s] [ 21%] [34m[1mGenerating C introspection for ROS interfaces[0m
[10.775s] [ 22%] [32mBuilding CXX object CMakeFiles/livox_interfaces2__rosidl_typesupport_fastrtps_cpp.dir/rosidl_typesupport_fastrtps_cpp/livox_ros_driver2/msg/detail/dds_fastrtps/custom_point__type_support.cpp.o[0m
[10.798s] [ 24%] [32mBuilding CXX object CMakeFiles/livox_interfaces2__rosidl_typesupport_fastrtps_cpp.dir/rosidl_typesupport_fastrtps_cpp/livox_ros_driver2/msg/detail/dds_fastrtps/custom_msg__type_support.cpp.o[0m
[11.256s] [ 26%] [32mBuilding CXX object CMakeFiles/livox_interfaces2__rosidl_typesupport_cpp.dir/rosidl_typesupport_cpp/livox_ros_driver2/msg/custom_msg__type_support.cpp.o[0m
[11.256s] [ 28%] [32mBuilding CXX object CMakeFiles/livox_interfaces2__rosidl_typesupport_cpp.dir/rosidl_typesupport_cpp/livox_ros_driver2/msg/custom_point__type_support.cpp.o[0m
[11.302s] [ 29%] [32mBuilding CXX object CMakeFiles/livox_interfaces2__rosidl_typesupport_introspection_cpp.dir/rosidl_typesupport_introspection_cpp/livox_ros_driver2/msg/detail/custom_point__type_support.cpp.o[0m
[11.317s] [ 31%] [32mBuilding CXX object CMakeFiles/livox_interfaces2__rosidl_typesupport_introspection_cpp.dir/rosidl_typesupport_introspection_cpp/livox_ros_driver2/msg/detail/custom_msg__type_support.cpp.o[0m
[11.708s] [ 33%] [32mBuilding CXX object CMakeFiles/livox_interfaces2__rosidl_typesupport_c.dir/rosidl_typesupport_c/livox_ros_driver2/msg/custom_msg__type_support.cpp.o[0m
[11.737s] [ 35%] [32mBuilding CXX object CMakeFiles/livox_interfaces2__rosidl_typesupport_c.dir/rosidl_typesupport_c/livox_ros_driver2/msg/custom_point__type_support.cpp.o[0m
[11.748s] [ 36%] [32mBuilding CXX object CMakeFiles/livox_interfaces2__rosidl_typesupport_fastrtps_c.dir/rosidl_typesupport_fastrtps_c/livox_ros_driver2/msg/detail/custom_point__type_support_c.cpp.o[0m
[11.763s] [ 38%] [32mBuilding CXX object CMakeFiles/livox_interfaces2__rosidl_typesupport_fastrtps_c.dir/rosidl_typesupport_fastrtps_c/livox_ros_driver2/msg/detail/custom_msg__type_support_c.cpp.o[0m
[11.863s] [ 40%] [32m[1mLinking CXX shared library liblivox_ros_driver2__rosidl_typesupport_c.so[0m
[12.029s] [ 42%] [32m[1mLinking CXX shared library liblivox_ros_driver2__rosidl_typesupport_cpp.so[0m
[12.050s] [ 42%] Built target livox_interfaces2__rosidl_typesupport_c
[12.067s] [ 43%] [32mBuilding C object CMakeFiles/livox_interfaces2__rosidl_typesupport_introspection_c.dir/rosidl_typesupport_introspection_c/livox_ros_driver2/msg/detail/custom_msg__type_support.c.o[0m
[12.074s] [ 45%] [32mBuilding C object CMakeFiles/livox_interfaces2__rosidl_typesupport_introspection_c.dir/rosidl_typesupport_introspection_c/livox_ros_driver2/msg/detail/custom_point__type_support.c.o[0m
[12.219s] [ 45%] Built target livox_interfaces2__rosidl_typesupport_cpp
[12.237s] [ 47%] [32m[1mLinking C shared library liblivox_ros_driver2__rosidl_typesupport_introspection_c.so[0m
[12.301s] [ 47%] Built target livox_interfaces2__rosidl_typesupport_introspection_c
[12.336s] [ 49%] [32mBuilding CXX object CMakeFiles/livox_ros_driver2.dir/src/livox_ros_driver2.cpp.o[0m
[12.355s] [ 50%] [32m[1mLinking CXX shared library liblivox_ros_driver2__rosidl_typesupport_fastrtps_cpp.so[0m
[12.367s] [ 52%] [32mBuilding CXX object CMakeFiles/livox_ros_driver2.dir/src/lddc.cpp.o[0m
[12.375s] [ 54%] [32mBuilding CXX object CMakeFiles/livox_ros_driver2.dir/src/lds_lidar.cpp.o[0m
[12.386s] [ 56%] [32mBuilding CXX object CMakeFiles/livox_ros_driver2.dir/src/lds.cpp.o[0m
[12.388s] [ 57%] [32mBuilding CXX object CMakeFiles/livox_ros_driver2.dir/src/driver_node.cpp.o[0m
[12.405s] [ 59%] [32mBuilding CXX object CMakeFiles/livox_ros_driver2.dir/src/comm/comm.cpp.o[0m
[12.442s] [ 61%] [32mBuilding CXX object CMakeFiles/livox_ros_driver2.dir/src/comm/ldq.cpp.o[0m
[12.453s] [ 63%] [32mBuilding CXX object CMakeFiles/livox_ros_driver2.dir/src/comm/semaphore.cpp.o[0m
[12.472s] In file included from [01m[K/home/mechax/ws_y/rm_ws/src/rm_sensors/livox_ros_driver2/src/driver_node.h:28[m[K,
[12.473s]                  from [01m[K/home/mechax/ws_y/rm_ws/src/rm_sensors/livox_ros_driver2/src/driver_node.cpp:25[m[K:
[12.473s] [01m[K/home/mechax/ws_y/rm_ws/src/rm_sensors/livox_ros_driver2/src/include/ros_headers.h:28:[m[K [01;35m[Kwarning: [m[K"BUILDING_ROS2" redefined
[12.473s]    28 | #define BUILDING_ROS2
[12.473s]       | 
[12.473s] [01m[K<command-line>:[m[K [01;36m[Knote: [m[Kthis is the location of the previous definition
[12.549s] [ 64%] [32mBuilding CXX object CMakeFiles/livox_ros_driver2.dir/src/comm/lidar_imu_data_queue.cpp.o[0m
[12.582s] [ 66%] [32mBuilding CXX object CMakeFiles/livox_ros_driver2.dir/src/comm/cache_index.cpp.o[0m
[12.596s] [ 68%] [32m[1mLinking CXX shared library liblivox_ros_driver2__rosidl_typesupport_introspection_cpp.so[0m
[12.618s] [ 70%] [32mBuilding CXX object CMakeFiles/livox_ros_driver2.dir/src/comm/pub_handler.cpp.o[0m
[12.746s] [ 70%] Built target livox_interfaces2__rosidl_typesupport_fastrtps_cpp
[12.766s] In file included from [01m[K/home/mechax/ws_y/rm_ws/src/rm_sensors/livox_ros_driver2/src/driver_node.h:28[m[K,
[12.766s]                  from [01m[K/home/mechax/ws_y/rm_ws/src/rm_sensors/livox_ros_driver2/src/livox_ros_driver2.cpp:32[m[K:
[12.767s] [01m[K/home/mechax/ws_y/rm_ws/src/rm_sensors/livox_ros_driver2/src/include/ros_headers.h:28:[m[K [01;35m[Kwarning: [m[K"BUILDING_ROS2" redefined
[12.767s]    28 | #define BUILDING_ROS2
[12.767s]       | 
[12.791s] [01m[K<command-line>:[m[K [01;36m[Knote: [m[Kthis is the location of the previous definition
[12.792s] In file included from [01m[K/home/mechax/ws_y/rm_ws/src/rm_sensors/livox_ros_driver2/src/driver_node.h:28[m[K,
[12.792s]                  from [01m[K/home/mechax/ws_y/rm_ws/src/rm_sensors/livox_ros_driver2/src/lddc.h:31[m[K,
[12.792s]                  from [01m[K/home/mechax/ws_y/rm_ws/src/rm_sensors/livox_ros_driver2/src/lddc.cpp:25[m[K:
[12.792s] [01m[K/home/mechax/ws_y/rm_ws/src/rm_sensors/livox_ros_driver2/src/include/ros_headers.h:28:[m[K [01;35m[Kwarning: [m[K"BUILDING_ROS2" redefined
[12.792s]    28 | #define BUILDING_ROS2
[12.792s]       | 
[12.792s] [01m[K<command-line>:[m[K [01;36m[Knote: [m[Kthis is the location of the previous definition
[12.828s] [ 71%] [32mBuilding CXX object CMakeFiles/livox_ros_driver2.dir/src/parse_cfg_file/parse_cfg_file.cpp.o[0m
[12.992s] [ 73%] [32mBuilding CXX object CMakeFiles/livox_ros_driver2.dir/src/parse_cfg_file/parse_livox_lidar_cfg.cpp.o[0m
[13.030s] [ 75%] [32m[1mLinking CXX shared library liblivox_ros_driver2__rosidl_typesupport_fastrtps_c.so[0m
[13.168s] [ 75%] Built target livox_interfaces2__rosidl_typesupport_introspection_cpp
[13.229s] [ 77%] [32mBuilding CXX object CMakeFiles/livox_ros_driver2.dir/src/call_back/lidar_common_callback.cpp.o[0m
[13.565s] [ 77%] Built target livox_interfaces2__rosidl_typesupport_fastrtps_c
[13.701s] [ 77%] Built target livox_interfaces2
[13.737s] [ 78%] [32mBuilding CXX object CMakeFiles/livox_ros_driver2.dir/src/call_back/livox_lidar_callback.cpp.o[0m
[13.874s] [ 80%] [34m[1mGenerating Python code for ROS interfaces[0m
[15.767s] In file included from [01m[K/home/mechax/ws_y/rm_ws/src/rm_sensors/livox_ros_driver2/src/lds_lidar.cpp:47[m[K:
[15.768s] [01m[K/home/mechax/ws_y/rm_ws/src/rm_sensors/livox_ros_driver2/src/comm/pub_handler.h:44:29:[m[K [01;35m[Kwarning: [m[K‘[01m[Klivox_ros::extrinsic_global[m[K’ defined but not used [[01;35m[K]8;;https://gcc.gnu.org/onlinedocs/gcc/Warning-Options.html#index-Wunused-variable-Wunused-variable]8;;[m[K]
[15.768s]    44 | static ExtParameterDetailed [01;35m[Kextrinsic_global[m[K = {
[15.768s]       |                             [01;35m[K^~~~~~~~~~~~~~~~[m[K
[15.839s] [ 80%] Built target livox_interfaces2__py
[15.991s] [ 82%] [32mBuilding C object CMakeFiles/livox_interfaces2__rosidl_generator_py.dir/rosidl_generator_py/livox_ros_driver2/msg/_custom_point_s.c.o[0m
[16.006s] [ 84%] [32mBuilding C object CMakeFiles/livox_interfaces2__rosidl_generator_py.dir/rosidl_generator_py/livox_ros_driver2/msg/_custom_msg_s.c.o[0m
[16.337s] [ 85%] [32m[1mLinking C shared library rosidl_generator_py/livox_ros_driver2/liblivox_interfaces2__rosidl_generator_py.so[0m
[16.588s] [ 85%] Built target livox_interfaces2__rosidl_generator_py
[16.722s] [ 87%] [32mBuilding C object CMakeFiles/livox_ros_driver2__rosidl_typesupport_fastrtps_c__pyext.dir/rosidl_generator_py/livox_ros_driver2/_livox_ros_driver2_s.ep.rosidl_typesupport_fastrtps_c.c.o[0m
[16.748s] [ 91%] [32mBuilding C object CMakeFiles/livox_ros_driver2__rosidl_typesupport_c__pyext.dir/rosidl_generator_py/livox_ros_driver2/_livox_ros_driver2_s.ep.rosidl_typesupport_c.c.o[0m
[16.748s] [ 91%] [32mBuilding C object CMakeFiles/livox_ros_driver2__rosidl_typesupport_introspection_c__pyext.dir/rosidl_generator_py/livox_ros_driver2/_livox_ros_driver2_s.ep.rosidl_typesupport_introspection_c.c.o[0m
[17.096s] [ 92%] [32m[1mLinking C shared library rosidl_generator_py/livox_ros_driver2/livox_ros_driver2_s__rosidl_typesupport_fastrtps_c.cpython-310-x86_64-linux-gnu.so[0m
[17.100s] [ 94%] [32m[1mLinking C shared library rosidl_generator_py/livox_ros_driver2/livox_ros_driver2_s__rosidl_typesupport_introspection_c.cpython-310-x86_64-linux-gnu.so[0m
[17.103s] [ 96%] [32m[1mLinking C shared library rosidl_generator_py/livox_ros_driver2/livox_ros_driver2_s__rosidl_typesupport_c.cpython-310-x86_64-linux-gnu.so[0m
[17.220s] [ 96%] Built target livox_ros_driver2__rosidl_typesupport_c__pyext
[17.226s] [ 96%] Built target livox_ros_driver2__rosidl_typesupport_fastrtps_c__pyext
[17.262s] [ 96%] Built target livox_ros_driver2__rosidl_typesupport_introspection_c__pyext
[22.284s] [ 98%] [32m[1mLinking CXX executable livox_ros_driver2_node[0m
[22.588s] [ 98%] Built target livox_ros_driver2_node
[35.955s] [100%] [32m[1mLinking CXX shared library liblivox_ros_driver2.so[0m
[37.297s] [100%] Built target livox_ros_driver2
[37.318s] Invoked command in '/home/mechax/ws_y/rm_ws/build/livox_ros_driver2' returned '0': CMAKE_PREFIX_PATH=/opt/ros/humble /usr/bin/cmake --build /home/mechax/ws_y/rm_ws/build/livox_ros_driver2 -- -j16 -l16
[37.474s] Invoking command in '/home/mechax/ws_y/rm_ws/build/livox_ros_driver2': CMAKE_PREFIX_PATH=/opt/ros/humble /usr/bin/cmake --install /home/mechax/ws_y/rm_ws/build/livox_ros_driver2
[37.486s] -- Install configuration: ""
[37.486s] -- Installing: /home/mechax/ws_y/rm_ws/install/livox_ros_driver2/share/ament_index/resource_index/rosidl_interfaces/livox_ros_driver2
[37.486s] -- Installing: /home/mechax/ws_y/rm_ws/install/livox_ros_driver2/include/livox_ros_driver2/livox_ros_driver2
[37.486s] -- Installing: /home/mechax/ws_y/rm_ws/install/livox_ros_driver2/include/livox_ros_driver2/livox_ros_driver2/msg
[37.486s] -- Installing: /home/mechax/ws_y/rm_ws/install/livox_ros_driver2/include/livox_ros_driver2/livox_ros_driver2/msg/custom_msg.h
[37.486s] -- Installing: /home/mechax/ws_y/rm_ws/install/livox_ros_driver2/include/livox_ros_driver2/livox_ros_driver2/msg/custom_point.h
[37.486s] -- Installing: /home/mechax/ws_y/rm_ws/install/livox_ros_driver2/include/livox_ros_driver2/livox_ros_driver2/msg/detail
[37.487s] -- Installing: /home/mechax/ws_y/rm_ws/install/livox_ros_driver2/include/livox_ros_driver2/livox_ros_driver2/msg/detail/custom_point__type_support.h
[37.487s] -- Installing: /home/mechax/ws_y/rm_ws/install/livox_ros_driver2/include/livox_ros_driver2/livox_ros_driver2/msg/detail/custom_point__struct.h
[37.487s] -- Installing: /home/mechax/ws_y/rm_ws/install/livox_ros_driver2/include/livox_ros_driver2/livox_ros_driver2/msg/detail/custom_msg__type_support.h
[37.487s] -- Installing: /home/mechax/ws_y/rm_ws/install/livox_ros_driver2/include/livox_ros_driver2/livox_ros_driver2/msg/detail/custom_msg__functions.h
[37.487s] -- Installing: /home/mechax/ws_y/rm_ws/install/livox_ros_driver2/include/livox_ros_driver2/livox_ros_driver2/msg/detail/custom_point__functions.c
[37.487s] -- Installing: /home/mechax/ws_y/rm_ws/install/livox_ros_driver2/include/livox_ros_driver2/livox_ros_driver2/msg/detail/custom_point__functions.h
[37.487s] -- Installing: /home/mechax/ws_y/rm_ws/install/livox_ros_driver2/include/livox_ros_driver2/livox_ros_driver2/msg/detail/custom_msg__struct.h
[37.487s] -- Installing: /home/mechax/ws_y/rm_ws/install/livox_ros_driver2/include/livox_ros_driver2/livox_ros_driver2/msg/detail/custom_msg__functions.c
[37.487s] -- Installing: /home/mechax/ws_y/rm_ws/install/livox_ros_driver2/include/livox_ros_driver2/livox_ros_driver2/msg/rosidl_generator_c__visibility_control.h
[37.488s] -- Installing: /home/mechax/ws_y/rm_ws/install/livox_ros_driver2/share/livox_ros_driver2/environment/library_path.sh
[37.488s] -- Installing: /home/mechax/ws_y/rm_ws/install/livox_ros_driver2/share/livox_ros_driver2/environment/library_path.dsv
[37.488s] -- Installing: /home/mechax/ws_y/rm_ws/install/livox_ros_driver2/lib/liblivox_ros_driver2__rosidl_generator_c.so
[37.488s] -- Set runtime path of "/home/mechax/ws_y/rm_ws/install/livox_ros_driver2/lib/liblivox_ros_driver2__rosidl_generator_c.so" to ""
[37.488s] -- Up-to-date: /home/mechax/ws_y/rm_ws/install/livox_ros_driver2/include/livox_ros_driver2/livox_ros_driver2
[37.489s] -- Up-to-date: /home/mechax/ws_y/rm_ws/install/livox_ros_driver2/include/livox_ros_driver2/livox_ros_driver2/msg
[37.489s] -- Up-to-date: /home/mechax/ws_y/rm_ws/install/livox_ros_driver2/include/livox_ros_driver2/livox_ros_driver2/msg/detail
[37.489s] -- Installing: /home/mechax/ws_y/rm_ws/install/livox_ros_driver2/include/livox_ros_driver2/livox_ros_driver2/msg/detail/custom_msg__rosidl_typesupport_fastrtps_c.h
[37.489s] -- Installing: /home/mechax/ws_y/rm_ws/install/livox_ros_driver2/include/livox_ros_driver2/livox_ros_driver2/msg/detail/custom_point__rosidl_typesupport_fastrtps_c.h
[37.489s] -- Installing: /home/mechax/ws_y/rm_ws/install/livox_ros_driver2/include/livox_ros_driver2/livox_ros_driver2/msg/rosidl_typesupport_fastrtps_c__visibility_control.h
[37.489s] -- Installing: /home/mechax/ws_y/rm_ws/install/livox_ros_driver2/lib/liblivox_ros_driver2__rosidl_typesupport_fastrtps_c.so
[37.489s] -- Set runtime path of "/home/mechax/ws_y/rm_ws/install/livox_ros_driver2/lib/liblivox_ros_driver2__rosidl_typesupport_fastrtps_c.so" to ""
[37.489s] -- Up-to-date: /home/mechax/ws_y/rm_ws/install/livox_ros_driver2/include/livox_ros_driver2/livox_ros_driver2
[37.489s] -- Up-to-date: /home/mechax/ws_y/rm_ws/install/livox_ros_driver2/include/livox_ros_driver2/livox_ros_driver2/msg
[37.489s] -- Installing: /home/mechax/ws_y/rm_ws/install/livox_ros_driver2/include/livox_ros_driver2/livox_ros_driver2/msg/rosidl_typesupport_introspection_c__visibility_control.h
[37.489s] -- Up-to-date: /home/mechax/ws_y/rm_ws/install/livox_ros_driver2/include/livox_ros_driver2/livox_ros_driver2/msg/detail
[37.489s] -- Installing: /home/mechax/ws_y/rm_ws/install/livox_ros_driver2/include/livox_ros_driver2/livox_ros_driver2/msg/detail/custom_point__rosidl_typesupport_introspection_c.h
[37.490s] -- Installing: /home/mechax/ws_y/rm_ws/install/livox_ros_driver2/include/livox_ros_driver2/livox_ros_driver2/msg/detail/custom_msg__type_support.c
[37.490s] -- Installing: /home/mechax/ws_y/rm_ws/install/livox_ros_driver2/include/livox_ros_driver2/livox_ros_driver2/msg/detail/custom_point__type_support.c
[37.491s] -- Installing: /home/mechax/ws_y/rm_ws/install/livox_ros_driver2/include/livox_ros_driver2/livox_ros_driver2/msg/detail/custom_msg__rosidl_typesupport_introspection_c.h
[37.491s] -- Installing: /home/mechax/ws_y/rm_ws/install/livox_ros_driver2/lib/liblivox_ros_driver2__rosidl_typesupport_introspection_c.so
[37.491s] -- Set runtime path of "/home/mechax/ws_y/rm_ws/install/livox_ros_driver2/lib/liblivox_ros_driver2__rosidl_typesupport_introspection_c.so" to ""
[37.491s] -- Installing: /home/mechax/ws_y/rm_ws/install/livox_ros_driver2/lib/liblivox_ros_driver2__rosidl_typesupport_c.so
[37.492s] -- Set runtime path of "/home/mechax/ws_y/rm_ws/install/livox_ros_driver2/lib/liblivox_ros_driver2__rosidl_typesupport_c.so" to ""
[37.492s] -- Up-to-date: /home/mechax/ws_y/rm_ws/install/livox_ros_driver2/include/livox_ros_driver2/livox_ros_driver2
[37.492s] -- Up-to-date: /home/mechax/ws_y/rm_ws/install/livox_ros_driver2/include/livox_ros_driver2/livox_ros_driver2/msg
[37.492s] -- Installing: /home/mechax/ws_y/rm_ws/install/livox_ros_driver2/include/livox_ros_driver2/livox_ros_driver2/msg/custom_point.hpp
[37.492s] -- Up-to-date: /home/mechax/ws_y/rm_ws/install/livox_ros_driver2/include/livox_ros_driver2/livox_ros_driver2/msg/detail
[37.492s] -- Installing: /home/mechax/ws_y/rm_ws/install/livox_ros_driver2/include/livox_ros_driver2/livox_ros_driver2/msg/detail/custom_point__builder.hpp
[37.492s] -- Installing: /home/mechax/ws_y/rm_ws/install/livox_ros_driver2/include/livox_ros_driver2/livox_ros_driver2/msg/detail/custom_point__traits.hpp
[37.492s] -- Installing: /home/mechax/ws_y/rm_ws/install/livox_ros_driver2/include/livox_ros_driver2/livox_ros_driver2/msg/detail/custom_msg__builder.hpp
[37.492s] -- Installing: /home/mechax/ws_y/rm_ws/install/livox_ros_driver2/include/livox_ros_driver2/livox_ros_driver2/msg/detail/custom_msg__struct.hpp
[37.492s] -- Installing: /home/mechax/ws_y/rm_ws/install/livox_ros_driver2/include/livox_ros_driver2/livox_ros_driver2/msg/detail/custom_point__struct.hpp
[37.492s] -- Installing: /home/mechax/ws_y/rm_ws/install/livox_ros_driver2/include/livox_ros_driver2/livox_ros_driver2/msg/detail/custom_msg__traits.hpp
[37.492s] -- Installing: /home/mechax/ws_y/rm_ws/install/livox_ros_driver2/include/livox_ros_driver2/livox_ros_driver2/msg/custom_msg.hpp
[37.492s] -- Up-to-date: /home/mechax/ws_y/rm_ws/install/livox_ros_driver2/include/livox_ros_driver2/livox_ros_driver2
[37.492s] -- Up-to-date: /home/mechax/ws_y/rm_ws/install/livox_ros_driver2/include/livox_ros_driver2/livox_ros_driver2/msg
[37.493s] -- Up-to-date: /home/mechax/ws_y/rm_ws/install/livox_ros_driver2/include/livox_ros_driver2/livox_ros_driver2/msg/detail
[37.493s] -- Installing: /home/mechax/ws_y/rm_ws/install/livox_ros_driver2/include/livox_ros_driver2/livox_ros_driver2/msg/detail/custom_msg__rosidl_typesupport_fastrtps_cpp.hpp
[37.493s] -- Installing: /home/mechax/ws_y/rm_ws/install/livox_ros_driver2/include/livox_ros_driver2/livox_ros_driver2/msg/detail/custom_point__rosidl_typesupport_fastrtps_cpp.hpp
[37.493s] -- Installing: /home/mechax/ws_y/rm_ws/install/livox_ros_driver2/include/livox_ros_driver2/livox_ros_driver2/msg/detail/dds_fastrtps
[37.493s] -- Installing: /home/mechax/ws_y/rm_ws/install/livox_ros_driver2/include/livox_ros_driver2/livox_ros_driver2/msg/rosidl_typesupport_fastrtps_cpp__visibility_control.h
[37.493s] -- Installing: /home/mechax/ws_y/rm_ws/install/livox_ros_driver2/lib/liblivox_ros_driver2__rosidl_typesupport_fastrtps_cpp.so
[37.493s] -- Set runtime path of "/home/mechax/ws_y/rm_ws/install/livox_ros_driver2/lib/liblivox_ros_driver2__rosidl_typesupport_fastrtps_cpp.so" to ""
[37.493s] -- Up-to-date: /home/mechax/ws_y/rm_ws/install/livox_ros_driver2/include/livox_ros_driver2/livox_ros_driver2
[37.493s] -- Up-to-date: /home/mechax/ws_y/rm_ws/install/livox_ros_driver2/include/livox_ros_driver2/livox_ros_driver2/msg
[37.493s] -- Up-to-date: /home/mechax/ws_y/rm_ws/install/livox_ros_driver2/include/livox_ros_driver2/livox_ros_driver2/msg/detail
[37.493s] -- Installing: /home/mechax/ws_y/rm_ws/install/livox_ros_driver2/include/livox_ros_driver2/livox_ros_driver2/msg/detail/custom_point__rosidl_typesupport_introspection_cpp.hpp
[37.493s] -- Installing: /home/mechax/ws_y/rm_ws/install/livox_ros_driver2/include/livox_ros_driver2/livox_ros_driver2/msg/detail/custom_msg__type_support.cpp
[37.493s] -- Installing: /home/mechax/ws_y/rm_ws/install/livox_ros_driver2/include/livox_ros_driver2/livox_ros_driver2/msg/detail/custom_point__type_support.cpp
[37.493s] -- Installing: /home/mechax/ws_y/rm_ws/install/livox_ros_driver2/include/livox_ros_driver2/livox_ros_driver2/msg/detail/custom_msg__rosidl_typesupport_introspection_cpp.hpp
[37.493s] -- Installing: /home/mechax/ws_y/rm_ws/install/livox_ros_driver2/lib/liblivox_ros_driver2__rosidl_typesupport_introspection_cpp.so
[37.494s] -- Set runtime path of "/home/mechax/ws_y/rm_ws/install/livox_ros_driver2/lib/liblivox_ros_driver2__rosidl_typesupport_introspection_cpp.so" to ""
[37.494s] -- Installing: /home/mechax/ws_y/rm_ws/install/livox_ros_driver2/lib/liblivox_ros_driver2__rosidl_typesupport_cpp.so
[37.494s] -- Set runtime path of "/home/mechax/ws_y/rm_ws/install/livox_ros_driver2/lib/liblivox_ros_driver2__rosidl_typesupport_cpp.so" to ""
[37.494s] -- Installing: /home/mechax/ws_y/rm_ws/install/livox_ros_driver2/share/livox_ros_driver2/environment/pythonpath.sh
[37.494s] -- Installing: /home/mechax/ws_y/rm_ws/install/livox_ros_driver2/share/livox_ros_driver2/environment/pythonpath.dsv
[37.495s] -- Installing: /home/mechax/ws_y/rm_ws/install/livox_ros_driver2/local/lib/python3.10/dist-packages/livox_ros_driver2-1.0.0-py3.10.egg-info
[37.495s] -- Installing: /home/mechax/ws_y/rm_ws/install/livox_ros_driver2/local/lib/python3.10/dist-packages/livox_ros_driver2-1.0.0-py3.10.egg-info/SOURCES.txt
[37.495s] -- Installing: /home/mechax/ws_y/rm_ws/install/livox_ros_driver2/local/lib/python3.10/dist-packages/livox_ros_driver2-1.0.0-py3.10.egg-info/top_level.txt
[37.495s] -- Installing: /home/mechax/ws_y/rm_ws/install/livox_ros_driver2/local/lib/python3.10/dist-packages/livox_ros_driver2-1.0.0-py3.10.egg-info/PKG-INFO
[37.495s] -- Installing: /home/mechax/ws_y/rm_ws/install/livox_ros_driver2/local/lib/python3.10/dist-packages/livox_ros_driver2-1.0.0-py3.10.egg-info/dependency_links.txt
[37.495s] -- Installing: /home/mechax/ws_y/rm_ws/install/livox_ros_driver2/local/lib/python3.10/dist-packages/livox_ros_driver2
[37.495s] -- Installing: /home/mechax/ws_y/rm_ws/install/livox_ros_driver2/local/lib/python3.10/dist-packages/livox_ros_driver2/msg
[37.495s] -- Installing: /home/mechax/ws_y/rm_ws/install/livox_ros_driver2/local/lib/python3.10/dist-packages/livox_ros_driver2/msg/_custom_msg.py
[37.495s] -- Installing: /home/mechax/ws_y/rm_ws/install/livox_ros_driver2/local/lib/python3.10/dist-packages/livox_ros_driver2/msg/_custom_msg_s.c
[37.496s] -- Installing: /home/mechax/ws_y/rm_ws/install/livox_ros_driver2/local/lib/python3.10/dist-packages/livox_ros_driver2/msg/_custom_point_s.c
[37.496s] -- Installing: /home/mechax/ws_y/rm_ws/install/livox_ros_driver2/local/lib/python3.10/dist-packages/livox_ros_driver2/msg/_custom_point.py
[37.496s] -- Installing: /home/mechax/ws_y/rm_ws/install/livox_ros_driver2/local/lib/python3.10/dist-packages/livox_ros_driver2/msg/__init__.py
[37.496s] -- Installing: /home/mechax/ws_y/rm_ws/install/livox_ros_driver2/local/lib/python3.10/dist-packages/livox_ros_driver2/liblivox_interfaces2__rosidl_generator_py.so
[37.496s] -- Installing: /home/mechax/ws_y/rm_ws/install/livox_ros_driver2/local/lib/python3.10/dist-packages/livox_ros_driver2/livox_ros_driver2_s__rosidl_typesupport_c.cpython-310-x86_64-linux-gnu.so
[37.496s] -- Installing: /home/mechax/ws_y/rm_ws/install/livox_ros_driver2/local/lib/python3.10/dist-packages/livox_ros_driver2/livox_ros_driver2_s__rosidl_typesupport_introspection_c.cpython-310-x86_64-linux-gnu.so
[37.496s] -- Installing: /home/mechax/ws_y/rm_ws/install/livox_ros_driver2/local/lib/python3.10/dist-packages/livox_ros_driver2/livox_ros_driver2_s__rosidl_typesupport_fastrtps_c.cpython-310-x86_64-linux-gnu.so
[37.496s] -- Installing: /home/mechax/ws_y/rm_ws/install/livox_ros_driver2/local/lib/python3.10/dist-packages/livox_ros_driver2/__init__.py
[37.496s] -- Installing: /home/mechax/ws_y/rm_ws/install/livox_ros_driver2/local/lib/python3.10/dist-packages/livox_ros_driver2/_livox_ros_driver2_s.ep.rosidl_typesupport_introspection_c.c
[37.496s] -- Installing: /home/mechax/ws_y/rm_ws/install/livox_ros_driver2/local/lib/python3.10/dist-packages/livox_ros_driver2/_livox_ros_driver2_s.ep.rosidl_typesupport_fastrtps_c.c
[37.496s] -- Installing: /home/mechax/ws_y/rm_ws/install/livox_ros_driver2/local/lib/python3.10/dist-packages/livox_ros_driver2/_livox_ros_driver2_s.ep.rosidl_typesupport_c.c
[37.543s] Listing '/home/mechax/ws_y/rm_ws/install/livox_ros_driver2/local/lib/python3.10/dist-packages/livox_ros_driver2'...
[37.543s] Compiling '/home/mechax/ws_y/rm_ws/install/livox_ros_driver2/local/lib/python3.10/dist-packages/livox_ros_driver2/__init__.py'...
[37.543s] Listing '/home/mechax/ws_y/rm_ws/install/livox_ros_driver2/local/lib/python3.10/dist-packages/livox_ros_driver2/msg'...
[37.543s] Compiling '/home/mechax/ws_y/rm_ws/install/livox_ros_driver2/local/lib/python3.10/dist-packages/livox_ros_driver2/msg/__init__.py'...
[37.543s] Compiling '/home/mechax/ws_y/rm_ws/install/livox_ros_driver2/local/lib/python3.10/dist-packages/livox_ros_driver2/msg/_custom_msg.py'...
[37.543s] Compiling '/home/mechax/ws_y/rm_ws/install/livox_ros_driver2/local/lib/python3.10/dist-packages/livox_ros_driver2/msg/_custom_point.py'...
[37.552s] -- Installing: /home/mechax/ws_y/rm_ws/install/livox_ros_driver2/local/lib/python3.10/dist-packages/livox_ros_driver2/livox_ros_driver2_s__rosidl_typesupport_fastrtps_c.cpython-310-x86_64-linux-gnu.so
[37.553s] -- Set runtime path of "/home/mechax/ws_y/rm_ws/install/livox_ros_driver2/local/lib/python3.10/dist-packages/livox_ros_driver2/livox_ros_driver2_s__rosidl_typesupport_fastrtps_c.cpython-310-x86_64-linux-gnu.so" to ""
[37.553s] -- Installing: /home/mechax/ws_y/rm_ws/install/livox_ros_driver2/local/lib/python3.10/dist-packages/livox_ros_driver2/livox_ros_driver2_s__rosidl_typesupport_introspection_c.cpython-310-x86_64-linux-gnu.so
[37.553s] -- Set runtime path of "/home/mechax/ws_y/rm_ws/install/livox_ros_driver2/local/lib/python3.10/dist-packages/livox_ros_driver2/livox_ros_driver2_s__rosidl_typesupport_introspection_c.cpython-310-x86_64-linux-gnu.so" to ""
[37.553s] -- Installing: /home/mechax/ws_y/rm_ws/install/livox_ros_driver2/local/lib/python3.10/dist-packages/livox_ros_driver2/livox_ros_driver2_s__rosidl_typesupport_c.cpython-310-x86_64-linux-gnu.so
[37.553s] -- Set runtime path of "/home/mechax/ws_y/rm_ws/install/livox_ros_driver2/local/lib/python3.10/dist-packages/livox_ros_driver2/livox_ros_driver2_s__rosidl_typesupport_c.cpython-310-x86_64-linux-gnu.so" to ""
[37.554s] -- Installing: /home/mechax/ws_y/rm_ws/install/livox_ros_driver2/lib/liblivox_interfaces2__rosidl_generator_py.so
[37.554s] -- Set runtime path of "/home/mechax/ws_y/rm_ws/install/livox_ros_driver2/lib/liblivox_interfaces2__rosidl_generator_py.so" to ""
[37.554s] -- Installing: /home/mechax/ws_y/rm_ws/install/livox_ros_driver2/share/livox_ros_driver2/msg/CustomPoint.idl
[37.554s] -- Installing: /home/mechax/ws_y/rm_ws/install/livox_ros_driver2/share/livox_ros_driver2/msg/CustomMsg.idl
[37.554s] -- Installing: /home/mechax/ws_y/rm_ws/install/livox_ros_driver2/share/livox_ros_driver2/msg/CustomPoint.msg
[37.555s] -- Installing: /home/mechax/ws_y/rm_ws/install/livox_ros_driver2/share/livox_ros_driver2/msg/CustomMsg.msg
[37.555s] -- Installing: /home/mechax/ws_y/rm_ws/install/livox_ros_driver2/lib/livox_ros_driver2/livox_ros_driver2_node
[37.556s] -- Set runtime path of "/home/mechax/ws_y/rm_ws/install/livox_ros_driver2/lib/livox_ros_driver2/livox_ros_driver2_node" to ""
[37.556s] -- Installing: /home/mechax/ws_y/rm_ws/install/livox_ros_driver2/lib/liblivox_ros_driver2.so
[37.558s] -- Set runtime path of "/home/mechax/ws_y/rm_ws/install/livox_ros_driver2/lib/liblivox_ros_driver2.so" to ""
[37.558s] -- Installing: /home/mechax/ws_y/rm_ws/install/livox_ros_driver2/share/livox_ros_driver2/config
[37.558s] -- Installing: /home/mechax/ws_y/rm_ws/install/livox_ros_driver2/share/livox_ros_driver2/config/MID360_config.json
[37.558s] -- Installing: /home/mechax/ws_y/rm_ws/install/livox_ros_driver2/share/livox_ros_driver2/config/display_point_cloud.rviz
[37.558s] -- Installing: /home/mechax/ws_y/rm_ws/install/livox_ros_driver2/share/livox_ros_driver2/config/HAP_config.json
[37.558s] -- Installing: /home/mechax/ws_y/rm_ws/install/livox_ros_driver2/share/livox_ros_driver2/config/mixed_HAP_MID360_config.json
[37.558s] -- Installing: /home/mechax/ws_y/rm_ws/install/livox_ros_driver2/share/livox_ros_driver2/launch
[37.558s] -- Installing: /home/mechax/ws_y/rm_ws/install/livox_ros_driver2/share/livox_ros_driver2/launch/rviz_HAP_launch.py
[37.559s] -- Installing: /home/mechax/ws_y/rm_ws/install/livox_ros_driver2/share/livox_ros_driver2/launch/msg_HAP_launch.py
[37.559s] -- Installing: /home/mechax/ws_y/rm_ws/install/livox_ros_driver2/share/livox_ros_driver2/launch/rviz_MID360_launch.py
[37.559s] -- Installing: /home/mechax/ws_y/rm_ws/install/livox_ros_driver2/share/livox_ros_driver2/launch/msg_MID360_launch.py
[37.559s] -- Installing: /home/mechax/ws_y/rm_ws/install/livox_ros_driver2/share/livox_ros_driver2/launch/rviz_mixed.py
[37.559s] -- Installing: /home/mechax/ws_y/rm_ws/install/livox_ros_driver2/share/ament_index/resource_index/package_run_dependencies/livox_ros_driver2
[37.559s] -- Installing: /home/mechax/ws_y/rm_ws/install/livox_ros_driver2/share/ament_index/resource_index/parent_prefix_path/livox_ros_driver2
[37.559s] -- Installing: /home/mechax/ws_y/rm_ws/install/livox_ros_driver2/share/livox_ros_driver2/environment/ament_prefix_path.sh
[37.559s] -- Installing: /home/mechax/ws_y/rm_ws/install/livox_ros_driver2/share/livox_ros_driver2/environment/ament_prefix_path.dsv
[37.560s] -- Installing: /home/mechax/ws_y/rm_ws/install/livox_ros_driver2/share/livox_ros_driver2/environment/path.sh
[37.560s] -- Installing: /home/mechax/ws_y/rm_ws/install/livox_ros_driver2/share/livox_ros_driver2/environment/path.dsv
[37.560s] -- Installing: /home/mechax/ws_y/rm_ws/install/livox_ros_driver2/share/livox_ros_driver2/local_setup.bash
[37.560s] -- Installing: /home/mechax/ws_y/rm_ws/install/livox_ros_driver2/share/livox_ros_driver2/local_setup.sh
[37.560s] -- Installing: /home/mechax/ws_y/rm_ws/install/livox_ros_driver2/share/livox_ros_driver2/local_setup.zsh
[37.560s] -- Installing: /home/mechax/ws_y/rm_ws/install/livox_ros_driver2/share/livox_ros_driver2/local_setup.dsv
[37.560s] -- Installing: /home/mechax/ws_y/rm_ws/install/livox_ros_driver2/share/livox_ros_driver2/package.dsv
[37.560s] -- Installing: /home/mechax/ws_y/rm_ws/install/livox_ros_driver2/share/ament_index/resource_index/packages/livox_ros_driver2
[37.561s] -- Installing: /home/mechax/ws_y/rm_ws/install/livox_ros_driver2/share/livox_ros_driver2/cmake/export_livox_interfaces2__rosidl_generator_cExport.cmake
[37.561s] -- Installing: /home/mechax/ws_y/rm_ws/install/livox_ros_driver2/share/livox_ros_driver2/cmake/export_livox_interfaces2__rosidl_generator_cExport-noconfig.cmake
[37.561s] -- Installing: /home/mechax/ws_y/rm_ws/install/livox_ros_driver2/share/livox_ros_driver2/cmake/export_livox_interfaces2__rosidl_typesupport_fastrtps_cExport.cmake
[37.561s] -- Installing: /home/mechax/ws_y/rm_ws/install/livox_ros_driver2/share/livox_ros_driver2/cmake/export_livox_interfaces2__rosidl_typesupport_fastrtps_cExport-noconfig.cmake
[37.561s] -- Installing: /home/mechax/ws_y/rm_ws/install/livox_ros_driver2/share/livox_ros_driver2/cmake/livox_interfaces2__rosidl_typesupport_introspection_cExport.cmake
[37.561s] -- Installing: /home/mechax/ws_y/rm_ws/install/livox_ros_driver2/share/livox_ros_driver2/cmake/livox_interfaces2__rosidl_typesupport_introspection_cExport-noconfig.cmake
[37.562s] -- Installing: /home/mechax/ws_y/rm_ws/install/livox_ros_driver2/share/livox_ros_driver2/cmake/livox_interfaces2__rosidl_typesupport_cExport.cmake
[37.562s] -- Installing: /home/mechax/ws_y/rm_ws/install/livox_ros_driver2/share/livox_ros_driver2/cmake/livox_interfaces2__rosidl_typesupport_cExport-noconfig.cmake
[37.562s] -- Installing: /home/mechax/ws_y/rm_ws/install/livox_ros_driver2/share/livox_ros_driver2/cmake/export_livox_interfaces2__rosidl_generator_cppExport.cmake
[37.562s] -- Installing: /home/mechax/ws_y/rm_ws/install/livox_ros_driver2/share/livox_ros_driver2/cmake/export_livox_interfaces2__rosidl_typesupport_fastrtps_cppExport.cmake
[37.562s] -- Installing: /home/mechax/ws_y/rm_ws/install/livox_ros_driver2/share/livox_ros_driver2/cmake/export_livox_interfaces2__rosidl_typesupport_fastrtps_cppExport-noconfig.cmake
[37.562s] -- Installing: /home/mechax/ws_y/rm_ws/install/livox_ros_driver2/share/livox_ros_driver2/cmake/livox_interfaces2__rosidl_typesupport_introspection_cppExport.cmake
[37.562s] -- Installing: /home/mechax/ws_y/rm_ws/install/livox_ros_driver2/share/livox_ros_driver2/cmake/livox_interfaces2__rosidl_typesupport_introspection_cppExport-noconfig.cmake
[37.562s] -- Installing: /home/mechax/ws_y/rm_ws/install/livox_ros_driver2/share/livox_ros_driver2/cmake/livox_interfaces2__rosidl_typesupport_cppExport.cmake
[37.563s] -- Installing: /home/mechax/ws_y/rm_ws/install/livox_ros_driver2/share/livox_ros_driver2/cmake/livox_interfaces2__rosidl_typesupport_cppExport-noconfig.cmake
[37.563s] -- Installing: /home/mechax/ws_y/rm_ws/install/livox_ros_driver2/share/livox_ros_driver2/cmake/export_livox_interfaces2__rosidl_generator_pyExport.cmake
[37.563s] -- Installing: /home/mechax/ws_y/rm_ws/install/livox_ros_driver2/share/livox_ros_driver2/cmake/export_livox_interfaces2__rosidl_generator_pyExport-noconfig.cmake
[37.563s] -- Installing: /home/mechax/ws_y/rm_ws/install/livox_ros_driver2/share/ament_index/resource_index/rclcpp_components/livox_ros_driver2
[37.563s] -- Installing: /home/mechax/ws_y/rm_ws/install/livox_ros_driver2/share/livox_ros_driver2/cmake/rosidl_cmake-extras.cmake
[37.563s] -- Installing: /home/mechax/ws_y/rm_ws/install/livox_ros_driver2/share/livox_ros_driver2/cmake/ament_cmake_export_dependencies-extras.cmake
[37.564s] -- Installing: /home/mechax/ws_y/rm_ws/install/livox_ros_driver2/share/livox_ros_driver2/cmake/ament_cmake_export_include_directories-extras.cmake
[37.564s] -- Installing: /home/mechax/ws_y/rm_ws/install/livox_ros_driver2/share/livox_ros_driver2/cmake/ament_cmake_export_libraries-extras.cmake
[37.564s] -- Installing: /home/mechax/ws_y/rm_ws/install/livox_ros_driver2/share/livox_ros_driver2/cmake/ament_cmake_export_targets-extras.cmake
[37.564s] -- Installing: /home/mechax/ws_y/rm_ws/install/livox_ros_driver2/share/livox_ros_driver2/cmake/rosidl_cmake_export_typesupport_targets-extras.cmake
[37.564s] -- Installing: /home/mechax/ws_y/rm_ws/install/livox_ros_driver2/share/livox_ros_driver2/cmake/rosidl_cmake_export_typesupport_libraries-extras.cmake
[37.564s] -- Installing: /home/mechax/ws_y/rm_ws/install/livox_ros_driver2/share/livox_ros_driver2/cmake/livox_ros_driver2Config.cmake
[37.564s] -- Installing: /home/mechax/ws_y/rm_ws/install/livox_ros_driver2/share/livox_ros_driver2/cmake/livox_ros_driver2Config-version.cmake
[37.564s] -- Installing: /home/mechax/ws_y/rm_ws/install/livox_ros_driver2/share/livox_ros_driver2/package.xml
[37.584s] Invoked command in '/home/mechax/ws_y/rm_ws/build/livox_ros_driver2' returned '0': CMAKE_PREFIX_PATH=/opt/ros/humble /usr/bin/cmake --install /home/mechax/ws_y/rm_ws/build/livox_ros_driver2
