[0.407s] DEBUG:colcon:Command line arguments: ['/usr/bin/colcon', 'build']
[0.407s] DEBUG:colcon:Parsed command line arguments: Namespace(log_base=None, log_level=None, verb_name='build', build_base='build', install_base='install', merge_install=False, symlink_install=False, test_result_base=None, continue_on_error=False, executor='parallel', parallel_workers=16, event_handlers=None, ignore_user_meta=False, metas=['./colcon.meta'], base_paths=['.'], packages_ignore=None, packages_ignore_regex=None, paths=None, packages_up_to=None, packages_up_to_regex=None, packages_above=None, packages_above_and_dependencies=None, packages_above_depth=None, packages_select_by_dep=None, packages_skip_by_dep=None, packages_skip_up_to=None, packages_select_build_failed=False, packages_skip_build_finished=False, packages_select_test_failures=False, packages_skip_test_passed=False, packages_select=None, packages_skip=None, packages_select_regex=None, packages_skip_regex=None, packages_start=None, packages_end=None, allow_overriding=[], cmake_args=None, cmake_target=None, cmake_target_skip_unavailable=False, cmake_clean_cache=False, cmake_clean_first=False, cmake_force_configure=False, ament_cmake_args=None, catkin_cmake_args=None, catkin_skip_building_tests=False, verb_parser=<colcon_defaults.argument_parser.defaults.DefaultArgumentsDecorator object at 0x7fc7c0b49d80>, verb_extension=<colcon_core.verb.build.BuildVerb object at 0x7fc7c0b48340>, main=<bound method BuildVerb.main of <colcon_core.verb.build.BuildVerb object at 0x7fc7c0b48340>>)
[0.430s] Level 1:colcon.colcon_core.package_discovery:discover_packages(colcon_meta) check parameters
[0.430s] Level 1:colcon.colcon_core.package_discovery:discover_packages(recursive) check parameters
[0.430s] Level 1:colcon.colcon_core.package_discovery:discover_packages(ignore) check parameters
[0.430s] Level 1:colcon.colcon_core.package_discovery:discover_packages(path) check parameters
[0.430s] Level 1:colcon.colcon_core.package_discovery:discover_packages(colcon_meta) discover
[0.430s] Level 1:colcon.colcon_core.package_discovery:discover_packages(recursive) discover
[0.430s] INFO:colcon.colcon_core.package_discovery:Crawling recursively for packages in '/home/mechax/ws_y/rm_ws'
[0.430s] Level 1:colcon.colcon_core.package_identification:_identify(.) by extensions ['ignore', 'ignore_ament_install']
[0.431s] Level 1:colcon.colcon_core.package_identification:_identify(.) by extension 'ignore'
[0.431s] Level 1:colcon.colcon_core.package_identification:_identify(.) by extension 'ignore_ament_install'
[0.431s] Level 1:colcon.colcon_core.package_identification:_identify(.) by extensions ['colcon_pkg']
[0.431s] Level 1:colcon.colcon_core.package_identification:_identify(.) by extension 'colcon_pkg'
[0.431s] Level 1:colcon.colcon_core.package_identification:_identify(.) by extensions ['colcon_meta']
[0.431s] Level 1:colcon.colcon_core.package_identification:_identify(.) by extension 'colcon_meta'
[0.431s] Level 1:colcon.colcon_core.package_identification:_identify(.) by extensions ['ros']
[0.431s] Level 1:colcon.colcon_core.package_identification:_identify(.) by extension 'ros'
[0.436s] Level 1:colcon.colcon_core.package_identification:_identify(.) by extensions ['cmake', 'python']
[0.437s] Level 1:colcon.colcon_core.package_identification:_identify(.) by extension 'cmake'
[0.437s] Level 1:colcon.colcon_core.package_identification:_identify(.) by extension 'python'
[0.437s] Level 1:colcon.colcon_core.package_identification:_identify(.) by extensions ['python_setup_py']
[0.437s] Level 1:colcon.colcon_core.package_identification:_identify(.) by extension 'python_setup_py'
[0.437s] Level 1:colcon.colcon_core.package_identification:_identify(build) by extensions ['ignore', 'ignore_ament_install']
[0.437s] Level 1:colcon.colcon_core.package_identification:_identify(build) by extension 'ignore'
[0.437s] Level 1:colcon.colcon_core.package_identification:_identify(build) ignored
[0.437s] Level 1:colcon.colcon_core.package_identification:_identify(install) by extensions ['ignore', 'ignore_ament_install']
[0.437s] Level 1:colcon.colcon_core.package_identification:_identify(install) by extension 'ignore'
[0.437s] Level 1:colcon.colcon_core.package_identification:_identify(install) ignored
[0.437s] Level 1:colcon.colcon_core.package_identification:_identify(log) by extensions ['ignore', 'ignore_ament_install']
[0.437s] Level 1:colcon.colcon_core.package_identification:_identify(log) by extension 'ignore'
[0.437s] Level 1:colcon.colcon_core.package_identification:_identify(log) ignored
[0.437s] Level 1:colcon.colcon_core.package_identification:_identify(src) by extensions ['ignore', 'ignore_ament_install']
[0.437s] Level 1:colcon.colcon_core.package_identification:_identify(src) by extension 'ignore'
[0.437s] Level 1:colcon.colcon_core.package_identification:_identify(src) by extension 'ignore_ament_install'
[0.437s] Level 1:colcon.colcon_core.package_identification:_identify(src) by extensions ['colcon_pkg']
[0.437s] Level 1:colcon.colcon_core.package_identification:_identify(src) by extension 'colcon_pkg'
[0.437s] Level 1:colcon.colcon_core.package_identification:_identify(src) by extensions ['colcon_meta']
[0.437s] Level 1:colcon.colcon_core.package_identification:_identify(src) by extension 'colcon_meta'
[0.437s] Level 1:colcon.colcon_core.package_identification:_identify(src) by extensions ['ros']
[0.437s] Level 1:colcon.colcon_core.package_identification:_identify(src) by extension 'ros'
[0.437s] Level 1:colcon.colcon_core.package_identification:_identify(src) by extensions ['cmake', 'python']
[0.437s] Level 1:colcon.colcon_core.package_identification:_identify(src) by extension 'cmake'
[0.437s] Level 1:colcon.colcon_core.package_identification:_identify(src) by extension 'python'
[0.437s] Level 1:colcon.colcon_core.package_identification:_identify(src) by extensions ['python_setup_py']
[0.437s] Level 1:colcon.colcon_core.package_identification:_identify(src) by extension 'python_setup_py'
[0.437s] Level 1:colcon.colcon_core.package_identification:_identify(src/mechax_rm_cv) by extensions ['ignore', 'ignore_ament_install']
[0.437s] Level 1:colcon.colcon_core.package_identification:_identify(src/mechax_rm_cv) by extension 'ignore'
[0.437s] Level 1:colcon.colcon_core.package_identification:_identify(src/mechax_rm_cv) by extension 'ignore_ament_install'
[0.437s] Level 1:colcon.colcon_core.package_identification:_identify(src/mechax_rm_cv) by extensions ['colcon_pkg']
[0.437s] Level 1:colcon.colcon_core.package_identification:_identify(src/mechax_rm_cv) by extension 'colcon_pkg'
[0.437s] Level 1:colcon.colcon_core.package_identification:_identify(src/mechax_rm_cv) by extensions ['colcon_meta']
[0.437s] Level 1:colcon.colcon_core.package_identification:_identify(src/mechax_rm_cv) by extension 'colcon_meta'
[0.437s] Level 1:colcon.colcon_core.package_identification:_identify(src/mechax_rm_cv) by extensions ['ros']
[0.437s] Level 1:colcon.colcon_core.package_identification:_identify(src/mechax_rm_cv) by extension 'ros'
[0.437s] Level 1:colcon.colcon_core.package_identification:_identify(src/mechax_rm_cv) by extensions ['cmake', 'python']
[0.437s] Level 1:colcon.colcon_core.package_identification:_identify(src/mechax_rm_cv) by extension 'cmake'
[0.437s] Level 1:colcon.colcon_core.package_identification:_identify(src/mechax_rm_cv) by extension 'python'
[0.437s] Level 1:colcon.colcon_core.package_identification:_identify(src/mechax_rm_cv) by extensions ['python_setup_py']
[0.437s] Level 1:colcon.colcon_core.package_identification:_identify(src/mechax_rm_cv) by extension 'python_setup_py'
[0.438s] Level 1:colcon.colcon_core.package_identification:_identify(src/mechax_rm_cv/log) by extensions ['ignore', 'ignore_ament_install']
[0.438s] Level 1:colcon.colcon_core.package_identification:_identify(src/mechax_rm_cv/log) by extension 'ignore'
[0.438s] Level 1:colcon.colcon_core.package_identification:_identify(src/mechax_rm_cv/log) ignored
[0.438s] Level 1:colcon.colcon_core.package_identification:_identify(src/mechax_rm_cv/src) by extensions ['ignore', 'ignore_ament_install']
[0.438s] Level 1:colcon.colcon_core.package_identification:_identify(src/mechax_rm_cv/src) by extension 'ignore'
[0.438s] Level 1:colcon.colcon_core.package_identification:_identify(src/mechax_rm_cv/src) by extension 'ignore_ament_install'
[0.438s] Level 1:colcon.colcon_core.package_identification:_identify(src/mechax_rm_cv/src) by extensions ['colcon_pkg']
[0.438s] Level 1:colcon.colcon_core.package_identification:_identify(src/mechax_rm_cv/src) by extension 'colcon_pkg'
[0.438s] Level 1:colcon.colcon_core.package_identification:_identify(src/mechax_rm_cv/src) by extensions ['colcon_meta']
[0.438s] Level 1:colcon.colcon_core.package_identification:_identify(src/mechax_rm_cv/src) by extension 'colcon_meta'
[0.438s] Level 1:colcon.colcon_core.package_identification:_identify(src/mechax_rm_cv/src) by extensions ['ros']
[0.438s] Level 1:colcon.colcon_core.package_identification:_identify(src/mechax_rm_cv/src) by extension 'ros'
[0.438s] Level 1:colcon.colcon_core.package_identification:_identify(src/mechax_rm_cv/src) by extensions ['cmake', 'python']
[0.438s] Level 1:colcon.colcon_core.package_identification:_identify(src/mechax_rm_cv/src) by extension 'cmake'
[0.438s] Level 1:colcon.colcon_core.package_identification:_identify(src/mechax_rm_cv/src) by extension 'python'
[0.438s] Level 1:colcon.colcon_core.package_identification:_identify(src/mechax_rm_cv/src) by extensions ['python_setup_py']
[0.438s] Level 1:colcon.colcon_core.package_identification:_identify(src/mechax_rm_cv/src) by extension 'python_setup_py'
[0.438s] Level 1:colcon.colcon_core.package_identification:_identify(src/mechax_rm_cv/src/my_package) by extensions ['ignore', 'ignore_ament_install']
[0.438s] Level 1:colcon.colcon_core.package_identification:_identify(src/mechax_rm_cv/src/my_package) by extension 'ignore'
[0.438s] Level 1:colcon.colcon_core.package_identification:_identify(src/mechax_rm_cv/src/my_package) by extension 'ignore_ament_install'
[0.438s] Level 1:colcon.colcon_core.package_identification:_identify(src/mechax_rm_cv/src/my_package) by extensions ['colcon_pkg']
[0.438s] Level 1:colcon.colcon_core.package_identification:_identify(src/mechax_rm_cv/src/my_package) by extension 'colcon_pkg'
[0.438s] Level 1:colcon.colcon_core.package_identification:_identify(src/mechax_rm_cv/src/my_package) by extensions ['colcon_meta']
[0.438s] Level 1:colcon.colcon_core.package_identification:_identify(src/mechax_rm_cv/src/my_package) by extension 'colcon_meta'
[0.438s] Level 1:colcon.colcon_core.package_identification:_identify(src/mechax_rm_cv/src/my_package) by extensions ['ros']
[0.438s] Level 1:colcon.colcon_core.package_identification:_identify(src/mechax_rm_cv/src/my_package) by extension 'ros'
[0.439s] DEBUG:colcon.colcon_core.package_identification:Package 'src/mechax_rm_cv/src/my_package' with type 'ros.ament_python' and name 'my_package'
[0.440s] Level 1:colcon.colcon_core.package_identification:_identify(src/mechax_rm_cv/src/rm_auto_aim) by extensions ['ignore', 'ignore_ament_install']
[0.440s] Level 1:colcon.colcon_core.package_identification:_identify(src/mechax_rm_cv/src/rm_auto_aim) by extension 'ignore'
[0.440s] Level 1:colcon.colcon_core.package_identification:_identify(src/mechax_rm_cv/src/rm_auto_aim) by extension 'ignore_ament_install'
[0.440s] Level 1:colcon.colcon_core.package_identification:_identify(src/mechax_rm_cv/src/rm_auto_aim) by extensions ['colcon_pkg']
[0.440s] Level 1:colcon.colcon_core.package_identification:_identify(src/mechax_rm_cv/src/rm_auto_aim) by extension 'colcon_pkg'
[0.440s] Level 1:colcon.colcon_core.package_identification:_identify(src/mechax_rm_cv/src/rm_auto_aim) by extensions ['colcon_meta']
[0.440s] Level 1:colcon.colcon_core.package_identification:_identify(src/mechax_rm_cv/src/rm_auto_aim) by extension 'colcon_meta'
[0.440s] Level 1:colcon.colcon_core.package_identification:_identify(src/mechax_rm_cv/src/rm_auto_aim) by extensions ['ros']
[0.440s] Level 1:colcon.colcon_core.package_identification:_identify(src/mechax_rm_cv/src/rm_auto_aim) by extension 'ros'
[0.440s] Level 1:colcon.colcon_core.package_identification:_identify(src/mechax_rm_cv/src/rm_auto_aim) by extensions ['cmake', 'python']
[0.440s] Level 1:colcon.colcon_core.package_identification:_identify(src/mechax_rm_cv/src/rm_auto_aim) by extension 'cmake'
[0.440s] Level 1:colcon.colcon_core.package_identification:_identify(src/mechax_rm_cv/src/rm_auto_aim) by extension 'python'
[0.440s] Level 1:colcon.colcon_core.package_identification:_identify(src/mechax_rm_cv/src/rm_auto_aim) by extensions ['python_setup_py']
[0.440s] Level 1:colcon.colcon_core.package_identification:_identify(src/mechax_rm_cv/src/rm_auto_aim) by extension 'python_setup_py'
[0.440s] Level 1:colcon.colcon_core.package_identification:_identify(src/mechax_rm_cv/src/rm_auto_aim/armor_detector) by extensions ['ignore', 'ignore_ament_install']
[0.440s] Level 1:colcon.colcon_core.package_identification:_identify(src/mechax_rm_cv/src/rm_auto_aim/armor_detector) by extension 'ignore'
[0.440s] Level 1:colcon.colcon_core.package_identification:_identify(src/mechax_rm_cv/src/rm_auto_aim/armor_detector) by extension 'ignore_ament_install'
[0.440s] Level 1:colcon.colcon_core.package_identification:_identify(src/mechax_rm_cv/src/rm_auto_aim/armor_detector) by extensions ['colcon_pkg']
[0.440s] Level 1:colcon.colcon_core.package_identification:_identify(src/mechax_rm_cv/src/rm_auto_aim/armor_detector) by extension 'colcon_pkg'
[0.440s] Level 1:colcon.colcon_core.package_identification:_identify(src/mechax_rm_cv/src/rm_auto_aim/armor_detector) by extensions ['colcon_meta']
[0.440s] Level 1:colcon.colcon_core.package_identification:_identify(src/mechax_rm_cv/src/rm_auto_aim/armor_detector) by extension 'colcon_meta'
[0.440s] Level 1:colcon.colcon_core.package_identification:_identify(src/mechax_rm_cv/src/rm_auto_aim/armor_detector) by extensions ['ros']
[0.440s] Level 1:colcon.colcon_core.package_identification:_identify(src/mechax_rm_cv/src/rm_auto_aim/armor_detector) by extension 'ros'
[0.441s] DEBUG:colcon.colcon_core.package_identification:Package 'src/mechax_rm_cv/src/rm_auto_aim/armor_detector' with type 'ros.ament_cmake' and name 'armor_detector'
[0.441s] Level 1:colcon.colcon_core.package_identification:_identify(src/mechax_rm_cv/src/rm_auto_aim/armor_tracker) by extensions ['ignore', 'ignore_ament_install']
[0.441s] Level 1:colcon.colcon_core.package_identification:_identify(src/mechax_rm_cv/src/rm_auto_aim/armor_tracker) by extension 'ignore'
[0.441s] Level 1:colcon.colcon_core.package_identification:_identify(src/mechax_rm_cv/src/rm_auto_aim/armor_tracker) by extension 'ignore_ament_install'
[0.441s] Level 1:colcon.colcon_core.package_identification:_identify(src/mechax_rm_cv/src/rm_auto_aim/armor_tracker) by extensions ['colcon_pkg']
[0.441s] Level 1:colcon.colcon_core.package_identification:_identify(src/mechax_rm_cv/src/rm_auto_aim/armor_tracker) by extension 'colcon_pkg'
[0.441s] Level 1:colcon.colcon_core.package_identification:_identify(src/mechax_rm_cv/src/rm_auto_aim/armor_tracker) by extensions ['colcon_meta']
[0.441s] Level 1:colcon.colcon_core.package_identification:_identify(src/mechax_rm_cv/src/rm_auto_aim/armor_tracker) by extension 'colcon_meta'
[0.441s] Level 1:colcon.colcon_core.package_identification:_identify(src/mechax_rm_cv/src/rm_auto_aim/armor_tracker) by extensions ['ros']
[0.441s] Level 1:colcon.colcon_core.package_identification:_identify(src/mechax_rm_cv/src/rm_auto_aim/armor_tracker) by extension 'ros'
[0.442s] DEBUG:colcon.colcon_core.package_identification:Package 'src/mechax_rm_cv/src/rm_auto_aim/armor_tracker' with type 'ros.ament_cmake' and name 'armor_tracker'
[0.442s] Level 1:colcon.colcon_core.package_identification:_identify(src/mechax_rm_cv/src/rm_auto_aim/auto_aim_interfaces) by extensions ['ignore', 'ignore_ament_install']
[0.442s] Level 1:colcon.colcon_core.package_identification:_identify(src/mechax_rm_cv/src/rm_auto_aim/auto_aim_interfaces) by extension 'ignore'
[0.442s] Level 1:colcon.colcon_core.package_identification:_identify(src/mechax_rm_cv/src/rm_auto_aim/auto_aim_interfaces) by extension 'ignore_ament_install'
[0.442s] Level 1:colcon.colcon_core.package_identification:_identify(src/mechax_rm_cv/src/rm_auto_aim/auto_aim_interfaces) by extensions ['colcon_pkg']
[0.442s] Level 1:colcon.colcon_core.package_identification:_identify(src/mechax_rm_cv/src/rm_auto_aim/auto_aim_interfaces) by extension 'colcon_pkg'
[0.442s] Level 1:colcon.colcon_core.package_identification:_identify(src/mechax_rm_cv/src/rm_auto_aim/auto_aim_interfaces) by extensions ['colcon_meta']
[0.442s] Level 1:colcon.colcon_core.package_identification:_identify(src/mechax_rm_cv/src/rm_auto_aim/auto_aim_interfaces) by extension 'colcon_meta'
[0.442s] Level 1:colcon.colcon_core.package_identification:_identify(src/mechax_rm_cv/src/rm_auto_aim/auto_aim_interfaces) by extensions ['ros']
[0.442s] Level 1:colcon.colcon_core.package_identification:_identify(src/mechax_rm_cv/src/rm_auto_aim/auto_aim_interfaces) by extension 'ros'
[0.442s] DEBUG:colcon.colcon_core.package_identification:Package 'src/mechax_rm_cv/src/rm_auto_aim/auto_aim_interfaces' with type 'ros.ament_cmake' and name 'auto_aim_interfaces'
[0.442s] Level 1:colcon.colcon_core.package_identification:_identify(src/mechax_rm_cv/src/rm_auto_aim/docs) by extensions ['ignore', 'ignore_ament_install']
[0.442s] Level 1:colcon.colcon_core.package_identification:_identify(src/mechax_rm_cv/src/rm_auto_aim/docs) by extension 'ignore'
[0.442s] Level 1:colcon.colcon_core.package_identification:_identify(src/mechax_rm_cv/src/rm_auto_aim/docs) by extension 'ignore_ament_install'
[0.443s] Level 1:colcon.colcon_core.package_identification:_identify(src/mechax_rm_cv/src/rm_auto_aim/docs) by extensions ['colcon_pkg']
[0.443s] Level 1:colcon.colcon_core.package_identification:_identify(src/mechax_rm_cv/src/rm_auto_aim/docs) by extension 'colcon_pkg'
[0.443s] Level 1:colcon.colcon_core.package_identification:_identify(src/mechax_rm_cv/src/rm_auto_aim/docs) by extensions ['colcon_meta']
[0.443s] Level 1:colcon.colcon_core.package_identification:_identify(src/mechax_rm_cv/src/rm_auto_aim/docs) by extension 'colcon_meta'
[0.443s] Level 1:colcon.colcon_core.package_identification:_identify(src/mechax_rm_cv/src/rm_auto_aim/docs) by extensions ['ros']
[0.443s] Level 1:colcon.colcon_core.package_identification:_identify(src/mechax_rm_cv/src/rm_auto_aim/docs) by extension 'ros'
[0.443s] Level 1:colcon.colcon_core.package_identification:_identify(src/mechax_rm_cv/src/rm_auto_aim/docs) by extensions ['cmake', 'python']
[0.443s] Level 1:colcon.colcon_core.package_identification:_identify(src/mechax_rm_cv/src/rm_auto_aim/docs) by extension 'cmake'
[0.443s] Level 1:colcon.colcon_core.package_identification:_identify(src/mechax_rm_cv/src/rm_auto_aim/docs) by extension 'python'
[0.443s] Level 1:colcon.colcon_core.package_identification:_identify(src/mechax_rm_cv/src/rm_auto_aim/docs) by extensions ['python_setup_py']
[0.443s] Level 1:colcon.colcon_core.package_identification:_identify(src/mechax_rm_cv/src/rm_auto_aim/docs) by extension 'python_setup_py'
[0.443s] Level 1:colcon.colcon_core.package_identification:_identify(src/mechax_rm_cv/src/rm_auto_aim/rm_auto_aim) by extensions ['ignore', 'ignore_ament_install']
[0.443s] Level 1:colcon.colcon_core.package_identification:_identify(src/mechax_rm_cv/src/rm_auto_aim/rm_auto_aim) by extension 'ignore'
[0.443s] Level 1:colcon.colcon_core.package_identification:_identify(src/mechax_rm_cv/src/rm_auto_aim/rm_auto_aim) by extension 'ignore_ament_install'
[0.443s] Level 1:colcon.colcon_core.package_identification:_identify(src/mechax_rm_cv/src/rm_auto_aim/rm_auto_aim) by extensions ['colcon_pkg']
[0.443s] Level 1:colcon.colcon_core.package_identification:_identify(src/mechax_rm_cv/src/rm_auto_aim/rm_auto_aim) by extension 'colcon_pkg'
[0.443s] Level 1:colcon.colcon_core.package_identification:_identify(src/mechax_rm_cv/src/rm_auto_aim/rm_auto_aim) by extensions ['colcon_meta']
[0.443s] Level 1:colcon.colcon_core.package_identification:_identify(src/mechax_rm_cv/src/rm_auto_aim/rm_auto_aim) by extension 'colcon_meta'
[0.443s] Level 1:colcon.colcon_core.package_identification:_identify(src/mechax_rm_cv/src/rm_auto_aim/rm_auto_aim) by extensions ['ros']
[0.443s] Level 1:colcon.colcon_core.package_identification:_identify(src/mechax_rm_cv/src/rm_auto_aim/rm_auto_aim) by extension 'ros'
[0.443s] DEBUG:colcon.colcon_core.package_identification:Package 'src/mechax_rm_cv/src/rm_auto_aim/rm_auto_aim' with type 'ros.ament_cmake' and name 'rm_auto_aim'
[0.443s] Level 1:colcon.colcon_core.package_identification:_identify(src/mechax_rm_cv/src/rm_gimbal_description) by extensions ['ignore', 'ignore_ament_install']
[0.443s] Level 1:colcon.colcon_core.package_identification:_identify(src/mechax_rm_cv/src/rm_gimbal_description) by extension 'ignore'
[0.443s] Level 1:colcon.colcon_core.package_identification:_identify(src/mechax_rm_cv/src/rm_gimbal_description) by extension 'ignore_ament_install'
[0.443s] Level 1:colcon.colcon_core.package_identification:_identify(src/mechax_rm_cv/src/rm_gimbal_description) by extensions ['colcon_pkg']
[0.443s] Level 1:colcon.colcon_core.package_identification:_identify(src/mechax_rm_cv/src/rm_gimbal_description) by extension 'colcon_pkg'
[0.443s] Level 1:colcon.colcon_core.package_identification:_identify(src/mechax_rm_cv/src/rm_gimbal_description) by extensions ['colcon_meta']
[0.443s] Level 1:colcon.colcon_core.package_identification:_identify(src/mechax_rm_cv/src/rm_gimbal_description) by extension 'colcon_meta'
[0.443s] Level 1:colcon.colcon_core.package_identification:_identify(src/mechax_rm_cv/src/rm_gimbal_description) by extensions ['ros']
[0.443s] Level 1:colcon.colcon_core.package_identification:_identify(src/mechax_rm_cv/src/rm_gimbal_description) by extension 'ros'
[0.444s] DEBUG:colcon.colcon_core.package_identification:Package 'src/mechax_rm_cv/src/rm_gimbal_description' with type 'ros.ament_cmake' and name 'rm_gimbal_description'
[0.444s] Level 1:colcon.colcon_core.package_identification:_identify(src/mechax_rm_cv/src/rm_serial_driver) by extensions ['ignore', 'ignore_ament_install']
[0.444s] Level 1:colcon.colcon_core.package_identification:_identify(src/mechax_rm_cv/src/rm_serial_driver) by extension 'ignore'
[0.444s] Level 1:colcon.colcon_core.package_identification:_identify(src/mechax_rm_cv/src/rm_serial_driver) by extension 'ignore_ament_install'
[0.444s] Level 1:colcon.colcon_core.package_identification:_identify(src/mechax_rm_cv/src/rm_serial_driver) by extensions ['colcon_pkg']
[0.444s] Level 1:colcon.colcon_core.package_identification:_identify(src/mechax_rm_cv/src/rm_serial_driver) by extension 'colcon_pkg'
[0.444s] Level 1:colcon.colcon_core.package_identification:_identify(src/mechax_rm_cv/src/rm_serial_driver) by extensions ['colcon_meta']
[0.444s] Level 1:colcon.colcon_core.package_identification:_identify(src/mechax_rm_cv/src/rm_serial_driver) by extension 'colcon_meta'
[0.444s] Level 1:colcon.colcon_core.package_identification:_identify(src/mechax_rm_cv/src/rm_serial_driver) by extensions ['ros']
[0.444s] Level 1:colcon.colcon_core.package_identification:_identify(src/mechax_rm_cv/src/rm_serial_driver) by extension 'ros'
[0.444s] DEBUG:colcon.colcon_core.package_identification:Package 'src/mechax_rm_cv/src/rm_serial_driver' with type 'ros.ament_cmake' and name 'rm_serial_driver'
[0.444s] Level 1:colcon.colcon_core.package_identification:_identify(src/mechax_rm_cv/src/rm_vision) by extensions ['ignore', 'ignore_ament_install']
[0.444s] Level 1:colcon.colcon_core.package_identification:_identify(src/mechax_rm_cv/src/rm_vision) by extension 'ignore'
[0.444s] Level 1:colcon.colcon_core.package_identification:_identify(src/mechax_rm_cv/src/rm_vision) by extension 'ignore_ament_install'
[0.444s] Level 1:colcon.colcon_core.package_identification:_identify(src/mechax_rm_cv/src/rm_vision) by extensions ['colcon_pkg']
[0.445s] Level 1:colcon.colcon_core.package_identification:_identify(src/mechax_rm_cv/src/rm_vision) by extension 'colcon_pkg'
[0.445s] Level 1:colcon.colcon_core.package_identification:_identify(src/mechax_rm_cv/src/rm_vision) by extensions ['colcon_meta']
[0.445s] Level 1:colcon.colcon_core.package_identification:_identify(src/mechax_rm_cv/src/rm_vision) by extension 'colcon_meta'
[0.445s] Level 1:colcon.colcon_core.package_identification:_identify(src/mechax_rm_cv/src/rm_vision) by extensions ['ros']
[0.445s] Level 1:colcon.colcon_core.package_identification:_identify(src/mechax_rm_cv/src/rm_vision) by extension 'ros'
[0.445s] Level 1:colcon.colcon_core.package_identification:_identify(src/mechax_rm_cv/src/rm_vision) by extensions ['cmake', 'python']
[0.445s] Level 1:colcon.colcon_core.package_identification:_identify(src/mechax_rm_cv/src/rm_vision) by extension 'cmake'
[0.445s] Level 1:colcon.colcon_core.package_identification:_identify(src/mechax_rm_cv/src/rm_vision) by extension 'python'
[0.445s] Level 1:colcon.colcon_core.package_identification:_identify(src/mechax_rm_cv/src/rm_vision) by extensions ['python_setup_py']
[0.445s] Level 1:colcon.colcon_core.package_identification:_identify(src/mechax_rm_cv/src/rm_vision) by extension 'python_setup_py'
[0.445s] Level 1:colcon.colcon_core.package_identification:_identify(src/mechax_rm_cv/src/rm_vision/docs) by extensions ['ignore', 'ignore_ament_install']
[0.445s] Level 1:colcon.colcon_core.package_identification:_identify(src/mechax_rm_cv/src/rm_vision/docs) by extension 'ignore'
[0.445s] Level 1:colcon.colcon_core.package_identification:_identify(src/mechax_rm_cv/src/rm_vision/docs) by extension 'ignore_ament_install'
[0.445s] Level 1:colcon.colcon_core.package_identification:_identify(src/mechax_rm_cv/src/rm_vision/docs) by extensions ['colcon_pkg']
[0.445s] Level 1:colcon.colcon_core.package_identification:_identify(src/mechax_rm_cv/src/rm_vision/docs) by extension 'colcon_pkg'
[0.445s] Level 1:colcon.colcon_core.package_identification:_identify(src/mechax_rm_cv/src/rm_vision/docs) by extensions ['colcon_meta']
[0.445s] Level 1:colcon.colcon_core.package_identification:_identify(src/mechax_rm_cv/src/rm_vision/docs) by extension 'colcon_meta'
[0.445s] Level 1:colcon.colcon_core.package_identification:_identify(src/mechax_rm_cv/src/rm_vision/docs) by extensions ['ros']
[0.445s] Level 1:colcon.colcon_core.package_identification:_identify(src/mechax_rm_cv/src/rm_vision/docs) by extension 'ros'
[0.445s] Level 1:colcon.colcon_core.package_identification:_identify(src/mechax_rm_cv/src/rm_vision/docs) by extensions ['cmake', 'python']
[0.445s] Level 1:colcon.colcon_core.package_identification:_identify(src/mechax_rm_cv/src/rm_vision/docs) by extension 'cmake'
[0.445s] Level 1:colcon.colcon_core.package_identification:_identify(src/mechax_rm_cv/src/rm_vision/docs) by extension 'python'
[0.445s] Level 1:colcon.colcon_core.package_identification:_identify(src/mechax_rm_cv/src/rm_vision/docs) by extensions ['python_setup_py']
[0.445s] Level 1:colcon.colcon_core.package_identification:_identify(src/mechax_rm_cv/src/rm_vision/docs) by extension 'python_setup_py'
[0.445s] Level 1:colcon.colcon_core.package_identification:_identify(src/mechax_rm_cv/src/rm_vision/rm_vision_bringup) by extensions ['ignore', 'ignore_ament_install']
[0.445s] Level 1:colcon.colcon_core.package_identification:_identify(src/mechax_rm_cv/src/rm_vision/rm_vision_bringup) by extension 'ignore'
[0.445s] Level 1:colcon.colcon_core.package_identification:_identify(src/mechax_rm_cv/src/rm_vision/rm_vision_bringup) by extension 'ignore_ament_install'
[0.445s] Level 1:colcon.colcon_core.package_identification:_identify(src/mechax_rm_cv/src/rm_vision/rm_vision_bringup) by extensions ['colcon_pkg']
[0.445s] Level 1:colcon.colcon_core.package_identification:_identify(src/mechax_rm_cv/src/rm_vision/rm_vision_bringup) by extension 'colcon_pkg'
[0.445s] Level 1:colcon.colcon_core.package_identification:_identify(src/mechax_rm_cv/src/rm_vision/rm_vision_bringup) by extensions ['colcon_meta']
[0.445s] Level 1:colcon.colcon_core.package_identification:_identify(src/mechax_rm_cv/src/rm_vision/rm_vision_bringup) by extension 'colcon_meta'
[0.445s] Level 1:colcon.colcon_core.package_identification:_identify(src/mechax_rm_cv/src/rm_vision/rm_vision_bringup) by extensions ['ros']
[0.445s] Level 1:colcon.colcon_core.package_identification:_identify(src/mechax_rm_cv/src/rm_vision/rm_vision_bringup) by extension 'ros'
[0.445s] DEBUG:colcon.colcon_core.package_identification:Package 'src/mechax_rm_cv/src/rm_vision/rm_vision_bringup' with type 'ros.ament_cmake' and name 'rm_vision_bringup'
[0.445s] Level 1:colcon.colcon_core.package_identification:_identify(src/mechax_rm_cv/src/ros2-mindvision-camera) by extensions ['ignore', 'ignore_ament_install']
[0.446s] Level 1:colcon.colcon_core.package_identification:_identify(src/mechax_rm_cv/src/ros2-mindvision-camera) by extension 'ignore'
[0.446s] Level 1:colcon.colcon_core.package_identification:_identify(src/mechax_rm_cv/src/ros2-mindvision-camera) by extension 'ignore_ament_install'
[0.446s] Level 1:colcon.colcon_core.package_identification:_identify(src/mechax_rm_cv/src/ros2-mindvision-camera) by extensions ['colcon_pkg']
[0.446s] Level 1:colcon.colcon_core.package_identification:_identify(src/mechax_rm_cv/src/ros2-mindvision-camera) by extension 'colcon_pkg'
[0.446s] Level 1:colcon.colcon_core.package_identification:_identify(src/mechax_rm_cv/src/ros2-mindvision-camera) by extensions ['colcon_meta']
[0.446s] Level 1:colcon.colcon_core.package_identification:_identify(src/mechax_rm_cv/src/ros2-mindvision-camera) by extension 'colcon_meta'
[0.446s] Level 1:colcon.colcon_core.package_identification:_identify(src/mechax_rm_cv/src/ros2-mindvision-camera) by extensions ['ros']
[0.446s] Level 1:colcon.colcon_core.package_identification:_identify(src/mechax_rm_cv/src/ros2-mindvision-camera) by extension 'ros'
[0.446s] DEBUG:colcon.colcon_core.package_identification:Package 'src/mechax_rm_cv/src/ros2-mindvision-camera' with type 'ros.ament_cmake' and name 'mindvision_camera'
[0.446s] Level 1:colcon.colcon_core.package_discovery:discover_packages(recursive) using defaults
[0.446s] Level 1:colcon.colcon_core.package_discovery:discover_packages(ignore) discover
[0.446s] Level 1:colcon.colcon_core.package_discovery:discover_packages(ignore) using defaults
[0.446s] Level 1:colcon.colcon_core.package_discovery:discover_packages(path) discover
[0.446s] Level 1:colcon.colcon_core.package_discovery:discover_packages(path) using defaults
[0.485s] Level 1:colcon.colcon_core.package_discovery:discover_packages(prefix_path) check parameters
[0.485s] Level 1:colcon.colcon_core.package_discovery:discover_packages(prefix_path) discover
[0.497s] DEBUG:colcon.colcon_installed_package_information.package_discovery:Found 340 installed packages in /opt/ros/humble
[0.497s] Level 1:colcon.colcon_core.package_discovery:discover_packages(prefix_path) using defaults
[0.542s] Level 5:colcon.colcon_core.verb:set package 'auto_aim_interfaces' build argument 'cmake_args' from command line to 'None'
[0.542s] Level 5:colcon.colcon_core.verb:set package 'auto_aim_interfaces' build argument 'cmake_target' from command line to 'None'
[0.542s] Level 5:colcon.colcon_core.verb:set package 'auto_aim_interfaces' build argument 'cmake_target_skip_unavailable' from command line to 'False'
[0.542s] Level 5:colcon.colcon_core.verb:set package 'auto_aim_interfaces' build argument 'cmake_clean_cache' from command line to 'False'
[0.542s] Level 5:colcon.colcon_core.verb:set package 'auto_aim_interfaces' build argument 'cmake_clean_first' from command line to 'False'
[0.542s] Level 5:colcon.colcon_core.verb:set package 'auto_aim_interfaces' build argument 'cmake_force_configure' from command line to 'False'
[0.542s] Level 5:colcon.colcon_core.verb:set package 'auto_aim_interfaces' build argument 'ament_cmake_args' from command line to 'None'
[0.542s] Level 5:colcon.colcon_core.verb:set package 'auto_aim_interfaces' build argument 'catkin_cmake_args' from command line to 'None'
[0.542s] Level 5:colcon.colcon_core.verb:set package 'auto_aim_interfaces' build argument 'catkin_skip_building_tests' from command line to 'False'
[0.542s] DEBUG:colcon.colcon_core.verb:Building package 'auto_aim_interfaces' with the following arguments: {'ament_cmake_args': None, 'build_base': '/home/mechax/ws_y/rm_ws/build/auto_aim_interfaces', 'catkin_cmake_args': None, 'catkin_skip_building_tests': False, 'cmake_args': None, 'cmake_clean_cache': False, 'cmake_clean_first': False, 'cmake_force_configure': False, 'cmake_target': None, 'cmake_target_skip_unavailable': False, 'install_base': '/home/mechax/ws_y/rm_ws/install/auto_aim_interfaces', 'merge_install': False, 'path': '/home/mechax/ws_y/rm_ws/src/mechax_rm_cv/src/rm_auto_aim/auto_aim_interfaces', 'symlink_install': False, 'test_result_base': None}
[0.548s] Level 5:colcon.colcon_core.verb:set package 'mindvision_camera' build argument 'cmake_args' from command line to 'None'
[0.548s] Level 5:colcon.colcon_core.verb:set package 'mindvision_camera' build argument 'cmake_target' from command line to 'None'
[0.548s] Level 5:colcon.colcon_core.verb:set package 'mindvision_camera' build argument 'cmake_target_skip_unavailable' from command line to 'False'
[0.548s] Level 5:colcon.colcon_core.verb:set package 'mindvision_camera' build argument 'cmake_clean_cache' from command line to 'False'
[0.548s] Level 5:colcon.colcon_core.verb:set package 'mindvision_camera' build argument 'cmake_clean_first' from command line to 'False'
[0.548s] Level 5:colcon.colcon_core.verb:set package 'mindvision_camera' build argument 'cmake_force_configure' from command line to 'False'
[0.548s] Level 5:colcon.colcon_core.verb:set package 'mindvision_camera' build argument 'ament_cmake_args' from command line to 'None'
[0.548s] Level 5:colcon.colcon_core.verb:set package 'mindvision_camera' build argument 'catkin_cmake_args' from command line to 'None'
[0.548s] Level 5:colcon.colcon_core.verb:set package 'mindvision_camera' build argument 'catkin_skip_building_tests' from command line to 'False'
[0.548s] DEBUG:colcon.colcon_core.verb:Building package 'mindvision_camera' with the following arguments: {'ament_cmake_args': None, 'build_base': '/home/mechax/ws_y/rm_ws/build/mindvision_camera', 'catkin_cmake_args': None, 'catkin_skip_building_tests': False, 'cmake_args': None, 'cmake_clean_cache': False, 'cmake_clean_first': False, 'cmake_force_configure': False, 'cmake_target': None, 'cmake_target_skip_unavailable': False, 'install_base': '/home/mechax/ws_y/rm_ws/install/mindvision_camera', 'merge_install': False, 'path': '/home/mechax/ws_y/rm_ws/src/mechax_rm_cv/src/ros2-mindvision-camera', 'symlink_install': False, 'test_result_base': None}
[0.553s] Level 5:colcon.colcon_core.verb:set package 'my_package' build argument 'cmake_args' from command line to 'None'
[0.553s] Level 5:colcon.colcon_core.verb:set package 'my_package' build argument 'cmake_target' from command line to 'None'
[0.553s] Level 5:colcon.colcon_core.verb:set package 'my_package' build argument 'cmake_target_skip_unavailable' from command line to 'False'
[0.553s] Level 5:colcon.colcon_core.verb:set package 'my_package' build argument 'cmake_clean_cache' from command line to 'False'
[0.553s] Level 5:colcon.colcon_core.verb:set package 'my_package' build argument 'cmake_clean_first' from command line to 'False'
[0.553s] Level 5:colcon.colcon_core.verb:set package 'my_package' build argument 'cmake_force_configure' from command line to 'False'
[0.553s] Level 5:colcon.colcon_core.verb:set package 'my_package' build argument 'ament_cmake_args' from command line to 'None'
[0.553s] Level 5:colcon.colcon_core.verb:set package 'my_package' build argument 'catkin_cmake_args' from command line to 'None'
[0.553s] Level 5:colcon.colcon_core.verb:set package 'my_package' build argument 'catkin_skip_building_tests' from command line to 'False'
[0.553s] DEBUG:colcon.colcon_core.verb:Building package 'my_package' with the following arguments: {'ament_cmake_args': None, 'build_base': '/home/mechax/ws_y/rm_ws/build/my_package', 'catkin_cmake_args': None, 'catkin_skip_building_tests': False, 'cmake_args': None, 'cmake_clean_cache': False, 'cmake_clean_first': False, 'cmake_force_configure': False, 'cmake_target': None, 'cmake_target_skip_unavailable': False, 'install_base': '/home/mechax/ws_y/rm_ws/install/my_package', 'merge_install': False, 'path': '/home/mechax/ws_y/rm_ws/src/mechax_rm_cv/src/my_package', 'symlink_install': False, 'test_result_base': None}
[0.559s] Level 5:colcon.colcon_core.verb:set package 'rm_gimbal_description' build argument 'cmake_args' from command line to 'None'
[0.559s] Level 5:colcon.colcon_core.verb:set package 'rm_gimbal_description' build argument 'cmake_target' from command line to 'None'
[0.559s] Level 5:colcon.colcon_core.verb:set package 'rm_gimbal_description' build argument 'cmake_target_skip_unavailable' from command line to 'False'
[0.559s] Level 5:colcon.colcon_core.verb:set package 'rm_gimbal_description' build argument 'cmake_clean_cache' from command line to 'False'
[0.559s] Level 5:colcon.colcon_core.verb:set package 'rm_gimbal_description' build argument 'cmake_clean_first' from command line to 'False'
[0.559s] Level 5:colcon.colcon_core.verb:set package 'rm_gimbal_description' build argument 'cmake_force_configure' from command line to 'False'
[0.559s] Level 5:colcon.colcon_core.verb:set package 'rm_gimbal_description' build argument 'ament_cmake_args' from command line to 'None'
[0.559s] Level 5:colcon.colcon_core.verb:set package 'rm_gimbal_description' build argument 'catkin_cmake_args' from command line to 'None'
[0.559s] Level 5:colcon.colcon_core.verb:set package 'rm_gimbal_description' build argument 'catkin_skip_building_tests' from command line to 'False'
[0.559s] DEBUG:colcon.colcon_core.verb:Building package 'rm_gimbal_description' with the following arguments: {'ament_cmake_args': None, 'build_base': '/home/mechax/ws_y/rm_ws/build/rm_gimbal_description', 'catkin_cmake_args': None, 'catkin_skip_building_tests': False, 'cmake_args': None, 'cmake_clean_cache': False, 'cmake_clean_first': False, 'cmake_force_configure': False, 'cmake_target': None, 'cmake_target_skip_unavailable': False, 'install_base': '/home/mechax/ws_y/rm_ws/install/rm_gimbal_description', 'merge_install': False, 'path': '/home/mechax/ws_y/rm_ws/src/mechax_rm_cv/src/rm_gimbal_description', 'symlink_install': False, 'test_result_base': None}
[0.565s] Level 5:colcon.colcon_core.verb:set package 'armor_detector' build argument 'cmake_args' from command line to 'None'
[0.565s] Level 5:colcon.colcon_core.verb:set package 'armor_detector' build argument 'cmake_target' from command line to 'None'
[0.565s] Level 5:colcon.colcon_core.verb:set package 'armor_detector' build argument 'cmake_target_skip_unavailable' from command line to 'False'
[0.565s] Level 5:colcon.colcon_core.verb:set package 'armor_detector' build argument 'cmake_clean_cache' from command line to 'False'
[0.565s] Level 5:colcon.colcon_core.verb:set package 'armor_detector' build argument 'cmake_clean_first' from command line to 'False'
[0.565s] Level 5:colcon.colcon_core.verb:set package 'armor_detector' build argument 'cmake_force_configure' from command line to 'False'
[0.565s] Level 5:colcon.colcon_core.verb:set package 'armor_detector' build argument 'ament_cmake_args' from command line to 'None'
[0.565s] Level 5:colcon.colcon_core.verb:set package 'armor_detector' build argument 'catkin_cmake_args' from command line to 'None'
[0.565s] Level 5:colcon.colcon_core.verb:set package 'armor_detector' build argument 'catkin_skip_building_tests' from command line to 'False'
[0.565s] DEBUG:colcon.colcon_core.verb:Building package 'armor_detector' with the following arguments: {'ament_cmake_args': None, 'build_base': '/home/mechax/ws_y/rm_ws/build/armor_detector', 'catkin_cmake_args': None, 'catkin_skip_building_tests': False, 'cmake_args': None, 'cmake_clean_cache': False, 'cmake_clean_first': False, 'cmake_force_configure': False, 'cmake_target': None, 'cmake_target_skip_unavailable': False, 'install_base': '/home/mechax/ws_y/rm_ws/install/armor_detector', 'merge_install': False, 'path': '/home/mechax/ws_y/rm_ws/src/mechax_rm_cv/src/rm_auto_aim/armor_detector', 'symlink_install': False, 'test_result_base': None}
[0.570s] Level 5:colcon.colcon_core.verb:set package 'armor_tracker' build argument 'cmake_args' from command line to 'None'
[0.570s] Level 5:colcon.colcon_core.verb:set package 'armor_tracker' build argument 'cmake_target' from command line to 'None'
[0.570s] Level 5:colcon.colcon_core.verb:set package 'armor_tracker' build argument 'cmake_target_skip_unavailable' from command line to 'False'
[0.570s] Level 5:colcon.colcon_core.verb:set package 'armor_tracker' build argument 'cmake_clean_cache' from command line to 'False'
[0.570s] Level 5:colcon.colcon_core.verb:set package 'armor_tracker' build argument 'cmake_clean_first' from command line to 'False'
[0.570s] Level 5:colcon.colcon_core.verb:set package 'armor_tracker' build argument 'cmake_force_configure' from command line to 'False'
[0.570s] Level 5:colcon.colcon_core.verb:set package 'armor_tracker' build argument 'ament_cmake_args' from command line to 'None'
[0.570s] Level 5:colcon.colcon_core.verb:set package 'armor_tracker' build argument 'catkin_cmake_args' from command line to 'None'
[0.570s] Level 5:colcon.colcon_core.verb:set package 'armor_tracker' build argument 'catkin_skip_building_tests' from command line to 'False'
[0.570s] DEBUG:colcon.colcon_core.verb:Building package 'armor_tracker' with the following arguments: {'ament_cmake_args': None, 'build_base': '/home/mechax/ws_y/rm_ws/build/armor_tracker', 'catkin_cmake_args': None, 'catkin_skip_building_tests': False, 'cmake_args': None, 'cmake_clean_cache': False, 'cmake_clean_first': False, 'cmake_force_configure': False, 'cmake_target': None, 'cmake_target_skip_unavailable': False, 'install_base': '/home/mechax/ws_y/rm_ws/install/armor_tracker', 'merge_install': False, 'path': '/home/mechax/ws_y/rm_ws/src/mechax_rm_cv/src/rm_auto_aim/armor_tracker', 'symlink_install': False, 'test_result_base': None}
[0.576s] Level 5:colcon.colcon_core.verb:set package 'rm_serial_driver' build argument 'cmake_args' from command line to 'None'
[0.576s] Level 5:colcon.colcon_core.verb:set package 'rm_serial_driver' build argument 'cmake_target' from command line to 'None'
[0.576s] Level 5:colcon.colcon_core.verb:set package 'rm_serial_driver' build argument 'cmake_target_skip_unavailable' from command line to 'False'
[0.576s] Level 5:colcon.colcon_core.verb:set package 'rm_serial_driver' build argument 'cmake_clean_cache' from command line to 'False'
[0.576s] Level 5:colcon.colcon_core.verb:set package 'rm_serial_driver' build argument 'cmake_clean_first' from command line to 'False'
[0.576s] Level 5:colcon.colcon_core.verb:set package 'rm_serial_driver' build argument 'cmake_force_configure' from command line to 'False'
[0.576s] Level 5:colcon.colcon_core.verb:set package 'rm_serial_driver' build argument 'ament_cmake_args' from command line to 'None'
[0.576s] Level 5:colcon.colcon_core.verb:set package 'rm_serial_driver' build argument 'catkin_cmake_args' from command line to 'None'
[0.576s] Level 5:colcon.colcon_core.verb:set package 'rm_serial_driver' build argument 'catkin_skip_building_tests' from command line to 'False'
[0.576s] DEBUG:colcon.colcon_core.verb:Building package 'rm_serial_driver' with the following arguments: {'ament_cmake_args': None, 'build_base': '/home/mechax/ws_y/rm_ws/build/rm_serial_driver', 'catkin_cmake_args': None, 'catkin_skip_building_tests': False, 'cmake_args': None, 'cmake_clean_cache': False, 'cmake_clean_first': False, 'cmake_force_configure': False, 'cmake_target': None, 'cmake_target_skip_unavailable': False, 'install_base': '/home/mechax/ws_y/rm_ws/install/rm_serial_driver', 'merge_install': False, 'path': '/home/mechax/ws_y/rm_ws/src/mechax_rm_cv/src/rm_serial_driver', 'symlink_install': False, 'test_result_base': None}
[0.582s] Level 5:colcon.colcon_core.verb:set package 'rm_auto_aim' build argument 'cmake_args' from command line to 'None'
[0.582s] Level 5:colcon.colcon_core.verb:set package 'rm_auto_aim' build argument 'cmake_target' from command line to 'None'
[0.582s] Level 5:colcon.colcon_core.verb:set package 'rm_auto_aim' build argument 'cmake_target_skip_unavailable' from command line to 'False'
[0.582s] Level 5:colcon.colcon_core.verb:set package 'rm_auto_aim' build argument 'cmake_clean_cache' from command line to 'False'
[0.582s] Level 5:colcon.colcon_core.verb:set package 'rm_auto_aim' build argument 'cmake_clean_first' from command line to 'False'
[0.582s] Level 5:colcon.colcon_core.verb:set package 'rm_auto_aim' build argument 'cmake_force_configure' from command line to 'False'
[0.582s] Level 5:colcon.colcon_core.verb:set package 'rm_auto_aim' build argument 'ament_cmake_args' from command line to 'None'
[0.582s] Level 5:colcon.colcon_core.verb:set package 'rm_auto_aim' build argument 'catkin_cmake_args' from command line to 'None'
[0.582s] Level 5:colcon.colcon_core.verb:set package 'rm_auto_aim' build argument 'catkin_skip_building_tests' from command line to 'False'
[0.582s] DEBUG:colcon.colcon_core.verb:Building package 'rm_auto_aim' with the following arguments: {'ament_cmake_args': None, 'build_base': '/home/mechax/ws_y/rm_ws/build/rm_auto_aim', 'catkin_cmake_args': None, 'catkin_skip_building_tests': False, 'cmake_args': None, 'cmake_clean_cache': False, 'cmake_clean_first': False, 'cmake_force_configure': False, 'cmake_target': None, 'cmake_target_skip_unavailable': False, 'install_base': '/home/mechax/ws_y/rm_ws/install/rm_auto_aim', 'merge_install': False, 'path': '/home/mechax/ws_y/rm_ws/src/mechax_rm_cv/src/rm_auto_aim/rm_auto_aim', 'symlink_install': False, 'test_result_base': None}
[0.587s] Level 5:colcon.colcon_core.verb:set package 'rm_vision_bringup' build argument 'cmake_args' from command line to 'None'
[0.587s] Level 5:colcon.colcon_core.verb:set package 'rm_vision_bringup' build argument 'cmake_target' from command line to 'None'
[0.588s] Level 5:colcon.colcon_core.verb:set package 'rm_vision_bringup' build argument 'cmake_target_skip_unavailable' from command line to 'False'
[0.588s] Level 5:colcon.colcon_core.verb:set package 'rm_vision_bringup' build argument 'cmake_clean_cache' from command line to 'False'
[0.588s] Level 5:colcon.colcon_core.verb:set package 'rm_vision_bringup' build argument 'cmake_clean_first' from command line to 'False'
[0.588s] Level 5:colcon.colcon_core.verb:set package 'rm_vision_bringup' build argument 'cmake_force_configure' from command line to 'False'
[0.588s] Level 5:colcon.colcon_core.verb:set package 'rm_vision_bringup' build argument 'ament_cmake_args' from command line to 'None'
[0.588s] Level 5:colcon.colcon_core.verb:set package 'rm_vision_bringup' build argument 'catkin_cmake_args' from command line to 'None'
[0.588s] Level 5:colcon.colcon_core.verb:set package 'rm_vision_bringup' build argument 'catkin_skip_building_tests' from command line to 'False'
[0.588s] DEBUG:colcon.colcon_core.verb:Building package 'rm_vision_bringup' with the following arguments: {'ament_cmake_args': None, 'build_base': '/home/mechax/ws_y/rm_ws/build/rm_vision_bringup', 'catkin_cmake_args': None, 'catkin_skip_building_tests': False, 'cmake_args': None, 'cmake_clean_cache': False, 'cmake_clean_first': False, 'cmake_force_configure': False, 'cmake_target': None, 'cmake_target_skip_unavailable': False, 'install_base': '/home/mechax/ws_y/rm_ws/install/rm_vision_bringup', 'merge_install': False, 'path': '/home/mechax/ws_y/rm_ws/src/mechax_rm_cv/src/rm_vision/rm_vision_bringup', 'symlink_install': False, 'test_result_base': None}
[0.593s] INFO:colcon.colcon_core.executor:Executing jobs using 'parallel' executor
[0.599s] DEBUG:colcon.colcon_parallel_executor.executor.parallel:run_until_complete
[0.599s] INFO:colcon.colcon_ros.task.ament_cmake.build:Building ROS package in '/home/mechax/ws_y/rm_ws/src/mechax_rm_cv/src/rm_auto_aim/auto_aim_interfaces' with build type 'ament_cmake'
[0.599s] INFO:colcon.colcon_cmake.task.cmake.build:Building CMake package in '/home/mechax/ws_y/rm_ws/src/mechax_rm_cv/src/rm_auto_aim/auto_aim_interfaces'
[0.606s] INFO:colcon.colcon_core.plugin_system:Skipping extension 'colcon_core.shell.bat': Not used on non-Windows systems
[0.606s] INFO:colcon.colcon_core.shell:Skip shell extension 'powershell' for command environment: Not usable outside of PowerShell
[0.606s] DEBUG:colcon.colcon_core.shell:Skip shell extension 'dsv' for command environment
[0.619s] INFO:colcon.colcon_ros.task.ament_cmake.build:Building ROS package in '/home/mechax/ws_y/rm_ws/src/mechax_rm_cv/src/ros2-mindvision-camera' with build type 'ament_cmake'
[0.619s] INFO:colcon.colcon_cmake.task.cmake.build:Building CMake package in '/home/mechax/ws_y/rm_ws/src/mechax_rm_cv/src/ros2-mindvision-camera'
[0.625s] INFO:colcon.colcon_core.shell:Skip shell extension 'powershell' for command environment: Not usable outside of PowerShell
[0.625s] DEBUG:colcon.colcon_core.shell:Skip shell extension 'dsv' for command environment
[0.637s] INFO:colcon.colcon_ros.task.ament_python.build:Building ROS package in '/home/mechax/ws_y/rm_ws/src/mechax_rm_cv/src/my_package' with build type 'ament_python'
[0.638s] Level 1:colcon.colcon_core.shell:create_environment_hook('my_package', 'ament_prefix_path')
[0.644s] INFO:colcon.colcon_core.shell:Creating environment hook '/home/mechax/ws_y/rm_ws/install/my_package/share/my_package/hook/ament_prefix_path.ps1'
[0.644s] INFO:colcon.colcon_core.shell:Creating environment descriptor '/home/mechax/ws_y/rm_ws/install/my_package/share/my_package/hook/ament_prefix_path.dsv'
[0.644s] INFO:colcon.colcon_core.shell:Creating environment hook '/home/mechax/ws_y/rm_ws/install/my_package/share/my_package/hook/ament_prefix_path.sh'
[0.650s] INFO:colcon.colcon_core.shell:Skip shell extension 'powershell' for command environment: Not usable outside of PowerShell
[0.650s] DEBUG:colcon.colcon_core.shell:Skip shell extension 'dsv' for command environment
[0.670s] INFO:colcon.colcon_ros.task.ament_cmake.build:Building ROS package in '/home/mechax/ws_y/rm_ws/src/mechax_rm_cv/src/rm_gimbal_description' with build type 'ament_cmake'
[0.670s] INFO:colcon.colcon_cmake.task.cmake.build:Building CMake package in '/home/mechax/ws_y/rm_ws/src/mechax_rm_cv/src/rm_gimbal_description'
[0.676s] INFO:colcon.colcon_core.shell:Skip shell extension 'powershell' for command environment: Not usable outside of PowerShell
[0.676s] DEBUG:colcon.colcon_core.shell:Skip shell extension 'dsv' for command environment
[0.692s] DEBUG:colcon.colcon_core.event_handler.log_command:Invoking command in '/home/mechax/ws_y/rm_ws/build/auto_aim_interfaces': CMAKE_PREFIX_PATH=/opt/ros/humble /usr/bin/cmake --build /home/mechax/ws_y/rm_ws/build/auto_aim_interfaces -- -j16 -l16
[0.694s] DEBUG:colcon.colcon_core.event_handler.log_command:Invoking command in '/home/mechax/ws_y/rm_ws/build/mindvision_camera': CMAKE_PREFIX_PATH=/opt/ros/humble /usr/bin/cmake --build /home/mechax/ws_y/rm_ws/build/mindvision_camera -- -j16 -l16
[0.829s] INFO:colcon.colcon_core.task.python.build:Building Python package in '/home/mechax/ws_y/rm_ws/src/mechax_rm_cv/src/my_package'
[0.836s] INFO:colcon.colcon_core.shell:Skip shell extension 'powershell' for command environment: Not usable outside of PowerShell
[0.836s] DEBUG:colcon.colcon_core.shell:Skip shell extension 'dsv' for command environment
[0.855s] DEBUG:colcon.colcon_core.event_handler.log_command:Invoking command in '/home/mechax/ws_y/rm_ws/build/rm_gimbal_description': CMAKE_PREFIX_PATH=/opt/ros/humble /usr/bin/cmake --build /home/mechax/ws_y/rm_ws/build/rm_gimbal_description -- -j16 -l16
[0.855s] DEBUG:colcon.colcon_core.event_handler.log_command:Invoked command in '/home/mechax/ws_y/rm_ws/build/mindvision_camera' returned '0': CMAKE_PREFIX_PATH=/opt/ros/humble /usr/bin/cmake --build /home/mechax/ws_y/rm_ws/build/mindvision_camera -- -j16 -l16
[0.875s] DEBUG:colcon.colcon_core.event_handler.log_command:Invoking command in '/home/mechax/ws_y/rm_ws/build/mindvision_camera': CMAKE_PREFIX_PATH=/opt/ros/humble /usr/bin/cmake --install /home/mechax/ws_y/rm_ws/build/mindvision_camera
[0.876s] DEBUG:colcon.colcon_core.event_handler.log_command:Invoked command in '/home/mechax/ws_y/rm_ws/build/rm_gimbal_description' returned '0': CMAKE_PREFIX_PATH=/opt/ros/humble /usr/bin/cmake --build /home/mechax/ws_y/rm_ws/build/rm_gimbal_description -- -j16 -l16
[0.888s] Level 1:colcon.colcon_core.environment:create_environment_scripts_only(mindvision_camera)
[0.889s] DEBUG:colcon.colcon_core.event_handler.log_command:Invoked command in '/home/mechax/ws_y/rm_ws/build/mindvision_camera' returned '0': CMAKE_PREFIX_PATH=/opt/ros/humble /usr/bin/cmake --install /home/mechax/ws_y/rm_ws/build/mindvision_camera
[0.896s] Level 1:colcon.colcon_core.environment:checking '/home/mechax/ws_y/rm_ws/install/mindvision_camera' for CMake module files
[0.897s] Level 1:colcon.colcon_core.environment:checking '/home/mechax/ws_y/rm_ws/install/mindvision_camera' for CMake config files
[0.897s] Level 1:colcon.colcon_core.shell:create_environment_hook('mindvision_camera', 'cmake_prefix_path')
[0.903s] INFO:colcon.colcon_core.shell:Creating environment hook '/home/mechax/ws_y/rm_ws/install/mindvision_camera/share/mindvision_camera/hook/cmake_prefix_path.ps1'
[0.903s] INFO:colcon.colcon_core.shell:Creating environment descriptor '/home/mechax/ws_y/rm_ws/install/mindvision_camera/share/mindvision_camera/hook/cmake_prefix_path.dsv'
[0.903s] INFO:colcon.colcon_core.shell:Creating environment hook '/home/mechax/ws_y/rm_ws/install/mindvision_camera/share/mindvision_camera/hook/cmake_prefix_path.sh'
[0.904s] Level 1:colcon.colcon_core.environment:checking '/home/mechax/ws_y/rm_ws/install/mindvision_camera/lib'
[0.904s] Level 1:colcon.colcon_core.shell:create_environment_hook('mindvision_camera', 'ld_library_path_lib')
[0.909s] INFO:colcon.colcon_core.shell:Creating environment hook '/home/mechax/ws_y/rm_ws/install/mindvision_camera/share/mindvision_camera/hook/ld_library_path_lib.ps1'
[0.910s] INFO:colcon.colcon_core.shell:Creating environment descriptor '/home/mechax/ws_y/rm_ws/install/mindvision_camera/share/mindvision_camera/hook/ld_library_path_lib.dsv'
[0.910s] INFO:colcon.colcon_core.shell:Creating environment hook '/home/mechax/ws_y/rm_ws/install/mindvision_camera/share/mindvision_camera/hook/ld_library_path_lib.sh'
[0.910s] Level 1:colcon.colcon_core.environment:checking '/home/mechax/ws_y/rm_ws/install/mindvision_camera/bin'
[0.910s] Level 1:colcon.colcon_core.environment:checking '/home/mechax/ws_y/rm_ws/install/mindvision_camera/lib/pkgconfig/mindvision_camera.pc'
[0.910s] Level 1:colcon.colcon_core.environment:checking '/home/mechax/ws_y/rm_ws/install/mindvision_camera/lib/python3.10/site-packages'
[0.910s] Level 1:colcon.colcon_core.environment:checking '/home/mechax/ws_y/rm_ws/install/mindvision_camera/bin'
[0.916s] INFO:colcon.colcon_core.shell:Creating package script '/home/mechax/ws_y/rm_ws/install/mindvision_camera/share/mindvision_camera/package.ps1'
[0.917s] INFO:colcon.colcon_core.shell:Creating package descriptor '/home/mechax/ws_y/rm_ws/install/mindvision_camera/share/mindvision_camera/package.dsv'
[0.917s] INFO:colcon.colcon_core.shell:Creating package script '/home/mechax/ws_y/rm_ws/install/mindvision_camera/share/mindvision_camera/package.sh'
[0.917s] INFO:colcon.colcon_core.shell:Creating package script '/home/mechax/ws_y/rm_ws/install/mindvision_camera/share/mindvision_camera/package.bash'
[0.917s] INFO:colcon.colcon_core.shell:Creating package script '/home/mechax/ws_y/rm_ws/install/mindvision_camera/share/mindvision_camera/package.zsh'
[0.918s] Level 1:colcon.colcon_core.environment:create_file_with_runtime_dependencies(/home/mechax/ws_y/rm_ws/install/mindvision_camera/share/colcon-core/packages/mindvision_camera)
[0.920s] DEBUG:colcon.colcon_core.event_handler.log_command:Invoking command in '/home/mechax/ws_y/rm_ws/build/rm_gimbal_description': CMAKE_PREFIX_PATH=/opt/ros/humble /usr/bin/cmake --install /home/mechax/ws_y/rm_ws/build/rm_gimbal_description
[0.920s] DEBUG:colcon.colcon_core.event_handler.log_command:Invoked command in '/home/mechax/ws_y/rm_ws/build/auto_aim_interfaces' returned '0': CMAKE_PREFIX_PATH=/opt/ros/humble /usr/bin/cmake --build /home/mechax/ws_y/rm_ws/build/auto_aim_interfaces -- -j16 -l16
[0.931s] Level 1:colcon.colcon_core.environment:create_environment_scripts_only(rm_gimbal_description)
[0.931s] DEBUG:colcon.colcon_core.event_handler.log_command:Invoked command in '/home/mechax/ws_y/rm_ws/build/rm_gimbal_description' returned '0': CMAKE_PREFIX_PATH=/opt/ros/humble /usr/bin/cmake --install /home/mechax/ws_y/rm_ws/build/rm_gimbal_description
[0.940s] Level 1:colcon.colcon_core.environment:checking '/home/mechax/ws_y/rm_ws/install/rm_gimbal_description' for CMake module files
[0.940s] Level 1:colcon.colcon_core.environment:checking '/home/mechax/ws_y/rm_ws/install/rm_gimbal_description' for CMake config files
[0.940s] Level 1:colcon.colcon_core.shell:create_environment_hook('rm_gimbal_description', 'cmake_prefix_path')
[0.946s] INFO:colcon.colcon_core.shell:Creating environment hook '/home/mechax/ws_y/rm_ws/install/rm_gimbal_description/share/rm_gimbal_description/hook/cmake_prefix_path.ps1'
[0.946s] INFO:colcon.colcon_core.shell:Creating environment descriptor '/home/mechax/ws_y/rm_ws/install/rm_gimbal_description/share/rm_gimbal_description/hook/cmake_prefix_path.dsv'
[0.947s] INFO:colcon.colcon_core.shell:Creating environment hook '/home/mechax/ws_y/rm_ws/install/rm_gimbal_description/share/rm_gimbal_description/hook/cmake_prefix_path.sh'
[0.947s] Level 1:colcon.colcon_core.environment:checking '/home/mechax/ws_y/rm_ws/install/rm_gimbal_description/bin'
[0.947s] Level 1:colcon.colcon_core.environment:checking '/home/mechax/ws_y/rm_ws/install/rm_gimbal_description/lib/pkgconfig/rm_gimbal_description.pc'
[0.947s] Level 1:colcon.colcon_core.environment:checking '/home/mechax/ws_y/rm_ws/install/rm_gimbal_description/lib/python3.10/site-packages'
[0.947s] Level 1:colcon.colcon_core.environment:checking '/home/mechax/ws_y/rm_ws/install/rm_gimbal_description/bin'
[0.953s] INFO:colcon.colcon_core.shell:Creating package script '/home/mechax/ws_y/rm_ws/install/rm_gimbal_description/share/rm_gimbal_description/package.ps1'
[0.953s] INFO:colcon.colcon_core.shell:Creating package descriptor '/home/mechax/ws_y/rm_ws/install/rm_gimbal_description/share/rm_gimbal_description/package.dsv'
[0.954s] INFO:colcon.colcon_core.shell:Creating package script '/home/mechax/ws_y/rm_ws/install/rm_gimbal_description/share/rm_gimbal_description/package.sh'
[0.954s] INFO:colcon.colcon_core.shell:Creating package script '/home/mechax/ws_y/rm_ws/install/rm_gimbal_description/share/rm_gimbal_description/package.bash'
[0.954s] INFO:colcon.colcon_core.shell:Creating package script '/home/mechax/ws_y/rm_ws/install/rm_gimbal_description/share/rm_gimbal_description/package.zsh'
[0.954s] Level 1:colcon.colcon_core.environment:create_file_with_runtime_dependencies(/home/mechax/ws_y/rm_ws/install/rm_gimbal_description/share/colcon-core/packages/rm_gimbal_description)
[0.961s] Level 1:colcon.colcon_core.environment:create_environment_scripts_only(mindvision_camera)
[0.967s] Level 1:colcon.colcon_core.environment:checking '/home/mechax/ws_y/rm_ws/install/mindvision_camera' for CMake module files
[0.968s] Level 1:colcon.colcon_core.environment:checking '/home/mechax/ws_y/rm_ws/install/mindvision_camera' for CMake config files
[0.968s] Level 1:colcon.colcon_core.shell:create_environment_hook('mindvision_camera', 'cmake_prefix_path')
[0.974s] INFO:colcon.colcon_core.shell:Creating environment hook '/home/mechax/ws_y/rm_ws/install/mindvision_camera/share/mindvision_camera/hook/cmake_prefix_path.ps1'
[0.974s] INFO:colcon.colcon_core.shell:Creating environment descriptor '/home/mechax/ws_y/rm_ws/install/mindvision_camera/share/mindvision_camera/hook/cmake_prefix_path.dsv'
[0.974s] INFO:colcon.colcon_core.shell:Creating environment hook '/home/mechax/ws_y/rm_ws/install/mindvision_camera/share/mindvision_camera/hook/cmake_prefix_path.sh'
[0.975s] Level 1:colcon.colcon_core.environment:checking '/home/mechax/ws_y/rm_ws/install/mindvision_camera/lib'
[0.975s] Level 1:colcon.colcon_core.shell:create_environment_hook('mindvision_camera', 'ld_library_path_lib')
[0.981s] INFO:colcon.colcon_core.shell:Creating environment hook '/home/mechax/ws_y/rm_ws/install/mindvision_camera/share/mindvision_camera/hook/ld_library_path_lib.ps1'
[0.981s] INFO:colcon.colcon_core.shell:Creating environment descriptor '/home/mechax/ws_y/rm_ws/install/mindvision_camera/share/mindvision_camera/hook/ld_library_path_lib.dsv'
[0.981s] INFO:colcon.colcon_core.shell:Creating environment hook '/home/mechax/ws_y/rm_ws/install/mindvision_camera/share/mindvision_camera/hook/ld_library_path_lib.sh'
[0.981s] Level 1:colcon.colcon_core.environment:checking '/home/mechax/ws_y/rm_ws/install/mindvision_camera/bin'
[0.982s] Level 1:colcon.colcon_core.environment:checking '/home/mechax/ws_y/rm_ws/install/mindvision_camera/lib/pkgconfig/mindvision_camera.pc'
[0.982s] Level 1:colcon.colcon_core.environment:checking '/home/mechax/ws_y/rm_ws/install/mindvision_camera/lib/python3.10/site-packages'
[0.982s] Level 1:colcon.colcon_core.environment:checking '/home/mechax/ws_y/rm_ws/install/mindvision_camera/bin'
[0.988s] INFO:colcon.colcon_core.shell:Creating package script '/home/mechax/ws_y/rm_ws/install/mindvision_camera/share/mindvision_camera/package.ps1'
[0.988s] INFO:colcon.colcon_core.shell:Creating package descriptor '/home/mechax/ws_y/rm_ws/install/mindvision_camera/share/mindvision_camera/package.dsv'
[0.988s] INFO:colcon.colcon_core.shell:Creating package script '/home/mechax/ws_y/rm_ws/install/mindvision_camera/share/mindvision_camera/package.sh'
[0.989s] INFO:colcon.colcon_core.shell:Creating package script '/home/mechax/ws_y/rm_ws/install/mindvision_camera/share/mindvision_camera/package.bash'
[0.989s] INFO:colcon.colcon_core.shell:Creating package script '/home/mechax/ws_y/rm_ws/install/mindvision_camera/share/mindvision_camera/package.zsh'
[0.989s] Level 1:colcon.colcon_core.environment:create_file_with_runtime_dependencies(/home/mechax/ws_y/rm_ws/install/mindvision_camera/share/colcon-core/packages/mindvision_camera)
[0.996s] Level 1:colcon.colcon_core.environment:create_environment_scripts_only(rm_gimbal_description)
[1.002s] Level 1:colcon.colcon_core.environment:checking '/home/mechax/ws_y/rm_ws/install/rm_gimbal_description' for CMake module files
[1.002s] Level 1:colcon.colcon_core.environment:checking '/home/mechax/ws_y/rm_ws/install/rm_gimbal_description' for CMake config files
[1.002s] Level 1:colcon.colcon_core.shell:create_environment_hook('rm_gimbal_description', 'cmake_prefix_path')
[1.008s] INFO:colcon.colcon_core.shell:Creating environment hook '/home/mechax/ws_y/rm_ws/install/rm_gimbal_description/share/rm_gimbal_description/hook/cmake_prefix_path.ps1'
[1.008s] INFO:colcon.colcon_core.shell:Creating environment descriptor '/home/mechax/ws_y/rm_ws/install/rm_gimbal_description/share/rm_gimbal_description/hook/cmake_prefix_path.dsv'
[1.009s] INFO:colcon.colcon_core.shell:Creating environment hook '/home/mechax/ws_y/rm_ws/install/rm_gimbal_description/share/rm_gimbal_description/hook/cmake_prefix_path.sh'
[1.009s] Level 1:colcon.colcon_core.environment:checking '/home/mechax/ws_y/rm_ws/install/rm_gimbal_description/bin'
[1.009s] Level 1:colcon.colcon_core.environment:checking '/home/mechax/ws_y/rm_ws/install/rm_gimbal_description/lib/pkgconfig/rm_gimbal_description.pc'
[1.009s] Level 1:colcon.colcon_core.environment:checking '/home/mechax/ws_y/rm_ws/install/rm_gimbal_description/lib/python3.10/site-packages'
[1.009s] Level 1:colcon.colcon_core.environment:checking '/home/mechax/ws_y/rm_ws/install/rm_gimbal_description/bin'
[1.015s] INFO:colcon.colcon_core.shell:Creating package script '/home/mechax/ws_y/rm_ws/install/rm_gimbal_description/share/rm_gimbal_description/package.ps1'
[1.015s] INFO:colcon.colcon_core.shell:Creating package descriptor '/home/mechax/ws_y/rm_ws/install/rm_gimbal_description/share/rm_gimbal_description/package.dsv'
[1.016s] INFO:colcon.colcon_core.shell:Creating package script '/home/mechax/ws_y/rm_ws/install/rm_gimbal_description/share/rm_gimbal_description/package.sh'
[1.016s] INFO:colcon.colcon_core.shell:Creating package script '/home/mechax/ws_y/rm_ws/install/rm_gimbal_description/share/rm_gimbal_description/package.bash'
[1.016s] INFO:colcon.colcon_core.shell:Creating package script '/home/mechax/ws_y/rm_ws/install/rm_gimbal_description/share/rm_gimbal_description/package.zsh'
[1.016s] Level 1:colcon.colcon_core.environment:create_file_with_runtime_dependencies(/home/mechax/ws_y/rm_ws/install/rm_gimbal_description/share/colcon-core/packages/rm_gimbal_description)
[1.018s] DEBUG:colcon.colcon_core.event_handler.log_command:Invoking command in '/home/mechax/ws_y/rm_ws/build/auto_aim_interfaces': CMAKE_PREFIX_PATH=/opt/ros/humble /usr/bin/cmake --install /home/mechax/ws_y/rm_ws/build/auto_aim_interfaces
[1.049s] DEBUG:colcon.colcon_core.event_handler.log_command:Invoking command in '/home/mechax/ws_y/rm_ws/src/mechax_rm_cv/src/my_package': PYTHONPATH=/home/mechax/ws_y/rm_ws/build/my_package/prefix_override:/home/mechax/ws_y/rm_ws/install/my_package/lib/python3.10/site-packages:${PYTHONPATH} /usr/bin/python3 setup.py egg_info --egg-base ../../../../build/my_package build --build-base /home/mechax/ws_y/rm_ws/build/my_package/build install --record /home/mechax/ws_y/rm_ws/build/my_package/install.log --single-version-externally-managed
[1.061s] Level 1:colcon.colcon_core.environment:create_environment_scripts_only(auto_aim_interfaces)
[1.062s] DEBUG:colcon.colcon_core.event_handler.log_command:Invoked command in '/home/mechax/ws_y/rm_ws/build/auto_aim_interfaces' returned '0': CMAKE_PREFIX_PATH=/opt/ros/humble /usr/bin/cmake --install /home/mechax/ws_y/rm_ws/build/auto_aim_interfaces
[1.068s] Level 1:colcon.colcon_core.environment:checking '/home/mechax/ws_y/rm_ws/install/auto_aim_interfaces' for CMake module files
[1.068s] Level 1:colcon.colcon_core.environment:checking '/home/mechax/ws_y/rm_ws/install/auto_aim_interfaces' for CMake config files
[1.068s] Level 1:colcon.colcon_core.shell:create_environment_hook('auto_aim_interfaces', 'cmake_prefix_path')
[1.074s] INFO:colcon.colcon_core.shell:Creating environment hook '/home/mechax/ws_y/rm_ws/install/auto_aim_interfaces/share/auto_aim_interfaces/hook/cmake_prefix_path.ps1'
[1.075s] INFO:colcon.colcon_core.shell:Creating environment descriptor '/home/mechax/ws_y/rm_ws/install/auto_aim_interfaces/share/auto_aim_interfaces/hook/cmake_prefix_path.dsv'
[1.075s] INFO:colcon.colcon_core.shell:Creating environment hook '/home/mechax/ws_y/rm_ws/install/auto_aim_interfaces/share/auto_aim_interfaces/hook/cmake_prefix_path.sh'
[1.075s] Level 1:colcon.colcon_core.environment:checking '/home/mechax/ws_y/rm_ws/install/auto_aim_interfaces/lib'
[1.075s] Level 1:colcon.colcon_core.shell:create_environment_hook('auto_aim_interfaces', 'ld_library_path_lib')
[1.081s] INFO:colcon.colcon_core.shell:Creating environment hook '/home/mechax/ws_y/rm_ws/install/auto_aim_interfaces/share/auto_aim_interfaces/hook/ld_library_path_lib.ps1'
[1.081s] INFO:colcon.colcon_core.shell:Creating environment descriptor '/home/mechax/ws_y/rm_ws/install/auto_aim_interfaces/share/auto_aim_interfaces/hook/ld_library_path_lib.dsv'
[1.081s] INFO:colcon.colcon_core.shell:Creating environment hook '/home/mechax/ws_y/rm_ws/install/auto_aim_interfaces/share/auto_aim_interfaces/hook/ld_library_path_lib.sh'
[1.081s] Level 1:colcon.colcon_core.environment:checking '/home/mechax/ws_y/rm_ws/install/auto_aim_interfaces/bin'
[1.081s] Level 1:colcon.colcon_core.environment:checking '/home/mechax/ws_y/rm_ws/install/auto_aim_interfaces/lib/pkgconfig/auto_aim_interfaces.pc'
[1.082s] Level 1:colcon.colcon_core.environment:checking '/home/mechax/ws_y/rm_ws/install/auto_aim_interfaces/lib/python3.10/site-packages'
[1.082s] Level 1:colcon.colcon_core.environment:checking '/home/mechax/ws_y/rm_ws/install/auto_aim_interfaces/bin'
[1.088s] INFO:colcon.colcon_core.shell:Creating package script '/home/mechax/ws_y/rm_ws/install/auto_aim_interfaces/share/auto_aim_interfaces/package.ps1'
[1.088s] INFO:colcon.colcon_core.shell:Creating package descriptor '/home/mechax/ws_y/rm_ws/install/auto_aim_interfaces/share/auto_aim_interfaces/package.dsv'
[1.088s] INFO:colcon.colcon_core.shell:Creating package script '/home/mechax/ws_y/rm_ws/install/auto_aim_interfaces/share/auto_aim_interfaces/package.sh'
[1.088s] INFO:colcon.colcon_core.shell:Creating package script '/home/mechax/ws_y/rm_ws/install/auto_aim_interfaces/share/auto_aim_interfaces/package.bash'
[1.089s] INFO:colcon.colcon_core.shell:Creating package script '/home/mechax/ws_y/rm_ws/install/auto_aim_interfaces/share/auto_aim_interfaces/package.zsh'
[1.089s] Level 1:colcon.colcon_core.environment:create_file_with_runtime_dependencies(/home/mechax/ws_y/rm_ws/install/auto_aim_interfaces/share/colcon-core/packages/auto_aim_interfaces)
[1.176s] Level 1:colcon.colcon_core.environment:create_environment_scripts_only(auto_aim_interfaces)
[1.183s] Level 1:colcon.colcon_core.environment:checking '/home/mechax/ws_y/rm_ws/install/auto_aim_interfaces' for CMake module files
[1.183s] Level 1:colcon.colcon_core.environment:checking '/home/mechax/ws_y/rm_ws/install/auto_aim_interfaces' for CMake config files
[1.183s] Level 1:colcon.colcon_core.shell:create_environment_hook('auto_aim_interfaces', 'cmake_prefix_path')
[1.190s] INFO:colcon.colcon_core.shell:Creating environment hook '/home/mechax/ws_y/rm_ws/install/auto_aim_interfaces/share/auto_aim_interfaces/hook/cmake_prefix_path.ps1'
[1.190s] INFO:colcon.colcon_core.shell:Creating environment descriptor '/home/mechax/ws_y/rm_ws/install/auto_aim_interfaces/share/auto_aim_interfaces/hook/cmake_prefix_path.dsv'
[1.190s] INFO:colcon.colcon_core.shell:Creating environment hook '/home/mechax/ws_y/rm_ws/install/auto_aim_interfaces/share/auto_aim_interfaces/hook/cmake_prefix_path.sh'
[1.190s] Level 1:colcon.colcon_core.environment:checking '/home/mechax/ws_y/rm_ws/install/auto_aim_interfaces/lib'
[1.190s] Level 1:colcon.colcon_core.shell:create_environment_hook('auto_aim_interfaces', 'ld_library_path_lib')
[1.197s] INFO:colcon.colcon_core.shell:Creating environment hook '/home/mechax/ws_y/rm_ws/install/auto_aim_interfaces/share/auto_aim_interfaces/hook/ld_library_path_lib.ps1'
[1.197s] INFO:colcon.colcon_core.shell:Creating environment descriptor '/home/mechax/ws_y/rm_ws/install/auto_aim_interfaces/share/auto_aim_interfaces/hook/ld_library_path_lib.dsv'
[1.197s] INFO:colcon.colcon_core.shell:Creating environment hook '/home/mechax/ws_y/rm_ws/install/auto_aim_interfaces/share/auto_aim_interfaces/hook/ld_library_path_lib.sh'
[1.197s] Level 1:colcon.colcon_core.environment:checking '/home/mechax/ws_y/rm_ws/install/auto_aim_interfaces/bin'
[1.197s] Level 1:colcon.colcon_core.environment:checking '/home/mechax/ws_y/rm_ws/install/auto_aim_interfaces/lib/pkgconfig/auto_aim_interfaces.pc'
[1.197s] Level 1:colcon.colcon_core.environment:checking '/home/mechax/ws_y/rm_ws/install/auto_aim_interfaces/lib/python3.10/site-packages'
[1.197s] Level 1:colcon.colcon_core.environment:checking '/home/mechax/ws_y/rm_ws/install/auto_aim_interfaces/bin'
[1.204s] INFO:colcon.colcon_core.shell:Creating package script '/home/mechax/ws_y/rm_ws/install/auto_aim_interfaces/share/auto_aim_interfaces/package.ps1'
[1.204s] INFO:colcon.colcon_core.shell:Creating package descriptor '/home/mechax/ws_y/rm_ws/install/auto_aim_interfaces/share/auto_aim_interfaces/package.dsv'
[1.204s] INFO:colcon.colcon_core.shell:Creating package script '/home/mechax/ws_y/rm_ws/install/auto_aim_interfaces/share/auto_aim_interfaces/package.sh'
[1.204s] INFO:colcon.colcon_core.shell:Creating package script '/home/mechax/ws_y/rm_ws/install/auto_aim_interfaces/share/auto_aim_interfaces/package.bash'
[1.204s] INFO:colcon.colcon_core.shell:Creating package script '/home/mechax/ws_y/rm_ws/install/auto_aim_interfaces/share/auto_aim_interfaces/package.zsh'
[1.204s] Level 1:colcon.colcon_core.environment:create_file_with_runtime_dependencies(/home/mechax/ws_y/rm_ws/install/auto_aim_interfaces/share/colcon-core/packages/auto_aim_interfaces)
[1.205s] INFO:colcon.colcon_ros.task.ament_cmake.build:Building ROS package in '/home/mechax/ws_y/rm_ws/src/mechax_rm_cv/src/rm_auto_aim/armor_detector' with build type 'ament_cmake'
[1.205s] INFO:colcon.colcon_cmake.task.cmake.build:Building CMake package in '/home/mechax/ws_y/rm_ws/src/mechax_rm_cv/src/rm_auto_aim/armor_detector'
[1.211s] INFO:colcon.colcon_core.shell:Skip shell extension 'powershell' for command environment: Not usable outside of PowerShell
[1.211s] DEBUG:colcon.colcon_core.shell:Skip shell extension 'dsv' for command environment
[1.223s] INFO:colcon.colcon_ros.task.ament_cmake.build:Building ROS package in '/home/mechax/ws_y/rm_ws/src/mechax_rm_cv/src/rm_auto_aim/armor_tracker' with build type 'ament_cmake'
[1.223s] INFO:colcon.colcon_cmake.task.cmake.build:Building CMake package in '/home/mechax/ws_y/rm_ws/src/mechax_rm_cv/src/rm_auto_aim/armor_tracker'
[1.230s] INFO:colcon.colcon_core.shell:Skip shell extension 'powershell' for command environment: Not usable outside of PowerShell
[1.230s] DEBUG:colcon.colcon_core.shell:Skip shell extension 'dsv' for command environment
[1.242s] INFO:colcon.colcon_ros.task.ament_cmake.build:Building ROS package in '/home/mechax/ws_y/rm_ws/src/mechax_rm_cv/src/rm_serial_driver' with build type 'ament_cmake'
[1.242s] INFO:colcon.colcon_cmake.task.cmake.build:Building CMake package in '/home/mechax/ws_y/rm_ws/src/mechax_rm_cv/src/rm_serial_driver'
[1.248s] INFO:colcon.colcon_core.shell:Skip shell extension 'powershell' for command environment: Not usable outside of PowerShell
[1.248s] DEBUG:colcon.colcon_core.shell:Skip shell extension 'dsv' for command environment
[1.262s] DEBUG:colcon.colcon_core.event_handler.log_command:Invoked command in '/home/mechax/ws_y/rm_ws/src/mechax_rm_cv/src/my_package' returned '0': PYTHONPATH=/home/mechax/ws_y/rm_ws/build/my_package/prefix_override:/home/mechax/ws_y/rm_ws/install/my_package/lib/python3.10/site-packages:${PYTHONPATH} /usr/bin/python3 setup.py egg_info --egg-base ../../../../build/my_package build --build-base /home/mechax/ws_y/rm_ws/build/my_package/build install --record /home/mechax/ws_y/rm_ws/build/my_package/install.log --single-version-externally-managed
[1.268s] Level 1:colcon.colcon_core.environment:checking '/home/mechax/ws_y/rm_ws/install/my_package' for CMake module files
[1.268s] Level 1:colcon.colcon_core.environment:checking '/home/mechax/ws_y/rm_ws/install/my_package' for CMake config files
[1.269s] Level 1:colcon.colcon_core.environment:checking '/home/mechax/ws_y/rm_ws/install/my_package/lib'
[1.269s] Level 1:colcon.colcon_core.environment:checking '/home/mechax/ws_y/rm_ws/install/my_package/bin'
[1.269s] Level 1:colcon.colcon_core.environment:checking '/home/mechax/ws_y/rm_ws/install/my_package/lib/pkgconfig/my_package.pc'
[1.269s] Level 1:colcon.colcon_core.environment:checking '/home/mechax/ws_y/rm_ws/install/my_package/lib/python3.10/site-packages'
[1.269s] Level 1:colcon.colcon_core.shell:create_environment_hook('my_package', 'pythonpath')
[1.275s] INFO:colcon.colcon_core.shell:Creating environment hook '/home/mechax/ws_y/rm_ws/install/my_package/share/my_package/hook/pythonpath.ps1'
[1.275s] INFO:colcon.colcon_core.shell:Creating environment descriptor '/home/mechax/ws_y/rm_ws/install/my_package/share/my_package/hook/pythonpath.dsv'
[1.275s] INFO:colcon.colcon_core.shell:Creating environment hook '/home/mechax/ws_y/rm_ws/install/my_package/share/my_package/hook/pythonpath.sh'
[1.275s] Level 1:colcon.colcon_core.environment:checking '/home/mechax/ws_y/rm_ws/install/my_package/bin'
[1.276s] Level 1:colcon.colcon_core.environment:create_environment_scripts_only(my_package)
[1.281s] INFO:colcon.colcon_core.shell:Creating package script '/home/mechax/ws_y/rm_ws/install/my_package/share/my_package/package.ps1'
[1.282s] INFO:colcon.colcon_core.shell:Creating package descriptor '/home/mechax/ws_y/rm_ws/install/my_package/share/my_package/package.dsv'
[1.282s] INFO:colcon.colcon_core.shell:Creating package script '/home/mechax/ws_y/rm_ws/install/my_package/share/my_package/package.sh'
[1.282s] INFO:colcon.colcon_core.shell:Creating package script '/home/mechax/ws_y/rm_ws/install/my_package/share/my_package/package.bash'
[1.282s] INFO:colcon.colcon_core.shell:Creating package script '/home/mechax/ws_y/rm_ws/install/my_package/share/my_package/package.zsh'
[1.282s] Level 1:colcon.colcon_core.environment:create_file_with_runtime_dependencies(/home/mechax/ws_y/rm_ws/install/my_package/share/colcon-core/packages/my_package)
[1.286s] DEBUG:colcon.colcon_core.event_handler.log_command:Invoking command in '/home/mechax/ws_y/rm_ws/build/armor_detector': AMENT_PREFIX_PATH=/home/mechax/ws_y/rm_ws/install/auto_aim_interfaces:${AMENT_PREFIX_PATH} CMAKE_PREFIX_PATH=/home/mechax/ws_y/rm_ws/install/auto_aim_interfaces:/opt/ros/humble LD_LIBRARY_PATH=/home/mechax/ws_y/rm_ws/install/auto_aim_interfaces/lib:${LD_LIBRARY_PATH} PYTHONPATH=/home/mechax/ws_y/rm_ws/install/auto_aim_interfaces/local/lib/python3.10/dist-packages:${PYTHONPATH} /usr/bin/cmake --build /home/mechax/ws_y/rm_ws/build/armor_detector -- -j16 -l16
[1.288s] DEBUG:colcon.colcon_core.event_handler.log_command:Invoking command in '/home/mechax/ws_y/rm_ws/build/armor_tracker': AMENT_PREFIX_PATH=/home/mechax/ws_y/rm_ws/install/auto_aim_interfaces:${AMENT_PREFIX_PATH} CMAKE_PREFIX_PATH=/home/mechax/ws_y/rm_ws/install/auto_aim_interfaces:/opt/ros/humble LD_LIBRARY_PATH=/home/mechax/ws_y/rm_ws/install/auto_aim_interfaces/lib:${LD_LIBRARY_PATH} PYTHONPATH=/home/mechax/ws_y/rm_ws/install/auto_aim_interfaces/local/lib/python3.10/dist-packages:${PYTHONPATH} /usr/bin/cmake --build /home/mechax/ws_y/rm_ws/build/armor_tracker -- -j16 -l16
[1.289s] DEBUG:colcon.colcon_core.event_handler.log_command:Invoking command in '/home/mechax/ws_y/rm_ws/build/rm_serial_driver': AMENT_PREFIX_PATH=/home/mechax/ws_y/rm_ws/install/auto_aim_interfaces:${AMENT_PREFIX_PATH} CMAKE_PREFIX_PATH=/home/mechax/ws_y/rm_ws/install/auto_aim_interfaces:/opt/ros/humble LD_LIBRARY_PATH=/home/mechax/ws_y/rm_ws/install/auto_aim_interfaces/lib:${LD_LIBRARY_PATH} PYTHONPATH=/home/mechax/ws_y/rm_ws/install/auto_aim_interfaces/local/lib/python3.10/dist-packages:${PYTHONPATH} /usr/bin/cmake --build /home/mechax/ws_y/rm_ws/build/rm_serial_driver -- -j16 -l16
[1.334s] DEBUG:colcon.colcon_core.event_handler.log_command:Invoked command in '/home/mechax/ws_y/rm_ws/build/rm_serial_driver' returned '0': AMENT_PREFIX_PATH=/home/mechax/ws_y/rm_ws/install/auto_aim_interfaces:${AMENT_PREFIX_PATH} CMAKE_PREFIX_PATH=/home/mechax/ws_y/rm_ws/install/auto_aim_interfaces:/opt/ros/humble LD_LIBRARY_PATH=/home/mechax/ws_y/rm_ws/install/auto_aim_interfaces/lib:${LD_LIBRARY_PATH} PYTHONPATH=/home/mechax/ws_y/rm_ws/install/auto_aim_interfaces/local/lib/python3.10/dist-packages:${PYTHONPATH} /usr/bin/cmake --build /home/mechax/ws_y/rm_ws/build/rm_serial_driver -- -j16 -l16
[1.345s] DEBUG:colcon.colcon_core.event_handler.log_command:Invoked command in '/home/mechax/ws_y/rm_ws/build/armor_detector' returned '0': AMENT_PREFIX_PATH=/home/mechax/ws_y/rm_ws/install/auto_aim_interfaces:${AMENT_PREFIX_PATH} CMAKE_PREFIX_PATH=/home/mechax/ws_y/rm_ws/install/auto_aim_interfaces:/opt/ros/humble LD_LIBRARY_PATH=/home/mechax/ws_y/rm_ws/install/auto_aim_interfaces/lib:${LD_LIBRARY_PATH} PYTHONPATH=/home/mechax/ws_y/rm_ws/install/auto_aim_interfaces/local/lib/python3.10/dist-packages:${PYTHONPATH} /usr/bin/cmake --build /home/mechax/ws_y/rm_ws/build/armor_detector -- -j16 -l16
[1.350s] DEBUG:colcon.colcon_core.event_handler.log_command:Invoking command in '/home/mechax/ws_y/rm_ws/build/rm_serial_driver': AMENT_PREFIX_PATH=/home/mechax/ws_y/rm_ws/install/auto_aim_interfaces:${AMENT_PREFIX_PATH} CMAKE_PREFIX_PATH=/home/mechax/ws_y/rm_ws/install/auto_aim_interfaces:/opt/ros/humble LD_LIBRARY_PATH=/home/mechax/ws_y/rm_ws/install/auto_aim_interfaces/lib:${LD_LIBRARY_PATH} PYTHONPATH=/home/mechax/ws_y/rm_ws/install/auto_aim_interfaces/local/lib/python3.10/dist-packages:${PYTHONPATH} /usr/bin/cmake --install /home/mechax/ws_y/rm_ws/build/rm_serial_driver
[1.363s] Level 1:colcon.colcon_core.environment:create_environment_scripts_only(rm_serial_driver)
[1.363s] DEBUG:colcon.colcon_core.event_handler.log_command:Invoked command in '/home/mechax/ws_y/rm_ws/build/rm_serial_driver' returned '0': AMENT_PREFIX_PATH=/home/mechax/ws_y/rm_ws/install/auto_aim_interfaces:${AMENT_PREFIX_PATH} CMAKE_PREFIX_PATH=/home/mechax/ws_y/rm_ws/install/auto_aim_interfaces:/opt/ros/humble LD_LIBRARY_PATH=/home/mechax/ws_y/rm_ws/install/auto_aim_interfaces/lib:${LD_LIBRARY_PATH} PYTHONPATH=/home/mechax/ws_y/rm_ws/install/auto_aim_interfaces/local/lib/python3.10/dist-packages:${PYTHONPATH} /usr/bin/cmake --install /home/mechax/ws_y/rm_ws/build/rm_serial_driver
[1.371s] Level 1:colcon.colcon_core.environment:checking '/home/mechax/ws_y/rm_ws/install/rm_serial_driver' for CMake module files
[1.371s] Level 1:colcon.colcon_core.environment:checking '/home/mechax/ws_y/rm_ws/install/rm_serial_driver' for CMake config files
[1.371s] Level 1:colcon.colcon_core.shell:create_environment_hook('rm_serial_driver', 'cmake_prefix_path')
[1.378s] INFO:colcon.colcon_core.shell:Creating environment hook '/home/mechax/ws_y/rm_ws/install/rm_serial_driver/share/rm_serial_driver/hook/cmake_prefix_path.ps1'
[1.378s] INFO:colcon.colcon_core.shell:Creating environment descriptor '/home/mechax/ws_y/rm_ws/install/rm_serial_driver/share/rm_serial_driver/hook/cmake_prefix_path.dsv'
[1.378s] INFO:colcon.colcon_core.shell:Creating environment hook '/home/mechax/ws_y/rm_ws/install/rm_serial_driver/share/rm_serial_driver/hook/cmake_prefix_path.sh'
[1.378s] Level 1:colcon.colcon_core.environment:checking '/home/mechax/ws_y/rm_ws/install/rm_serial_driver/lib'
[1.378s] Level 1:colcon.colcon_core.shell:create_environment_hook('rm_serial_driver', 'ld_library_path_lib')
[1.384s] INFO:colcon.colcon_core.shell:Creating environment hook '/home/mechax/ws_y/rm_ws/install/rm_serial_driver/share/rm_serial_driver/hook/ld_library_path_lib.ps1'
[1.384s] INFO:colcon.colcon_core.shell:Creating environment descriptor '/home/mechax/ws_y/rm_ws/install/rm_serial_driver/share/rm_serial_driver/hook/ld_library_path_lib.dsv'
[1.384s] INFO:colcon.colcon_core.shell:Creating environment hook '/home/mechax/ws_y/rm_ws/install/rm_serial_driver/share/rm_serial_driver/hook/ld_library_path_lib.sh'
[1.385s] Level 1:colcon.colcon_core.environment:checking '/home/mechax/ws_y/rm_ws/install/rm_serial_driver/bin'
[1.385s] Level 1:colcon.colcon_core.environment:checking '/home/mechax/ws_y/rm_ws/install/rm_serial_driver/lib/pkgconfig/rm_serial_driver.pc'
[1.385s] Level 1:colcon.colcon_core.environment:checking '/home/mechax/ws_y/rm_ws/install/rm_serial_driver/lib/python3.10/site-packages'
[1.385s] Level 1:colcon.colcon_core.environment:checking '/home/mechax/ws_y/rm_ws/install/rm_serial_driver/bin'
[1.391s] INFO:colcon.colcon_core.shell:Creating package script '/home/mechax/ws_y/rm_ws/install/rm_serial_driver/share/rm_serial_driver/package.ps1'
[1.391s] INFO:colcon.colcon_core.shell:Creating package descriptor '/home/mechax/ws_y/rm_ws/install/rm_serial_driver/share/rm_serial_driver/package.dsv'
[1.392s] INFO:colcon.colcon_core.shell:Creating package script '/home/mechax/ws_y/rm_ws/install/rm_serial_driver/share/rm_serial_driver/package.sh'
[1.392s] INFO:colcon.colcon_core.shell:Creating package script '/home/mechax/ws_y/rm_ws/install/rm_serial_driver/share/rm_serial_driver/package.bash'
[1.392s] INFO:colcon.colcon_core.shell:Creating package script '/home/mechax/ws_y/rm_ws/install/rm_serial_driver/share/rm_serial_driver/package.zsh'
[1.392s] Level 1:colcon.colcon_core.environment:create_file_with_runtime_dependencies(/home/mechax/ws_y/rm_ws/install/rm_serial_driver/share/colcon-core/packages/rm_serial_driver)
[1.394s] DEBUG:colcon.colcon_core.event_handler.log_command:Invoking command in '/home/mechax/ws_y/rm_ws/build/armor_detector': AMENT_PREFIX_PATH=/home/mechax/ws_y/rm_ws/install/auto_aim_interfaces:${AMENT_PREFIX_PATH} CMAKE_PREFIX_PATH=/home/mechax/ws_y/rm_ws/install/auto_aim_interfaces:/opt/ros/humble LD_LIBRARY_PATH=/home/mechax/ws_y/rm_ws/install/auto_aim_interfaces/lib:${LD_LIBRARY_PATH} PYTHONPATH=/home/mechax/ws_y/rm_ws/install/auto_aim_interfaces/local/lib/python3.10/dist-packages:${PYTHONPATH} /usr/bin/cmake --install /home/mechax/ws_y/rm_ws/build/armor_detector
[1.406s] Level 1:colcon.colcon_core.environment:create_environment_scripts_only(armor_detector)
[1.407s] DEBUG:colcon.colcon_core.event_handler.log_command:Invoked command in '/home/mechax/ws_y/rm_ws/build/armor_detector' returned '0': AMENT_PREFIX_PATH=/home/mechax/ws_y/rm_ws/install/auto_aim_interfaces:${AMENT_PREFIX_PATH} CMAKE_PREFIX_PATH=/home/mechax/ws_y/rm_ws/install/auto_aim_interfaces:/opt/ros/humble LD_LIBRARY_PATH=/home/mechax/ws_y/rm_ws/install/auto_aim_interfaces/lib:${LD_LIBRARY_PATH} PYTHONPATH=/home/mechax/ws_y/rm_ws/install/auto_aim_interfaces/local/lib/python3.10/dist-packages:${PYTHONPATH} /usr/bin/cmake --install /home/mechax/ws_y/rm_ws/build/armor_detector
[1.415s] Level 1:colcon.colcon_core.environment:checking '/home/mechax/ws_y/rm_ws/install/armor_detector' for CMake module files
[1.415s] Level 1:colcon.colcon_core.environment:checking '/home/mechax/ws_y/rm_ws/install/armor_detector' for CMake config files
[1.415s] Level 1:colcon.colcon_core.shell:create_environment_hook('armor_detector', 'cmake_prefix_path')
[1.421s] INFO:colcon.colcon_core.shell:Creating environment hook '/home/mechax/ws_y/rm_ws/install/armor_detector/share/armor_detector/hook/cmake_prefix_path.ps1'
[1.421s] INFO:colcon.colcon_core.shell:Creating environment descriptor '/home/mechax/ws_y/rm_ws/install/armor_detector/share/armor_detector/hook/cmake_prefix_path.dsv'
[1.421s] INFO:colcon.colcon_core.shell:Creating environment hook '/home/mechax/ws_y/rm_ws/install/armor_detector/share/armor_detector/hook/cmake_prefix_path.sh'
[1.421s] Level 1:colcon.colcon_core.environment:checking '/home/mechax/ws_y/rm_ws/install/armor_detector/lib'
[1.421s] Level 1:colcon.colcon_core.shell:create_environment_hook('armor_detector', 'ld_library_path_lib')
[1.427s] INFO:colcon.colcon_core.shell:Creating environment hook '/home/mechax/ws_y/rm_ws/install/armor_detector/share/armor_detector/hook/ld_library_path_lib.ps1'
[1.427s] INFO:colcon.colcon_core.shell:Creating environment descriptor '/home/mechax/ws_y/rm_ws/install/armor_detector/share/armor_detector/hook/ld_library_path_lib.dsv'
[1.428s] INFO:colcon.colcon_core.shell:Creating environment hook '/home/mechax/ws_y/rm_ws/install/armor_detector/share/armor_detector/hook/ld_library_path_lib.sh'
[1.428s] Level 1:colcon.colcon_core.environment:checking '/home/mechax/ws_y/rm_ws/install/armor_detector/bin'
[1.428s] Level 1:colcon.colcon_core.environment:checking '/home/mechax/ws_y/rm_ws/install/armor_detector/lib/pkgconfig/armor_detector.pc'
[1.428s] Level 1:colcon.colcon_core.environment:checking '/home/mechax/ws_y/rm_ws/install/armor_detector/lib/python3.10/site-packages'
[1.428s] Level 1:colcon.colcon_core.environment:checking '/home/mechax/ws_y/rm_ws/install/armor_detector/bin'
[1.434s] INFO:colcon.colcon_core.shell:Creating package script '/home/mechax/ws_y/rm_ws/install/armor_detector/share/armor_detector/package.ps1'
[1.434s] INFO:colcon.colcon_core.shell:Creating package descriptor '/home/mechax/ws_y/rm_ws/install/armor_detector/share/armor_detector/package.dsv'
[1.435s] INFO:colcon.colcon_core.shell:Creating package script '/home/mechax/ws_y/rm_ws/install/armor_detector/share/armor_detector/package.sh'
[1.435s] INFO:colcon.colcon_core.shell:Creating package script '/home/mechax/ws_y/rm_ws/install/armor_detector/share/armor_detector/package.bash'
[1.435s] INFO:colcon.colcon_core.shell:Creating package script '/home/mechax/ws_y/rm_ws/install/armor_detector/share/armor_detector/package.zsh'
[1.435s] Level 1:colcon.colcon_core.environment:create_file_with_runtime_dependencies(/home/mechax/ws_y/rm_ws/install/armor_detector/share/colcon-core/packages/armor_detector)
[1.442s] Level 1:colcon.colcon_core.environment:create_environment_scripts_only(rm_serial_driver)
[1.448s] Level 1:colcon.colcon_core.environment:checking '/home/mechax/ws_y/rm_ws/install/rm_serial_driver' for CMake module files
[1.448s] Level 1:colcon.colcon_core.environment:checking '/home/mechax/ws_y/rm_ws/install/rm_serial_driver' for CMake config files
[1.449s] Level 1:colcon.colcon_core.shell:create_environment_hook('rm_serial_driver', 'cmake_prefix_path')
[1.456s] INFO:colcon.colcon_core.shell:Creating environment hook '/home/mechax/ws_y/rm_ws/install/rm_serial_driver/share/rm_serial_driver/hook/cmake_prefix_path.ps1'
[1.456s] INFO:colcon.colcon_core.shell:Creating environment descriptor '/home/mechax/ws_y/rm_ws/install/rm_serial_driver/share/rm_serial_driver/hook/cmake_prefix_path.dsv'
[1.456s] INFO:colcon.colcon_core.shell:Creating environment hook '/home/mechax/ws_y/rm_ws/install/rm_serial_driver/share/rm_serial_driver/hook/cmake_prefix_path.sh'
[1.457s] Level 1:colcon.colcon_core.environment:checking '/home/mechax/ws_y/rm_ws/install/rm_serial_driver/lib'
[1.457s] Level 1:colcon.colcon_core.shell:create_environment_hook('rm_serial_driver', 'ld_library_path_lib')
[1.463s] INFO:colcon.colcon_core.shell:Creating environment hook '/home/mechax/ws_y/rm_ws/install/rm_serial_driver/share/rm_serial_driver/hook/ld_library_path_lib.ps1'
[1.463s] INFO:colcon.colcon_core.shell:Creating environment descriptor '/home/mechax/ws_y/rm_ws/install/rm_serial_driver/share/rm_serial_driver/hook/ld_library_path_lib.dsv'
[1.463s] INFO:colcon.colcon_core.shell:Creating environment hook '/home/mechax/ws_y/rm_ws/install/rm_serial_driver/share/rm_serial_driver/hook/ld_library_path_lib.sh'
[1.463s] Level 1:colcon.colcon_core.environment:checking '/home/mechax/ws_y/rm_ws/install/rm_serial_driver/bin'
[1.463s] Level 1:colcon.colcon_core.environment:checking '/home/mechax/ws_y/rm_ws/install/rm_serial_driver/lib/pkgconfig/rm_serial_driver.pc'
[1.463s] Level 1:colcon.colcon_core.environment:checking '/home/mechax/ws_y/rm_ws/install/rm_serial_driver/lib/python3.10/site-packages'
[1.463s] Level 1:colcon.colcon_core.environment:checking '/home/mechax/ws_y/rm_ws/install/rm_serial_driver/bin'
[1.469s] INFO:colcon.colcon_core.shell:Creating package script '/home/mechax/ws_y/rm_ws/install/rm_serial_driver/share/rm_serial_driver/package.ps1'
[1.469s] INFO:colcon.colcon_core.shell:Creating package descriptor '/home/mechax/ws_y/rm_ws/install/rm_serial_driver/share/rm_serial_driver/package.dsv'
[1.470s] INFO:colcon.colcon_core.shell:Creating package script '/home/mechax/ws_y/rm_ws/install/rm_serial_driver/share/rm_serial_driver/package.sh'
[1.470s] INFO:colcon.colcon_core.shell:Creating package script '/home/mechax/ws_y/rm_ws/install/rm_serial_driver/share/rm_serial_driver/package.bash'
[1.470s] INFO:colcon.colcon_core.shell:Creating package script '/home/mechax/ws_y/rm_ws/install/rm_serial_driver/share/rm_serial_driver/package.zsh'
[1.470s] Level 1:colcon.colcon_core.environment:create_file_with_runtime_dependencies(/home/mechax/ws_y/rm_ws/install/rm_serial_driver/share/colcon-core/packages/rm_serial_driver)
[1.477s] Level 1:colcon.colcon_core.environment:create_environment_scripts_only(armor_detector)
[1.483s] Level 1:colcon.colcon_core.environment:checking '/home/mechax/ws_y/rm_ws/install/armor_detector' for CMake module files
[1.483s] Level 1:colcon.colcon_core.environment:checking '/home/mechax/ws_y/rm_ws/install/armor_detector' for CMake config files
[1.483s] Level 1:colcon.colcon_core.shell:create_environment_hook('armor_detector', 'cmake_prefix_path')
[1.489s] INFO:colcon.colcon_core.shell:Creating environment hook '/home/mechax/ws_y/rm_ws/install/armor_detector/share/armor_detector/hook/cmake_prefix_path.ps1'
[1.489s] INFO:colcon.colcon_core.shell:Creating environment descriptor '/home/mechax/ws_y/rm_ws/install/armor_detector/share/armor_detector/hook/cmake_prefix_path.dsv'
[1.489s] INFO:colcon.colcon_core.shell:Creating environment hook '/home/mechax/ws_y/rm_ws/install/armor_detector/share/armor_detector/hook/cmake_prefix_path.sh'
[1.489s] Level 1:colcon.colcon_core.environment:checking '/home/mechax/ws_y/rm_ws/install/armor_detector/lib'
[1.490s] Level 1:colcon.colcon_core.shell:create_environment_hook('armor_detector', 'ld_library_path_lib')
[1.495s] INFO:colcon.colcon_core.shell:Creating environment hook '/home/mechax/ws_y/rm_ws/install/armor_detector/share/armor_detector/hook/ld_library_path_lib.ps1'
[1.496s] INFO:colcon.colcon_core.shell:Creating environment descriptor '/home/mechax/ws_y/rm_ws/install/armor_detector/share/armor_detector/hook/ld_library_path_lib.dsv'
[1.496s] INFO:colcon.colcon_core.shell:Creating environment hook '/home/mechax/ws_y/rm_ws/install/armor_detector/share/armor_detector/hook/ld_library_path_lib.sh'
[1.496s] Level 1:colcon.colcon_core.environment:checking '/home/mechax/ws_y/rm_ws/install/armor_detector/bin'
[1.496s] Level 1:colcon.colcon_core.environment:checking '/home/mechax/ws_y/rm_ws/install/armor_detector/lib/pkgconfig/armor_detector.pc'
[1.496s] Level 1:colcon.colcon_core.environment:checking '/home/mechax/ws_y/rm_ws/install/armor_detector/lib/python3.10/site-packages'
[1.496s] Level 1:colcon.colcon_core.environment:checking '/home/mechax/ws_y/rm_ws/install/armor_detector/bin'
[1.503s] INFO:colcon.colcon_core.shell:Creating package script '/home/mechax/ws_y/rm_ws/install/armor_detector/share/armor_detector/package.ps1'
[1.503s] INFO:colcon.colcon_core.shell:Creating package descriptor '/home/mechax/ws_y/rm_ws/install/armor_detector/share/armor_detector/package.dsv'
[1.503s] INFO:colcon.colcon_core.shell:Creating package script '/home/mechax/ws_y/rm_ws/install/armor_detector/share/armor_detector/package.sh'
[1.503s] INFO:colcon.colcon_core.shell:Creating package script '/home/mechax/ws_y/rm_ws/install/armor_detector/share/armor_detector/package.bash'
[1.504s] INFO:colcon.colcon_core.shell:Creating package script '/home/mechax/ws_y/rm_ws/install/armor_detector/share/armor_detector/package.zsh'
[1.504s] Level 1:colcon.colcon_core.environment:create_file_with_runtime_dependencies(/home/mechax/ws_y/rm_ws/install/armor_detector/share/colcon-core/packages/armor_detector)
[5.070s] DEBUG:colcon.colcon_core.event_handler.log_command:Invoked command in '/home/mechax/ws_y/rm_ws/build/armor_tracker' returned '2': AMENT_PREFIX_PATH=/home/mechax/ws_y/rm_ws/install/auto_aim_interfaces:${AMENT_PREFIX_PATH} CMAKE_PREFIX_PATH=/home/mechax/ws_y/rm_ws/install/auto_aim_interfaces:/opt/ros/humble LD_LIBRARY_PATH=/home/mechax/ws_y/rm_ws/install/auto_aim_interfaces/lib:${LD_LIBRARY_PATH} PYTHONPATH=/home/mechax/ws_y/rm_ws/install/auto_aim_interfaces/local/lib/python3.10/dist-packages:${PYTHONPATH} /usr/bin/cmake --build /home/mechax/ws_y/rm_ws/build/armor_tracker -- -j16 -l16
[5.092s] Level 1:colcon.colcon_core.environment:create_environment_scripts_only(armor_tracker)
[5.097s] Level 1:colcon.colcon_core.environment:checking '/home/mechax/ws_y/rm_ws/install/armor_tracker' for CMake module files
[5.098s] Level 1:colcon.colcon_core.environment:checking '/home/mechax/ws_y/rm_ws/install/armor_tracker' for CMake config files
[5.098s] Level 1:colcon.colcon_core.environment:checking '/home/mechax/ws_y/rm_ws/install/armor_tracker/bin'
[5.098s] Level 1:colcon.colcon_core.environment:checking '/home/mechax/ws_y/rm_ws/install/armor_tracker/lib/pkgconfig/armor_tracker.pc'
[5.098s] Level 1:colcon.colcon_core.environment:checking '/home/mechax/ws_y/rm_ws/install/armor_tracker/lib/python3.10/site-packages'
[5.098s] Level 1:colcon.colcon_core.environment:checking '/home/mechax/ws_y/rm_ws/install/armor_tracker/bin'
[5.104s] INFO:colcon.colcon_core.shell:Creating package script '/home/mechax/ws_y/rm_ws/install/armor_tracker/share/armor_tracker/package.ps1'
[5.104s] INFO:colcon.colcon_core.shell:Creating package descriptor '/home/mechax/ws_y/rm_ws/install/armor_tracker/share/armor_tracker/package.dsv'
[5.104s] INFO:colcon.colcon_core.shell:Creating package script '/home/mechax/ws_y/rm_ws/install/armor_tracker/share/armor_tracker/package.sh'
[5.104s] INFO:colcon.colcon_core.shell:Creating package script '/home/mechax/ws_y/rm_ws/install/armor_tracker/share/armor_tracker/package.bash'
[5.104s] INFO:colcon.colcon_core.shell:Creating package script '/home/mechax/ws_y/rm_ws/install/armor_tracker/share/armor_tracker/package.zsh'
[5.104s] Level 1:colcon.colcon_core.environment:create_file_with_runtime_dependencies(/home/mechax/ws_y/rm_ws/install/armor_tracker/share/colcon-core/packages/armor_tracker)
[5.115s] DEBUG:colcon.colcon_parallel_executor.executor.parallel:closing loop
[5.115s] DEBUG:colcon.colcon_parallel_executor.executor.parallel:loop closed
[5.115s] DEBUG:colcon.colcon_parallel_executor.executor.parallel:run_until_complete finished with '2'
[5.115s] DEBUG:colcon.colcon_core.event_reactor:joining thread
[5.125s] INFO:colcon.colcon_core.plugin_system:Skipping extension 'colcon_notification.desktop_notification.terminal_notifier': Not used on non-Darwin systems
[5.125s] INFO:colcon.colcon_core.plugin_system:Skipping extension 'colcon_notification.desktop_notification.win32': Not used on non-Windows systems
[5.125s] INFO:colcon.colcon_notification.desktop_notification:Sending desktop notification using 'notify2'
[5.134s] DEBUG:colcon.colcon_core.event_reactor:joined thread
[5.140s] INFO:colcon.colcon_core.shell:Creating prefix script '/home/mechax/ws_y/rm_ws/install/local_setup.ps1'
[5.141s] INFO:colcon.colcon_core.shell:Creating prefix util module '/home/mechax/ws_y/rm_ws/install/_local_setup_util_ps1.py'
[5.142s] INFO:colcon.colcon_core.shell:Creating prefix chain script '/home/mechax/ws_y/rm_ws/install/setup.ps1'
[5.148s] INFO:colcon.colcon_core.shell:Creating prefix script '/home/mechax/ws_y/rm_ws/install/local_setup.sh'
[5.148s] INFO:colcon.colcon_core.shell:Creating prefix util module '/home/mechax/ws_y/rm_ws/install/_local_setup_util_sh.py'
[5.148s] INFO:colcon.colcon_core.shell:Creating prefix chain script '/home/mechax/ws_y/rm_ws/install/setup.sh'
[5.155s] INFO:colcon.colcon_core.shell:Creating prefix script '/home/mechax/ws_y/rm_ws/install/local_setup.bash'
[5.155s] INFO:colcon.colcon_core.shell:Creating prefix chain script '/home/mechax/ws_y/rm_ws/install/setup.bash'
[5.162s] INFO:colcon.colcon_core.shell:Creating prefix script '/home/mechax/ws_y/rm_ws/install/local_setup.zsh'
[5.162s] INFO:colcon.colcon_core.shell:Creating prefix chain script '/home/mechax/ws_y/rm_ws/install/setup.zsh'
