[0.154s] Invoking command in '/home/mechax/ws_y/rm_ws/build/icp_localization_ros2': CMAKE_PREFIX_PATH=/opt/ros/humble /usr/bin/cmake /home/mechax/ws_y/rm_ws/src/rm_localization/icp_localization_ros2 -DCMAKE_INSTALL_PREFIX=/home/mechax/ws_y/rm_ws/install/icp_localization_ros2
[0.470s] -- Found ament_cmake_auto: 1.3.5 (/opt/ros/humble/share/ament_cmake_auto/cmake)
[0.470s] -- Override CMake install command with custom implementation using symlinks instead of copying resources
[0.470s] -- Found rosidl_generator_c: 3.1.5 (/opt/ros/humble/share/rosidl_generator_c/cmake)
[0.470s] -- Found rosidl_adapter: 3.1.5 (/opt/ros/humble/share/rosidl_adapter/cmake)
[0.470s] -- Found rosidl_generator_cpp: 3.1.5 (/opt/ros/humble/share/rosidl_generator_cpp/cmake)
[0.470s] -- Using all available rosidl_typesupport_c: rosidl_typesupport_fastrtps_c;rosidl_typesupport_introspection_c
[0.470s] -- Using all available rosidl_typesupport_cpp: rosidl_typesupport_fastrtps_cpp;rosidl_typesupport_introspection_cpp
[0.470s] -- Found rmw_implementation_cmake: 6.1.1 (/opt/ros/humble/share/rmw_implementation_cmake/cmake)
[0.470s] -- Found rmw_fastrtps_cpp: 6.2.4 (/opt/ros/humble/share/rmw_fastrtps_cpp/cmake)
[0.498s] -- Using RMW implementation 'rmw_fastrtps_cpp' as default
[1.175s] -- Found eigen3_cmake_module: 0.1.1 (/opt/ros/humble/share/eigen3_cmake_module/cmake)
[1.176s] -- Ensuring Eigen3 include directory is part of orocos-kdl CMake target
[1.603s] -- Eigen found (include: /usr/include/eigen3, version: 3.4.0)
[1.632s] -- FLANN found (include: /usr/include, lib: /usr/lib/x86_64-linux-gnu/libflann_cpp.so)
[1.812s] -- OpenNI found (version: 1.5.4.0, include: /usr/include/ni, lib: /usr/lib/libOpenNI.so;libusb::libusb)
[1.815s] -- OpenNI2 found (version: 2.2.0.33, include: /usr/include/openni2, lib: /usr/lib/x86_64-linux-gnu/libOpenNI2.so;libusb::libusb)
[1.904s] -- Eigen found (include: /usr/include/eigen3, version: 3.4.0)
[1.908s] -- OpenNI found (version: 1.5.4.0, include: /usr/include/ni, lib: /usr/lib/libOpenNI.so;libusb::libusb)
[1.912s] -- OpenNI2 found (version: 2.2.0.33, include: /usr/include/openni2, lib: /usr/lib/x86_64-linux-gnu/libOpenNI2.so;libusb::libusb)
[1.992s] -- Found Qhull version 8.0.2
[2.076s] -- OpenNI found (version: 1.5.4.0, include: /usr/include/ni, lib: /usr/lib/libOpenNI.so;libusb::libusb)
[2.304s] -- Found Boost: /usr/lib/x86_64-linux-gnu/cmake/Boost-1.74.0/BoostConfig.cmake (found version "1.74.0") found components: thread filesystem system program_options date_time 
[2.308s] -- Found Boost: /usr/lib/x86_64-linux-gnu/cmake/Boost-1.74.0/BoostConfig.cmake (found version "1.74.0") found components: thread filesystem system program_options date_time chrono 
[2.361s] -- Found ament_lint_auto: 0.12.8 (/opt/ros/humble/share/ament_lint_auto/cmake)
[2.368s] -- Added test 'cppcheck' to perform static code analysis on C / C++ code
[2.368s] -- Configured cppcheck include dirs: /home/mechax/ws_y/rm_ws/src/rm_localization/icp_localization_ros2/include
[2.368s] -- Configured cppcheck exclude dirs and/or files: 
[2.368s] -- Added test 'flake8' to check Python code syntax and style conventions
[2.368s] -- Added test 'lint_cmake' to check CMake code style
[2.369s] -- Added test 'pep257' to check Python code against some of the docstring style conventions in PEP 257
[2.370s] -- Added test 'uncrustify' to check C / C++ code style
[2.370s] -- Configured uncrustify additional arguments: 
[2.370s] -- Added test 'xmllint' to check XML markup files
[2.371s] -- Configuring done
[2.391s] -- Generating done
[2.392s] -- Build files have been written to: /home/mechax/ws_y/rm_ws/build/icp_localization_ros2
