[0.276s] Invoking command in '/home/mechax/ws_y/rm_ws/build/rm_serial_driver': AMENT_PREFIX_PATH=/home/mechax/ws_y/rm_ws/install/auto_aim_interfaces:${AMENT_PREFIX_PATH} CMAKE_PREFIX_PATH=/home/mechax/ws_y/rm_ws/install/auto_aim_interfaces:/opt/ros/humble LD_LIBRARY_PATH=/home/mechax/ws_y/rm_ws/install/auto_aim_interfaces/lib:${LD_LIBRARY_PATH} PYTHONPATH=/home/mechax/ws_y/rm_ws/install/auto_aim_interfaces/local/lib/python3.10/dist-packages:${PYTHONPATH} /usr/bin/cmake /home/mechax/ws_y/rm_ws/src/src/rm_serial_driver -DCMAKE_INSTALL_PREFIX=/home/mechax/ws_y/rm_ws/install/rm_serial_driver
[0.476s] -- The C compiler identification is GNU 11.4.0
[0.662s] -- The CXX compiler identification is GNU 11.4.0
[0.695s] -- Detecting C compiler ABI info
[1.097s] -- Detecting C compiler ABI info - done
[1.110s] -- Check for working C compiler: /usr/bin/cc - skipped
[1.111s] -- Detecting C compile features
[1.113s] -- Detecting C compile features - done
[1.118s] -- Detecting CXX compiler ABI info
[1.379s] -- Detecting CXX compiler ABI info - done
[1.393s] -- Check for working CXX compiler: /usr/bin/c++ - skipped
[1.393s] -- Detecting CXX compile features
[1.394s] -- Detecting CXX compile features - done
[1.405s] -- Found ament_cmake_auto: 1.3.5 (/opt/ros/humble/share/ament_cmake_auto/cmake)
[2.069s] -- Found Python3: /usr/bin/python3.10 (found version "3.10.12") found components: Interpreter 
[2.615s] -- Found rosidl_generator_c: 3.1.5 (/opt/ros/humble/share/rosidl_generator_c/cmake)
[2.621s] -- Found rosidl_adapter: 3.1.5 (/opt/ros/humble/share/rosidl_adapter/cmake)
[2.647s] -- Found rosidl_generator_cpp: 3.1.5 (/opt/ros/humble/share/rosidl_generator_cpp/cmake)
[2.671s] -- Using all available rosidl_typesupport_c: rosidl_typesupport_fastrtps_c;rosidl_typesupport_introspection_c
[2.728s] -- Using all available rosidl_typesupport_cpp: rosidl_typesupport_fastrtps_cpp;rosidl_typesupport_introspection_cpp
[2.906s] -- Found rmw_implementation_cmake: 6.1.1 (/opt/ros/humble/share/rmw_implementation_cmake/cmake)
[2.909s] -- Found rmw_fastrtps_cpp: 6.2.4 (/opt/ros/humble/share/rmw_fastrtps_cpp/cmake)
[3.236s] -- Found OpenSSL: /usr/lib/x86_64-linux-gnu/libcrypto.so (found version "3.0.2")  
[3.317s] -- Found FastRTPS: /opt/ros/humble/include  
[3.442s] -- Using RMW implementation 'rmw_fastrtps_cpp' as default
[3.476s] -- Looking for pthread.h
[3.888s] -- Looking for pthread.h - found
[3.888s] -- Performing Test CMAKE_HAVE_LIBC_PTHREAD
[4.141s] -- Performing Test CMAKE_HAVE_LIBC_PTHREAD - Success
[4.143s] -- Found Threads: TRUE  
[5.047s] -- Found eigen3_cmake_module: 0.1.1 (/opt/ros/humble/share/eigen3_cmake_module/cmake)
[5.049s] -- Found Eigen3: TRUE (found version "3.4.0") 
[5.049s] -- Ensuring Eigen3 include directory is part of orocos-kdl CMake target
[5.529s] -- Found ament_lint_auto: 0.12.8 (/opt/ros/humble/share/ament_lint_auto/cmake)
[5.562s] -- Added test 'cppcheck' to perform static code analysis on C / C++ code
[5.563s] -- Configured cppcheck include dirs: /home/mechax/ws_y/rm_ws/src/src/rm_serial_driver/include
[5.563s] -- Configured cppcheck exclude dirs and/or files: 
[5.568s] -- Added test 'cpplint' to check C / C++ code against the Google style
[5.569s] -- Configured cpplint exclude dirs and/or files: 
[5.570s] -- Added test 'flake8' to check Python code syntax and style conventions
[5.572s] -- Added test 'lint_cmake' to check CMake code style
[5.574s] -- Added test 'pep257' to check Python code against some of the docstring style conventions in PEP 257
[5.575s] -- Added test 'xmllint' to check XML markup files
[5.581s] -- Added test 'clang_format' to check C / C++ code style
[5.585s] -- Configuring done
[5.621s] -- Generating done
[5.624s] -- Build files have been written to: /home/mechax/ws_y/rm_ws/build/rm_serial_driver
[5.665s] Invoked command in '/home/mechax/ws_y/rm_ws/build/rm_serial_driver' returned '0': AMENT_PREFIX_PATH=/home/mechax/ws_y/rm_ws/install/auto_aim_interfaces:${AMENT_PREFIX_PATH} CMAKE_PREFIX_PATH=/home/mechax/ws_y/rm_ws/install/auto_aim_interfaces:/opt/ros/humble LD_LIBRARY_PATH=/home/mechax/ws_y/rm_ws/install/auto_aim_interfaces/lib:${LD_LIBRARY_PATH} PYTHONPATH=/home/mechax/ws_y/rm_ws/install/auto_aim_interfaces/local/lib/python3.10/dist-packages:${PYTHONPATH} /usr/bin/cmake /home/mechax/ws_y/rm_ws/src/src/rm_serial_driver -DCMAKE_INSTALL_PREFIX=/home/mechax/ws_y/rm_ws/install/rm_serial_driver
[5.666s] Invoking command in '/home/mechax/ws_y/rm_ws/build/rm_serial_driver': AMENT_PREFIX_PATH=/home/mechax/ws_y/rm_ws/install/auto_aim_interfaces:${AMENT_PREFIX_PATH} CMAKE_PREFIX_PATH=/home/mechax/ws_y/rm_ws/install/auto_aim_interfaces:/opt/ros/humble LD_LIBRARY_PATH=/home/mechax/ws_y/rm_ws/install/auto_aim_interfaces/lib:${LD_LIBRARY_PATH} PYTHONPATH=/home/mechax/ws_y/rm_ws/install/auto_aim_interfaces/local/lib/python3.10/dist-packages:${PYTHONPATH} /usr/bin/cmake --build /home/mechax/ws_y/rm_ws/build/rm_serial_driver -- -j16 -l16
[5.944s] [ 20%] [32mBuilding CXX object CMakeFiles/rm_serial_driver.dir/src/rm_serial_driver.cpp.o[0m
[5.960s] [ 40%] [32mBuilding CXX object CMakeFiles/rm_serial_driver.dir/src/crc.cpp.o[0m
[5.962s] [ 60%] [32mBuilding CXX object CMakeFiles/rm_serial_driver_node.dir/rclcpp_components/node_main_rm_serial_driver_node.cpp.o[0m
[14.389s] [ 80%] [32m[1mLinking CXX executable rm_serial_driver_node[0m
[14.756s] [ 80%] Built target rm_serial_driver_node
[25.126s] [100%] [32m[1mLinking CXX shared library librm_serial_driver.so[0m
[25.986s] [100%] Built target rm_serial_driver
[26.002s] Invoked command in '/home/mechax/ws_y/rm_ws/build/rm_serial_driver' returned '0': AMENT_PREFIX_PATH=/home/mechax/ws_y/rm_ws/install/auto_aim_interfaces:${AMENT_PREFIX_PATH} CMAKE_PREFIX_PATH=/home/mechax/ws_y/rm_ws/install/auto_aim_interfaces:/opt/ros/humble LD_LIBRARY_PATH=/home/mechax/ws_y/rm_ws/install/auto_aim_interfaces/lib:${LD_LIBRARY_PATH} PYTHONPATH=/home/mechax/ws_y/rm_ws/install/auto_aim_interfaces/local/lib/python3.10/dist-packages:${PYTHONPATH} /usr/bin/cmake --build /home/mechax/ws_y/rm_ws/build/rm_serial_driver -- -j16 -l16
[26.040s] Invoking command in '/home/mechax/ws_y/rm_ws/build/rm_serial_driver': AMENT_PREFIX_PATH=/home/mechax/ws_y/rm_ws/install/auto_aim_interfaces:${AMENT_PREFIX_PATH} CMAKE_PREFIX_PATH=/home/mechax/ws_y/rm_ws/install/auto_aim_interfaces:/opt/ros/humble LD_LIBRARY_PATH=/home/mechax/ws_y/rm_ws/install/auto_aim_interfaces/lib:${LD_LIBRARY_PATH} PYTHONPATH=/home/mechax/ws_y/rm_ws/install/auto_aim_interfaces/local/lib/python3.10/dist-packages:${PYTHONPATH} /usr/bin/cmake --install /home/mechax/ws_y/rm_ws/build/rm_serial_driver
[26.051s] -- Install configuration: ""
[26.051s] -- Installing: /home/mechax/ws_y/rm_ws/install/rm_serial_driver/lib/rm_serial_driver/rm_serial_driver_node
[26.052s] -- Set runtime path of "/home/mechax/ws_y/rm_ws/install/rm_serial_driver/lib/rm_serial_driver/rm_serial_driver_node" to ""
[26.053s] -- Installing: /home/mechax/ws_y/rm_ws/install/rm_serial_driver/include
[26.053s] -- Installing: /home/mechax/ws_y/rm_ws/install/rm_serial_driver/include/rm_serial_driver
[26.053s] -- Installing: /home/mechax/ws_y/rm_ws/install/rm_serial_driver/include/rm_serial_driver/crc.hpp
[26.053s] -- Installing: /home/mechax/ws_y/rm_ws/install/rm_serial_driver/include/rm_serial_driver/rm_serial_driver.hpp
[26.053s] -- Installing: /home/mechax/ws_y/rm_ws/install/rm_serial_driver/include/rm_serial_driver/packet.hpp
[26.053s] -- Installing: /home/mechax/ws_y/rm_ws/install/rm_serial_driver/share/rm_serial_driver/environment/library_path.sh
[26.053s] -- Installing: /home/mechax/ws_y/rm_ws/install/rm_serial_driver/share/rm_serial_driver/environment/library_path.dsv
[26.053s] -- Installing: /home/mechax/ws_y/rm_ws/install/rm_serial_driver/lib/librm_serial_driver.so
[26.065s] -- Set runtime path of "/home/mechax/ws_y/rm_ws/install/rm_serial_driver/lib/librm_serial_driver.so" to ""
[26.065s] -- Installing: /home/mechax/ws_y/rm_ws/install/rm_serial_driver/share/rm_serial_driver/config
[26.065s] -- Installing: /home/mechax/ws_y/rm_ws/install/rm_serial_driver/share/rm_serial_driver/config/serial_driver.yaml
[26.065s] -- Installing: /home/mechax/ws_y/rm_ws/install/rm_serial_driver/share/rm_serial_driver/launch
[26.065s] -- Installing: /home/mechax/ws_y/rm_ws/install/rm_serial_driver/share/rm_serial_driver/launch/serial_driver.launch.py
[26.065s] -- Installing: /home/mechax/ws_y/rm_ws/install/rm_serial_driver/share/ament_index/resource_index/package_run_dependencies/rm_serial_driver
[26.065s] -- Installing: /home/mechax/ws_y/rm_ws/install/rm_serial_driver/share/ament_index/resource_index/parent_prefix_path/rm_serial_driver
[26.065s] -- Installing: /home/mechax/ws_y/rm_ws/install/rm_serial_driver/share/rm_serial_driver/environment/ament_prefix_path.sh
[26.066s] -- Installing: /home/mechax/ws_y/rm_ws/install/rm_serial_driver/share/rm_serial_driver/environment/ament_prefix_path.dsv
[26.066s] -- Installing: /home/mechax/ws_y/rm_ws/install/rm_serial_driver/share/rm_serial_driver/environment/path.sh
[26.066s] -- Installing: /home/mechax/ws_y/rm_ws/install/rm_serial_driver/share/rm_serial_driver/environment/path.dsv
[26.066s] -- Installing: /home/mechax/ws_y/rm_ws/install/rm_serial_driver/share/rm_serial_driver/local_setup.bash
[26.066s] -- Installing: /home/mechax/ws_y/rm_ws/install/rm_serial_driver/share/rm_serial_driver/local_setup.sh
[26.066s] -- Installing: /home/mechax/ws_y/rm_ws/install/rm_serial_driver/share/rm_serial_driver/local_setup.zsh
[26.066s] -- Installing: /home/mechax/ws_y/rm_ws/install/rm_serial_driver/share/rm_serial_driver/local_setup.dsv
[26.066s] -- Installing: /home/mechax/ws_y/rm_ws/install/rm_serial_driver/share/rm_serial_driver/package.dsv
[26.067s] -- Installing: /home/mechax/ws_y/rm_ws/install/rm_serial_driver/share/ament_index/resource_index/packages/rm_serial_driver
[26.067s] -- Installing: /home/mechax/ws_y/rm_ws/install/rm_serial_driver/share/ament_index/resource_index/rclcpp_components/rm_serial_driver
[26.067s] -- Installing: /home/mechax/ws_y/rm_ws/install/rm_serial_driver/share/rm_serial_driver/cmake/ament_cmake_export_dependencies-extras.cmake
[26.067s] -- Installing: /home/mechax/ws_y/rm_ws/install/rm_serial_driver/share/rm_serial_driver/cmake/ament_cmake_export_include_directories-extras.cmake
[26.067s] -- Installing: /home/mechax/ws_y/rm_ws/install/rm_serial_driver/share/rm_serial_driver/cmake/ament_cmake_export_libraries-extras.cmake
[26.067s] -- Installing: /home/mechax/ws_y/rm_ws/install/rm_serial_driver/share/rm_serial_driver/cmake/rm_serial_driverConfig.cmake
[26.067s] -- Installing: /home/mechax/ws_y/rm_ws/install/rm_serial_driver/share/rm_serial_driver/cmake/rm_serial_driverConfig-version.cmake
[26.067s] -- Installing: /home/mechax/ws_y/rm_ws/install/rm_serial_driver/share/rm_serial_driver/package.xml
[26.071s] Invoked command in '/home/mechax/ws_y/rm_ws/build/rm_serial_driver' returned '0': AMENT_PREFIX_PATH=/home/mechax/ws_y/rm_ws/install/auto_aim_interfaces:${AMENT_PREFIX_PATH} CMAKE_PREFIX_PATH=/home/mechax/ws_y/rm_ws/install/auto_aim_interfaces:/opt/ros/humble LD_LIBRARY_PATH=/home/mechax/ws_y/rm_ws/install/auto_aim_interfaces/lib:${LD_LIBRARY_PATH} PYTHONPATH=/home/mechax/ws_y/rm_ws/install/auto_aim_interfaces/local/lib/python3.10/dist-packages:${PYTHONPATH} /usr/bin/cmake --install /home/mechax/ws_y/rm_ws/build/rm_serial_driver
