[0.170s] Invoking command in '/home/mechax/ws_y/rm_ws/build/livox_ros_driver2': CMAKE_PREFIX_PATH=/opt/ros/humble /usr/bin/cmake /home/mechax/ws_y/rm_ws/src/rm_sensors/livox_ros_driver2 -DCMAKE_INSTALL_PREFIX=/home/mechax/ws_y/rm_ws/install/livox_ros_driver2
[0.488s] -- livox_ros_driver2 version: 1.0.0
[0.488s] -- Found ament_cmake_auto: 1.3.5 (/opt/ros/humble/share/ament_cmake_auto/cmake)
[0.489s] -- Override CMake install command with custom implementation using symlinks instead of copying resources
[0.489s] -- Using all available rosidl_typesupport_c: rosidl_typesupport_fastrtps_c;rosidl_typesupport_introspection_c
[0.489s] -- Found rosidl_adapter: 3.1.5 (/opt/ros/humble/share/rosidl_adapter/cmake)
[0.489s] -- Using all available rosidl_typesupport_cpp: rosidl_typesupport_fastrtps_cpp;rosidl_typesupport_introspection_cpp
[0.489s] -- Found rmw_implementation_cmake: 6.1.1 (/opt/ros/humble/share/rmw_implementation_cmake/cmake)
[0.489s] -- Found rmw_fastrtps_cpp: 6.2.4 (/opt/ros/humble/share/rmw_fastrtps_cpp/cmake)
[0.526s] -- Using RMW implementation 'rmw_fastrtps_cpp' as default
[1.110s] -- Eigen found (include: /usr/include/eigen3, version: 3.4.0)
[1.134s] -- FLANN found (include: /usr/include, lib: /usr/lib/x86_64-linux-gnu/libflann_cpp.so)
[1.356s] -- OpenNI found (version: 1.5.4.0, include: /usr/include/ni, lib: /usr/lib/libOpenNI.so;libusb::libusb)
[1.360s] -- OpenNI2 found (version: 2.2.0.33, include: /usr/include/openni2, lib: /usr/lib/x86_64-linux-gnu/libOpenNI2.so;libusb::libusb)
[1.360s] [0m** WARNING ** io features related to pcap will be disabled[0m
[1.501s] -- Eigen found (include: /usr/include/eigen3, version: 3.4.0)
[1.508s] -- OpenNI found (version: 1.5.4.0, include: /usr/include/ni, lib: /usr/lib/libOpenNI.so;libusb::libusb)
[1.513s] -- OpenNI2 found (version: 2.2.0.33, include: /usr/include/openni2, lib: /usr/lib/x86_64-linux-gnu/libOpenNI2.so;libusb::libusb)
[1.652s] -- Found Qhull version 8.0.2
[1.744s] -- OpenNI found (version: 1.5.4.0, include: /usr/include/ni, lib: /usr/lib/libOpenNI.so;libusb::libusb)
[1.834s] -- looking for PCL_COMMON
[1.834s] -- looking for PCL_KDTREE
[1.834s] -- looking for PCL_OCTREE
[1.834s] -- looking for PCL_SEARCH
[1.834s] -- looking for PCL_SAMPLE_CONSENSUS
[1.835s] -- looking for PCL_FILTERS
[1.835s] -- looking for PCL_2D
[1.835s] -- looking for PCL_GEOMETRY
[1.835s] -- looking for PCL_IO
[1.835s] -- looking for PCL_FEATURES
[1.835s] -- looking for PCL_ML
[1.835s] -- looking for PCL_SEGMENTATION
[1.836s] -- looking for PCL_VISUALIZATION
[1.836s] -- looking for PCL_SURFACE
[1.836s] -- looking for PCL_REGISTRATION
[1.836s] -- looking for PCL_KEYPOINTS
[1.837s] -- looking for PCL_TRACKING
[1.837s] -- looking for PCL_RECOGNITION
[1.837s] -- looking for PCL_STEREO
[1.837s] -- looking for PCL_APPS
[1.838s] -- looking for PCL_IN_HAND_SCANNER
[1.838s] -- looking for PCL_MODELER
[1.838s] -- looking for PCL_POINT_CLOUD_EDITOR
[1.838s] -- looking for PCL_OUTOFCORE
[1.838s] -- looking for PCL_PEOPLE
[1.843s] -- Checking for module 'apr-1'
[1.844s] --   No package 'apr-1' found
[1.969s] -- Found ament_cmake_ros: 0.10.0 (/opt/ros/humble/share/ament_cmake_ros/cmake)
[2.094s] -- Using all available rosidl_typesupport_c: rosidl_typesupport_fastrtps_c;rosidl_typesupport_introspection_c
[2.253s] -- Using all available rosidl_typesupport_cpp: rosidl_typesupport_fastrtps_cpp;rosidl_typesupport_introspection_cpp
[2.267s] -- Found python_cmake_module: 0.10.0 (/opt/ros/humble/share/python_cmake_module/cmake)
[2.280s] -- Using PYTHON_EXECUTABLE: /usr/bin/python3
[2.280s] -- Using PYTHON_INCLUDE_DIRS: /usr/include/python3.10
[2.280s] -- Using PYTHON_LIBRARIES: /usr/lib/x86_64-linux-gnu/libpython3.10.so
[2.295s] [0m/usr/local/lib/liblivox_lidar_sdk_shared.so[0m
[2.344s] -- Found ament_lint_auto: 0.12.8 (/opt/ros/humble/share/ament_lint_auto/cmake)
[2.350s] -- Added test 'copyright' to check source files copyright and LICENSE
[2.352s] -- Added test 'cppcheck' to perform static code analysis on C / C++ code
[2.352s] -- Configured cppcheck include dirs: /home/mechax/ws_y/rm_ws/src/rm_sensors/livox_ros_driver2/3rdparty;/home/mechax/ws_y/rm_ws/src/rm_sensors/livox_ros_driver2/src
[2.352s] -- Configured cppcheck exclude dirs and/or files: 
[2.354s] -- Added test 'cpplint' to check C / C++ code against the Google style
[2.354s] -- Configured cpplint exclude dirs and/or files: 
[2.354s] -- Added test 'flake8' to check Python code syntax and style conventions
[2.354s] -- Added test 'lint_cmake' to check CMake code style
[2.355s] -- Added test 'pep257' to check Python code against some of the docstring style conventions in PEP 257
[2.356s] -- Added test 'uncrustify' to check C / C++ code style
[2.356s] -- Configured uncrustify additional arguments: 
[2.357s] -- Added test 'xmllint' to check XML markup files
[2.358s] -- Configuring done
[2.393s] -- Generating done
[2.395s] -- Build files have been written to: /home/mechax/ws_y/rm_ws/build/livox_ros_driver2
