[0.191s] Invoking command in '/home/mechax/ws_y/rm_ws/build/linefit_ground_segmentation': CMAKE_PREFIX_PATH=/opt/ros/humble /usr/bin/cmake --build /home/mechax/ws_y/rm_ws/build/linefit_ground_segmentation -- -j16 -l16
[0.384s] [100%] Built target linefit_ground_segmentation
[0.399s] Invoked command in '/home/mechax/ws_y/rm_ws/build/linefit_ground_segmentation' returned '0': CMAKE_PREFIX_PATH=/opt/ros/humble /usr/bin/cmake --build /home/mechax/ws_y/rm_ws/build/linefit_ground_segmentation -- -j16 -l16
[0.431s] Invoking command in '/home/mechax/ws_y/rm_ws/build/linefit_ground_segmentation': CMAKE_PREFIX_PATH=/opt/ros/humble /usr/bin/cmake --install /home/mechax/ws_y/rm_ws/build/linefit_ground_segmentation
[0.440s] -- Install configuration: ""
[0.441s] -- Execute custom install script
[0.441s] -- Up-to-date symlink: /home/mechax/ws_y/rm_ws/install/linefit_ground_segmentation/include/ground_segmentation/bin.h
[0.441s] -- Up-to-date symlink: /home/mechax/ws_y/rm_ws/install/linefit_ground_segmentation/include/ground_segmentation/ground_segmentation.h
[0.442s] -- Up-to-date symlink: /home/mechax/ws_y/rm_ws/install/linefit_ground_segmentation/include/ground_segmentation/segment.h
[0.442s] -- Up-to-date symlink: /home/mechax/ws_y/rm_ws/install/linefit_ground_segmentation/include/ground_segmentation/typedefs.h
[0.442s] -- Up-to-date symlink: /home/mechax/ws_y/rm_ws/install/linefit_ground_segmentation/include/ground_segmentation/viewer.h
[0.442s] -- Up-to-date symlink: /home/mechax/ws_y/rm_ws/install/linefit_ground_segmentation/share/linefit_ground_segmentation/environment/library_path.sh
[0.442s] -- Up-to-date symlink: /home/mechax/ws_y/rm_ws/install/linefit_ground_segmentation/share/linefit_ground_segmentation/environment/library_path.dsv
[0.442s] -- Up-to-date symlink: /home/mechax/ws_y/rm_ws/install/linefit_ground_segmentation/lib/liblinefit_ground_segmentation.so
[0.442s] -- Up-to-date symlink: /home/mechax/ws_y/rm_ws/install/linefit_ground_segmentation/share/ament_index/resource_index/package_run_dependencies/linefit_ground_segmentation
[0.443s] -- Up-to-date symlink: /home/mechax/ws_y/rm_ws/install/linefit_ground_segmentation/share/ament_index/resource_index/parent_prefix_path/linefit_ground_segmentation
[0.443s] -- Up-to-date symlink: /home/mechax/ws_y/rm_ws/install/linefit_ground_segmentation/share/linefit_ground_segmentation/environment/ament_prefix_path.sh
[0.443s] -- Up-to-date symlink: /home/mechax/ws_y/rm_ws/install/linefit_ground_segmentation/share/linefit_ground_segmentation/environment/ament_prefix_path.dsv
[0.443s] -- Up-to-date symlink: /home/mechax/ws_y/rm_ws/install/linefit_ground_segmentation/share/linefit_ground_segmentation/environment/path.sh
[0.443s] -- Up-to-date symlink: /home/mechax/ws_y/rm_ws/install/linefit_ground_segmentation/share/linefit_ground_segmentation/environment/path.dsv
[0.443s] -- Up-to-date symlink: /home/mechax/ws_y/rm_ws/install/linefit_ground_segmentation/share/linefit_ground_segmentation/local_setup.bash
[0.443s] -- Up-to-date symlink: /home/mechax/ws_y/rm_ws/install/linefit_ground_segmentation/share/linefit_ground_segmentation/local_setup.sh
[0.443s] -- Up-to-date symlink: /home/mechax/ws_y/rm_ws/install/linefit_ground_segmentation/share/linefit_ground_segmentation/local_setup.zsh
[0.444s] -- Up-to-date symlink: /home/mechax/ws_y/rm_ws/install/linefit_ground_segmentation/share/linefit_ground_segmentation/local_setup.dsv
[0.445s] -- Up-to-date symlink: /home/mechax/ws_y/rm_ws/install/linefit_ground_segmentation/share/linefit_ground_segmentation/package.dsv
[0.446s] -- Up-to-date symlink: /home/mechax/ws_y/rm_ws/install/linefit_ground_segmentation/share/ament_index/resource_index/packages/linefit_ground_segmentation
[0.447s] -- Up-to-date symlink: /home/mechax/ws_y/rm_ws/install/linefit_ground_segmentation/share/linefit_ground_segmentation/cmake/ament_cmake_export_dependencies-extras.cmake
[0.448s] -- Up-to-date symlink: /home/mechax/ws_y/rm_ws/install/linefit_ground_segmentation/share/linefit_ground_segmentation/cmake/ament_cmake_export_include_directories-extras.cmake
[0.450s] -- Up-to-date symlink: /home/mechax/ws_y/rm_ws/install/linefit_ground_segmentation/share/linefit_ground_segmentation/cmake/ament_cmake_export_libraries-extras.cmake
[0.452s] -- Up-to-date symlink: /home/mechax/ws_y/rm_ws/install/linefit_ground_segmentation/share/linefit_ground_segmentation/cmake/linefit_ground_segmentationConfig.cmake
[0.453s] -- Up-to-date symlink: /home/mechax/ws_y/rm_ws/install/linefit_ground_segmentation/share/linefit_ground_segmentation/cmake/linefit_ground_segmentationConfig-version.cmake
[0.453s] -- Up-to-date symlink: /home/mechax/ws_y/rm_ws/install/linefit_ground_segmentation/share/linefit_ground_segmentation/package.xml
[0.463s] Invoked command in '/home/mechax/ws_y/rm_ws/build/linefit_ground_segmentation' returned '0': CMAKE_PREFIX_PATH=/opt/ros/humble /usr/bin/cmake --install /home/mechax/ws_y/rm_ws/build/linefit_ground_segmentation
